\BOOKMARK [1][-]{section.1}{\376\377\000T\000e\000m\000a\000\040\0003\000:\000\040\000S\000i\000s\000t\000e\000m\000a\000s\000\040\000b\000a\000s\000a\000d\000o\000s\000\040\000e\000n\000\040\000e\000l\000\040\000p\000a\000s\000o\000\040\000d\000e\000\040\000m\000e\000n\000s\000a\000j\000e\000s}{}% 1
\BOOKMARK [2][-]{subsection.1.1}{\376\377\000E\000l\000\040\000c\000u\000e\000l\000l\000o\000\040\000d\000e\000\040\000b\000o\000t\000e\000l\000l\000a\000\040\000d\000e\000\040\000V\000o\000n\000\040\000N\000e\000u\000m\000a\000n\000n}{section.1}% 2
\BOOKMARK [2][-]{subsection.1.2}{\376\377\000C\000l\000a\000s\000i\000f\000i\000c\000a\000c\000i\000\363\000n\000\040\000d\000e\000\040\000F\000l\000y\000n\000n}{section.1}% 3
\BOOKMARK [2][-]{subsection.1.3}{\376\377\000D\000i\000f\000e\000r\000e\000n\000c\000i\000a\000s\000\040\000e\000n\000t\000r\000e\000\040\000M\000u\000l\000t\000i\000p\000r\000o\000c\000e\000s\000a\000d\000o\000r\000\040\000S\000M\000P\000\040\000y\000\040\000A\000M\000P}{section.1}% 4
\BOOKMARK [2][-]{subsection.1.4}{\376\377\000M\000e\000c\000a\000n\000i\000s\000m\000o\000\040\000d\000e\000\040\000c\000i\000t\000a\000s}{section.1}% 5
\BOOKMARK [2][-]{subsection.1.5}{\376\377\000P\000a\000s\000o\000\040\000d\000e\000\040\000m\000e\000n\000s\000a\000j\000e\000s\000\040\000b\000l\000o\000q\000u\000e\000a\000n\000t\000e\000\040\000c\000o\000n\000\040\000b\000\372\000f\000e\000r}{section.1}% 6
\BOOKMARK [2][-]{subsection.1.6}{\376\377\000P\000a\000s\000o\000\040\000d\000e\000\040\000m\000e\000n\000s\000a\000j\000e\000s\000\040\000n\000o\000\040\000b\000l\000o\000q\000u\000e\000a\000n\000t\000e\000\040\000c\000o\000n\000\040\000b\000\372\000f\000e\000r}{section.1}% 7
\BOOKMARK [2][-]{subsection.1.7}{\376\377\000M\000P\000I}{section.1}% 8
\BOOKMARK [3][-]{subsubsection.1.7.1}{\376\377\000C\000o\000m\000u\000n\000i\000c\000a\000c\000i\000\363\000n\000\040\000b\000l\000o\000q\000u\000e\000a\000n\000t\000e}{subsection.1.7}% 9
\BOOKMARK [3][-]{subsubsection.1.7.2}{\376\377\000C\000o\000m\000u\000n\000i\000c\000a\000c\000i\000\363\000n\000\040\000N\000o\000\040\000b\000l\000o\000q\000u\000e\000a\000n\000t\000e}{subsection.1.7}% 10
\BOOKMARK [3][-]{subsubsection.1.7.3}{\376\377\000S\000o\000n\000d\000e\000o\000\040\000d\000e\000\040\000M\000e\000n\000s\000a\000j\000e\000s}{subsection.1.7}% 11
\BOOKMARK [2][-]{subsection.1.8}{\376\377\000E\000x\000p\000l\000i\000c\000a\000c\000i\000\363\000n\000\040\000d\000e\000l\000\040\000c\000\363\000d\000i\000g\000o\000\040\000d\000e\000\040\000l\000a\000\040\000c\000r\000i\000b\000a\000\040\000d\000e\000\040\000E\000r\000a\000t\000\363\000s\000t\000e\000n\000e\000s}{section.1}% 12
\BOOKMARK [3][-]{subsubsection.1.8.1}{\376\377\000E\000x\000p\000l\000i\000c\000a\000c\000i\000\363\000n\000\040\000d\000e\000l\000\040\000p\000r\000o\000b\000l\000e\000m\000a\000\040\000d\000e\000l\000\040\000m\000u\000s\000e\000o}{subsection.1.8}% 13
\BOOKMARK [2][-]{subsection.1.9}{\376\377\000O\000r\000d\000e\000n\000\040\000S\000e\000l\000e\000c\000t}{section.1}% 14
\BOOKMARK [3][-]{subsubsection.1.9.1}{\376\377\000S\000e\000m\000\341\000n\000t\000i\000c\000a\000\040\000d\000e\000\040\000l\000a\000\040\000o\000r\000d\000e\000n\000\040\000s\000e\000l\000e\000c\000t}{subsection.1.9}% 15
\BOOKMARK [3][-]{subsubsection.1.9.2}{\376\377\000F\000o\000r\000m\000a\000s\000\040\000d\000e\000\040\000p\000o\000n\000e\000r\000\040\000l\000a\000\040\000g\000u\000a\000r\000d\000a\000\040\000d\000e\000\040\000u\000n\000a\000\040\000o\000r\000d\000e\000n\000\040\000s\000e\000l\000e\000c\000t}{subsection.1.9}% 16
\BOOKMARK [3][-]{subsubsection.1.9.3}{\376\377\000T\000i\000p\000o\000s\000\040\000d\000e\000\040\000e\000j\000e\000c\000u\000c\000i\000\363\000n\000\040\000d\000e\000\040\000l\000a\000s\000\040\000g\000u\000a\000r\000d\000a\000s}{subsection.1.9}% 17
\BOOKMARK [3][-]{subsubsection.1.9.4}{\376\377\000D\000e\000t\000e\000r\000m\000i\000n\000a\000c\000i\000\363\000n\000\040\000d\000e\000\040\000l\000a\000\040\000g\000u\000a\000r\000d\000a\000\040\000a\000\040\000e\000j\000e\000c\000u\000t\000a\000r}{subsection.1.9}% 18
\BOOKMARK [3][-]{subsubsection.1.9.5}{\376\377\000E\000j\000e\000m\000p\000l\000o\000:\000\040\000P\000r\000o\000d\000u\000c\000t\000o\000r\000-\000C\000o\000n\000s\000u\000m\000i\000d\000o\000r\000\040\000c\000o\000n\000\040\000B\000\372\000f\000e\000r\000\040\000F\000I\000F\000O}{subsection.1.9}% 19
\BOOKMARK [3][-]{subsubsection.1.9.6}{\376\377\000S\000e\000l\000e\000c\000t\000\040\000c\000o\000n\000\040\000G\000u\000a\000r\000d\000a\000s\000\040\000I\000n\000d\000e\000x\000a\000d\000a\000s}{subsection.1.9}% 20
\BOOKMARK [3][-]{subsubsection.1.9.7}{\376\377\000S\000e\000l\000e\000c\000t\000\040\000c\000o\000n\000\040\000s\000e\000n\000t\000e\000n\000c\000i\000a\000\040\000e\000l\000s\000e}{subsection.1.9}% 21
\BOOKMARK [1][-]{section.2}{\376\377\000T\000e\000m\000a\000\040\0004\000:\000\040\000I\000n\000t\000r\000o\000d\000u\000c\000c\000i\000\363\000n\000\040\000a\000\040\000l\000o\000s\000\040\000S\000i\000s\000t\000e\000m\000a\000s\000\040\000d\000e\000\040\000T\000i\000e\000m\000p\000o\000\040\000R\000e\000a\000l}{}% 22
\BOOKMARK [2][-]{subsection.2.1}{\376\377\000C\000o\000n\000f\000u\000s\000i\000\363\000n\000\040\000c\000o\000n\000\040\000o\000t\000r\000o\000s\000\040\000s\000i\000s\000t\000e\000m\000a\000s}{section.2}% 23
\BOOKMARK [2][-]{subsection.2.2}{\376\377\000P\000r\000o\000p\000i\000e\000d\000a\000d\000e\000s\000\040\000d\000e\000\040\000l\000o\000s\000\040\000S\000T\000R}{section.2}% 24
\BOOKMARK [2][-]{subsection.2.3}{\376\377\000D\000e\000f\000i\000n\000i\000c\000i\000\363\000n\000\040\000e\000n\000\040\000e\000l\000\040\000\341\000m\000b\000i\000t\000o\000\040\000d\000e\000\040\000l\000o\000s\000\040\000s\000i\000s\000t\000e\000m\000a\000s\000\040\000o\000p\000e\000r\000a\000t\000i\000v\000o\000s}{section.2}% 25
\BOOKMARK [2][-]{subsection.2.4}{\376\377\000C\000l\000a\000s\000i\000f\000i\000c\000a\000c\000i\000\363\000n\000\040\000d\000e\000\040\000l\000o\000s\000\040\000S\000T\000R}{section.2}% 26
\BOOKMARK [3][-]{subsubsection.2.4.1}{\376\377\000A\000t\000e\000n\000d\000i\000e\000n\000d\000o\000\040\000a\000\040\000l\000a\000\040\000c\000r\000i\000t\000i\000c\000i\000d\000a\000d\000\040\000d\000e\000\040\000l\000o\000s\000\040\000S\000T\000R}{subsection.2.4}% 27
\BOOKMARK [2][-]{subsection.2.5}{\376\377\000T\000i\000p\000o\000s\000\040\000d\000e\000\040\000m\000e\000d\000i\000d\000a\000s\000\040\000d\000e\000l\000\040\000t\000i\000e\000m\000p\000o\000\040\000d\000e\000\040\000i\000n\000t\000e\000r\000\351\000s\000\040\000e\000n\000\040\000S\000T\000R}{section.2}% 28
\BOOKMARK [3][-]{subsubsection.2.5.1}{\376\377\0001\000.\000\040\000T\000i\000e\000m\000p\000o\000\040\000A\000b\000s\000o\000l\000u\000t\000o}{subsection.2.5}% 29
\BOOKMARK [3][-]{subsubsection.2.5.2}{\376\377\0002\000.\000\040\000I\000n\000t\000e\000r\000v\000a\000l\000o\000s\000\040\000o\000\040\000T\000i\000e\000m\000p\000o\000\040\000R\000e\000l\000a\000t\000i\000v\000o}{subsection.2.5}% 30
\BOOKMARK [3][-]{subsubsection.2.5.3}{\376\377\000C\000o\000n\000c\000e\000p\000t\000o\000\040\000d\000e\000\040\000r\000e\000l\000o\000j\000\040\000d\000e\000\040\000t\000i\000e\000m\000p\000o\000\040\000r\000e\000a\000l}{subsection.2.5}% 31
\BOOKMARK [3][-]{subsubsection.2.5.4}{\376\377\000C\000a\000r\000a\000c\000t\000e\000r\000\355\000s\000t\000i\000c\000a\000s\000\040\000m\000\341\000s\000\040\000i\000m\000p\000o\000r\000t\000a\000n\000t\000e\000s\000\040\000d\000e\000\040\000l\000o\000s\000\040\000r\000e\000l\000o\000j\000e\000s\000\040\000d\000e\000\040\000t\000i\000e\000m\000p\000o\000\040\000r\000e\000a\000l}{subsection.2.5}% 32
\BOOKMARK [3][-]{subsubsection.2.5.5}{\376\377\000E\000s\000c\000a\000l\000a\000s\000\040\000t\000e\000m\000p\000o\000r\000a\000l\000e\000s}{subsection.2.5}% 33
\BOOKMARK [3][-]{subsubsection.2.5.6}{\376\377\000P\000r\000e\000c\000i\000s\000i\000\363\000n\000\040\000y\000\040\000I\000n\000t\000e\000r\000v\000a\000l\000o\000\040\000p\000a\000r\000a\000\040\000u\000n\000\040\000c\000o\000n\000t\000a\000d\000o\000r\000\040\000d\000e\000\040\0003\0002\000\040\000b\000i\000t\000s}{subsection.2.5}% 34
\BOOKMARK [2][-]{subsection.2.6}{\376\377\000T\000e\000m\000p\000o\000r\000i\000z\000a\000d\000o\000r\000e\000s}{section.2}% 35
\BOOKMARK [3][-]{subsubsection.2.6.1}{\376\377\000I\000d\000e\000a\000s\000\040\000F\000u\000n\000d\000a\000m\000e\000n\000t\000a\000l\000e\000s}{subsection.2.6}% 36
\BOOKMARK [3][-]{subsubsection.2.6.2}{\376\377\000T\000i\000p\000o\000s\000\040\000d\000e\000\040\000T\000e\000m\000p\000o\000r\000i\000z\000a\000d\000o\000r\000e\000s}{subsection.2.6}% 37
\BOOKMARK [3][-]{subsubsection.2.6.3}{\376\377\000R\000e\000t\000a\000r\000d\000o\000s\000\040\000e\000n\000\040\000l\000a\000s\000\040\000T\000a\000r\000e\000a\000s}{subsection.2.6}% 38
\BOOKMARK [3][-]{subsubsection.2.6.4}{\376\377\000D\000e\000r\000i\000v\000a\000\040\000A\000c\000u\000m\000u\000l\000a\000t\000i\000v\000a\000\040\000y\000\040\000A\000c\000t\000i\000v\000a\000c\000i\000\363\000n\000\040\000P\000e\000r\000i\000\363\000d\000i\000c\000a\000\040\000d\000e\000\040\000l\000a\000s\000\040\000T\000a\000r\000e\000a\000s}{subsection.2.6}% 39
\BOOKMARK [3][-]{subsubsection.2.6.5}{\376\377\000C\000o\000n\000c\000l\000u\000s\000i\000\363\000n}{subsection.2.6}% 40
\BOOKMARK [2][-]{subsection.2.7}{\376\377\000T\000a\000r\000e\000a\000s\000\040\000y\000\040\000R\000e\000c\000u\000r\000s\000o\000s}{section.2}% 41
\BOOKMARK [3][-]{subsubsection.2.7.1}{\376\377\000T\000i\000p\000o\000s\000\040\000d\000e\000\040\000E\000l\000e\000m\000e\000n\000t\000o\000s\000\040\000d\000e\000\040\000u\000n\000\040\000S\000T\000R}{subsection.2.7}% 42
\BOOKMARK [3][-]{subsubsection.2.7.2}{\376\377\000A\000t\000r\000i\000b\000u\000t\000o\000s\000\040\000T\000e\000m\000p\000o\000r\000a\000l\000e\000s\000\040\000P\000r\000i\000n\000c\000i\000p\000a\000l\000e\000s\000\040\000d\000e\000\040\000u\000n\000a\000\040\000T\000a\000r\000e\000a}{subsection.2.7}% 43
\BOOKMARK [3][-]{subsubsection.2.7.3}{\376\377\000T\000i\000p\000o\000s\000\040\000d\000e\000\040\000T\000a\000r\000e\000a\000s}{subsection.2.7}% 44
\BOOKMARK [2][-]{subsection.2.8}{\376\377\000P\000l\000a\000n\000i\000f\000i\000c\000a\000c\000i\000\363\000n\000\040\000d\000e\000\040\000T\000a\000r\000e\000a\000s}{section.2}% 45
\BOOKMARK [3][-]{subsubsection.2.8.1}{\376\377\000P\000l\000a\000n\000i\000f\000i\000c\000a\000c\000i\000\363\000n\000\040\000d\000e\000\040\000T\000a\000r\000e\000a\000s\000\040\000d\000e\000\040\000T\000i\000e\000m\000p\000o\000\040\000R\000e\000a\000l}{subsection.2.8}% 46
\BOOKMARK [3][-]{subsubsection.2.8.2}{\376\377\000P\000l\000a\000n\000i\000f\000i\000c\000a\000c\000i\000\363\000n\000\040\000C\000\355\000c\000l\000i\000c\000a}{subsection.2.8}% 47
\BOOKMARK [3][-]{subsubsection.2.8.3}{\376\377\000I\000d\000e\000a\000s\000\040\000F\000u\000n\000d\000a\000m\000e\000n\000t\000a\000l\000e\000s\000\040\000d\000e\000\040\000l\000a\000\040\000P\000l\000a\000n\000i\000f\000i\000c\000a\000c\000i\000\363\000n\000\040\000C\000\355\000c\000l\000i\000c\000a}{subsection.2.8}% 48
\BOOKMARK [3][-]{subsubsection.2.8.4}{\376\377\000I\000m\000p\000l\000e\000m\000e\000n\000t\000a\000c\000i\000\363\000n\000\040\000d\000e\000\040\000l\000a\000\040\000P\000l\000a\000n\000i\000f\000i\000c\000a\000c\000i\000\363\000n\000\040\000C\000\355\000c\000l\000i\000c\000a}{subsection.2.8}% 49
\BOOKMARK [3][-]{subsubsection.2.8.5}{\376\377\000D\000i\000s\000e\000\361\000o\000\040\000d\000e\000l\000\040\000E\000j\000e\000c\000u\000t\000i\000v\000o\000\040\000C\000\355\000c\000l\000i\000c\000o}{subsection.2.8}% 50
\BOOKMARK [3][-]{subsubsection.2.8.6}{\376\377\000P\000r\000o\000p\000i\000e\000d\000a\000d\000e\000s\000\040\000d\000e\000l\000\040\000E\000j\000e\000c\000u\000t\000i\000v\000o\000\040\000C\000\355\000c\000l\000i\000c\000o}{subsection.2.8}% 51
\BOOKMARK [3][-]{subsubsection.2.8.7}{\376\377\000P\000r\000o\000b\000l\000e\000m\000a\000s\000\040\000d\000e\000l\000\040\000E\000j\000e\000c\000u\000t\000i\000v\000o\000\040\000C\000\355\000c\000l\000i\000c\000o}{subsection.2.8}% 52
\BOOKMARK [2][-]{subsection.2.9}{\376\377\000E\000s\000q\000u\000e\000m\000a\000\040\000d\000e\000\040\000P\000l\000a\000n\000i\000f\000i\000c\000a\000c\000i\000\363\000n\000\040\000d\000e\000\040\000T\000a\000r\000e\000a\000s}{section.2}% 53
\BOOKMARK [3][-]{subsubsection.2.9.1}{\376\377\000D\000e\000t\000e\000r\000m\000i\000n\000a\000c\000i\000\363\000n\000\040\000d\000e\000\040\000l\000a\000\040\000P\000l\000a\000n\000i\000f\000i\000c\000a\000b\000i\000l\000i\000d\000a\000d\000\040\000d\000e\000\040\000u\000n\000\040\000C\000o\000n\000j\000u\000n\000t\000o\000\040\000d\000e\000\040\000T\000a\000r\000e\000a\000s}{subsection.2.9}% 54
\BOOKMARK [3][-]{subsubsection.2.9.2}{\376\377\000M\000o\000d\000e\000l\000o\000\040\000S\000i\000m\000p\000l\000e\000\040\000d\000e\000\040\000T\000a\000r\000e\000a\000s}{subsection.2.9}% 55
\BOOKMARK [3][-]{subsubsection.2.9.3}{\376\377\000M\000o\000d\000e\000l\000o\000\040\000d\000e\000\040\000T\000a\000r\000e\000a\000s\000-\000I\000I\000:\000\040\000N\000o\000t\000a\000c\000i\000\363\000n}{subsection.2.9}% 56
\BOOKMARK [3][-]{subsubsection.2.9.4}{\376\377\000P\000r\000o\000p\000\363\000s\000i\000t\000o\000\040\000d\000e\000\040\000l\000a\000\040\000P\000l\000a\000n\000i\000f\000i\000c\000a\000c\000i\000\363\000n\000\040\000d\000e\000\040\000T\000a\000r\000e\000a\000s}{subsection.2.9}% 57
\BOOKMARK [3][-]{subsubsection.2.9.5}{\376\377\000P\000l\000a\000n\000i\000f\000i\000c\000a\000c\000i\000\363\000n\000\040\000c\000o\000n\000\040\000P\000r\000i\000o\000r\000i\000d\000a\000d\000e\000s}{subsection.2.9}% 58
\BOOKMARK [3][-]{subsubsection.2.9.6}{\376\377\000E\000s\000q\000u\000e\000m\000a\000\040\000d\000e\000\040\000P\000l\000a\000n\000i\000f\000i\000c\000a\000c\000i\000\363\000n\000\040\000d\000e\000\040\000T\000a\000r\000e\000a\000s}{subsection.2.9}% 59
\BOOKMARK [3][-]{subsubsection.2.9.7}{\376\377\000P\000l\000a\000n\000i\000f\000i\000c\000a\000c\000i\000\363\000n\000\040\000c\000o\000n\000\040\000P\000r\000i\000o\000r\000i\000d\000a\000d\000e\000s\000-\000I\000I\000:\000\040\000T\000i\000p\000o\000s\000\040\000d\000e\000\040\000E\000s\000q\000u\000e\000m\000a\000s}{subsection.2.9}% 60
\BOOKMARK [3][-]{subsubsection.2.9.8}{\376\377\000M\000o\000d\000e\000l\000o\000\040\000d\000e\000\040\000T\000a\000r\000e\000a\000s\000-\000I\000V\000:\000\040\000N\000o\000t\000a\000c\000i\000\363\000n\000\040\000A\000d\000i\000c\000i\000o\000n\000a\000l}{subsection.2.9}% 61
\BOOKMARK [2][-]{subsection.2.10}{\376\377\000E\000s\000q\000u\000e\000m\000a\000\040\000d\000e\000\040\000P\000l\000a\000n\000i\000f\000i\000c\000a\000c\000i\000\363\000n\000\040\000d\000e\000\040\000T\000a\000r\000e\000a\000s\000\040\000d\000e\000\040\000T\000i\000e\000m\000p\000o\000\040\000R\000e\000a\000l\000\040\000B\000a\000s\000a\000d\000o\000\040\000e\000n\000\040\000e\000l\000\040\000A\000l\000g\000o\000r\000i\000t\000m\000o\000\040\000d\000e\000\040\000C\000a\000d\000e\000n\000c\000i\000a\000\040\000M\000o\000n\000\363\000t\000o\000n\000a\000\040\000\050\000R\000M\000S\000\051}{section.2}% 62
\BOOKMARK [3][-]{subsubsection.2.10.1}{\376\377\0001\000.\000\040\000A\000l\000g\000o\000r\000i\000t\000m\000o\000\040\000d\000e\000\040\000C\000a\000d\000e\000n\000c\000i\000a\000\040\000M\000o\000n\000\363\000t\000o\000n\000a\000\040\000\050\000R\000a\000t\000e\000\040\000M\000o\000n\000o\000t\000o\000n\000i\000c\000\040\000S\000c\000h\000e\000d\000u\000l\000i\000n\000g\000\051}{subsection.2.10}% 63
\BOOKMARK [3][-]{subsubsection.2.10.2}{\376\377\0002\000.\000\040\000T\000e\000s\000t\000\040\000d\000e\000\040\000P\000l\000a\000n\000i\000f\000i\000c\000a\000b\000i\000l\000i\000d\000a\000d\000\040\000B\000a\000s\000a\000d\000o\000\040\000e\000n\000\040\000e\000l\000\040\000F\000a\000c\000t\000o\000r\000\040\000d\000e\000\040\000U\000t\000i\000l\000i\000z\000a\000c\000i\000\363\000n\000\040\000d\000e\000l\000\040\000P\000r\000o\000c\000e\000s\000a\000d\000o\000r}{subsection.2.10}% 64
\BOOKMARK [3][-]{subsubsection.2.10.3}{\376\377\0003\000.\000\040\000I\000n\000e\000x\000a\000c\000t\000i\000t\000u\000d\000\040\000d\000e\000l\000\040\000T\000e\000s\000t\000\040\000d\000e\000\040\000P\000l\000a\000n\000i\000f\000i\000c\000a\000b\000i\000l\000i\000d\000a\000d\000\040\000R\000M}{subsection.2.10}% 65
\BOOKMARK [3][-]{subsubsection.2.10.4}{\376\377\0004\000.\000\040\000C\000a\000r\000a\000c\000t\000e\000r\000\355\000s\000t\000i\000c\000a\000s\000\040\000d\000e\000l\000\040\000T\000e\000s\000t\000\040\000R\000M\000S}{subsection.2.10}% 66
\BOOKMARK [2][-]{subsection.2.11}{\376\377\000S\000e\000g\000u\000n\000d\000o\000\040\000T\000e\000o\000r\000e\000m\000a\000\040\000d\000e\000\040\000P\000l\000a\000n\000i\000f\000i\000c\000a\000b\000i\000l\000i\000d\000a\000d\000\040\000d\000e\000\040\000u\000n\000\040\000C\000o\000n\000j\000u\000n\000t\000o\000\040\000d\000e\000\040\000T\000a\000r\000e\000a\000s\000\040\000P\000e\000r\000i\000\363\000d\000i\000c\000a\000s}{section.2}% 67
\BOOKMARK [3][-]{subsubsection.2.11.1}{\376\377\000C\000a\000r\000a\000c\000t\000e\000r\000\355\000s\000t\000i\000c\000a\000s\000\040\000d\000e\000l\000\040\000S\000e\000g\000u\000n\000d\000o\000\040\000T\000e\000o\000r\000e\000m\000a}{subsection.2.11}% 68
\BOOKMARK [2][-]{subsection.2.12}{\376\377\000V\000e\000n\000t\000a\000j\000a\000s\000\040\000d\000e\000\040\000l\000o\000s\000\040\000E\000s\000q\000u\000e\000m\000a\000s\000\040\000d\000e\000\040\000P\000l\000a\000n\000i\000f\000i\000c\000a\000c\000i\000\363\000n\000\040\000E\000s\000t\000\341\000t\000i\000c\000o\000s}{section.2}% 69
\BOOKMARK [2][-]{subsection.2.13}{\376\377\000M\000o\000d\000e\000l\000o\000\040\000G\000e\000n\000e\000r\000a\000l\000\040\000d\000e\000\040\000T\000a\000r\000e\000a\000s\000\040\000d\000e\000\040\000T\000i\000e\000m\000p\000o\000\040\000R\000e\000a\000l\000\040\000\050\000T\000R\000\051}{section.2}% 70
\BOOKMARK [2][-]{subsection.2.14}{\376\377\000I\000n\000v\000e\000r\000s\000i\000\363\000n\000\040\000d\000e\000\040\000P\000r\000i\000o\000r\000i\000d\000a\000d}{section.2}% 71
\BOOKMARK [3][-]{subsubsection.2.14.1}{\376\377\000D\000e\000s\000c\000r\000i\000p\000c\000i\000\363\000n\000\040\000d\000e\000l\000\040\000P\000r\000o\000b\000l\000e\000m\000a}{subsection.2.14}% 72
\BOOKMARK [3][-]{subsubsection.2.14.2}{\376\377\000C\000a\000r\000a\000c\000t\000e\000r\000\355\000s\000t\000i\000c\000a\000s\000\040\000d\000e\000\040\000l\000a\000\040\000I\000n\000v\000e\000r\000s\000i\000\363\000n\000\040\000d\000e\000\040\000P\000r\000i\000o\000r\000i\000d\000a\000d}{subsection.2.14}% 73
\BOOKMARK [2][-]{subsection.2.15}{\376\377\000P\000r\000o\000t\000o\000c\000o\000l\000o\000\040\000d\000e\000\040\000S\000e\000c\000c\000i\000\363\000n\000\040\000C\000r\000\355\000t\000i\000c\000a\000\040\000N\000o\000\040\000E\000x\000p\000u\000l\000s\000a\000b\000l\000e}{section.2}% 74
\BOOKMARK [3][-]{subsubsection.2.15.1}{\376\377\000D\000e\000s\000c\000r\000i\000p\000c\000i\000\363\000n\000\040\000d\000e\000l\000\040\000P\000r\000o\000t\000o\000c\000o\000l\000o}{subsection.2.15}% 75
\BOOKMARK [3][-]{subsubsection.2.15.2}{\376\377\000C\000a\000r\000a\000c\000t\000e\000r\000\355\000s\000t\000i\000c\000a\000s\000\040\000d\000e\000l\000\040\000P\000r\000o\000t\000o\000c\000o\000l\000o}{subsection.2.15}% 76
\BOOKMARK [2][-]{subsection.2.16}{\376\377\000T\000i\000e\000m\000p\000o\000\040\000d\000e\000\040\000B\000l\000o\000q\000u\000e\000o\000\040\000e\000n\000\040\000S\000e\000c\000c\000i\000\363\000n\000\040\000C\000r\000\355\000t\000i\000c\000a\000\040\000N\000o\000\040\000E\000x\000p\000u\000l\000s\000a\000b\000l\000e}{section.2}% 77
\BOOKMARK [2][-]{subsection.2.17}{\376\377\000P\000r\000o\000t\000o\000c\000o\000l\000o\000\040\000d\000e\000\040\000H\000e\000r\000e\000n\000c\000i\000a\000\040\000d\000e\000\040\000P\000r\000i\000o\000r\000i\000d\000a\000d}{section.2}% 78
\BOOKMARK [3][-]{subsubsection.2.17.1}{\376\377\000D\000e\000s\000c\000r\000i\000p\000c\000i\000\363\000n\000\040\000d\000e\000l\000\040\000P\000r\000o\000t\000o\000c\000o\000l\000o}{subsection.2.17}% 79
\BOOKMARK [3][-]{subsubsection.2.17.2}{\376\377\000C\000a\000r\000a\000c\000t\000e\000r\000\355\000s\000t\000i\000c\000a\000s\000\040\000d\000e\000l\000\040\000P\000r\000o\000t\000o\000c\000o\000l\000o}{subsection.2.17}% 80
\BOOKMARK [3][-]{subsubsection.2.17.3}{\376\377\000V\000e\000n\000t\000a\000j\000a\000s\000\040\000d\000e\000l\000\040\000P\000r\000o\000t\000o\000c\000o\000l\000o}{subsection.2.17}% 81
\BOOKMARK [2][-]{subsection.2.18}{\376\377\000T\000i\000p\000o\000s\000\040\000d\000e\000\040\000B\000l\000o\000q\000u\000e\000o\000s\000\040\000e\000n\000\040\000e\000l\000\040\000P\000r\000o\000t\000o\000c\000o\000l\000o\000\040\000d\000e\000\040\000H\000e\000r\000e\000n\000c\000i\000a\000\040\000d\000e\000\040\000P\000r\000i\000o\000r\000i\000d\000a\000d}{section.2}% 82
\BOOKMARK [3][-]{subsubsection.2.18.1}{\376\377\000T\000i\000p\000o\000s\000\040\000d\000e\000\040\000B\000l\000o\000q\000u\000e\000o\000s}{subsection.2.18}% 83
\BOOKMARK [3][-]{subsubsection.2.18.2}{\376\377\000C\000a\000r\000a\000c\000t\000e\000r\000\355\000s\000t\000i\000c\000a\000s\000\040\000d\000e\000l\000\040\000P\000r\000o\000t\000o\000c\000o\000l\000o}{subsection.2.18}% 84
\BOOKMARK [2][-]{subsection.2.19}{\376\377\000C\000\341\000l\000c\000u\000l\000o\000\040\000d\000e\000l\000\040\000F\000a\000c\000t\000o\000r\000\040\000d\000e\000\040\000B\000l\000o\000q\000u\000e\000o}{section.2}% 85
\BOOKMARK [2][-]{subsection.2.20}{\376\377\000P\000r\000o\000t\000o\000c\000o\000l\000o\000s\000\040\000d\000e\000\040\000T\000e\000c\000h\000o\000\040\000d\000e\000\040\000P\000r\000i\000o\000r\000i\000d\000a\000d}{section.2}% 86
\BOOKMARK [3][-]{subsubsection.2.20.1}{\376\377\000T\000e\000c\000h\000o\000\040\000d\000e\000\040\000P\000r\000i\000o\000r\000i\000d\000a\000d\000\040\000d\000e\000\040\000u\000n\000\040\000R\000e\000c\000u\000r\000s\000o}{subsection.2.20}% 87
\BOOKMARK [3][-]{subsubsection.2.20.2}{\376\377\000C\000a\000r\000a\000c\000t\000e\000r\000\355\000s\000t\000i\000c\000a\000s\000\040\000d\000e\000\040\000l\000o\000s\000\040\000P\000r\000o\000t\000o\000c\000o\000l\000o\000s\000\040\000d\000e\000\040\000T\000e\000c\000h\000o\000\040\000d\000e\000\040\000P\000r\000i\000o\000r\000i\000d\000a\000d}{subsection.2.20}% 88
\BOOKMARK [2][-]{subsection.2.21}{\376\377\000P\000r\000o\000t\000o\000c\000o\000l\000o\000\040\000d\000e\000\040\000T\000e\000c\000h\000o\000\040\000d\000e\000\040\000P\000r\000i\000o\000r\000i\000d\000a\000d\000\040\000I\000n\000m\000e\000d\000i\000a\000t\000o\000\040\000\050\000P\000P\000P\000\051}{section.2}% 89
\BOOKMARK [2][-]{subsection.2.22}{\376\377\000T\000i\000e\000m\000p\000o\000\040\000d\000e\000\040\000B\000l\000o\000q\000u\000e\000o}{section.2}% 90
\BOOKMARK [3][-]{subsubsection.2.22.1}{\376\377\000C\000\341\000l\000c\000u\000l\000o\000\040\000d\000e\000l\000\040\000T\000i\000e\000m\000p\000o\000\040\000d\000e\000\040\000B\000l\000o\000q\000u\000e\000o}{subsection.2.22}% 91
\BOOKMARK [3][-]{subsubsection.2.22.2}{\376\377\000C\000o\000m\000p\000o\000r\000t\000a\000m\000i\000e\000n\000t\000o\000\040\000c\000o\000n\000\040\000e\000l\000\040\000P\000r\000o\000t\000o\000c\000o\000l\000o\000\040\000d\000e\000\040\000T\000e\000c\000h\000o\000\040\000d\000e\000\040\000P\000r\000i\000o\000r\000i\000d\000a\000d\000\040\000I\000n\000m\000e\000d\000i\000a\000t\000o\000\040\000\050\000P\000P\000P\000\051}{subsection.2.22}% 92
\BOOKMARK [2][-]{subsection.2.23}{\376\377\000A\000s\000i\000g\000n\000a\000c\000i\000\363\000n\000\040\000d\000e\000\040\000P\000r\000i\000o\000r\000i\000d\000a\000d\000e\000s\000\040\000a\000\040\000l\000a\000s\000\040\000T\000a\000r\000e\000a\000s\000\040\000A\000p\000e\000r\000i\000\363\000d\000i\000c\000a\000s}{section.2}% 93
\BOOKMARK [2][-]{subsection.2.24}{\376\377\000S\000e\000r\000v\000i\000c\000i\000o\000\040\000d\000e\000\040\000T\000a\000r\000e\000a\000s\000\040\000A\000p\000e\000r\000i\000\363\000d\000i\000c\000a\000s}{section.2}% 94
\BOOKMARK [3][-]{subsubsection.2.24.1}{\376\377\000S\000e\000r\000v\000i\000c\000i\000o\000\040\000c\000o\000n\000\040\000T\000i\000e\000m\000p\000o\000\040\000e\000n\000\040\000S\000e\000g\000u\000n\000d\000o\000\040\000P\000l\000a\000n\000o}{subsection.2.24}% 95
\BOOKMARK [3][-]{subsubsection.2.24.2}{\376\377\000S\000e\000r\000v\000i\000c\000i\000o\000\040\000d\000e\000\040\000A\000p\000e\000r\000i\000\363\000d\000i\000c\000a\000s\000\040\000c\000o\000n\000\040\000S\000o\000n\000d\000e\000o\000s}{subsection.2.24}% 96
\BOOKMARK [2][-]{subsection.2.25}{\376\377\000S\000e\000r\000v\000i\000d\000o\000r\000\040\000D\000i\000f\000e\000r\000i\000d\000o}{section.2}% 97
\BOOKMARK [3][-]{subsubsection.2.25.1}{\376\377\000C\000a\000r\000a\000c\000t\000e\000r\000\355\000s\000t\000i\000c\000a\000s\000\040\000d\000e\000l\000\040\000S\000e\000r\000v\000i\000d\000o\000r\000\040\000D\000i\000f\000e\000r\000i\000d\000o}{subsection.2.25}% 98
\BOOKMARK [3][-]{subsubsection.2.25.2}{\376\377\000A\000n\000\341\000l\000i\000s\000i\000s\000\040\000d\000e\000\040\000P\000l\000a\000n\000i\000f\000i\000c\000a\000b\000i\000l\000i\000d\000a\000d\000\040\000c\000o\000n\000\040\000e\000l\000\040\000S\000e\000r\000v\000i\000d\000o\000r\000\040\000D\000i\000f\000e\000r\000i\000d\000o}{subsection.2.25}% 99
\BOOKMARK [4][-]{paragraph.2.25.2.1}{\376\377\000C\000o\000n\000f\000i\000g\000u\000r\000a\000c\000i\000\363\000n\000\040\000d\000e\000l\000\040\000S\000i\000s\000t\000e\000m\000a}{subsubsection.2.25.2}% 100
\BOOKMARK [4][-]{paragraph.2.25.2.2}{\376\377\000C\000\341\000l\000c\000u\000l\000o\000\040\000d\000e\000l\000\040\000L\000\355\000m\000i\000t\000e\000\040\000S\000u\000p\000e\000r\000i\000o\000r\000\040\000d\000e\000\040\000U\000t\000i\000l\000i\000z\000a\000c\000i\000\363\000n}{subsubsection.2.25.2}% 101
\BOOKMARK [4][-]{paragraph.2.25.2.3}{\376\377\000C\000o\000n\000d\000i\000c\000i\000\363\000n\000\040\000d\000e\000\040\000P\000l\000a\000n\000i\000f\000i\000c\000a\000b\000i\000l\000i\000d\000a\000d}{subsubsection.2.25.2}% 102
\BOOKMARK [3][-]{subsubsection.2.25.3}{\376\377\000V\000e\000n\000t\000a\000j\000a\000s\000\040\000d\000e\000l\000\040\000S\000e\000r\000v\000i\000d\000o\000r\000\040\000D\000i\000f\000e\000r\000i\000d\000o}{subsection.2.25}% 103
