\BOOKMARK [1][-]{section.1}{\376\377\000I\000n\000t\000r\000o\000d\000u\000c\000c\000i\000\363\000n}{}% 1
\BOOKMARK [2][-]{subsection.1.1}{\376\377\000\277\000Q\000u\000\351\000\040\000e\000s\000\040\000l\000a\000\040\000s\000e\000g\000u\000r\000i\000d\000a\000d\000?}{section.1}% 2
\BOOKMARK [2][-]{subsection.1.2}{\376\377\000\277\000E\000n\000\040\000q\000u\000\351\000\040\000n\000i\000v\000e\000l\000\040\000o\000\040\000c\000a\000p\000a\000\040\000s\000e\000\040\000d\000e\000b\000e\000\040\000s\000i\000t\000u\000a\000r\000\040\000l\000a\000\040\000s\000e\000g\000u\000r\000i\000d\000a\000d\000?}{section.1}% 3
\BOOKMARK [2][-]{subsection.1.3}{\376\377\000M\000e\000c\000a\000n\000i\000s\000m\000o\000s\000\040\000d\000e\000\040\000S\000e\000g\000u\000r\000i\000d\000a\000d}{section.1}% 4
\BOOKMARK [2][-]{subsection.1.4}{\376\377\000A\000t\000a\000q\000u\000e\000s\000\040\000d\000e\000\040\000S\000e\000g\000u\000r\000i\000d\000a\000d}{section.1}% 5
\BOOKMARK [1][-]{section.2}{\376\377\000C\000i\000f\000r\000a\000d\000o}{}% 6
\BOOKMARK [2][-]{subsection.2.1}{\376\377\000C\000i\000f\000r\000a\000d\000o\000\040\000s\000i\000m\000\351\000t\000r\000i\000c\000o}{section.2}% 7
\BOOKMARK [2][-]{subsection.2.2}{\376\377\000C\000i\000f\000r\000a\000d\000o\000\040\000a\000s\000i\000m\000\351\000t\000r\000i\000c\000o}{section.2}% 8
\BOOKMARK [1][-]{section.3}{\376\377\000A\000u\000t\000e\000n\000t\000i\000c\000a\000c\000i\000\363\000n}{}% 9
\BOOKMARK [2][-]{subsection.3.1}{\376\377\000R\000e\000t\000o\000-\000r\000e\000s\000p\000u\000e\000s\000t\000a}{section.3}% 10
\BOOKMARK [2][-]{subsection.3.2}{\376\377\000I\000n\000t\000e\000r\000c\000a\000m\000b\000i\000o\000\040\000d\000e\000\040\000D\000i\000f\000f\000i\000e\000-\000H\000e\000l\000l\000m\000a\000n}{section.3}% 11
\BOOKMARK [3][-]{subsubsection.3.2.1}{\376\377\000A\000t\000a\000q\000u\000e\000\040\000M\000a\000n\000-\000i\000n\000-\000t\000h\000e\000-\000M\000i\000d\000d\000l\000e\000\040\000\050\000M\000i\000t\000M\000\051}{subsection.3.2}% 12
\BOOKMARK [1][-]{section.4}{\376\377\000F\000u\000n\000c\000i\000o\000n\000e\000s\000\040\000H\000a\000s\000h}{}% 13
\BOOKMARK [2][-]{subsection.4.1}{\376\377\000F\000u\000n\000c\000i\000o\000n\000e\000s\000\040\000H\000a\000s\000h\000\040\000\050\000C\000o\000m\000p\000e\000n\000d\000i\000o\000s\000\051}{section.4}% 14
\BOOKMARK [3][-]{subsubsection.4.1.1}{\376\377\000C\000a\000r\000a\000c\000t\000e\000r\000\355\000s\000t\000i\000c\000a\000s\000\040\000d\000e\000\040\000l\000o\000s\000\040\000C\000o\000m\000p\000e\000n\000d\000i\000o\000s}{subsection.4.1}% 15
\BOOKMARK [3][-]{subsubsection.4.1.2}{\376\377\000E\000j\000e\000m\000p\000l\000o\000s\000\040\000d\000e\000\040\000F\000u\000n\000c\000i\000o\000n\000e\000s\000\040\000H\000a\000s\000h}{subsection.4.1}% 16
\BOOKMARK [3][-]{subsubsection.4.1.3}{\376\377\000U\000s\000o\000\040\000d\000e\000\040\000l\000a\000s\000\040\000F\000u\000n\000c\000i\000o\000n\000e\000s\000\040\000H\000a\000s\000h}{subsection.4.1}% 17
\BOOKMARK [3][-]{subsubsection.4.1.4}{\376\377\000M\000D\0005\000\040\000\050\000M\000e\000s\000s\000a\000g\000e\000\040\000D\000i\000g\000e\000s\000t\000\040\0005\000,\000\040\000R\000F\000C\000\040\0001\0003\0002\0001\000\051}{subsection.4.1}% 18
\BOOKMARK [3][-]{subsubsection.4.1.5}{\376\377\000S\000H\000A\000-\0001\000\040\000\050\000S\000e\000c\000u\000r\000e\000\040\000H\000a\000s\000h\000\040\000A\000l\000g\000o\000r\000i\000t\000h\000m\000\040\0001\000,\000\040\000N\000I\000S\000T\000\040\0001\0009\0009\0003\000\051}{subsection.4.1}% 19
\BOOKMARK [1][-]{section.5}{\376\377\000F\000i\000r\000m\000a\000\040\000D\000i\000g\000i\000t\000a\000l\000\040\000y\000\040\000c\000e\000r\000t\000i\000f\000i\000c\000a\000d\000o\000s\000\040\000d\000i\000g\000i\000t\000a\000l\000e\000s}{}% 20
\BOOKMARK [2][-]{subsection.5.1}{\376\377\000F\000i\000r\000m\000a\000\040\000D\000i\000g\000i\000t\000a\000l\000:\000\040\000O\000b\000j\000e\000t\000i\000v\000o\000s}{section.5}% 21
\BOOKMARK [3][-]{subsubsection.5.1.1}{\376\377\000F\000i\000r\000m\000a\000\040\000D\000i\000g\000i\000t\000a\000l\000\040\000c\000o\000n\000\040\000C\000l\000a\000v\000e\000\040\000S\000e\000c\000r\000e\000t\000a\000\040\000y\000\040\000A\000s\000i\000m\000\351\000t\000r\000i\000c\000a}{subsection.5.1}% 22
\BOOKMARK [3][-]{subsubsection.5.1.2}{\376\377\000E\000l\000\040\000c\000o\000n\000c\000e\000p\000t\000o\000\040\000d\000e\000\040\000B\000i\000g\000\040\000B\000r\000o\000t\000h\000e\000r\000\040\000e\000n\000\040\000l\000a\000\040\000f\000i\000r\000m\000a\000\040\000d\000i\000g\000i\000t\000a\000l}{subsection.5.1}% 23
\BOOKMARK [3][-]{subsubsection.5.1.3}{\376\377\000D\000e\000b\000i\000l\000i\000d\000a\000d\000\040\000y\000\040\000G\000a\000r\000a\000n\000t\000\355\000a\000\040\000d\000e\000\040\000N\000o\000\040\000R\000e\000p\000u\000d\000i\000o}{subsection.5.1}% 24
\BOOKMARK [3][-]{subsubsection.5.1.4}{\376\377\000C\000e\000r\000t\000i\000f\000i\000c\000a\000d\000o\000s\000\040\000D\000i\000g\000i\000t\000a\000l\000e\000s}{subsection.5.1}% 25
\BOOKMARK [3][-]{subsubsection.5.1.5}{\376\377\000F\000o\000r\000m\000a\000t\000o\000\040\000d\000e\000\040\000l\000o\000s\000\040\000C\000e\000r\000t\000i\000f\000i\000c\000a\000d\000o\000s}{subsection.5.1}% 26
\BOOKMARK [3][-]{subsubsection.5.1.6}{\376\377\000A\000u\000t\000o\000r\000i\000d\000a\000d\000e\000s\000\040\000d\000e\000\040\000C\000e\000r\000t\000i\000f\000i\000c\000a\000c\000i\000\363\000n\000\040\000\050\000A\000C\000\051\000\040\000R\000e\000c\000o\000n\000o\000c\000i\000d\000a\000s}{subsection.5.1}% 27
\BOOKMARK [3][-]{subsubsection.5.1.7}{\376\377\000C\000a\000m\000p\000o\000s\000\040\000d\000e\000\040\000u\000n\000\040\000c\000e\000r\000t\000i\000f\000i\000c\000a\000d\000o\000\040\000X\000.\0005\0000\0009}{subsection.5.1}% 28
\BOOKMARK [2][-]{subsection.5.2}{\376\377\000R\000e\000l\000a\000c\000i\000\363\000n\000\040\000e\000n\000t\000r\000e\000\040\000l\000o\000s\000\040\000M\000e\000c\000a\000n\000i\000s\000m\000o\000s\000\040\000d\000e\000\040\000S\000e\000g\000u\000r\000i\000d\000a\000d\000\040\000y\000\040\000l\000o\000s\000\040\000S\000e\000r\000v\000i\000c\000i\000o\000s\000/\000A\000s\000p\000e\000c\000t\000o\000s\000\040\000d\000e\000\040\000S\000e\000g\000u\000r\000i\000d\000a\000d}{section.5}% 29
\BOOKMARK [3][-]{subsubsection.5.2.1}{\376\377\000C\000o\000n\000f\000i\000d\000e\000n\000c\000i\000a\000l\000i\000d\000a\000d}{subsection.5.2}% 30
\BOOKMARK [3][-]{subsubsection.5.2.2}{\376\377\000A\000u\000t\000e\000n\000t\000i\000c\000a\000c\000i\000\363\000n}{subsection.5.2}% 31
\BOOKMARK [3][-]{subsubsection.5.2.3}{\376\377\000N\000o\000\040\000R\000e\000p\000u\000d\000i\000o}{subsection.5.2}% 32
\BOOKMARK [3][-]{subsubsection.5.2.4}{\376\377\000I\000n\000t\000e\000g\000r\000i\000d\000a\000d}{subsection.5.2}% 33
\BOOKMARK [3][-]{subsubsection.5.2.5}{\376\377\000D\000i\000s\000p\000o\000n\000i\000b\000i\000l\000i\000d\000a\000d}{subsection.5.2}% 34
\BOOKMARK [1][-]{section.6}{\376\377\000P\000r\000o\000t\000o\000c\000o\000l\000o\000s\000\040\000S\000e\000g\000u\000r\000o\000s}{}% 35
\BOOKMARK [2][-]{subsection.6.1}{\376\377\000S\000e\000g\000u\000r\000i\000d\000a\000d}{section.6}% 36
\BOOKMARK [2][-]{subsection.6.2}{\376\377\000P\000r\000e\000t\000t\000y\000\040\000G\000o\000o\000d\000\040\000P\000r\000i\000v\000a\000c\000y\000\040\000\050\000P\000G\000P\000\051\000\040\040\023\000\040\000c\000o\000r\000r\000e\000o\000\040\000e\000l\000e\000c\000t\000r\000\363\000n\000i\000c\000o\000\040\000s\000e\000g\000u\000r\000o}{section.6}% 37
\BOOKMARK [2][-]{subsection.6.3}{\376\377\000T\000r\000a\000n\000s\000p\000o\000r\000t\000\040\000L\000a\000y\000e\000r\000\040\000S\000e\000c\000u\000r\000i\000t\000y\000\040\000\050\000T\000L\000S\000\051\000\040\000/\000\040\000S\000e\000c\000u\000r\000e\000\040\000S\000o\000c\000k\000e\000t\000s\000\040\000L\000a\000y\000e\000r\000\040\000\050\000S\000S\000L\000\051}{section.6}% 38
\BOOKMARK [3][-]{subsubsection.6.3.1}{\376\377\000S\000S\000L\000\040\000R\000e\000c\000o\000r\000d\000\040\000P\000r\000o\000t\000o\000c\000o\000l}{subsection.6.3}% 39
\BOOKMARK [3][-]{subsubsection.6.3.2}{\376\377\000S\000S\000L\000\040\000H\000a\000n\000d\000s\000h\000a\000k\000e\000\040\000P\000r\000o\000t\000o\000c\000o\000l}{subsection.6.3}% 40
\BOOKMARK [3][-]{subsubsection.6.3.3}{\376\377\000G\000e\000n\000e\000r\000a\000c\000i\000\363\000n\000\040\000d\000e\000\040\000C\000l\000a\000v\000e\000s\000\040\000d\000e\000\040\000S\000e\000s\000i\000\363\000n}{subsection.6.3}% 41
\BOOKMARK [3][-]{subsubsection.6.3.4}{\376\377\000S\000S\000L\000\040\000A\000s\000s\000e\000r\000t\000\040\000P\000r\000o\000t\000o\000c\000o\000l}{subsection.6.3}% 42
\BOOKMARK [3][-]{subsubsection.6.3.5}{\376\377\000C\000h\000a\000n\000g\000e\000\040\000C\000i\000p\000h\000e\000r\000\040\000S\000p\000e\000c\000\040\000P\000r\000o\000t\000o\000c\000o\000l}{subsection.6.3}% 43
\BOOKMARK [3][-]{subsubsection.6.3.6}{\376\377\000P\000r\000o\000t\000o\000c\000o\000l\000o\000s\000\040\000U\000t\000i\000l\000i\000z\000a\000d\000o\000s\000\040\000c\000o\000n\000\040\000T\000L\000S\000/\000S\000S\000L}{subsection.6.3}% 44
\BOOKMARK [2][-]{subsection.6.4}{\376\377\000I\000P\000S\000e\000c}{section.6}% 45
\BOOKMARK [3][-]{subsubsection.6.4.1}{\376\377\000P\000r\000o\000c\000e\000d\000i\000m\000i\000e\000n\000t\000o\000s\000\040\000d\000e\000\040\000I\000P\000S\000e\000c}{subsection.6.4}% 46
\BOOKMARK [3][-]{subsubsection.6.4.2}{\376\377\000M\000o\000d\000o\000s\000\040\000d\000e\000\040\000O\000p\000e\000r\000a\000c\000i\000\363\000n\000\040\000d\000e\000\040\000I\000P\000S\000e\000c}{subsection.6.4}% 47
