\BOOKMARK [1][-]{section.1}{\376\377\000E\000j\000e\000r\000c\000i\000c\000i\000o\000\040\0009\0001}{}% 1
\BOOKMARK [2][-]{subsection.1.1}{\376\377\000E\000n\000u\000n\000c\000i\000a\000d\000o}{section.1}% 2
\BOOKMARK [2][-]{subsection.1.2}{\376\377\000S\000o\000l\000u\000c\000i\000\363\000n}{section.1}% 3
\BOOKMARK [3][-]{subsubsection.1.2.1}{\376\377\000C\000r\000o\000n\000o\000g\000r\000a\000m\000a}{subsection.1.2}% 4
\BOOKMARK [3][-]{subsubsection.1.2.2}{\376\377\000I\000m\000p\000l\000e\000m\000e\000n\000t\000a\000c\000i\000\363\000n\000\040\000e\000n\000\040\000p\000s\000e\000u\000d\000o\000-\000c\000\363\000d\000i\000g\000o}{subsection.1.2}% 5
\BOOKMARK [1][-]{section.2}{\376\377\000E\000j\000e\000r\000c\000i\000c\000i\000o\000\040\0009\0002}{}% 6
\BOOKMARK [2][-]{subsection.2.1}{\376\377\000E\000n\000u\000n\000c\000i\000a\000d\000o}{section.2}% 7
\BOOKMARK [2][-]{subsection.2.2}{\376\377\000S\000o\000l\000u\000c\000i\000\363\000n}{section.2}% 8
\BOOKMARK [3][-]{subsubsection.2.2.1}{\376\377\000P\000a\000s\000o\000\040\0001\000:\000\040\000V\000e\000r\000i\000f\000i\000c\000a\000c\000i\000\363\000n\000\040\000i\000n\000i\000c\000i\000a\000l}{subsection.2.2}% 9
\BOOKMARK [3][-]{subsubsection.2.2.2}{\376\377\000P\000a\000s\000o\000\040\0002\000:\000\040\000C\000\341\000l\000c\000u\000l\000o\000\040\000d\000e\000l\000\040\000m\000a\000r\000c\000o\000\040\000s\000e\000c\000u\000n\000d\000a\000r\000i\000o}{subsection.2.2}% 10
\BOOKMARK [3][-]{subsubsection.2.2.3}{\376\377\000P\000a\000s\000o\000\040\0003\000:\000\040\000C\000r\000o\000n\000o\000g\000r\000a\000m\000a}{subsection.2.2}% 11
\BOOKMARK [1][-]{section.3}{\376\377\000E\000j\000e\000r\000c\000i\000c\000i\000o\000\040\0009\0003}{}% 12
\BOOKMARK [2][-]{subsection.3.1}{\376\377\000E\000n\000u\000n\000c\000i\000a\000d\000o}{section.3}% 13
\BOOKMARK [2][-]{subsection.3.2}{\376\377\000S\000o\000l\000u\000c\000i\000\363\000n}{section.3}% 14
\BOOKMARK [3][-]{subsubsection.3.2.1}{\376\377\000I\000m\000p\000l\000e\000m\000e\000n\000t\000a\000c\000i\000\363\000n\000\040\000e\000n\000\040\000p\000s\000e\000u\000d\000o\000-\000c\000\363\000d\000i\000g\000o}{subsection.3.2}% 15
\BOOKMARK [1][-]{section.4}{\376\377\000E\000j\000e\000r\000c\000i\000c\000i\000o\000\040\0009\0004}{}% 16
\BOOKMARK [2][-]{subsection.4.1}{\376\377\000E\000n\000u\000n\000c\000i\000a\000d\000o}{section.4}% 17
\BOOKMARK [2][-]{subsection.4.2}{\376\377\000S\000o\000l\000u\000c\000i\000\363\000n}{section.4}% 18
\BOOKMARK [3][-]{subsubsection.4.2.1}{\376\377\000C\000\341\000l\000c\000u\000l\000o\000\040\000d\000e\000l\000\040\000f\000a\000c\000t\000o\000r\000\040\000d\000e\000\040\000u\000t\000i\000l\000i\000z\000a\000c\000i\000\363\000n}{subsection.4.2}% 19
\BOOKMARK [3][-]{subsubsection.4.2.2}{\376\377\000C\000\341\000l\000c\000u\000l\000o\000\040\000d\000e\000l\000\040\000h\000i\000p\000e\000r\000p\000e\000r\000i\000o\000d\000o}{subsection.4.2}% 20
\BOOKMARK [3][-]{subsubsection.4.2.3}{\376\377\000C\000r\000o\000n\000o\000g\000r\000a\000m\000a}{subsection.4.2}% 21
\BOOKMARK [1][-]{section.5}{\376\377\000E\000j\000e\000r\000c\000i\000c\000i\000o\000\040\0009\0005}{}% 22
\BOOKMARK [2][-]{subsection.5.1}{\376\377\000E\000n\000u\000n\000c\000i\000a\000d\000o}{section.5}% 23
\BOOKMARK [2][-]{subsection.5.2}{\376\377\000S\000o\000l\000u\000c\000i\000\363\000n}{section.5}% 24
\BOOKMARK [3][-]{subsubsection.5.2.1}{\376\377\000C\000\341\000l\000c\000u\000l\000o\000\040\000d\000e\000l\000\040\000F\000a\000c\000t\000o\000r\000\040\000d\000e\000\040\000U\000t\000i\000l\000i\000z\000a\000c\000i\000\363\000n}{subsection.5.2}% 25
\BOOKMARK [3][-]{subsubsection.5.2.2}{\376\377\000C\000\341\000l\000c\000u\000l\000o\000\040\000d\000e\000l\000\040\000H\000i\000p\000e\000r\000p\000e\000r\000i\000o\000d\000o}{subsection.5.2}% 26
\BOOKMARK [3][-]{subsubsection.5.2.3}{\376\377\000C\000r\000o\000n\000o\000g\000r\000a\000m\000a}{subsection.5.2}% 27
\BOOKMARK [3][-]{subsubsection.5.2.4}{\376\377\000I\000m\000p\000l\000e\000m\000e\000n\000t\000a\000c\000i\000\363\000n\000\040\000e\000n\000\040\000P\000s\000e\000u\000d\000o\000-\000C\000\363\000d\000i\000g\000o}{subsection.5.2}% 28
\BOOKMARK [1][-]{section.6}{\376\377\000E\000j\000e\000r\000c\000i\000c\000i\000o\000\040\0009\0006}{}% 29
\BOOKMARK [2][-]{subsection.6.1}{\376\377\000E\000n\000u\000n\000c\000i\000a\000d\000o}{section.6}% 30
\BOOKMARK [2][-]{subsection.6.2}{\376\377\000S\000o\000l\000u\000c\000i\000\363\000n}{section.6}% 31
\BOOKMARK [3][-]{subsubsection.6.2.1}{\376\377\000P\000l\000a\000n\000i\000f\000i\000c\000a\000c\000i\000\363\000n\000\040\000c\000o\000n\000\040\000R\000M\000S}{subsection.6.2}% 32
\BOOKMARK [3][-]{subsubsection.6.2.2}{\376\377\000P\000l\000a\000n\000i\000f\000i\000c\000a\000c\000i\000\363\000n\000\040\000c\000o\000n\000\040\000E\000D\000F}{subsection.6.2}% 33
\BOOKMARK [3][-]{subsubsection.6.2.3}{\376\377\000E\000x\000p\000l\000i\000c\000a\000c\000i\000\363\000n\000\040\000d\000e\000l\000\040\000A\000l\000g\000o\000r\000i\000t\000m\000o\000\040\000E\000D\000F}{subsection.6.2}% 34
\BOOKMARK [1][-]{section.7}{\376\377\000E\000j\000e\000r\000c\000i\000c\000i\000o\000\040\0009\0007}{}% 35
\BOOKMARK [2][-]{subsection.7.1}{\376\377\000E\000n\000u\000n\000c\000i\000a\000d\000o}{section.7}% 36
\BOOKMARK [2][-]{subsection.7.2}{\376\377\000S\000o\000l\000u\000c\000i\000\363\000n}{section.7}% 37
\BOOKMARK [3][-]{subsubsection.7.2.1}{\376\377\000P\000l\000a\000n\000i\000f\000i\000c\000a\000c\000i\000\363\000n\000\040\000m\000e\000d\000i\000a\000n\000t\000e\000\040\000u\000n\000\040\000E\000j\000e\000c\000u\000t\000i\000v\000o\000\040\000C\000\355\000c\000l\000i\000c\000o}{subsection.7.2}% 38
\BOOKMARK [3][-]{subsubsection.7.2.2}{\376\377\000P\000l\000a\000n\000i\000f\000i\000c\000a\000c\000i\000\363\000n\000\040\000m\000e\000d\000i\000a\000n\000t\000e\000\040\000P\000r\000i\000o\000r\000i\000d\000a\000d\000e\000s\000\040\000E\000s\000t\000\341\000t\000i\000c\000a\000s\000\040\000\050\000R\000M\000S\000\051}{subsection.7.2}% 39
\BOOKMARK [3][-]{subsubsection.7.2.3}{\376\377\000P\000l\000a\000n\000i\000f\000i\000c\000a\000c\000i\000\363\000n\000\040\000m\000e\000d\000i\000a\000n\000t\000e\000\040\000P\000r\000i\000o\000r\000i\000d\000a\000d\000e\000s\000\040\000D\000i\000n\000\341\000m\000i\000c\000a\000s\000\040\000\050\000E\000D\000F\000\051}{subsection.7.2}% 40
\BOOKMARK [3][-]{subsubsection.7.2.4}{\376\377\000C\000o\000n\000c\000l\000u\000s\000i\000\363\000n}{subsection.7.2}% 41
\BOOKMARK [1][-]{section.8}{\376\377\000E\000j\000e\000r\000c\000i\000c\000i\000o\000\040\0009\0008}{}% 42
\BOOKMARK [2][-]{subsection.8.1}{\376\377\000E\000n\000u\000n\000c\000i\000a\000d\000o}{section.8}% 43
\BOOKMARK [2][-]{subsection.8.2}{\376\377\000S\000o\000l\000u\000c\000i\000\363\000n}{section.8}% 44
\BOOKMARK [3][-]{subsubsection.8.2.1}{\376\377\000P\000a\000s\000o\000\040\0001\000:\000\040\000C\000\341\000l\000c\000u\000l\000o\000\040\000d\000e\000l\000\040\000h\000i\000p\000e\000r\000p\000e\000r\000i\000o\000d\000o\000\040\000y\000\040\000p\000r\000i\000o\000r\000i\000d\000a\000d\000e\000s}{subsection.8.2}% 45
\BOOKMARK [3][-]{subsubsection.8.2.2}{\376\377\000P\000a\000s\000o\000\040\0002\000:\000\040\000C\000o\000n\000s\000t\000r\000u\000c\000c\000i\000\363\000n\000\040\000d\000e\000l\000\040\000c\000r\000o\000n\000o\000g\000r\000a\000m\000a}{subsection.8.2}% 46
\BOOKMARK [3][-]{subsubsection.8.2.3}{\376\377\000P\000a\000s\000o\000\040\0003\000:\000\040\000C\000\341\000l\000c\000u\000l\000o\000\040\000d\000e\000\040\000l\000o\000s\000\040\000t\000i\000e\000m\000p\000o\000s\000\040\000d\000e\000\040\000r\000e\000s\000p\000u\000e\000s\000t\000a}{subsection.8.2}% 47
\BOOKMARK [3][-]{subsubsection.8.2.4}{\376\377\000P\000a\000s\000o\000\040\0004\000:\000\040\000I\000n\000t\000e\000r\000f\000e\000r\000e\000n\000c\000i\000a\000s\000\040\000e\000n\000t\000r\000e\000\040\000t\000a\000r\000e\000a\000s}{subsection.8.2}% 48
\BOOKMARK [3][-]{subsubsection.8.2.5}{\376\377\000C\000o\000n\000c\000l\000u\000s\000i\000\363\000n}{subsection.8.2}% 49
\BOOKMARK [1][-]{section.9}{\376\377\000E\000j\000e\000r\000c\000i\000c\000i\000o\000\040\0009\0009}{}% 50
\BOOKMARK [2][-]{subsection.9.1}{\376\377\000E\000n\000u\000n\000c\000i\000a\000d\000o}{section.9}% 51
\BOOKMARK [2][-]{subsection.9.2}{\376\377\000S\000o\000l\000u\000c\000i\000\363\000n}{section.9}% 52
\BOOKMARK [3][-]{subsubsection.9.2.1}{\376\377\000P\000a\000s\000o\000\040\0001\000:\000\040\000C\000\341\000l\000c\000u\000l\000o\000\040\000d\000e\000l\000\040\000f\000a\000c\000t\000o\000r\000\040\000d\000e\000\040\000u\000t\000i\000l\000i\000z\000a\000c\000i\000\363\000n}{subsection.9.2}% 53
\BOOKMARK [3][-]{subsubsection.9.2.2}{\376\377\000P\000a\000s\000o\000\040\0002\000:\000\040\000C\000o\000n\000s\000t\000r\000u\000c\000c\000i\000\363\000n\000\040\000d\000e\000l\000\040\000c\000r\000o\000n\000o\000g\000r\000a\000m\000a}{subsection.9.2}% 54
\BOOKMARK [3][-]{subsubsection.9.2.3}{\376\377\000P\000a\000s\000o\000\040\0003\000:\000\040\000V\000e\000r\000i\000f\000i\000c\000a\000c\000i\000\363\000n\000\040\000d\000e\000\040\000l\000o\000s\000\040\000p\000l\000a\000z\000o\000s}{subsection.9.2}% 55
\BOOKMARK [3][-]{subsubsection.9.2.4}{\376\377\000C\000o\000n\000c\000l\000u\000s\000i\000\363\000n}{subsection.9.2}% 56
\BOOKMARK [1][-]{section.10}{\376\377\000E\000j\000e\000r\000c\000i\000c\000i\000o\000\040\0001\0000\0000}{}% 57
\BOOKMARK [2][-]{subsection.10.1}{\376\377\000E\000n\000u\000n\000c\000i\000a\000d\000o}{section.10}% 58
\BOOKMARK [2][-]{subsection.10.2}{\376\377\000S\000o\000l\000u\000c\000i\000\363\000n}{section.10}% 59
\BOOKMARK [3][-]{subsubsection.10.2.1}{\376\377\000P\000a\000s\000o\000\040\0001\000:\000\040\000T\000e\000s\000t\000\040\000d\000e\000l\000\040\000f\000a\000c\000t\000o\000r\000\040\000d\000e\000\040\000u\000t\000i\000l\000i\000z\000a\000c\000i\000\363\000n}{subsection.10.2}% 60
\BOOKMARK [3][-]{subsubsection.10.2.2}{\376\377\000P\000a\000s\000o\000\040\0002\000:\000\040\000H\000i\000p\000e\000r\000p\000e\000r\000i\000o\000d\000o\000\040\000d\000e\000l\000\040\000s\000i\000s\000t\000e\000m\000a}{subsection.10.2}% 61
\BOOKMARK [3][-]{subsubsection.10.2.3}{\376\377\000P\000a\000s\000o\000\040\0003\000:\000\040\000C\000o\000n\000s\000t\000r\000u\000c\000c\000i\000\363\000n\000\040\000d\000e\000l\000\040\000c\000r\000o\000n\000o\000g\000r\000a\000m\000a}{subsection.10.2}% 62
\BOOKMARK [3][-]{subsubsection.10.2.4}{\376\377\000P\000a\000s\000o\000\040\0004\000:\000\040\000V\000e\000r\000i\000f\000i\000c\000a\000c\000i\000\363\000n\000\040\000d\000e\000\040\000l\000o\000s\000\040\000p\000l\000a\000z\000o\000s}{subsection.10.2}% 63
\BOOKMARK [3][-]{subsubsection.10.2.5}{\376\377\000C\000o\000n\000c\000l\000u\000s\000i\000\363\000n}{subsection.10.2}% 64
\BOOKMARK [1][-]{section.11}{\376\377\000E\000j\000e\000r\000c\000i\000c\000i\000o\000\040\0001\0000\0001\000:\000\040\000V\000e\000r\000i\000f\000i\000c\000a\000c\000i\000\363\000n\000\040\000d\000e\000\040\000p\000l\000a\000n\000i\000f\000i\000c\000a\000b\000i\000l\000i\000d\000a\000d\000\040\000c\000o\000n\000\040\000D\000e\000a\000d\000l\000i\000n\000e\000\040\000M\000o\000n\000o\000t\000o\000n\000i\000c\000\040\000\050\000D\000M\000\051}{}% 65
\BOOKMARK [2][-]{subsection.11.1}{\376\377\000E\000n\000u\000n\000c\000i\000a\000d\000o}{section.11}% 66
\BOOKMARK [2][-]{subsection.11.2}{\376\377\000S\000o\000l\000u\000c\000i\000\363\000n}{section.11}% 67
\BOOKMARK [3][-]{subsubsection.11.2.1}{\376\377\000P\000a\000s\000o\000\040\0001\000:\000\040\000C\000o\000n\000j\000u\000n\000t\000o\000\040\000d\000e\000\040\000t\000a\000r\000e\000a\000s}{subsection.11.2}% 68
\BOOKMARK [3][-]{subsubsection.11.2.2}{\376\377\000P\000a\000s\000o\000\040\0002\000:\000\040\000C\000\341\000l\000c\000u\000l\000o\000\040\000d\000e\000l\000\040\000t\000i\000e\000m\000p\000o\000\040\000d\000e\000\040\000r\000e\000s\000p\000u\000e\000s\000t\000a\000\040\000\050\000R\000i\000\051}{subsection.11.2}% 69
\BOOKMARK [3][-]{subsubsection.11.2.3}{\376\377\000P\000a\000s\000o\000\040\0003\000:\000\040\000C\000o\000n\000c\000l\000u\000s\000i\000\363\000n}{subsection.11.2}% 70
\BOOKMARK [1][-]{section.12}{\376\377\000E\000j\000e\000r\000c\000i\000c\000i\000o\000\040\0001\0000\0002\000:\000\040\000A\000n\000\341\000l\000i\000s\000i\000s\000\040\000d\000e\000\040\000a\000f\000i\000r\000m\000a\000c\000i\000o\000n\000e\000s\000\040\000s\000o\000b\000r\000e\000\040\000i\000n\000v\000e\000r\000s\000i\000\363\000n\000\040\000d\000e\000\040\000p\000r\000i\000o\000r\000i\000d\000a\000d}{}% 71
\BOOKMARK [2][-]{subsection.12.1}{\376\377\000E\000n\000u\000n\000c\000i\000a\000d\000o}{section.12}% 72
\BOOKMARK [2][-]{subsection.12.2}{\376\377\000S\000o\000l\000u\000c\000i\000\363\000n}{section.12}% 73
\BOOKMARK [3][-]{subsubsection.12.2.1}{\376\377\000A\000n\000\341\000l\000i\000s\000i\000s\000\040\000d\000e\000\040\000c\000a\000d\000a\000\040\000a\000f\000i\000r\000m\000a\000c\000i\000\363\000n}{subsection.12.2}% 74
\BOOKMARK [3][-]{subsubsection.12.2.2}{\376\377\000C\000o\000n\000c\000l\000u\000s\000i\000\363\000n}{subsection.12.2}% 75
\BOOKMARK [1][-]{section.13}{\376\377\000E\000j\000e\000r\000c\000i\000c\000i\000o\000\040\0001\0000\0003\000:\000\040\000U\000t\000i\000l\000i\000z\000a\000c\000i\000\363\000n\000\040\000m\000\341\000x\000i\000m\000a\000\040\000d\000e\000l\000\040\000p\000r\000o\000c\000e\000s\000a\000d\000o\000r\000\040\000p\000a\000r\000a\000\040\000u\000n\000\040\000S\000e\000r\000v\000i\000d\000o\000r\000\040\000E\000s\000p\000o\000r\000\341\000d\000i\000c\000o}{}% 76
\BOOKMARK [2][-]{subsection.13.1}{\376\377\000E\000n\000u\000n\000c\000i\000a\000d\000o}{section.13}% 77
\BOOKMARK [2][-]{subsection.13.2}{\376\377\000S\000o\000l\000u\000c\000i\000\363\000n}{section.13}% 78
\BOOKMARK [3][-]{subsubsection.13.2.1}{\376\377\000P\000a\000s\000o\000\040\0001\000:\000\040\000U\000t\000i\000l\000i\000z\000a\000c\000i\000\363\000n\000\040\000d\000e\000l\000\040\000p\000r\000o\000c\000e\000s\000a\000d\000o\000r\000\040\000p\000o\000r\000\040\000l\000a\000s\000\040\000t\000a\000r\000e\000a\000s\000\040\000p\000e\000r\000i\000\363\000d\000i\000c\000a\000s}{subsection.13.2}% 79
\BOOKMARK [3][-]{subsubsection.13.2.2}{\376\377\000P\000a\000s\000o\000\040\0002\000:\000\040\000L\000\355\000m\000i\000t\000e\000\040\000d\000e\000\040\000u\000t\000i\000l\000i\000z\000a\000c\000i\000\363\000n\000\040\000m\000\341\000x\000i\000m\000a\000\040\000p\000a\000r\000a\000\040\000R\000M}{subsection.13.2}% 80
\BOOKMARK [3][-]{subsubsection.13.2.3}{\376\377\000P\000a\000s\000o\000\040\0003\000:\000\040\000U\000t\000i\000l\000i\000z\000a\000c\000i\000\363\000n\000\040\000r\000e\000s\000t\000a\000n\000t\000e\000\040\000p\000a\000r\000a\000\040\000e\000l\000\040\000S\000e\000r\000v\000i\000d\000o\000r\000\040\000E\000s\000p\000o\000r\000\341\000d\000i\000c\000o}{subsection.13.2}% 81
\BOOKMARK [2][-]{subsection.13.3}{\376\377\000C\000o\000n\000c\000l\000u\000s\000i\000\363\000n}{section.13}% 82
\BOOKMARK [1][-]{section.14}{\376\377\000E\000j\000e\000r\000c\000i\000c\000i\000o\000\040\0001\0000\0004\000:\000\040\000U\000t\000i\000l\000i\000z\000a\000c\000i\000\363\000n\000\040\000m\000\341\000x\000i\000m\000a\000\040\000d\000e\000l\000\040\000p\000r\000o\000c\000e\000s\000a\000d\000o\000r\000\040\000p\000a\000r\000a\000\040\000u\000n\000\040\000S\000e\000r\000v\000i\000d\000o\000r\000\040\000D\000i\000f\000e\000r\000i\000d\000o\000\040\000\050\000S\000D\000\051}{}% 83
\BOOKMARK [2][-]{subsection.14.1}{\376\377\000E\000n\000u\000n\000c\000i\000a\000d\000o}{section.14}% 84
\BOOKMARK [2][-]{subsection.14.2}{\376\377\000S\000o\000l\000u\000c\000i\000\363\000n}{section.14}% 85
\BOOKMARK [3][-]{subsubsection.14.2.1}{\376\377\000P\000a\000s\000o\000\040\0001\000:\000\040\000F\000\363\000r\000m\000u\000l\000a\000\040\000p\000a\000r\000a\000\040\000e\000l\000\040\000l\000\355\000m\000i\000t\000e\000\040\000d\000e\000\040\000u\000t\000i\000l\000i\000z\000a\000c\000i\000\363\000n\000\040\000m\000\341\000x\000i\000m\000a}{subsection.14.2}% 86
\BOOKMARK [3][-]{subsubsection.14.2.2}{\376\377\000P\000a\000s\000o\000\040\0002\000:\000\040\000S\000u\000s\000t\000i\000t\000u\000c\000i\000\363\000n\000\040\000d\000e\000\040\000v\000a\000l\000o\000r\000e\000s}{subsection.14.2}% 87
\BOOKMARK [3][-]{subsubsection.14.2.3}{\376\377\000P\000a\000s\000o\000\040\0003\000:\000\040\000R\000e\000s\000o\000l\000u\000c\000i\000\363\000n\000\040\000n\000u\000m\000\351\000r\000i\000c\000a}{subsection.14.2}% 88
\BOOKMARK [2][-]{subsection.14.3}{\376\377\000C\000o\000n\000c\000l\000u\000s\000i\000\363\000n}{section.14}% 89
\BOOKMARK [1][-]{section.15}{\376\377\000E\000j\000e\000r\000c\000i\000c\000i\000o\000\040\0001\0000\0005\000:\000\040\000P\000l\000a\000n\000i\000f\000i\000c\000a\000c\000i\000\363\000n\000\040\000d\000e\000\040\000t\000a\000r\000e\000a\000s\000\040\000a\000p\000e\000r\000i\000\363\000d\000i\000c\000a\000s\000\040\000c\000o\000n\000\040\000S\000e\000r\000v\000i\000d\000o\000r\000\040\000D\000i\000f\000e\000r\000i\000d\000o\000\040\000\050\000S\000D\000\051}{}% 90
\BOOKMARK [2][-]{subsection.15.1}{\376\377\000E\000n\000u\000n\000c\000i\000a\000d\000o}{section.15}% 91
\BOOKMARK [2][-]{subsection.15.2}{\376\377\000S\000o\000l\000u\000c\000i\000\363\000n}{section.15}% 92
\BOOKMARK [3][-]{subsubsection.15.2.1}{\376\377\000P\000a\000s\000o\000\040\0001\000:\000\040\000U\000t\000i\000l\000i\000z\000a\000c\000i\000\363\000n\000\040\000m\000\341\000x\000i\000m\000a\000\040\000d\000e\000l\000\040\000S\000D}{subsection.15.2}% 93
\BOOKMARK [3][-]{subsubsection.15.2.2}{\376\377\000P\000a\000s\000o\000\040\0002\000:\000\040\000P\000l\000a\000n\000i\000f\000i\000c\000a\000c\000i\000\363\000n\000\040\000d\000e\000\040\000t\000a\000r\000e\000a\000s\000\040\000p\000e\000r\000i\000\363\000d\000i\000c\000a\000s\000\040\000y\000\040\000S\000D}{subsection.15.2}% 94
\BOOKMARK [3][-]{subsubsection.15.2.3}{\376\377\000P\000a\000s\000o\000\040\0003\000:\000\040\000P\000l\000a\000n\000i\000f\000i\000c\000a\000c\000i\000\363\000n\000\040\000d\000e\000\040\000t\000a\000r\000e\000a\000s\000\040\000a\000p\000e\000r\000i\000\363\000d\000i\000c\000a\000s\000\040\000c\000o\000n\000\040\000e\000l\000\040\000S\000D}{subsection.15.2}% 95
\BOOKMARK [3][-]{subsubsection.15.2.4}{\376\377\000P\000a\000s\000o\000\040\0004\000:\000\040\000C\000r\000o\000n\000o\000g\000r\000a\000m\000a}{subsection.15.2}% 96
\BOOKMARK [2][-]{subsection.15.3}{\376\377\000C\000o\000n\000c\000l\000u\000s\000i\000\363\000n}{section.15}% 97
\BOOKMARK [1][-]{section.16}{\376\377\000E\000j\000e\000r\000c\000i\000c\000i\000o\000\040\0001\0000\0006\000:\000\040\000P\000l\000a\000n\000i\000f\000i\000c\000a\000c\000i\000\363\000n\000\040\000c\000o\000n\000\040\000S\000e\000r\000v\000i\000d\000o\000r\000\040\000E\000s\000p\000o\000r\000\341\000d\000i\000c\000o\000\040\000\050\000S\000S\000\051}{}% 98
\BOOKMARK [2][-]{subsection.16.1}{\376\377\000E\000n\000u\000n\000c\000i\000a\000d\000o}{section.16}% 99
\BOOKMARK [2][-]{subsection.16.2}{\376\377\000S\000o\000l\000u\000c\000i\000\363\000n}{section.16}% 100
\BOOKMARK [3][-]{subsubsection.16.2.1}{\376\377\000P\000a\000s\000o\000\040\0001\000:\000\040\000U\000t\000i\000l\000i\000z\000a\000c\000i\000\363\000n\000\040\000m\000\341\000x\000i\000m\000a\000\040\000d\000e\000l\000\040\000S\000e\000r\000v\000i\000d\000o\000r\000\040\000E\000s\000p\000o\000r\000\341\000d\000i\000c\000o\000\040\000\050\000S\000S\000\051}{subsection.16.2}% 101
\BOOKMARK [3][-]{subsubsection.16.2.2}{\376\377\000P\000a\000s\000o\000\040\0002\000:\000\040\000F\000u\000n\000c\000i\000o\000n\000a\000m\000i\000e\000n\000t\000o\000\040\000d\000e\000l\000\040\000S\000e\000r\000v\000i\000d\000o\000r\000\040\000E\000s\000p\000o\000r\000\341\000d\000i\000c\000o}{subsection.16.2}% 102
\BOOKMARK [3][-]{subsubsection.16.2.3}{\376\377\000P\000a\000s\000o\000\040\0003\000:\000\040\000P\000l\000a\000n\000i\000f\000i\000c\000a\000c\000i\000\363\000n\000\040\000d\000e\000\040\000l\000a\000s\000\040\000t\000a\000r\000e\000a\000s\000\040\000a\000p\000e\000r\000i\000\363\000d\000i\000c\000a\000s}{subsection.16.2}% 103
\BOOKMARK [3][-]{subsubsection.16.2.4}{\376\377\000P\000a\000s\000o\000\040\0004\000:\000\040\000C\000r\000o\000n\000o\000g\000r\000a\000m\000a\000\040\000d\000e\000\040\000e\000j\000e\000c\000u\000c\000i\000\363\000n}{subsection.16.2}% 104
\BOOKMARK [2][-]{subsection.16.3}{\376\377\000C\000o\000n\000c\000l\000u\000s\000i\000\363\000n}{section.16}% 105
\BOOKMARK [1][-]{section.17}{\376\377\000E\000j\000e\000r\000c\000i\000c\000i\000o\000\040\0001\0000\0007\000:\000\040\000P\000l\000a\000n\000i\000f\000i\000c\000a\000c\000i\000\363\000n\000\040\000c\000o\000n\000\040\000S\000e\000r\000v\000i\000d\000o\000r\000\040\000D\000i\000f\000e\000r\000i\000d\000o\000\040\000\050\000D\000S\000\051}{}% 106
\BOOKMARK [2][-]{subsection.17.1}{\376\377\000E\000n\000u\000n\000c\000i\000a\000d\000o}{section.17}% 107
\BOOKMARK [2][-]{subsection.17.2}{\376\377\000S\000o\000l\000u\000c\000i\000\363\000n}{section.17}% 108
\BOOKMARK [3][-]{subsubsection.17.2.1}{\376\377\000P\000a\000s\000o\000\040\0001\000:\000\040\000U\000t\000i\000l\000i\000z\000a\000c\000i\000\363\000n\000\040\000m\000\341\000x\000i\000m\000a\000\040\000d\000e\000l\000\040\000S\000e\000r\000v\000i\000d\000o\000r\000\040\000D\000i\000f\000e\000r\000i\000d\000o\000\040\000\050\000D\000S\000\051}{subsection.17.2}% 109
\BOOKMARK [3][-]{subsubsection.17.2.2}{\376\377\000P\000a\000s\000o\000\040\0002\000:\000\040\000F\000u\000n\000c\000i\000o\000n\000a\000m\000i\000e\000n\000t\000o\000\040\000d\000e\000l\000\040\000S\000e\000r\000v\000i\000d\000o\000r\000\040\000D\000i\000f\000e\000r\000i\000d\000o}{subsection.17.2}% 110
\BOOKMARK [3][-]{subsubsection.17.2.3}{\376\377\000P\000a\000s\000o\000\040\0003\000:\000\040\000P\000l\000a\000n\000i\000f\000i\000c\000a\000c\000i\000\363\000n\000\040\000d\000e\000\040\000l\000a\000s\000\040\000t\000a\000r\000e\000a\000s\000\040\000a\000p\000e\000r\000i\000\363\000d\000i\000c\000a\000s}{subsection.17.2}% 111
\BOOKMARK [3][-]{subsubsection.17.2.4}{\376\377\000P\000a\000s\000o\000\040\0004\000:\000\040\000C\000r\000o\000n\000o\000g\000r\000a\000m\000a\000\040\000d\000e\000\040\000e\000j\000e\000c\000u\000c\000i\000\363\000n}{subsection.17.2}% 112
\BOOKMARK [2][-]{subsection.17.3}{\376\377\000C\000o\000n\000c\000l\000u\000s\000i\000\363\000n}{section.17}% 113
\BOOKMARK [1][-]{section.18}{\376\377\000E\000j\000e\000r\000c\000i\000c\000i\000o\000\040\0001\0000\0008\000:\000\040\000P\000l\000a\000n\000i\000f\000i\000c\000a\000c\000i\000\363\000n\000\040\000c\000o\000n\000\040\000S\000e\000r\000v\000i\000d\000o\000r\000\040\000E\000s\000p\000o\000r\000\341\000d\000i\000c\000o\000\040\000\050\000S\000S\000\051}{}% 114
\BOOKMARK [2][-]{subsection.18.1}{\376\377\000E\000n\000u\000n\000c\000i\000a\000d\000o}{section.18}% 115
\BOOKMARK [2][-]{subsection.18.2}{\376\377\000S\000o\000l\000u\000c\000i\000\363\000n}{section.18}% 116
\BOOKMARK [3][-]{subsubsection.18.2.1}{\376\377\000P\000a\000s\000o\000\040\0001\000:\000\040\000V\000e\000r\000i\000f\000i\000c\000a\000c\000i\000\363\000n\000\040\000d\000e\000\040\000l\000a\000\040\000p\000l\000a\000n\000i\000f\000i\000c\000a\000b\000i\000l\000i\000d\000a\000d\000\040\000d\000e\000\040\000l\000a\000s\000\040\000t\000a\000r\000e\000a\000s\000\040\000p\000e\000r\000i\000\363\000d\000i\000c\000a\000s}{subsection.18.2}% 117
\BOOKMARK [3][-]{subsubsection.18.2.2}{\376\377\000P\000a\000s\000o\000\040\0002\000:\000\040\000F\000u\000n\000c\000i\000o\000n\000a\000m\000i\000e\000n\000t\000o\000\040\000d\000e\000l\000\040\000S\000e\000r\000v\000i\000d\000o\000r\000\040\000E\000s\000p\000o\000r\000\341\000d\000i\000c\000o\000\040\000\050\000S\000S\000\051}{subsection.18.2}% 118
\BOOKMARK [3][-]{subsubsection.18.2.3}{\376\377\000P\000a\000s\000o\000\040\0003\000:\000\040\000P\000l\000a\000n\000i\000f\000i\000c\000a\000c\000i\000\363\000n\000\040\000d\000e\000\040\000l\000a\000s\000\040\000t\000a\000r\000e\000a\000s\000\040\000a\000p\000e\000r\000i\000\363\000d\000i\000c\000a\000s}{subsection.18.2}% 119
\BOOKMARK [3][-]{subsubsection.18.2.4}{\376\377\000P\000a\000s\000o\000\040\0004\000:\000\040\000C\000r\000o\000n\000o\000g\000r\000a\000m\000a\000\040\000d\000e\000\040\000e\000j\000e\000c\000u\000c\000i\000\363\000n}{subsection.18.2}% 120
\BOOKMARK [2][-]{subsection.18.3}{\376\377\000C\000o\000n\000c\000l\000u\000s\000i\000\363\000n}{section.18}% 121
