\BOOKMARK [1][-]{section.1}{\376\377\000E\000n\000u\000n\000c\000i\000a\000d\000o\000\040\000d\000e\000\040\000l\000a\000\040\000A\000c\000t\000i\000v\000i\000d\000a\000d}{}% 1
\BOOKMARK [1][-]{section.2}{\376\377\000S\000o\000l\000u\000c\000i\000\363\000n\000\040\000c\000o\000n\000\040\000M\000P\000I}{}% 2
\BOOKMARK [2][-]{subsection.2.1}{\376\377\000E\000x\000p\000l\000i\000c\000a\000c\000i\000\363\000n\000\040\000d\000e\000t\000a\000l\000l\000a\000d\000a\000\040\000d\000e\000l\000\040\000c\000\363\000d\000i\000g\000o}{section.2}% 3
\BOOKMARK [3][-]{subsubsection.2.1.1}{\376\377\000I\000n\000i\000c\000i\000a\000l\000i\000z\000a\000c\000i\000\363\000n\000\040\000y\000\040\000c\000o\000n\000f\000i\000g\000u\000r\000a\000c\000i\000\363\000n}{subsection.2.1}% 4
\BOOKMARK [3][-]{subsubsection.2.1.2}{\376\377\000G\000e\000n\000e\000r\000a\000d\000o\000r\000\040\000d\000e\000\040\000n\000\372\000m\000e\000r\000o\000s\000\040\000\050\000P\000r\000o\000c\000e\000s\000o\000\040\0000\000\051}{subsection.2.1}% 5
\BOOKMARK [3][-]{subsubsection.2.1.3}{\376\377\000F\000i\000l\000t\000r\000o\000s\000\040\000i\000n\000t\000e\000r\000m\000e\000d\000i\000o\000s\000\040\000\050\000P\000r\000o\000c\000e\000s\000o\000s\000\040\000c\000o\000n\000\040\0001\000\040\000r\000a\000n\000k\000\040\000<\000s\000i\000z\000e\000\040\000-\000\040\0001\000\051}{subsection.2.1}% 6
\BOOKMARK [3][-]{subsubsection.2.1.4}{\376\377\000I\000m\000p\000r\000e\000s\000o\000r\000\040\000d\000e\000\040\000n\000\372\000m\000e\000r\000o\000s\000\040\000p\000r\000i\000m\000o\000s\000\040\000\050\000\332\000l\000t\000i\000m\000o\000\040\000p\000r\000o\000c\000e\000s\000o\000\051}{subsection.2.1}% 7
\BOOKMARK [3][-]{subsubsection.2.1.5}{\376\377\000F\000i\000n\000a\000l\000i\000z\000a\000c\000i\000\363\000n\000\040\000d\000e\000l\000\040\000p\000r\000o\000g\000r\000a\000m\000a}{subsection.2.1}% 8
\BOOKMARK [2][-]{subsection.2.2}{\376\377\000C\000o\000m\000p\000i\000l\000a\000c\000i\000\363\000n}{section.2}% 9
\BOOKMARK [2][-]{subsection.2.3}{\376\377\000E\000j\000e\000c\000u\000c\000i\000\363\000n\000\040\000y\000/\000o\000\040\000s\000a\000l\000i\000d\000a\000\040}{section.2}% 10
\BOOKMARK [3][-]{subsubsection.2.3.1}{\376\377\000C\000o\000n\000\040\0003\000\040\000p\000r\000o\000c\000e\000s\000o\000s}{subsection.2.3}% 11
\BOOKMARK [3][-]{subsubsection.2.3.2}{\376\377\000C\000o\000n\000\040\0004\000\040\000p\000r\000o\000c\000e\000s\000o\000s}{subsection.2.3}% 12
\BOOKMARK [3][-]{subsubsection.2.3.3}{\376\377\000C\000o\000n\000\040\0005\000\040\000p\000r\000o\000c\000e\000s\000o\000s}{subsection.2.3}% 13
\BOOKMARK [3][-]{subsubsection.2.3.4}{\376\377\000C\000o\000n\000\040\0001\0000\000\040\000p\000r\000o\000c\000e\000s\000o\000s}{subsection.2.3}% 14
\BOOKMARK [3][-]{subsubsection.2.3.5}{\376\377\000C\000o\000n\000\040\0002\0000\000\040\000p\000r\000o\000c\000e\000s\000o\000s}{subsection.2.3}% 15
\BOOKMARK [3][-]{subsubsection.2.3.6}{\376\377\000J\000u\000s\000t\000i\000f\000i\000c\000a\000c\000i\000\363\000n\000\040\000d\000e\000l\000\040\000c\000o\000m\000p\000o\000r\000t\000a\000m\000i\000e\000n\000t\000o\000\040\000s\000e\000g\000\372\000n\000\040\000e\000l\000\040\000n\000\372\000m\000e\000r\000o\000\040\000d\000e\000\040\000p\000r\000o\000c\000e\000s\000o\000s}{subsection.2.3}% 16
\BOOKMARK [2][-]{subsection.2.4}{\376\377\000D\000e\000m\000o\000s\000t\000r\000a\000c\000i\000\363\000n\000\040\000M\000a\000t\000e\000m\000\341\000t\000i\000c\000a\000\040\000d\000e\000\040\000l\000a\000\040\000C\000o\000r\000r\000e\000c\000t\000i\000t\000u\000d\000\040\000d\000e\000l\000\040\000A\000l\000g\000o\000r\000i\000t\000m\000o}{section.2}% 17
\BOOKMARK [3][-]{subsubsection.2.4.1}{\376\377\000D\000e\000f\000i\000n\000i\000c\000i\000\363\000n\000\040\000d\000e\000\040\000N\000\372\000m\000e\000r\000o\000\040\000P\000r\000i\000m\000o}{subsection.2.4}% 18
\BOOKMARK [3][-]{subsubsection.2.4.2}{\376\377\000E\000s\000q\000u\000e\000m\000a\000\040\000d\000e\000l\000\040\000A\000l\000g\000o\000r\000i\000t\000m\000o}{subsection.2.4}% 19
\BOOKMARK [3][-]{subsubsection.2.4.3}{\376\377\000C\000o\000r\000r\000e\000c\000t\000i\000t\000u\000d\000\040\000d\000e\000l\000\040\000A\000l\000g\000o\000r\000i\000t\000m\000o}{subsection.2.4}% 20
\BOOKMARK [3][-]{subsubsection.2.4.4}{\376\377\000C\000o\000n\000c\000l\000u\000s\000i\000\363\000n\000\040\000d\000e\000l\000\040\000A\000n\000\341\000l\000i\000s\000i\000s}{subsection.2.4}% 21
