\BOOKMARK [1][-]{section.1}{\376\377\000E\000j\000e\000r\000c\000i\000c\000i\000o\000\040\0001}{}% 1
\BOOKMARK [2][-]{subsection.1.1}{\376\377\000E\000n\000u\000n\000c\000i\000a\000d\000o}{section.1}% 2
\BOOKMARK [2][-]{subsection.1.2}{\376\377\000S\000o\000l\000u\000c\000i\000\363\000n}{section.1}% 3
\BOOKMARK [1][-]{section.2}{\376\377\000E\000j\000e\000r\000c\000i\000c\000i\000o\000\040\0002}{}% 4
\BOOKMARK [2][-]{subsection.2.1}{\376\377\000E\000n\000u\000n\000c\000i\000a\000d\000o}{section.2}% 5
\BOOKMARK [2][-]{subsection.2.2}{\376\377\000S\000o\000l\000u\000c\000i\000\363\000n}{section.2}% 6
\BOOKMARK [1][-]{section.3}{\376\377\000E\000j\000e\000r\000c\000i\000c\000i\000o\000\040\0003\000\040}{}% 7
\BOOKMARK [2][-]{subsection.3.1}{\376\377\000E\000n\000u\000n\000c\000i\000a\000d\000o}{section.3}% 8
\BOOKMARK [2][-]{subsection.3.2}{\376\377\000S\000o\000l\000u\000c\000i\000\363\000n}{section.3}% 9
\BOOKMARK [1][-]{section.4}{\376\377\000E\000j\000e\000r\000c\000i\000c\000i\000o\000\040\0004}{}% 10
\BOOKMARK [2][-]{subsection.4.1}{\376\377\000E\000n\000u\000n\000c\000i\000a\000d\000o}{section.4}% 11
\BOOKMARK [2][-]{subsection.4.2}{\376\377\000S\000o\000l\000u\000c\000i\000\363\000n}{section.4}% 12
\BOOKMARK [1][-]{section.5}{\376\377\000E\000j\000e\000r\000c\000i\000c\000i\000o\000\040\0005}{}% 13
\BOOKMARK [2][-]{subsection.5.1}{\376\377\000E\000n\000u\000n\000c\000i\000a\000d\000o}{section.5}% 14
\BOOKMARK [2][-]{subsection.5.2}{\376\377\000S\000o\000l\000u\000c\000i\000\363\000n}{section.5}% 15
\BOOKMARK [1][-]{section.6}{\376\377\000E\000j\000e\000r\000c\000i\000c\000i\000o\000\040\0006}{}% 16
\BOOKMARK [2][-]{subsection.6.1}{\376\377\000E\000n\000u\000n\000c\000i\000a\000d\000o}{section.6}% 17
\BOOKMARK [2][-]{subsection.6.2}{\376\377\000S\000o\000l\000u\000c\000i\000\363\000n}{section.6}% 18
\BOOKMARK [1][-]{section.7}{\376\377\000E\000j\000e\000r\000c\000i\000c\000i\000o\000\040\0007}{}% 19
\BOOKMARK [2][-]{subsection.7.1}{\376\377\000E\000n\000u\000n\000c\000i\000a\000d\000o}{section.7}% 20
\BOOKMARK [2][-]{subsection.7.2}{\376\377\000S\000o\000l\000u\000c\000i\000\363\000n}{section.7}% 21
\BOOKMARK [3][-]{subsubsection.7.2.1}{\376\377\000A\000n\000\341\000l\000i\000s\000i\000s\000\040\000l\000\355\000n\000e\000a\000\040\000p\000o\000r\000\040\000l\000\355\000n\000e\000a}{subsection.7.2}% 22
\BOOKMARK [1][-]{section.8}{\376\377\000E\000j\000e\000r\000c\000i\000c\000i\000o\000\040\0008}{}% 23
\BOOKMARK [2][-]{subsection.8.1}{\376\377\000E\000n\000u\000n\000c\000i\000a\000d\000o}{section.8}% 24
\BOOKMARK [2][-]{subsection.8.2}{\376\377\000S\000o\000l\000u\000c\000i\000\363\000n}{section.8}% 25
\BOOKMARK [3][-]{subsubsection.8.2.1}{\376\377\000T\000a\000b\000l\000a\000\040\000d\000e\000\040\000d\000i\000f\000e\000r\000e\000n\000c\000i\000a\000s}{subsection.8.2}% 26
\BOOKMARK [3][-]{subsubsection.8.2.2}{\376\377\000S\000o\000l\000u\000c\000i\000o\000n}{subsection.8.2}% 27
\BOOKMARK [1][-]{section.9}{\376\377\000E\000j\000e\000r\000c\000i\000c\000i\000o\000\040\0009}{}% 28
\BOOKMARK [2][-]{subsection.9.1}{\376\377\000E\000n\000u\000n\000c\000i\000a\000d\000o}{section.9}% 29
\BOOKMARK [2][-]{subsection.9.2}{\376\377\000S\000o\000l\000u\000c\000i\000\363\000n}{section.9}% 30
\BOOKMARK [1][-]{section.10}{\376\377\000E\000j\000e\000r\000c\000i\000c\000i\000o\000\040\0001\0000}{}% 31
\BOOKMARK [1][-]{section.11}{\376\377\000E\000j\000e\000r\000c\000i\000c\000i\000o\000\040\0001\0001}{}% 32
\BOOKMARK [2][-]{subsection.11.1}{\376\377\000E\000n\000u\000n\000c\000i\000a\000d\000o}{section.11}% 33
\BOOKMARK [2][-]{subsection.11.2}{\376\377\000S\000o\000l\000u\000c\000i\000\363\000n}{section.11}% 34
\BOOKMARK [1][-]{section.12}{\376\377\000E\000j\000e\000r\000c\000i\000c\000i\000o\000\040\0001\0002}{}% 35
\BOOKMARK [2][-]{subsection.12.1}{\376\377\000E\000n\000u\000n\000c\000i\000a\000d\000o}{section.12}% 36
\BOOKMARK [2][-]{subsection.12.2}{\376\377\000S\000o\000l\000u\000c\000i\000\363\000n\000\040\000e\000n\000\040\000J\000a\000v\000a}{section.12}% 37
\BOOKMARK [2][-]{subsection.12.3}{\376\377\000S\000o\000l\000u\000c\000i\000\363\000n\000\040\000e\000n\000\040\000R\000u\000b\000y}{section.12}% 38
\BOOKMARK [1][-]{section.13}{\376\377\000E\000j\000e\000r\000c\000i\000c\000i\000o\000\040\0001\0003}{}% 39
\BOOKMARK [2][-]{subsection.13.1}{\376\377\000E\000n\000u\000n\000c\000i\000a\000d\000o\000\040\000Y\000\040\000S\000o\000l\000u\000c\000i\000\363\000n}{section.13}% 40
\BOOKMARK [1][-]{section.14}{\376\377\000E\000j\000e\000r\000c\000i\000c\000i\000o\000\040\0001\0004}{}% 41
\BOOKMARK [2][-]{subsection.14.1}{\376\377\000E\000n\000u\000n\000c\000i\000a\000d\000o}{section.14}% 42
\BOOKMARK [2][-]{subsection.14.2}{\376\377\000S\000o\000l\000u\000c\000i\000\363\000n}{section.14}% 43
