\BOOKMARK [1][-]{section.1}{\376\377\000I\000n\000t\000r\000o\000d\000u\000c\000c\000i\000\363\000n}{}% 1
\BOOKMARK [1][-]{section.2}{\376\377\000J\000a\000v\000a}{}% 2
\BOOKMARK [2][-]{subsection.2.1}{\376\377\000P\000r\000i\000v\000a\000t\000e}{section.2}% 3
\BOOKMARK [2][-]{subsection.2.2}{\376\377\000P\000a\000q\000u\000e\000t\000e}{section.2}% 4
\BOOKMARK [2][-]{subsection.2.3}{\376\377\000P\000r\000o\000t\000e\000c\000t\000e\000d}{section.2}% 5
\BOOKMARK [1][-]{section.3}{\376\377\000R\000u\000b\000y}{}% 6
\BOOKMARK [2][-]{subsection.3.1}{\376\377\000P\000r\000i\000v\000a\000t\000e}{section.3}% 7
\BOOKMARK [2][-]{subsection.3.2}{\376\377\000P\000r\000o\000t\000e\000c\000t\000e\000d}{section.3}% 8
\BOOKMARK [1][-]{section.4}{\376\377\000E\000j\000e\000m\000p\000l\000o\000s\000\040\000e\000n\000\040\000J\000a\000v\000a}{}% 9
\BOOKMARK [2][-]{subsection.4.1}{\376\377\000E\000j\000e\000m\000p\000l\000o\000\040\0001}{section.4}% 10
\BOOKMARK [2][-]{subsection.4.2}{\376\377\000E\000j\000e\000m\000p\000l\000o\000\040\0002}{section.4}% 11
\BOOKMARK [2][-]{subsection.4.3}{\376\377\000E\000j\000e\000m\000p\000l\000o\000\040\0003}{section.4}% 12
\BOOKMARK [2][-]{subsection.4.4}{\376\377\000E\000j\000e\000m\000p\000l\000o\000\040\0004}{section.4}% 13
\BOOKMARK [2][-]{subsection.4.5}{\376\377\000E\000j\000e\000m\000p\000l\000o\000\040\0005}{section.4}% 14
\BOOKMARK [2][-]{subsection.4.6}{\376\377\000E\000j\000e\000m\000p\000l\000o\000\040\0006}{section.4}% 15
\BOOKMARK [2][-]{subsection.4.7}{\376\377\000E\000j\000e\000m\000p\000l\000o\000\040\0007}{section.4}% 16
\BOOKMARK [2][-]{subsection.4.8}{\376\377\000E\000j\000e\000m\000p\000l\000o\000\040\0008}{section.4}% 17
\BOOKMARK [1][-]{section.5}{\376\377\000E\000j\000e\000m\000p\000l\000o\000s\000\040\000e\000n\000\040\000R\000u\000b\000y}{}% 18
\BOOKMARK [2][-]{subsection.5.1}{\376\377\000E\000j\000e\000m\000p\000l\000o\000\040\0001}{section.5}% 19
\BOOKMARK [2][-]{subsection.5.2}{\376\377\000E\000j\000e\000m\000p\000l\000o\000\040\0002}{section.5}% 20
\BOOKMARK [2][-]{subsection.5.3}{\376\377\000E\000j\000e\000m\000p\000l\000o\000\040\0003}{section.5}% 21
\BOOKMARK [2][-]{subsection.5.4}{\376\377\000E\000j\000e\000m\000p\000l\000o\000\040\0004}{section.5}% 22
\BOOKMARK [2][-]{subsection.5.5}{\376\377\000E\000j\000e\000m\000p\000l\000o\000\040\0005}{section.5}% 23
\BOOKMARK [2][-]{subsection.5.6}{\376\377\000E\000j\000e\000m\000p\000l\000o\000\040\0006}{section.5}% 24
\BOOKMARK [2][-]{subsection.5.7}{\376\377\000E\000j\000e\000m\000p\000l\000o\000\040\0007}{section.5}% 25
\BOOKMARK [2][-]{subsection.5.8}{\376\377\000E\000j\000e\000m\000p\000l\000o\000\040\0008}{section.5}% 26
