This is pdfTeX, Version 3.141592653-2.6-1.40.25 (TeX Live 2023/Debian) (preloaded format=pdflatex 2024.9.20)  19 JAN 2025 13:59
entering extended mode
 restricted \write18 enabled.
 file:line:error style messages enabled.
 %&-line parsing enabled.
**"/home/ismael/Github-Blog/Asignaturas/Tercer Año/FR/Teoria/Preguntas_Examen_Teoria/preguntas.tex"
(/home/ismael/Github-Blog/Asignaturas/Tercer Año/FR/Teoria/Preguntas_Examen_Teoria/preguntas.tex
LaTeX2e <2023-11-01> patch level 1
L3 programming layer <2024-01-22>
(/usr/share/texlive/texmf-dist/tex/latex/base/article.cls
Document Class: article 2023/05/17 v1.4n Standard LaTeX document class
(/usr/share/texlive/texmf-dist/tex/latex/base/size12.clo
File: size12.clo 2023/05/17 v1.4n Standard LaTeX file (size option)
)
\c@part=\count187
\c@section=\count188
\c@subsection=\count189
\c@subsubsection=\count190
\c@paragraph=\count191
\c@subparagraph=\count192
\c@figure=\count193
\c@table=\count194
\abovecaptionskip=\skip48
\belowcaptionskip=\skip49
\bibindent=\dimen140
) (/usr/share/texlive/texmf-dist/tex/latex/geometry/geometry.sty
Package: geometry 2020/01/02 v5.9 Page Geometry
 (/usr/share/texlive/texmf-dist/tex/latex/graphics/keyval.sty
Package: keyval 2022/05/29 v1.15 key=value parser (DPC)
\KV@toks@=\toks17
) (/usr/share/texlive/texmf-dist/tex/generic/iftex/ifvtex.sty
Package: ifvtex 2019/10/25 v1.7 ifvtex legacy package. Use iftex instead.
 (/usr/share/texlive/texmf-dist/tex/generic/iftex/iftex.sty
Package: iftex 2022/02/03 v1.0f TeX engine tests
))
\Gm@cnth=\count195
\Gm@cntv=\count196
\c@Gm@tempcnt=\count197
\Gm@bindingoffset=\dimen141
\Gm@wd@mp=\dimen142
\Gm@odd@mp=\dimen143
\Gm@even@mp=\dimen144
\Gm@layoutwidth=\dimen145
\Gm@layoutheight=\dimen146
\Gm@layouthoffset=\dimen147
\Gm@layoutvoffset=\dimen148
\Gm@dimlist=\toks18
) (/usr/share/texlive/texmf-dist/tex/latex/amsmath/amsmath.sty
Package: amsmath 2023/05/13 v2.17o AMS math features
\@mathmargin=\skip50

For additional information on amsmath, use the `?' option.
(/usr/share/texlive/texmf-dist/tex/latex/amsmath/amstext.sty
Package: amstext 2021/08/26 v2.01 AMS text
 (/usr/share/texlive/texmf-dist/tex/latex/amsmath/amsgen.sty
File: amsgen.sty 1999/11/30 v2.0 generic functions
\@emptytoks=\toks19
\ex@=\dimen149
)) (/usr/share/texlive/texmf-dist/tex/latex/amsmath/amsbsy.sty
Package: amsbsy 1999/11/29 v1.2d Bold Symbols
\pmbraise@=\dimen150
) (/usr/share/texlive/texmf-dist/tex/latex/amsmath/amsopn.sty
Package: amsopn 2022/04/08 v2.04 operator names
)
\inf@bad=\count198
LaTeX Info: Redefining \frac on input line 234.
\uproot@=\count199
\leftroot@=\count266
LaTeX Info: Redefining \overline on input line 399.
LaTeX Info: Redefining \colon on input line 410.
\classnum@=\count267
\DOTSCASE@=\count268
LaTeX Info: Redefining \ldots on input line 496.
LaTeX Info: Redefining \dots on input line 499.
LaTeX Info: Redefining \cdots on input line 620.
\Mathstrutbox@=\box51
\strutbox@=\box52
LaTeX Info: Redefining \big on input line 722.
LaTeX Info: Redefining \Big on input line 723.
LaTeX Info: Redefining \bigg on input line 724.
LaTeX Info: Redefining \Bigg on input line 725.
\big@size=\dimen151
LaTeX Font Info:    Redeclaring font encoding OML on input line 743.
LaTeX Font Info:    Redeclaring font encoding OMS on input line 744.
\macc@depth=\count269
LaTeX Info: Redefining \bmod on input line 905.
LaTeX Info: Redefining \pmod on input line 910.
LaTeX Info: Redefining \smash on input line 940.
LaTeX Info: Redefining \relbar on input line 970.
LaTeX Info: Redefining \Relbar on input line 971.
\c@MaxMatrixCols=\count270
\dotsspace@=\muskip16
\c@parentequation=\count271
\dspbrk@lvl=\count272
\tag@help=\toks20
\row@=\count273
\column@=\count274
\maxfields@=\count275
\andhelp@=\toks21
\eqnshift@=\dimen152
\alignsep@=\dimen153
\tagshift@=\dimen154
\tagwidth@=\dimen155
\totwidth@=\dimen156
\lineht@=\dimen157
\@envbody=\toks22
\multlinegap=\skip51
\multlinetaggap=\skip52
\mathdisplay@stack=\toks23
LaTeX Info: Redefining \[ on input line 2953.
LaTeX Info: Redefining \] on input line 2954.
) (/usr/share/texlive/texmf-dist/tex/latex/amsfonts/amssymb.sty
Package: amssymb 2013/01/14 v3.01 AMS font symbols
 (/usr/share/texlive/texmf-dist/tex/latex/amsfonts/amsfonts.sty
Package: amsfonts 2013/01/14 v3.01 Basic AMSFonts support
\symAMSa=\mathgroup4
\symAMSb=\mathgroup5
LaTeX Font Info:    Redeclaring math symbol \hbar on input line 98.
LaTeX Font Info:    Overwriting math alphabet `\mathfrak' in version `bold'
(Font)                  U/euf/m/n --> U/euf/b/n on input line 106.
)) (/usr/share/texlive/texmf-dist/tex/latex/graphics/graphicx.sty
Package: graphicx 2021/09/16 v1.2d Enhanced LaTeX Graphics (DPC,SPQR)
 (/usr/share/texlive/texmf-dist/tex/latex/graphics/graphics.sty
Package: graphics 2022/03/10 v1.4e Standard LaTeX Graphics (DPC,SPQR)
 (/usr/share/texlive/texmf-dist/tex/latex/graphics/trig.sty
Package: trig 2021/08/11 v1.11 sin cos tan (DPC)
) (/usr/share/texlive/texmf-dist/tex/latex/graphics-cfg/graphics.cfg
File: graphics.cfg 2016/06/04 v1.11 sample graphics configuration
)
Package graphics Info: Driver file: pdftex.def on input line 107.
 (/usr/share/texlive/texmf-dist/tex/latex/graphics-def/pdftex.def
File: pdftex.def 2022/09/22 v1.2b Graphics/color driver for pdftex
))
\Gin@req@height=\dimen158
\Gin@req@width=\dimen159
) (/usr/share/texlive/texmf-dist/tex/latex/setspace/setspace.sty
Package: setspace 2022/12/04 v6.7b set line spacing
) (/usr/share/texlive/texmf-dist/tex/latex/xcolor/xcolor.sty
Package: xcolor 2023/11/15 v3.01 LaTeX color extensions (UK)
 (/usr/share/texlive/texmf-dist/tex/latex/graphics-cfg/color.cfg
File: color.cfg 2016/01/02 v1.6 sample color configuration
)
Package xcolor Info: Driver file: pdftex.def on input line 274.
 (/usr/share/texlive/texmf-dist/tex/latex/graphics/mathcolor.ltx)
Package xcolor Info: Model `cmy' substituted by `cmy0' on input line 1350.
Package xcolor Info: Model `hsb' substituted by `rgb' on input line 1354.
Package xcolor Info: Model `RGB' extended on input line 1366.
Package xcolor Info: Model `HTML' substituted by `rgb' on input line 1368.
Package xcolor Info: Model `Hsb' substituted by `hsb' on input line 1369.
Package xcolor Info: Model `tHsb' substituted by `hsb' on input line 1370.
Package xcolor Info: Model `HSB' substituted by `hsb' on input line 1371.
Package xcolor Info: Model `Gray' substituted by `gray' on input line 1372.
Package xcolor Info: Model `wave' substituted by `hsb' on input line 1373.
) (/usr/share/texmf/tex/latex/lm/lmodern.sty
Package: lmodern 2015/05/01 v1.6.1 Latin Modern Fonts
LaTeX Font Info:    Overwriting symbol font `operators' in version `normal'
(Font)                  OT1/cmr/m/n --> OT1/lmr/m/n on input line 22.
LaTeX Font Info:    Overwriting symbol font `letters' in version `normal'
(Font)                  OML/cmm/m/it --> OML/lmm/m/it on input line 23.
LaTeX Font Info:    Overwriting symbol font `symbols' in version `normal'
(Font)                  OMS/cmsy/m/n --> OMS/lmsy/m/n on input line 24.
LaTeX Font Info:    Overwriting symbol font `largesymbols' in version `normal'
(Font)                  OMX/cmex/m/n --> OMX/lmex/m/n on input line 25.
LaTeX Font Info:    Overwriting symbol font `operators' in version `bold'
(Font)                  OT1/cmr/bx/n --> OT1/lmr/bx/n on input line 26.
LaTeX Font Info:    Overwriting symbol font `letters' in version `bold'
(Font)                  OML/cmm/b/it --> OML/lmm/b/it on input line 27.
LaTeX Font Info:    Overwriting symbol font `symbols' in version `bold'
(Font)                  OMS/cmsy/b/n --> OMS/lmsy/b/n on input line 28.
LaTeX Font Info:    Overwriting symbol font `largesymbols' in version `bold'
(Font)                  OMX/cmex/m/n --> OMX/lmex/m/n on input line 29.
LaTeX Font Info:    Overwriting math alphabet `\mathbf' in version `normal'
(Font)                  OT1/cmr/bx/n --> OT1/lmr/bx/n on input line 31.
LaTeX Font Info:    Overwriting math alphabet `\mathsf' in version `normal'
(Font)                  OT1/cmss/m/n --> OT1/lmss/m/n on input line 32.
LaTeX Font Info:    Overwriting math alphabet `\mathit' in version `normal'
(Font)                  OT1/cmr/m/it --> OT1/lmr/m/it on input line 33.
LaTeX Font Info:    Overwriting math alphabet `\mathtt' in version `normal'
(Font)                  OT1/cmtt/m/n --> OT1/lmtt/m/n on input line 34.
LaTeX Font Info:    Overwriting math alphabet `\mathbf' in version `bold'
(Font)                  OT1/cmr/bx/n --> OT1/lmr/bx/n on input line 35.
LaTeX Font Info:    Overwriting math alphabet `\mathsf' in version `bold'
(Font)                  OT1/cmss/bx/n --> OT1/lmss/bx/n on input line 36.
LaTeX Font Info:    Overwriting math alphabet `\mathit' in version `bold'
(Font)                  OT1/cmr/bx/it --> OT1/lmr/bx/it on input line 37.
LaTeX Font Info:    Overwriting math alphabet `\mathtt' in version `bold'
(Font)                  OT1/cmtt/m/n --> OT1/lmtt/m/n on input line 38.
) (/usr/share/texlive/texmf-dist/tex/latex/float/float.sty
Package: float 2001/11/08 v1.3d Float enhancements (AL)
\c@float@type=\count276
\float@exts=\toks24
\float@box=\box53
\@float@everytoks=\toks25
\@floatcapt=\box54
) (/usr/share/texlive/texmf-dist/tex/latex/hyperref/hyperref.sty
Package: hyperref 2024-01-20 v7.01h Hypertext links for LaTeX
 (/usr/share/texlive/texmf-dist/tex/latex/kvsetkeys/kvsetkeys.sty
Package: kvsetkeys 2022-10-05 v1.19 Key value parser (HO)
) (/usr/share/texlive/texmf-dist/tex/generic/kvdefinekeys/kvdefinekeys.sty
Package: kvdefinekeys 2019-12-19 v1.6 Define keys (HO)
) (/usr/share/texlive/texmf-dist/tex/generic/pdfescape/pdfescape.sty
Package: pdfescape 2019/12/09 v1.15 Implements pdfTeX's escape features (HO)
 (/usr/share/texlive/texmf-dist/tex/generic/ltxcmds/ltxcmds.sty
Package: ltxcmds 2023-12-04 v1.26 LaTeX kernel commands for general use (HO)
) (/usr/share/texlive/texmf-dist/tex/generic/pdftexcmds/pdftexcmds.sty
Package: pdftexcmds 2020-06-27 v0.33 Utility functions of pdfTeX for LuaTeX (HO)
 (/usr/share/texlive/texmf-dist/tex/generic/infwarerr/infwarerr.sty
Package: infwarerr 2019/12/03 v1.5 Providing info/warning/error messages (HO)
)
Package pdftexcmds Info: \pdf@primitive is available.
Package pdftexcmds Info: \pdf@ifprimitive is available.
Package pdftexcmds Info: \pdfdraftmode found.
)) (/usr/share/texlive/texmf-dist/tex/latex/hycolor/hycolor.sty
Package: hycolor 2020-01-27 v1.10 Color options for hyperref/bookmark (HO)
) (/usr/share/texlive/texmf-dist/tex/latex/auxhook/auxhook.sty
Package: auxhook 2019-12-17 v1.6 Hooks for auxiliary files (HO)
) (/usr/share/texlive/texmf-dist/tex/latex/hyperref/nameref.sty
Package: nameref 2023-11-26 v2.56 Cross-referencing by name of section
 (/usr/share/texlive/texmf-dist/tex/latex/refcount/refcount.sty
Package: refcount 2019/12/15 v3.6 Data extraction from label references (HO)
) (/usr/share/texlive/texmf-dist/tex/generic/gettitlestring/gettitlestring.sty
Package: gettitlestring 2019/12/15 v1.6 Cleanup title references (HO)
 (/usr/share/texlive/texmf-dist/tex/latex/kvoptions/kvoptions.sty
Package: kvoptions 2022-06-15 v3.15 Key value format for package options (HO)
))
\c@section@level=\count277
) (/usr/share/texlive/texmf-dist/tex/latex/etoolbox/etoolbox.sty
Package: etoolbox 2020/10/05 v2.5k e-TeX tools for LaTeX (JAW)
\etb@tempcnta=\count278
)
\@linkdim=\dimen160
\Hy@linkcounter=\count279
\Hy@pagecounter=\count280
 (/usr/share/texlive/texmf-dist/tex/latex/hyperref/pd1enc.def
File: pd1enc.def 2024-01-20 v7.01h Hyperref: PDFDocEncoding definition (HO)
Now handling font encoding PD1 ...
... no UTF-8 mapping file for font encoding PD1
) (/usr/share/texlive/texmf-dist/tex/generic/intcalc/intcalc.sty
Package: intcalc 2019/12/15 v1.3 Expandable calculations with integers (HO)
)
\Hy@SavedSpaceFactor=\count281
 (/usr/share/texlive/texmf-dist/tex/latex/hyperref/puenc.def
File: puenc.def 2024-01-20 v7.01h Hyperref: PDF Unicode definition (HO)
Now handling font encoding PU ...
... no UTF-8 mapping file for font encoding PU
)
Package hyperref Info: Hyper figures OFF on input line 4179.
Package hyperref Info: Link nesting OFF on input line 4184.
Package hyperref Info: Hyper index ON on input line 4187.
Package hyperref Info: Plain pages OFF on input line 4194.
Package hyperref Info: Backreferencing OFF on input line 4199.
Package hyperref Info: Implicit mode ON; LaTeX internals redefined.
Package hyperref Info: Bookmarks ON on input line 4446.
\c@Hy@tempcnt=\count282
 (/usr/share/texlive/texmf-dist/tex/latex/url/url.sty
\Urlmuskip=\muskip17
Package: url 2013/09/16  ver 3.4  Verb mode for urls, etc.
)
LaTeX Info: Redefining \url on input line 4784.
\XeTeXLinkMargin=\dimen161
 (/usr/share/texlive/texmf-dist/tex/generic/bitset/bitset.sty
Package: bitset 2019/12/09 v1.3 Handle bit-vector datatype (HO)
 (/usr/share/texlive/texmf-dist/tex/generic/bigintcalc/bigintcalc.sty
Package: bigintcalc 2019/12/15 v1.5 Expandable calculations on big integers (HO)
))
\Fld@menulength=\count283
\Field@Width=\dimen162
\Fld@charsize=\dimen163
Package hyperref Info: Hyper figures OFF on input line 6063.
Package hyperref Info: Link nesting OFF on input line 6068.
Package hyperref Info: Hyper index ON on input line 6071.
Package hyperref Info: backreferencing OFF on input line 6078.
Package hyperref Info: Link coloring OFF on input line 6083.
Package hyperref Info: Link coloring with OCG OFF on input line 6088.
Package hyperref Info: PDF/A mode OFF on input line 6093.
 (/usr/share/texlive/texmf-dist/tex/latex/base/atbegshi-ltx.sty
Package: atbegshi-ltx 2021/01/10 v1.0c Emulation of the original atbegshi
package with kernel methods
)
\Hy@abspage=\count284
\c@Item=\count285
\c@Hfootnote=\count286
)
Package hyperref Info: Driver (autodetected): hpdftex.
 (/usr/share/texlive/texmf-dist/tex/latex/hyperref/hpdftex.def
File: hpdftex.def 2024-01-20 v7.01h Hyperref driver for pdfTeX
 (/usr/share/texlive/texmf-dist/tex/latex/base/atveryend-ltx.sty
Package: atveryend-ltx 2020/08/19 v1.0a Emulation of the original atveryend package
with kernel methods
)
\Fld@listcount=\count287
\c@bookmark@seq@number=\count288
 (/usr/share/texlive/texmf-dist/tex/latex/rerunfilecheck/rerunfilecheck.sty
Package: rerunfilecheck 2022-07-10 v1.10 Rerun checks for auxiliary files (HO)
 (/usr/share/texlive/texmf-dist/tex/generic/uniquecounter/uniquecounter.sty
Package: uniquecounter 2019/12/15 v1.4 Provide unlimited unique counter (HO)
)
Package uniquecounter Info: New unique counter `rerunfilecheck' on input line 285.
)
\Hy@SectionHShift=\skip53
) (/usr/share/texlive/texmf-dist/tex/latex/listings/listings.sty
\lst@mode=\count289
\lst@gtempboxa=\box55
\lst@token=\toks26
\lst@length=\count290
\lst@currlwidth=\dimen164
\lst@column=\count291
\lst@pos=\count292
\lst@lostspace=\dimen165
\lst@width=\dimen166
\lst@newlines=\count293
\lst@lineno=\count294
\lst@maxwidth=\dimen167
 (/usr/share/texlive/texmf-dist/tex/latex/listings/lstmisc.sty
File: lstmisc.sty 2023/02/27 1.9 (Carsten Heinz)
\c@lstnumber=\count295
\lst@skipnumbers=\count296
\lst@framebox=\box56
) (/usr/share/texlive/texmf-dist/tex/latex/listings/listings.cfg
File: listings.cfg 2023/02/27 1.9 listings configuration
))
Package: listings 2023/02/27 1.9 (Carsten Heinz)
 (/usr/share/texlive/texmf-dist/tex/latex/enumitem/enumitem.sty
Package: enumitem 2019/06/20 v3.9 Customized lists
\labelindent=\skip54
\enit@outerparindent=\dimen168
\enit@toks=\toks27
\enit@inbox=\box57
\enit@count@id=\count297
\enitdp@description=\count298
) (/usr/share/texlive/texmf-dist/tex/latex/tools/multicol.sty
Package: multicol 2023/03/30 v1.9f multicolumn formatting (FMi)
\c@tracingmulticols=\count299
\mult@box=\box58
\multicol@leftmargin=\dimen169
\c@unbalance=\count300
\c@collectmore=\count301
\doublecol@number=\count302
\multicoltolerance=\count303
\multicolpretolerance=\count304
\full@width=\dimen170
\page@free=\dimen171
\premulticols=\dimen172
\postmulticols=\dimen173
\multicolsep=\skip55
\multicolbaselineskip=\skip56
\partial@page=\box59
\last@line=\box60
\mc@boxedresult=\box61
\maxbalancingoverflow=\dimen174
\mult@rightbox=\box62
\mult@grightbox=\box63
\mult@firstbox=\box64
\mult@gfirstbox=\box65
\@tempa=\box66
\@tempa=\box67
\@tempa=\box68
\@tempa=\box69
\@tempa=\box70
\@tempa=\box71
\@tempa=\box72
\@tempa=\box73
\@tempa=\box74
\@tempa=\box75
\@tempa=\box76
\@tempa=\box77
\@tempa=\box78
\@tempa=\box79
\@tempa=\box80
\@tempa=\box81
\@tempa=\box82
\@tempa=\box83
\@tempa=\box84
\@tempa=\box85
\@tempa=\box86
\@tempa=\box87
\@tempa=\box88
\@tempa=\box89
\@tempa=\box90
\@tempa=\box91
\@tempa=\box92
\@tempa=\box93
\@tempa=\box94
\@tempa=\box95
\@tempa=\box96
\@tempa=\box97
\@tempa=\box98
\@tempa=\box99
\@tempa=\box100
\@tempa=\box101
\c@minrows=\count305
\c@columnbadness=\count306
\c@finalcolumnbadness=\count307
\last@try=\dimen175
\multicolovershoot=\dimen176
\multicolundershoot=\dimen177
\mult@nat@firstbox=\box102
\colbreak@box=\box103
\mc@col@check@num=\count308
) (/usr/share/texlive/texmf-dist/tex/latex/pdfpages/pdfpages.sty
Package: pdfpages 2024/01/21 v0.5y Insert pages of external PDF documents (AM)
 (/usr/share/texlive/texmf-dist/tex/latex/base/ifthen.sty
Package: ifthen 2022/04/13 v1.1d Standard LaTeX ifthen package (DPC)
) (/usr/share/texlive/texmf-dist/tex/latex/tools/calc.sty
Package: calc 2023/07/08 v4.3 Infix arithmetic (KKT,FJ)
\calc@Acount=\count309
\calc@Bcount=\count310
\calc@Adimen=\dimen178
\calc@Bdimen=\dimen179
\calc@Askip=\skip57
\calc@Bskip=\skip58
LaTeX Info: Redefining \setlength on input line 80.
LaTeX Info: Redefining \addtolength on input line 81.
\calc@Ccount=\count311
\calc@Cskip=\skip59
) (/usr/share/texlive/texmf-dist/tex/latex/eso-pic/eso-pic.sty
Package: eso-pic 2023/05/03 v3.0c eso-pic (RN)
\ESO@tempdima=\dimen180
\ESO@tempdimb=\dimen181
)
\AM@pagewidth=\dimen182
\AM@pageheight=\dimen183
\AM@fboxrule=\dimen184
 (/usr/share/texlive/texmf-dist/tex/latex/pdfpages/pppdftex.def
File: pppdftex.def 2024/01/21 v0.5y Pdfpages driver for pdfTeX (AM)
)
\pdfpages@includegraphics@status=\count312
\AM@pagebox=\box104
\AM@global@opts=\toks28
\AM@pagecnt=\count313
\AM@toc@title=\toks29
\AM@lof@heading=\toks30
\c@AM@survey=\count314
\AM@templatesizebox=\box105
) (/usr/share/texlive/texmf-dist/tex/latex/titlesec/titlesec.sty
Package: titlesec 2023/10/27 v2.16 Sectioning titles
\ttl@box=\box106
\beforetitleunit=\skip60
\aftertitleunit=\skip61
\ttl@plus=\dimen185
\ttl@minus=\dimen186
\ttl@toksa=\toks31
\titlewidth=\dimen187
\titlewidthlast=\dimen188
\titlewidthfirst=\dimen189
)
LaTeX Font Info:    Trying to load font information for OT1+ptm on input line 40.
 (/usr/share/texlive/texmf-dist/tex/latex/psnfss/ot1ptm.fd
File: ot1ptm.fd 2001/06/04 font definitions for OT1/ptm.
) (/usr/share/texlive/texmf-dist/tex/latex/l3backend/l3backend-pdftex.def
File: l3backend-pdftex.def 2024-01-04 L3 backend support: PDF output (pdfTeX)
\l__color_backend_stack_int=\count315
\l__pdf_internal_box=\box107
) (build/preguntas.aux)
\openout1 = `preguntas.aux'.

LaTeX Font Info:    Checking defaults for OML/cmm/m/it on input line 40.
LaTeX Font Info:    ... okay on input line 40.
LaTeX Font Info:    Checking defaults for OMS/cmsy/m/n on input line 40.
LaTeX Font Info:    ... okay on input line 40.
LaTeX Font Info:    Checking defaults for OT1/cmr/m/n on input line 40.
LaTeX Font Info:    ... okay on input line 40.
LaTeX Font Info:    Checking defaults for T1/cmr/m/n on input line 40.
LaTeX Font Info:    ... okay on input line 40.
LaTeX Font Info:    Checking defaults for TS1/cmr/m/n on input line 40.
LaTeX Font Info:    ... okay on input line 40.
LaTeX Font Info:    Checking defaults for OMX/cmex/m/n on input line 40.
LaTeX Font Info:    ... okay on input line 40.
LaTeX Font Info:    Checking defaults for U/cmr/m/n on input line 40.
LaTeX Font Info:    ... okay on input line 40.
LaTeX Font Info:    Checking defaults for PD1/pdf/m/n on input line 40.
LaTeX Font Info:    ... okay on input line 40.
LaTeX Font Info:    Checking defaults for PU/pdf/m/n on input line 40.
LaTeX Font Info:    ... okay on input line 40.

*geometry* driver: auto-detecting
*geometry* detected driver: pdftex
*geometry* verbose mode - [ preamble ] result:
* driver: pdftex
* paper: a4paper
* layout: <same size as paper>
* layoutoffset:(h,v)=(0.0pt,0.0pt)
* modes: 
* h-part:(L,W,R)=(72.26999pt, 452.9679pt, 72.26999pt)
* v-part:(T,H,B)=(72.26999pt, 700.50687pt, 72.26999pt)
* \paperwidth=597.50787pt
* \paperheight=845.04684pt
* \textwidth=452.9679pt
* \textheight=700.50687pt
* \oddsidemargin=0.0pt
* \evensidemargin=0.0pt
* \topmargin=-37.0pt
* \headheight=12.0pt
* \headsep=25.0pt
* \topskip=12.0pt
* \footskip=30.0pt
* \marginparwidth=44.0pt
* \marginparsep=10.0pt
* \columnsep=10.0pt
* \skip\footins=10.8pt plus 4.0pt minus 2.0pt
* \hoffset=0.0pt
* \voffset=0.0pt
* \mag=1000
* \@twocolumnfalse
* \@twosidefalse
* \@mparswitchfalse
* \@reversemarginfalse
* (1in=72.27pt=25.4mm, 1cm=28.453pt)

(/usr/share/texlive/texmf-dist/tex/context/base/mkii/supp-pdf.mkii
[Loading MPS to PDF converter (version 2006.09.02).]
\scratchcounter=\count316
\scratchdimen=\dimen190
\scratchbox=\box108
\nofMPsegments=\count317
\nofMParguments=\count318
\everyMPshowfont=\toks32
\MPscratchCnt=\count319
\MPscratchDim=\dimen191
\MPnumerator=\count320
\makeMPintoPDFobject=\count321
\everyMPtoPDFconversion=\toks33
) (/usr/share/texlive/texmf-dist/tex/latex/epstopdf-pkg/epstopdf-base.sty
Package: epstopdf-base 2020-01-24 v2.11 Base part for package epstopdf
Package epstopdf-base Info: Redefining graphics rule for `.eps' on input line 485.
 (/usr/share/texlive/texmf-dist/tex/latex/latexconfig/epstopdf-sys.cfg
File: epstopdf-sys.cfg 2010/07/13 v1.3 Configuration of (r)epstopdf for TeX Live
))
Package hyperref Info: Link coloring OFF on input line 40.
 (build/preguntas.out) (build/preguntas.out)
\@outlinefile=\write3
\openout3 = `preguntas.out'.

\c@lstlisting=\count322
 (/usr/share/texlive/texmf-dist/tex/latex/pdflscape/pdflscape.sty
Package: pdflscape 2022-10-27 v0.13 Display of landscape pages in PDF
 (/usr/share/texlive/texmf-dist/tex/latex/pdflscape/pdflscape-nometadata.sty
Package: pdflscape-nometadata 2022-10-28 v0.13 Display of landscape pages in PDF (HO)
 (/usr/share/texlive/texmf-dist/tex/latex/graphics/lscape.sty
Package: lscape 2020/05/28 v3.02 Landscape Pages (DPC)
)
Package pdflscape Info: Auto-detected driver: pdftex on input line 81.
))
LaTeX Font Info:    Trying to load font information for OT1+lmss on input line 43.
 (/usr/share/texmf/tex/latex/lm/ot1lmss.fd
File: ot1lmss.fd 2015/05/01 v1.6.1 Font defs for Latin Modern
)
<images/IMAGEN_FR.jpg, id=217, 963.6pt x 542.025pt>
File: images/IMAGEN_FR.jpg Graphic file (type jpg)
<use images/IMAGEN_FR.jpg>
Package pdftex.def Info: images/IMAGEN_FR.jpg  used on input line 43.
(pdftex.def)             Requested size: 181.18439pt x 101.91063pt.
 [1

{/var/lib/texmf/fonts/map/pdftex/updmap/pdftex.map}{/usr/share/texmf/fonts/enc/dvips/lm/lm-rm.enc}{/usr/share/texlive/texmf-dist/fonts/enc/dvips/base/8r.enc} <./images/IMAGEN_FR.jpg>] (build/preguntas.toc
LaTeX Font Info:    Trying to load font information for OT1+lmr on input line 2.
 (/usr/share/texmf/tex/latex/lm/ot1lmr.fd
File: ot1lmr.fd 2015/05/01 v1.6.1 Font defs for Latin Modern
)
LaTeX Font Info:    Trying to load font information for OML+lmm on input line 2.
 (/usr/share/texmf/tex/latex/lm/omllmm.fd
File: omllmm.fd 2015/05/01 v1.6.1 Font defs for Latin Modern
)
LaTeX Font Info:    Trying to load font information for OMS+lmsy on input line 2.
 (/usr/share/texmf/tex/latex/lm/omslmsy.fd
File: omslmsy.fd 2015/05/01 v1.6.1 Font defs for Latin Modern
)
LaTeX Font Info:    Trying to load font information for OMX+lmex on input line 2.
 (/usr/share/texmf/tex/latex/lm/omxlmex.fd
File: omxlmex.fd 2015/05/01 v1.6.1 Font defs for Latin Modern
)
LaTeX Font Info:    External font `lmex10' loaded for size
(Font)              <12> on input line 2.
LaTeX Font Info:    External font `lmex10' loaded for size
(Font)              <8> on input line 2.
LaTeX Font Info:    External font `lmex10' loaded for size
(Font)              <6> on input line 2.
LaTeX Font Info:    Trying to load font information for U+msa on input line 2.
 (/usr/share/texlive/texmf-dist/tex/latex/amsfonts/umsa.fd
File: umsa.fd 2013/01/14 v3.01 AMS symbols A
)
LaTeX Font Info:    Trying to load font information for U+msb on input line 2.
 (/usr/share/texlive/texmf-dist/tex/latex/amsfonts/umsb.fd
File: umsb.fd 2013/01/14 v3.01 AMS symbols B
)
pdfTeX warning (ext4): destination with the same identifier (name{page.1}) has been already used, duplicate ignored
<to be read again> 
                   \relax 
l.38 ...line {12.1}Enunciado}{12}{subsection.12.1}
                                                  % [1])
\tf@toc=\write4
\openout4 = `preguntas.toc'.

 [2]
LaTeX Font Info:    Trying to load font information for TS1+ptm on input line 60.
 (/usr/share/texlive/texmf-dist/tex/latex/psnfss/ts1ptm.fd
File: ts1ptm.fd 2001/06/04 font definitions for TS1/ptm.
)
Overfull \hbox (4.46883pt too wide) in paragraph at lines 84--85
\OT1/ptm/b/n/12 P2 (1,5 pun-tos so-bre 10)\OT1/ptm/m/n/12 . Ex-plique c[]omo fun-ciona el con-trol de er-rores en TCP. ?`Qu[]e par[]ametro
 []

[3]
Overfull \hbox (39.77621pt too wide) in paragraph at lines 138--139
\OT1/ptm/m/n/12 Todo esto est[]a cifrado con la clave pri-vada de una au-tori-dad re-cono-cida ($\OML/lmm/m/it/12 K[]\OT1/lmr/m/n/12 (\OML/lmm/m/it/12 A; K[]; []\OT1/lmr/m/n/12 )$\OT1/ptm/m/n/12 ). 
 []

[4{/usr/share/texmf/fonts/enc/dvips/lm/lm-mathit.enc}{/usr/share/texmf/fonts/enc/dvips/lm/lm-mathsy.enc}] [5] [6] [7] [8]
<images/enunciado1ene23.png, id=331, 822.07124pt x 150.5625pt>
File: images/enunciado1ene23.png Graphic file (type png)
<use images/enunciado1ene23.png>
Package pdftex.def Info: images/enunciado1ene23.png  used on input line 376.
(pdftex.def)             Requested size: 317.07614pt x 58.07126pt.
 [9 <./images/enunciado1ene23.png>]
LaTeX Info: Symbol \textrightarrow not provided by
            font family ptm in TS1 encoding.
            Default family used instead on input line 411.

Underfull \hbox (badness 10000) in paragraph at lines 411--412
[]\OT1/ptm/m/n/12 203.0.113.1:60001 \TS1/cmr/m/n/12 ^^Y
 []

LaTeX Info: Symbol \textrightarrow not provided by
            font family ptm in TS1 encoding.
            Default family used instead on input line 413.

Underfull \hbox (badness 10000) in paragraph at lines 413--414
[]\OT1/ptm/m/n/12 203.0.113.2:80 \TS1/cmr/m/n/12 ^^Y
 []


Overfull \hbox (31.01736pt too wide) in paragraph at lines 407--416
 [][] 
 []

<images/NAt.png, id=345, 788.9475pt x 624.3325pt>
File: images/NAt.png Graphic file (type png)
<use images/NAt.png>
Package pdftex.def Info: images/NAt.png  used on input line 423.
(pdftex.def)             Requested size: 317.07614pt x 250.91939pt.
[10{/usr/share/texmf/fonts/enc/dvips/cm-super/cm-super-ts1.enc}] [11 <./images/NAt.png>]
<images/pregunta2Examenene23.png, id=360, 782.925pt x 603.25375pt>
File: images/pregunta2Examenene23.png Graphic file (type png)
<use images/pregunta2Examenene23.png>
Package pdftex.def Info: images/pregunta2Examenene23.png  used on input line 472.
(pdftex.def)             Requested size: 317.07614pt x 244.31642pt.
 [12 <./images/pregunta2Examenene23.png>]
<images/pregunta3ene23.png, id=368, 788.9475pt x 624.3325pt>
File: images/pregunta3ene23.png Graphic file (type png)
<use images/pregunta3ene23.png>
Package pdftex.def Info: images/pregunta3ene23.png  used on input line 509.
(pdftex.def)             Requested size: 317.07614pt x 250.91939pt.


pdfTeX warning: pdflatex (file ../../Examenes_Prado/fr-teoria-feb22 - extraordinaria - resuelto.pdf): PDF inclusion: found PDF version <1.7>, but at most version <1.5> allowed
<../../Examenes_Prado/fr-teoria-feb22 - extraordinaria - resuelto.pdf, id=369, 597.55246pt x 845.07718pt>
File: ../../Examenes_Prado/fr-teoria-feb22 - extraordinaria - resuelto.pdf Graphic file (type pdf)
<use ../../Examenes_Prado/fr-teoria-feb22 - extraordinaria - resuelto.pdf>
Package pdftex.def Info: ../../Examenes_Prado/fr-teoria-feb22 - extraordinaria - resuelto.pdf  used on input line 515.
(pdftex.def)             Requested size: 597.551pt x 845.07512pt.


pdfTeX warning: pdflatex (file ../../Examenes_Prado/fr-teoria-feb22 - extraordinaria - resuelto.pdf): PDF inclusion: found PDF version <1.7>, but at most version <1.5> allowed
File: ../../Examenes_Prado/fr-teoria-feb22 - extraordinaria - resuelto.pdf Graphic file (type pdf)
<use ../../Examenes_Prado/fr-teoria-feb22 - extraordinaria - resuelto.pdf>
Package pdftex.def Info: ../../Examenes_Prado/fr-teoria-feb22 - extraordinaria - resuelto.pdf  used on input line 515.
(pdftex.def)             Requested size: 597.551pt x 845.07512pt.


pdfTeX warning: pdflatex (file ../../Examenes_Prado/fr-teoria-feb22 - extraordinaria - resuelto.pdf): PDF inclusion: found PDF version <1.7>, but at most version <1.5> allowed


pdfTeX warning: pdflatex (file ../../Examenes_Prado/fr-teoria-feb22 - extraordinaria - resuelto.pdf): PDF inclusion: found PDF version <1.7>, but at most version <1.5> allowed
<../../Examenes_Prado/fr-teoria-feb22 - extraordinaria - resuelto.pdf, id=372, page=3, 597.55246pt x 845.07718pt>
File: ../../Examenes_Prado/fr-teoria-feb22 - extraordinaria - resuelto.pdf Graphic file (type pdf)
<use ../../Examenes_Prado/fr-teoria-feb22 - extraordinaria - resuelto.pdf, page 3>
Package pdftex.def Info: ../../Examenes_Prado/fr-teoria-feb22 - extraordinaria - resuelto.pdf , page3 used on input line 515.
(pdftex.def)             Requested size: 597.551pt x 845.07512pt.
File: ../../Examenes_Prado/fr-teoria-feb22 - extraordinaria - resuelto.pdf Graphic file (type pdf)
<use ../../Examenes_Prado/fr-teoria-feb22 - extraordinaria - resuelto.pdf, page 3>
Package pdftex.def Info: ../../Examenes_Prado/fr-teoria-feb22 - extraordinaria - resuelto.pdf , page3 used on input line 515.
(pdftex.def)             Requested size: 597.57834pt x 845.1138pt.
[13 <./images/pregunta3ene23.png>]
File: ../../Examenes_Prado/fr-teoria-feb22 - extraordinaria - resuelto.pdf Graphic file (type pdf)
<use ../../Examenes_Prado/fr-teoria-feb22 - extraordinaria - resuelto.pdf, page 3>
Package pdftex.def Info: ../../Examenes_Prado/fr-teoria-feb22 - extraordinaria - resuelto.pdf , page3 used on input line 515.
(pdftex.def)             Requested size: 597.57834pt x 845.1138pt.
File: ../../Examenes_Prado/fr-teoria-feb22 - extraordinaria - resuelto.pdf Graphic file (type pdf)
<use ../../Examenes_Prado/fr-teoria-feb22 - extraordinaria - resuelto.pdf, page 3>
Package pdftex.def Info: ../../Examenes_Prado/fr-teoria-feb22 - extraordinaria - resuelto.pdf , page3 used on input line 515.
(pdftex.def)             Requested size: 597.57834pt x 845.1138pt.
File: ../../Examenes_Prado/fr-teoria-feb22 - extraordinaria - resuelto.pdf Graphic file (type pdf)
<use ../../Examenes_Prado/fr-teoria-feb22 - extraordinaria - resuelto.pdf, page 3>
Package pdftex.def Info: ../../Examenes_Prado/fr-teoria-feb22 - extraordinaria - resuelto.pdf , page3 used on input line 515.
(pdftex.def)             Requested size: 597.57834pt x 845.1138pt.
 [14

 <../../Examenes_Prado/fr-teoria-feb22 - extraordinaria - resuelto.pdf>]

pdfTeX warning: pdflatex (file ../../Examenes_Prado/fr-teoria-feb22 - extraordinaria - resuelto.pdf): PDF inclusion: found PDF version <1.7>, but at most version <1.5> allowed
<../../Examenes_Prado/fr-teoria-feb22 - extraordinaria - resuelto.pdf, id=401, page=4, 845.07718pt x 597.55246pt>
File: ../../Examenes_Prado/fr-teoria-feb22 - extraordinaria - resuelto.pdf Graphic file (type pdf)
<use ../../Examenes_Prado/fr-teoria-feb22 - extraordinaria - resuelto.pdf, page 4>
Package pdftex.def Info: ../../Examenes_Prado/fr-teoria-feb22 - extraordinaria - resuelto.pdf , page4 used on input line 515.
(pdftex.def)             Requested size: 845.1138pt x 597.57834pt.
File: ../../Examenes_Prado/fr-teoria-feb22 - extraordinaria - resuelto.pdf Graphic file (type pdf)
<use ../../Examenes_Prado/fr-teoria-feb22 - extraordinaria - resuelto.pdf, page 4>
Package pdftex.def Info: ../../Examenes_Prado/fr-teoria-feb22 - extraordinaria - resuelto.pdf , page4 used on input line 515.
(pdftex.def)             Requested size: 845.1138pt x 597.57834pt.
File: ../../Examenes_Prado/fr-teoria-feb22 - extraordinaria - resuelto.pdf Graphic file (type pdf)
<use ../../Examenes_Prado/fr-teoria-feb22 - extraordinaria - resuelto.pdf, page 4>
Package pdftex.def Info: ../../Examenes_Prado/fr-teoria-feb22 - extraordinaria - resuelto.pdf , page4 used on input line 515.
(pdftex.def)             Requested size: 845.1138pt x 597.57834pt.
[15

 <../../Examenes_Prado/fr-teoria-feb22 - extraordinaria - resuelto.pdf>]

pdfTeX warning: pdflatex (file ../../Examenes_Prado/fr-teoria-feb22 - extraordinaria - resuelto.pdf): PDF inclusion: found PDF version <1.7>, but at most version <1.5> allowed
<../../Examenes_Prado/fr-teoria-feb22 - extraordinaria - resuelto.pdf, id=407, page=5, 597.55246pt x 845.07718pt>
File: ../../Examenes_Prado/fr-teoria-feb22 - extraordinaria - resuelto.pdf Graphic file (type pdf)
<use ../../Examenes_Prado/fr-teoria-feb22 - extraordinaria - resuelto.pdf, page 5>
Package pdftex.def Info: ../../Examenes_Prado/fr-teoria-feb22 - extraordinaria - resuelto.pdf , page5 used on input line 515.
(pdftex.def)             Requested size: 597.57834pt x 845.1138pt.
File: ../../Examenes_Prado/fr-teoria-feb22 - extraordinaria - resuelto.pdf Graphic file (type pdf)
<use ../../Examenes_Prado/fr-teoria-feb22 - extraordinaria - resuelto.pdf, page 5>
Package pdftex.def Info: ../../Examenes_Prado/fr-teoria-feb22 - extraordinaria - resuelto.pdf , page5 used on input line 515.
(pdftex.def)             Requested size: 597.57834pt x 845.1138pt.
File: ../../Examenes_Prado/fr-teoria-feb22 - extraordinaria - resuelto.pdf Graphic file (type pdf)
<use ../../Examenes_Prado/fr-teoria-feb22 - extraordinaria - resuelto.pdf, page 5>
Package pdftex.def Info: ../../Examenes_Prado/fr-teoria-feb22 - extraordinaria - resuelto.pdf , page5 used on input line 515.
(pdftex.def)             Requested size: 597.57834pt x 845.1138pt.
[16

 <../../Examenes_Prado/fr-teoria-feb22 - extraordinaria - resuelto.pdf>]

pdfTeX warning: pdflatex (file ../../Examenes_Prado/fr-teoria-feb22 - extraordinaria - resuelto.pdf): PDF inclusion: found PDF version <1.7>, but at most version <1.5> allowed
<../../Examenes_Prado/fr-teoria-feb22 - extraordinaria - resuelto.pdf, id=414, page=6, 597.55246pt x 845.07718pt>
File: ../../Examenes_Prado/fr-teoria-feb22 - extraordinaria - resuelto.pdf Graphic file (type pdf)
<use ../../Examenes_Prado/fr-teoria-feb22 - extraordinaria - resuelto.pdf, page 6>
Package pdftex.def Info: ../../Examenes_Prado/fr-teoria-feb22 - extraordinaria - resuelto.pdf , page6 used on input line 515.
(pdftex.def)             Requested size: 597.57834pt x 845.1138pt.
File: ../../Examenes_Prado/fr-teoria-feb22 - extraordinaria - resuelto.pdf Graphic file (type pdf)
<use ../../Examenes_Prado/fr-teoria-feb22 - extraordinaria - resuelto.pdf, page 6>
Package pdftex.def Info: ../../Examenes_Prado/fr-teoria-feb22 - extraordinaria - resuelto.pdf , page6 used on input line 515.
(pdftex.def)             Requested size: 597.57834pt x 845.1138pt.
File: ../../Examenes_Prado/fr-teoria-feb22 - extraordinaria - resuelto.pdf Graphic file (type pdf)
<use ../../Examenes_Prado/fr-teoria-feb22 - extraordinaria - resuelto.pdf, page 6>
Package pdftex.def Info: ../../Examenes_Prado/fr-teoria-feb22 - extraordinaria - resuelto.pdf , page6 used on input line 515.
(pdftex.def)             Requested size: 597.57834pt x 845.1138pt.
[17

 <../../Examenes_Prado/fr-teoria-feb22 - extraordinaria - resuelto.pdf>]

pdfTeX warning: pdflatex (file ../../Examenes_Prado/fr-teoria-feb22 - extraordinaria - resuelto.pdf): PDF inclusion: found PDF version <1.7>, but at most version <1.5> allowed
<../../Examenes_Prado/fr-teoria-feb22 - extraordinaria - resuelto.pdf, id=430, page=7, 597.55246pt x 845.07718pt>
File: ../../Examenes_Prado/fr-teoria-feb22 - extraordinaria - resuelto.pdf Graphic file (type pdf)
<use ../../Examenes_Prado/fr-teoria-feb22 - extraordinaria - resuelto.pdf, page 7>
Package pdftex.def Info: ../../Examenes_Prado/fr-teoria-feb22 - extraordinaria - resuelto.pdf , page7 used on input line 515.
(pdftex.def)             Requested size: 597.57834pt x 845.1138pt.
File: ../../Examenes_Prado/fr-teoria-feb22 - extraordinaria - resuelto.pdf Graphic file (type pdf)
<use ../../Examenes_Prado/fr-teoria-feb22 - extraordinaria - resuelto.pdf, page 7>
Package pdftex.def Info: ../../Examenes_Prado/fr-teoria-feb22 - extraordinaria - resuelto.pdf , page7 used on input line 515.
(pdftex.def)             Requested size: 597.57834pt x 845.1138pt.
File: ../../Examenes_Prado/fr-teoria-feb22 - extraordinaria - resuelto.pdf Graphic file (type pdf)
<use ../../Examenes_Prado/fr-teoria-feb22 - extraordinaria - resuelto.pdf, page 7>
Package pdftex.def Info: ../../Examenes_Prado/fr-teoria-feb22 - extraordinaria - resuelto.pdf , page7 used on input line 515.
(pdftex.def)             Requested size: 597.57834pt x 845.1138pt.
[18

 <../../Examenes_Prado/fr-teoria-feb22 - extraordinaria - resuelto.pdf>]

pdfTeX warning: pdflatex (file ../../Examenes_Prado/fr-teoria-ene22 - solución.pdf): PDF inclusion: found PDF version <1.7>, but at most version <1.5> allowed
<../../Examenes_Prado/fr-teoria-ene22 - solución.pdf, id=438, 597.55246pt x 845.07718pt>
File: ../../Examenes_Prado/fr-teoria-ene22 - solución.pdf Graphic file (type pdf)
<use ../../Examenes_Prado/fr-teoria-ene22 - solución.pdf>
Package pdftex.def Info: ../../Examenes_Prado/fr-teoria-ene22 - solución.pdf  used on input line 517.
(pdftex.def)             Requested size: 597.551pt x 845.07512pt.


pdfTeX warning: pdflatex (file ../../Examenes_Prado/fr-teoria-ene22 - solución.pdf): PDF inclusion: found PDF version <1.7>, but at most version <1.5> allowed
File: ../../Examenes_Prado/fr-teoria-ene22 - solución.pdf Graphic file (type pdf)
<use ../../Examenes_Prado/fr-teoria-ene22 - solución.pdf>
Package pdftex.def Info: ../../Examenes_Prado/fr-teoria-ene22 - solución.pdf  used on input line 517.
(pdftex.def)             Requested size: 597.551pt x 845.07512pt.


pdfTeX warning: pdflatex (file ../../Examenes_Prado/fr-teoria-ene22 - solución.pdf): PDF inclusion: found PDF version <1.7>, but at most version <1.5> allowed


pdfTeX warning: pdflatex (file ../../Examenes_Prado/fr-teoria-ene22 - solución.pdf): PDF inclusion: found PDF version <1.7>, but at most version <1.5> allowed
<../../Examenes_Prado/fr-teoria-ene22 - solución.pdf, id=441, page=5, 597.55246pt x 845.07718pt>
File: ../../Examenes_Prado/fr-teoria-ene22 - solución.pdf Graphic file (type pdf)
<use ../../Examenes_Prado/fr-teoria-ene22 - solución.pdf, page 5>
Package pdftex.def Info: ../../Examenes_Prado/fr-teoria-ene22 - solución.pdf , page5 used on input line 517.
(pdftex.def)             Requested size: 597.551pt x 845.07512pt.
File: ../../Examenes_Prado/fr-teoria-ene22 - solución.pdf Graphic file (type pdf)
<use ../../Examenes_Prado/fr-teoria-ene22 - solución.pdf, page 5>
Package pdftex.def Info: ../../Examenes_Prado/fr-teoria-ene22 - solución.pdf , page5 used on input line 517.
(pdftex.def)             Requested size: 597.57834pt x 845.1138pt.
File: ../../Examenes_Prado/fr-teoria-ene22 - solución.pdf Graphic file (type pdf)
<use ../../Examenes_Prado/fr-teoria-ene22 - solución.pdf, page 5>
Package pdftex.def Info: ../../Examenes_Prado/fr-teoria-ene22 - solución.pdf , page5 used on input line 517.
(pdftex.def)             Requested size: 597.57834pt x 845.1138pt.
File: ../../Examenes_Prado/fr-teoria-ene22 - solución.pdf Graphic file (type pdf)
<use ../../Examenes_Prado/fr-teoria-ene22 - solución.pdf, page 5>
Package pdftex.def Info: ../../Examenes_Prado/fr-teoria-ene22 - solución.pdf , page5 used on input line 517.
(pdftex.def)             Requested size: 597.57834pt x 845.1138pt.
File: ../../Examenes_Prado/fr-teoria-ene22 - solución.pdf Graphic file (type pdf)
<use ../../Examenes_Prado/fr-teoria-ene22 - solución.pdf, page 5>
Package pdftex.def Info: ../../Examenes_Prado/fr-teoria-ene22 - solución.pdf , page5 used on input line 517.
(pdftex.def)             Requested size: 597.57834pt x 845.1138pt.
[19

 <../../Examenes_Prado/fr-teoria-ene22 - solución.pdf>]

pdfTeX warning: pdflatex (file ../../Examenes_Prado/fr-teoria-ene22 - solución.pdf): PDF inclusion: found PDF version <1.7>, but at most version <1.5> allowed
<../../Examenes_Prado/fr-teoria-ene22 - solución.pdf, id=460, page=6, 597.55246pt x 845.07718pt>
File: ../../Examenes_Prado/fr-teoria-ene22 - solución.pdf Graphic file (type pdf)
<use ../../Examenes_Prado/fr-teoria-ene22 - solución.pdf, page 6>
Package pdftex.def Info: ../../Examenes_Prado/fr-teoria-ene22 - solución.pdf , page6 used on input line 517.
(pdftex.def)             Requested size: 597.57834pt x 845.1138pt.
File: ../../Examenes_Prado/fr-teoria-ene22 - solución.pdf Graphic file (type pdf)
<use ../../Examenes_Prado/fr-teoria-ene22 - solución.pdf, page 6>
Package pdftex.def Info: ../../Examenes_Prado/fr-teoria-ene22 - solución.pdf , page6 used on input line 517.
(pdftex.def)             Requested size: 597.57834pt x 845.1138pt.
File: ../../Examenes_Prado/fr-teoria-ene22 - solución.pdf Graphic file (type pdf)
<use ../../Examenes_Prado/fr-teoria-ene22 - solución.pdf, page 6>
Package pdftex.def Info: ../../Examenes_Prado/fr-teoria-ene22 - solución.pdf , page6 used on input line 517.
(pdftex.def)             Requested size: 597.57834pt x 845.1138pt.
[20

 <../../Examenes_Prado/fr-teoria-ene22 - solución.pdf>]
<../../Examenes_Prado/ENERO_2021.pdf, id=475, 597.55246pt x 845.07718pt>
File: ../../Examenes_Prado/ENERO_2021.pdf Graphic file (type pdf)
<use ../../Examenes_Prado/ENERO_2021.pdf>
Package pdftex.def Info: ../../Examenes_Prado/ENERO_2021.pdf  used on input line 519.
(pdftex.def)             Requested size: 597.551pt x 845.07512pt.
File: ../../Examenes_Prado/ENERO_2021.pdf Graphic file (type pdf)
<use ../../Examenes_Prado/ENERO_2021.pdf>
Package pdftex.def Info: ../../Examenes_Prado/ENERO_2021.pdf  used on input line 519.
(pdftex.def)             Requested size: 597.551pt x 845.07512pt.
<../../Examenes_Prado/ENERO_2021.pdf, id=478, page=1, 597.55246pt x 845.07718pt>
File: ../../Examenes_Prado/ENERO_2021.pdf Graphic file (type pdf)
<use ../../Examenes_Prado/ENERO_2021.pdf, page 1>
Package pdftex.def Info: ../../Examenes_Prado/ENERO_2021.pdf , page1 used on input line 519.
(pdftex.def)             Requested size: 597.551pt x 845.07512pt.
File: ../../Examenes_Prado/ENERO_2021.pdf Graphic file (type pdf)
<use ../../Examenes_Prado/ENERO_2021.pdf, page 1>
Package pdftex.def Info: ../../Examenes_Prado/ENERO_2021.pdf , page1 used on input line 519.
(pdftex.def)             Requested size: 597.57834pt x 845.1138pt.
File: ../../Examenes_Prado/ENERO_2021.pdf Graphic file (type pdf)
<use ../../Examenes_Prado/ENERO_2021.pdf, page 1>
Package pdftex.def Info: ../../Examenes_Prado/ENERO_2021.pdf , page1 used on input line 519.
(pdftex.def)             Requested size: 597.57834pt x 845.1138pt.
File: ../../Examenes_Prado/ENERO_2021.pdf Graphic file (type pdf)
<use ../../Examenes_Prado/ENERO_2021.pdf, page 1>
Package pdftex.def Info: ../../Examenes_Prado/ENERO_2021.pdf , page1 used on input line 519.
(pdftex.def)             Requested size: 597.57834pt x 845.1138pt.
File: ../../Examenes_Prado/ENERO_2021.pdf Graphic file (type pdf)
<use ../../Examenes_Prado/ENERO_2021.pdf, page 1>
Package pdftex.def Info: ../../Examenes_Prado/ENERO_2021.pdf , page1 used on input line 519.
(pdftex.def)             Requested size: 597.57834pt x 845.1138pt.
 [21

 <../../Examenes_Prado/ENERO_2021.pdf>]
<../../Examenes_Prado/ENERO_2021.pdf, id=577, page=2, 597.55246pt x 845.07718pt>
File: ../../Examenes_Prado/ENERO_2021.pdf Graphic file (type pdf)
<use ../../Examenes_Prado/ENERO_2021.pdf, page 2>
Package pdftex.def Info: ../../Examenes_Prado/ENERO_2021.pdf , page2 used on input line 519.
(pdftex.def)             Requested size: 597.57834pt x 845.1138pt.
File: ../../Examenes_Prado/ENERO_2021.pdf Graphic file (type pdf)
<use ../../Examenes_Prado/ENERO_2021.pdf, page 2>
Package pdftex.def Info: ../../Examenes_Prado/ENERO_2021.pdf , page2 used on input line 519.
(pdftex.def)             Requested size: 597.57834pt x 845.1138pt.
File: ../../Examenes_Prado/ENERO_2021.pdf Graphic file (type pdf)
<use ../../Examenes_Prado/ENERO_2021.pdf, page 2>
Package pdftex.def Info: ../../Examenes_Prado/ENERO_2021.pdf , page2 used on input line 519.
(pdftex.def)             Requested size: 597.57834pt x 845.1138pt.
 [22

 <../../Examenes_Prado/ENERO_2021.pdf>]
<../../Examenes_Prado/ENERO_2021.pdf, id=601, page=3, 597.55246pt x 845.07718pt>
File: ../../Examenes_Prado/ENERO_2021.pdf Graphic file (type pdf)
<use ../../Examenes_Prado/ENERO_2021.pdf, page 3>
Package pdftex.def Info: ../../Examenes_Prado/ENERO_2021.pdf , page3 used on input line 519.
(pdftex.def)             Requested size: 597.57834pt x 845.1138pt.
File: ../../Examenes_Prado/ENERO_2021.pdf Graphic file (type pdf)
<use ../../Examenes_Prado/ENERO_2021.pdf, page 3>
Package pdftex.def Info: ../../Examenes_Prado/ENERO_2021.pdf , page3 used on input line 519.
(pdftex.def)             Requested size: 597.57834pt x 845.1138pt.
File: ../../Examenes_Prado/ENERO_2021.pdf Graphic file (type pdf)
<use ../../Examenes_Prado/ENERO_2021.pdf, page 3>
Package pdftex.def Info: ../../Examenes_Prado/ENERO_2021.pdf , page3 used on input line 519.
(pdftex.def)             Requested size: 597.57834pt x 845.1138pt.
 [23

 <../../Examenes_Prado/ENERO_2021.pdf>]
<../../Examenes_Prado/FEBRERO_2018.pdf, id=607, 597.55246pt x 845.07718pt>
File: ../../Examenes_Prado/FEBRERO_2018.pdf Graphic file (type pdf)
<use ../../Examenes_Prado/FEBRERO_2018.pdf>
Package pdftex.def Info: ../../Examenes_Prado/FEBRERO_2018.pdf  used on input line 526.
(pdftex.def)             Requested size: 597.551pt x 845.07512pt.
File: ../../Examenes_Prado/FEBRERO_2018.pdf Graphic file (type pdf)
<use ../../Examenes_Prado/FEBRERO_2018.pdf>
Package pdftex.def Info: ../../Examenes_Prado/FEBRERO_2018.pdf  used on input line 526.
(pdftex.def)             Requested size: 597.551pt x 845.07512pt.
File: ../../Examenes_Prado/FEBRERO_2018.pdf Graphic file (type pdf)
<use ../../Examenes_Prado/FEBRERO_2018.pdf>
Package pdftex.def Info: ../../Examenes_Prado/FEBRERO_2018.pdf  used on input line 526.
(pdftex.def)             Requested size: 597.551pt x 845.07512pt.
<../../Examenes_Prado/FEBRERO_2018.pdf, id=611, page=1, 597.55246pt x 845.07718pt>
File: ../../Examenes_Prado/FEBRERO_2018.pdf Graphic file (type pdf)
<use ../../Examenes_Prado/FEBRERO_2018.pdf, page 1>
Package pdftex.def Info: ../../Examenes_Prado/FEBRERO_2018.pdf , page1 used on input line 526.
(pdftex.def)             Requested size: 597.551pt x 845.07512pt.
File: ../../Examenes_Prado/FEBRERO_2018.pdf Graphic file (type pdf)
<use ../../Examenes_Prado/FEBRERO_2018.pdf, page 1>
Package pdftex.def Info: ../../Examenes_Prado/FEBRERO_2018.pdf , page1 used on input line 526.
(pdftex.def)             Requested size: 597.57834pt x 845.1138pt.
 [24]
File: ../../Examenes_Prado/FEBRERO_2018.pdf Graphic file (type pdf)
<use ../../Examenes_Prado/FEBRERO_2018.pdf, page 1>
Package pdftex.def Info: ../../Examenes_Prado/FEBRERO_2018.pdf , page1 used on input line 526.
(pdftex.def)             Requested size: 597.57834pt x 845.1138pt.
File: ../../Examenes_Prado/FEBRERO_2018.pdf Graphic file (type pdf)
<use ../../Examenes_Prado/FEBRERO_2018.pdf, page 1>
Package pdftex.def Info: ../../Examenes_Prado/FEBRERO_2018.pdf , page1 used on input line 526.
(pdftex.def)             Requested size: 597.57834pt x 845.1138pt.
File: ../../Examenes_Prado/FEBRERO_2018.pdf Graphic file (type pdf)
<use ../../Examenes_Prado/FEBRERO_2018.pdf, page 1>
Package pdftex.def Info: ../../Examenes_Prado/FEBRERO_2018.pdf , page1 used on input line 526.
(pdftex.def)             Requested size: 597.57834pt x 845.1138pt.
 [25

 <../../Examenes_Prado/FEBRERO_2018.pdf>]
<../../Examenes_Prado/FEBRERO_2018.pdf, id=675, page=3, 597.55246pt x 845.07718pt>
File: ../../Examenes_Prado/FEBRERO_2018.pdf Graphic file (type pdf)
<use ../../Examenes_Prado/FEBRERO_2018.pdf, page 3>
Package pdftex.def Info: ../../Examenes_Prado/FEBRERO_2018.pdf , page3 used on input line 526.
(pdftex.def)             Requested size: 597.57834pt x 845.1138pt.
File: ../../Examenes_Prado/FEBRERO_2018.pdf Graphic file (type pdf)
<use ../../Examenes_Prado/FEBRERO_2018.pdf, page 3>
Package pdftex.def Info: ../../Examenes_Prado/FEBRERO_2018.pdf , page3 used on input line 526.
(pdftex.def)             Requested size: 597.57834pt x 845.1138pt.
File: ../../Examenes_Prado/FEBRERO_2018.pdf Graphic file (type pdf)
<use ../../Examenes_Prado/FEBRERO_2018.pdf, page 3>
Package pdftex.def Info: ../../Examenes_Prado/FEBRERO_2018.pdf , page3 used on input line 526.
(pdftex.def)             Requested size: 597.57834pt x 845.1138pt.
 [26

 <../../Examenes_Prado/FEBRERO_2018.pdf>]
<../../Examenes_Prado/ENERO_2018.pdf, id=680, 597.55246pt x 845.07718pt>
File: ../../Examenes_Prado/ENERO_2018.pdf Graphic file (type pdf)
<use ../../Examenes_Prado/ENERO_2018.pdf>
Package pdftex.def Info: ../../Examenes_Prado/ENERO_2018.pdf  used on input line 528.
(pdftex.def)             Requested size: 597.551pt x 845.07512pt.
File: ../../Examenes_Prado/ENERO_2018.pdf Graphic file (type pdf)
<use ../../Examenes_Prado/ENERO_2018.pdf>
Package pdftex.def Info: ../../Examenes_Prado/ENERO_2018.pdf  used on input line 528.
(pdftex.def)             Requested size: 597.551pt x 845.07512pt.
File: ../../Examenes_Prado/ENERO_2018.pdf Graphic file (type pdf)
<use ../../Examenes_Prado/ENERO_2018.pdf>
Package pdftex.def Info: ../../Examenes_Prado/ENERO_2018.pdf  used on input line 528.
(pdftex.def)             Requested size: 597.551pt x 845.07512pt.
<../../Examenes_Prado/ENERO_2018.pdf, id=684, page=1, 597.55246pt x 845.07718pt>
File: ../../Examenes_Prado/ENERO_2018.pdf Graphic file (type pdf)
<use ../../Examenes_Prado/ENERO_2018.pdf, page 1>
Package pdftex.def Info: ../../Examenes_Prado/ENERO_2018.pdf , page1 used on input line 528.
(pdftex.def)             Requested size: 597.551pt x 845.07512pt.
File: ../../Examenes_Prado/ENERO_2018.pdf Graphic file (type pdf)
<use ../../Examenes_Prado/ENERO_2018.pdf, page 1>
Package pdftex.def Info: ../../Examenes_Prado/ENERO_2018.pdf , page1 used on input line 528.
(pdftex.def)             Requested size: 597.57834pt x 845.1138pt.
File: ../../Examenes_Prado/ENERO_2018.pdf Graphic file (type pdf)
<use ../../Examenes_Prado/ENERO_2018.pdf, page 1>
Package pdftex.def Info: ../../Examenes_Prado/ENERO_2018.pdf , page1 used on input line 528.
(pdftex.def)             Requested size: 597.57834pt x 845.1138pt.
File: ../../Examenes_Prado/ENERO_2018.pdf Graphic file (type pdf)
<use ../../Examenes_Prado/ENERO_2018.pdf, page 1>
Package pdftex.def Info: ../../Examenes_Prado/ENERO_2018.pdf , page1 used on input line 528.
(pdftex.def)             Requested size: 597.57834pt x 845.1138pt.
File: ../../Examenes_Prado/ENERO_2018.pdf Graphic file (type pdf)
<use ../../Examenes_Prado/ENERO_2018.pdf, page 1>
Package pdftex.def Info: ../../Examenes_Prado/ENERO_2018.pdf , page1 used on input line 528.
(pdftex.def)             Requested size: 597.57834pt x 845.1138pt.
 [27

 <../../Examenes_Prado/ENERO_2018.pdf>]
<../../Examenes_Prado/ENERO_2018.pdf, id=738, page=3, 597.432pt x 844.5954pt>
File: ../../Examenes_Prado/ENERO_2018.pdf Graphic file (type pdf)
<use ../../Examenes_Prado/ENERO_2018.pdf, page 3>
Package pdftex.def Info: ../../Examenes_Prado/ENERO_2018.pdf , page3 used on input line 528.
(pdftex.def)             Requested size: 597.45789pt x 844.63199pt.
File: ../../Examenes_Prado/ENERO_2018.pdf Graphic file (type pdf)
<use ../../Examenes_Prado/ENERO_2018.pdf, page 3>
Package pdftex.def Info: ../../Examenes_Prado/ENERO_2018.pdf , page3 used on input line 528.
(pdftex.def)             Requested size: 597.45789pt x 844.63199pt.
File: ../../Examenes_Prado/ENERO_2018.pdf Graphic file (type pdf)
<use ../../Examenes_Prado/ENERO_2018.pdf, page 3>
Package pdftex.def Info: ../../Examenes_Prado/ENERO_2018.pdf , page3 used on input line 528.
(pdftex.def)             Requested size: 597.45789pt x 844.63199pt.
 [28

 <../../Examenes_Prado/ENERO_2018.pdf>]
Overfull \hbox (23.53694pt too wide) in paragraph at lines 555--556
\OT1/ptm/m/n/12 Suponga que A y B tienen sus cor-re-spon-di-entes $\OML/lmm/m/it/12 KPUB[]A$ \OT1/ptm/m/n/12 / $\OML/lmm/m/it/12 KPRIV[]A$ \OT1/ptm/m/n/12 y $\OML/lmm/m/it/12 KPUB[]B$ \OT1/ptm/m/n/12 / $\OML/lmm/m/it/12 KPRIV[]B$\OT1/ptm/m/n/12 ,
 []


Overfull \hbox (2.22253pt too wide) in paragraph at lines 560--562
[]\OT1/ptm/b/n/12 Confidencialidad: \OT1/ptm/m/n/12 Se uti-liza crip-tograf[]^^Pa sim[]etrica para cifrar el tr[]afico. La clave sim[]etrica
 []

[29] [30] (build/preguntas.aux)
 ***********
LaTeX2e <2023-11-01> patch level 1
L3 programming layer <2024-01-22>
 ***********
Package rerunfilecheck Info: File `preguntas.out' has not changed.
(rerunfilecheck)             Checksum: FD2AD9EA0BAEA9EC1F64AFAB25295135;6520.
 ) 
Here is how much of TeX's memory you used:
 14114 strings out of 474222
 219600 string characters out of 5748733
 1936975 words of memory out of 5000000
 36023 multiletter control sequences out of 15000+600000
 593358 words of font info for 79 fonts, out of 8000000 for 9000
 1141 hyphenation exceptions out of 8191
 75i,17n,79p,676b,790s stack positions out of 10000i,1000n,20000p,200000b,200000s
</usr/share/texmf/fonts/type1/public/lm/lmmi12.pfb></usr/share/texmf/fonts/type1/public/lm/lmmi8.pfb></usr/share/texmf/fonts/type1/public/lm/lmr12.pfb></usr/share/texmf/fonts/type1/public/lm/lmssbx10.pfb></usr/share/texmf/fonts/type1/public/lm/lmsy10.pfb></usr/share/texmf/fonts/type1/public/lm/lmsy8.pfb></usr/share/texmf/fonts/type1/public/cm-super/sfrm1200.pfb></usr/share/texlive/texmf-dist/fonts/type1/urw/times/utmb8a.pfb></usr/share/texlive/texmf-dist/fonts/type1/urw/times/utmr8a.pfb></usr/share/texlive/texmf-dist/fonts/type1/urw/times/utmri8a.pfb>
Output written on build/preguntas.pdf (31 pages, 2784796 bytes).
PDF statistics:
 849 PDF objects out of 1000 (max. 8388607)
 651 compressed objects within 7 object streams
 122 named destinations out of 1000 (max. 500000)
 605 words of extra memory for PDF output out of 10000 (max. 10000000)

