\BOOKMARK [1][-]{section.1}{\376\377\000P\000r\000e\000g\000u\000n\000t\000a\000\040\0001}{}% 1
\BOOKMARK [2][-]{subsection.1.1}{\376\377\000E\000n\000u\000n\000c\000i\000a\000d\000o}{section.1}% 2
\BOOKMARK [2][-]{subsection.1.2}{\376\377\000S\000o\000l\000u\000c\000i\000\363\000n}{section.1}% 3
\BOOKMARK [1][-]{section.2}{\376\377\000P\000r\000e\000g\000u\000n\000t\000a\000\040\0002}{}% 4
\BOOKMARK [2][-]{subsection.2.1}{\376\377\000E\000n\000u\000n\000c\000i\000a\000d\000o}{section.2}% 5
\BOOKMARK [2][-]{subsection.2.2}{\376\377\000S\000o\000l\000u\000c\000i\000\363\000n}{section.2}% 6
\BOOKMARK [1][-]{section.3}{\376\377\000P\000r\000e\000g\000u\000n\000t\000a\000\040\0003}{}% 7
\BOOKMARK [2][-]{subsection.3.1}{\376\377\000E\000n\000u\000n\000c\000i\000a\000d\000o}{section.3}% 8
\BOOKMARK [2][-]{subsection.3.2}{\376\377\000S\000o\000l\000u\000c\000i\000\363\000n}{section.3}% 9
\BOOKMARK [1][-]{section.4}{\376\377\000P\000r\000e\000g\000u\000n\000t\000a\000\040\0001}{}% 10
\BOOKMARK [2][-]{subsection.4.1}{\376\377\000E\000n\000u\000n\000c\000i\000a\000d\000o}{section.4}% 11
\BOOKMARK [2][-]{subsection.4.2}{\376\377\000S\000o\000l\000u\000c\000i\000\363\000n}{section.4}% 12
\BOOKMARK [1][-]{section.5}{\376\377\000P\000r\000e\000g\000u\000n\000t\000a\000\040\0002}{}% 13
\BOOKMARK [2][-]{subsection.5.1}{\376\377\000E\000n\000u\000n\000c\000i\000a\000d\000o}{section.5}% 14
\BOOKMARK [2][-]{subsection.5.2}{\376\377\000S\000o\000l\000u\000c\000i\000\363\000n}{section.5}% 15
\BOOKMARK [1][-]{section.6}{\376\377\000P\000r\000e\000g\000u\000n\000t\000a\000\040\0003}{}% 16
\BOOKMARK [2][-]{subsection.6.1}{\376\377\000E\000n\000u\000n\000c\000i\000a\000d\000o}{section.6}% 17
\BOOKMARK [2][-]{subsection.6.2}{\376\377\000S\000o\000l\000u\000c\000i\000\363\000n}{section.6}% 18
\BOOKMARK [1][-]{section.7}{\376\377\000P\000r\000e\000g\000u\000n\000t\000a\000\040\0001}{}% 19
\BOOKMARK [2][-]{subsection.7.1}{\376\377\000E\000n\000u\000n\000c\000i\000a\000d\000o}{section.7}% 20
\BOOKMARK [2][-]{subsection.7.2}{\376\377\000S\000o\000l\000u\000c\000i\000\363\000n}{section.7}% 21
\BOOKMARK [1][-]{section.8}{\376\377\000F\000i\000r\000m\000a\000\040\000D\000i\000g\000i\000t\000a\000l\000\040\000u\000s\000a\000n\000d\000o\000\040\000C\000l\000a\000v\000e\000\040\000S\000e\000c\000r\000e\000t\000a\000\040\000y\000\040\000B\000i\000g\000\040\000B\000r\000o\000t\000h\000e\000r}{}% 22
\BOOKMARK [2][-]{subsection.8.1}{\376\377\000E\000n\000u\000n\000c\000i\000a\000d\000o}{section.8}% 23
\BOOKMARK [2][-]{subsection.8.2}{\376\377\000S\000o\000l\000u\000c\000i\000\363\000n}{section.8}% 24
\BOOKMARK [1][-]{section.9}{\376\377\000P\000r\000e\000g\000u\000n\000t\000a\000\040\0003}{}% 25
\BOOKMARK [2][-]{subsection.9.1}{\376\377\000E\000n\000u\000n\000c\000i\000a\000d\000o}{section.9}% 26
\BOOKMARK [2][-]{subsection.9.2}{\376\377\000S\000o\000l\000u\000c\000i\000\363\000n}{section.9}% 27
\BOOKMARK [1][-]{section.10}{\376\377\000P\000r\000e\000g\000u\000n\000t\000a\000\040\0001}{}% 28
\BOOKMARK [2][-]{subsection.10.1}{\376\377\000E\000n\000u\000n\000c\000i\000a\000d\000o}{section.10}% 29
\BOOKMARK [2][-]{subsection.10.2}{\376\377\000S\000o\000l\000u\000c\000i\000\363\000n}{section.10}% 30
\BOOKMARK [3][-]{subsubsection.10.2.1}{\376\377\000E\000x\000p\000l\000i\000c\000a\000c\000i\000\363\000n\000\040\000d\000e\000\040\000N\000A\000T}{subsection.10.2}% 31
\BOOKMARK [3][-]{subsubsection.10.2.2}{\376\377\000E\000j\000e\000m\000p\000l\000o\000\040\000d\000e\000\040\000T\000r\000a\000d\000u\000c\000c\000i\000\363\000n\000\040\000c\000o\000n\000\040\000T\000a\000b\000l\000a}{subsection.10.2}% 32
\BOOKMARK [1][-]{section.11}{\376\377\000P\000r\000e\000g\000u\000n\000t\000a\000\040\0002}{}% 33
\BOOKMARK [2][-]{subsection.11.1}{\376\377\000E\000n\000u\000n\000c\000i\000a\000d\000o}{section.11}% 34
\BOOKMARK [2][-]{subsection.11.2}{\376\377\000S\000o\000l\000u\000c\000i\000\363\000n}{section.11}% 35
\BOOKMARK [2][-]{subsection.11.3}{\376\377\000S\000o\000l\000u\000c\000i\000\363\000n\000\040\000p\000r\000o\000p\000i\000a\000\040\000d\000e\000l\000\040\000e\000x\000a\000m\000e\000n\000\040\000y\000\040\000d\000e\000\040\000l\000a\000s\000\040\000d\000i\000a\000p\000o\000s\000i\000t\000i\000v\000a\000s}{section.11}% 36
\BOOKMARK [1][-]{section.12}{\376\377\000P\000r\000e\000g\000u\000n\000t\000a\000\040\0003}{}% 37
\BOOKMARK [2][-]{subsection.12.1}{\376\377\000E\000n\000u\000n\000c\000i\000a\000d\000o}{section.12}% 38
\BOOKMARK [2][-]{subsection.12.2}{\376\377\000S\000o\000l\000u\000c\000i\000\363\000n}{section.12}% 39
\BOOKMARK [1][-]{section.13}{\376\377\000E\000x\000a\000m\000e\000n\000e\000s\000\040\000d\000e\000\040\0002\0000\0001\0009}{}% 40
\BOOKMARK [1][-]{section.14}{\376\377\000P\000r\000e\000g\000u\000n\000t\000a\000s\000\040\000V\000a\000r\000i\000a\000d\000a\000s}{}% 41
\BOOKMARK [2][-]{subsection.14.1}{\376\377\000P\000r\000e\000g\000u\000n\000t\000a\000\040\0001\000\040\000\050\0000\000,\0007\0005\000\040\000p\000u\000n\000t\000o\000s\000\051}{section.14}% 42
\BOOKMARK [3][-]{subsubsection.14.1.1}{\376\377\000E\000n\000u\000n\000c\000i\000a\000d\000o}{subsection.14.1}% 43
\BOOKMARK [3][-]{subsubsection.14.1.2}{\376\377\000S\000o\000l\000u\000c\000i\000\363\000n}{subsection.14.1}% 44
\BOOKMARK [2][-]{subsection.14.2}{\376\377\000P\000r\000e\000g\000u\000n\000t\000a\000\040\0002\000\040\000\050\0000\000,\0007\0005\000\040\000p\000u\000n\000t\000o\000s\000\051}{section.14}% 45
\BOOKMARK [3][-]{subsubsection.14.2.1}{\376\377\000E\000n\000u\000n\000c\000i\000a\000d\000o}{subsection.14.2}% 46
\BOOKMARK [3][-]{subsubsection.14.2.2}{\376\377\000S\000o\000l\000u\000c\000i\000\363\000n}{subsection.14.2}% 47
\BOOKMARK [2][-]{subsection.14.3}{\376\377\000P\000r\000e\000g\000u\000n\000t\000a\000\040\0003\000\040\000\050\0000\000,\0007\0005\000\040\000p\000u\000n\000t\000o\000s\000\051}{section.14}% 48
\BOOKMARK [3][-]{subsubsection.14.3.1}{\376\377\000E\000n\000u\000n\000c\000i\000a\000d\000o}{subsection.14.3}% 49
\BOOKMARK [3][-]{subsubsection.14.3.2}{\376\377\000S\000o\000l\000u\000c\000i\000\363\000n}{subsection.14.3}% 50
\BOOKMARK [2][-]{subsection.14.4}{\376\377\000P\000r\000e\000g\000u\000n\000t\000a\000\040\0004\000\040\000\050\0000\000,\0007\0005\000\040\000p\000u\000n\000t\000o\000s\000\051}{section.14}% 51
\BOOKMARK [3][-]{subsubsection.14.4.1}{\376\377\000E\000n\000u\000n\000c\000i\000a\000d\000o}{subsection.14.4}% 52
\BOOKMARK [3][-]{subsubsection.14.4.2}{\376\377\000S\000o\000l\000u\000c\000i\000\363\000n}{subsection.14.4}% 53
