This is pdfTeX, Version 3.141592653-2.6-1.40.25 (TeX Live 2023/Debian) (preloaded format=pdflatex 2024.9.20)  26 DEC 2024 16:53
entering extended mode
 restricted \write18 enabled.
 file:line:error style messages enabled.
 %&-line parsing enabled.
**"/home/ismael/Github-Blog/Asignaturas/Tercer Año/DAE/TeoriaDAE/FCCEE/Teoria.tex"
(/home/ismael/Github-Blog/Asignaturas/Tercer Año/DAE/TeoriaDAE/FCCEE/Teoria.tex
LaTeX2e <2023-11-01> patch level 1
L3 programming layer <2024-01-22>
(/usr/share/texlive/texmf-dist/tex/latex/base/article.cls
Document Class: article 2023/05/17 v1.4n Standard LaTeX document class
(/usr/share/texlive/texmf-dist/tex/latex/base/size12.clo
File: size12.clo 2023/05/17 v1.4n Standard LaTeX file (size option)
)
\c@part=\count187
\c@section=\count188
\c@subsection=\count189
\c@subsubsection=\count190
\c@paragraph=\count191
\c@subparagraph=\count192
\c@figure=\count193
\c@table=\count194
\abovecaptionskip=\skip48
\belowcaptionskip=\skip49
\bibindent=\dimen140
) (/usr/share/texlive/texmf-dist/tex/latex/base/inputenc.sty
Package: inputenc 2021/02/14 v1.3d Input encoding file
\inpenc@prehook=\toks17
\inpenc@posthook=\toks18
) (/usr/share/texlive/texmf-dist/tex/latex/base/fontenc.sty
Package: fontenc 2021/04/29 v2.0v Standard LaTeX package
) (/usr/share/texlive/texmf-dist/tex/generic/babel/babel.sty
Package: babel 2024/01/07 v24.1 The Babel package
\babel@savecnt=\count195
\U@D=\dimen141
\l@unhyphenated=\language89
 (/usr/share/texlive/texmf-dist/tex/generic/babel/txtbabel.def)
\bbl@readstream=\read2
\bbl@dirlevel=\count196
 (/usr/share/texlive/texmf-dist/tex/generic/babel-spanish/spanish.ldf
Language: spanish.ldf 2021/05/27 v5.0q Spanish support from the babel system
\es@quottoks=\toks19
\es@quotdepth=\count197
Package babel Info: Making " an active character on input line 570.
Package babel Info: Making . an active character on input line 675.
Package babel Info: Making < an active character on input line 722.
Package babel Info: Making > an active character on input line 722.
)) (/usr/share/texlive/texmf-dist/tex/generic/babel/locale/es/babel-spanish.tex
Package babel Info: Importing font and identification data for spanish
(babel)             from babel-es.ini. Reported on input line 11.
) (/usr/share/texlive/texmf-dist/tex/latex/graphics/graphicx.sty
Package: graphicx 2021/09/16 v1.2d Enhanced LaTeX Graphics (DPC,SPQR)
 (/usr/share/texlive/texmf-dist/tex/latex/graphics/keyval.sty
Package: keyval 2022/05/29 v1.15 key=value parser (DPC)
\KV@toks@=\toks20
) (/usr/share/texlive/texmf-dist/tex/latex/graphics/graphics.sty
Package: graphics 2022/03/10 v1.4e Standard LaTeX Graphics (DPC,SPQR)
 (/usr/share/texlive/texmf-dist/tex/latex/graphics/trig.sty
Package: trig 2021/08/11 v1.11 sin cos tan (DPC)
) (/usr/share/texlive/texmf-dist/tex/latex/graphics-cfg/graphics.cfg
File: graphics.cfg 2016/06/04 v1.11 sample graphics configuration
)
Package graphics Info: Driver file: pdftex.def on input line 107.
 (/usr/share/texlive/texmf-dist/tex/latex/graphics-def/pdftex.def
File: pdftex.def 2022/09/22 v1.2b Graphics/color driver for pdftex
))
\Gin@req@height=\dimen142
\Gin@req@width=\dimen143
) (/usr/share/texlive/texmf-dist/tex/latex/xcolor/xcolor.sty
Package: xcolor 2023/11/15 v3.01 LaTeX color extensions (UK)
 (/usr/share/texlive/texmf-dist/tex/latex/graphics-cfg/color.cfg
File: color.cfg 2016/01/02 v1.6 sample color configuration
)
Package xcolor Info: Driver file: pdftex.def on input line 274.
 (/usr/share/texlive/texmf-dist/tex/latex/graphics/mathcolor.ltx)
Package xcolor Info: Model `cmy' substituted by `cmy0' on input line 1350.
Package xcolor Info: Model `hsb' substituted by `rgb' on input line 1354.
Package xcolor Info: Model `RGB' extended on input line 1366.
Package xcolor Info: Model `HTML' substituted by `rgb' on input line 1368.
Package xcolor Info: Model `Hsb' substituted by `hsb' on input line 1369.
Package xcolor Info: Model `tHsb' substituted by `hsb' on input line 1370.
Package xcolor Info: Model `HSB' substituted by `hsb' on input line 1371.
Package xcolor Info: Model `Gray' substituted by `gray' on input line 1372.
Package xcolor Info: Model `wave' substituted by `hsb' on input line 1373.
) (/usr/share/texlive/texmf-dist/tex/latex/lipsum/lipsum.sty (/usr/share/texlive/texmf-dist/tex/latex/l3packages/l3keys2e/l3keys2e.sty (/usr/share/texlive/texmf-dist/tex/latex/l3kernel/expl3.sty
Package: expl3 2024-01-22 L3 programming layer (loader) 
 (/usr/share/texlive/texmf-dist/tex/latex/l3backend/l3backend-pdftex.def
File: l3backend-pdftex.def 2024-01-04 L3 backend support: PDF output (pdfTeX)
\l__color_backend_stack_int=\count198
\l__pdf_internal_box=\box51
))
Package: l3keys2e 2023-10-10 LaTeX2e option processing using LaTeX3 keys
)
Package: lipsum 2021-09-20 v2.7 150 paragraphs of Lorem Ipsum dummy text
\g__lipsum_par_int=\count199
\l__lipsum_a_int=\count266
\l__lipsum_b_int=\count267
 (/usr/share/texlive/texmf-dist/tex/latex/lipsum/lipsum.ltd.tex)) (/usr/share/texlive/texmf-dist/tex/latex/geometry/geometry.sty
Package: geometry 2020/01/02 v5.9 Page Geometry
 (/usr/share/texlive/texmf-dist/tex/generic/iftex/ifvtex.sty
Package: ifvtex 2019/10/25 v1.7 ifvtex legacy package. Use iftex instead.
 (/usr/share/texlive/texmf-dist/tex/generic/iftex/iftex.sty
Package: iftex 2022/02/03 v1.0f TeX engine tests
))
\Gm@cnth=\count268
\Gm@cntv=\count269
\c@Gm@tempcnt=\count270
\Gm@bindingoffset=\dimen144
\Gm@wd@mp=\dimen145
\Gm@odd@mp=\dimen146
\Gm@even@mp=\dimen147
\Gm@layoutwidth=\dimen148
\Gm@layoutheight=\dimen149
\Gm@layouthoffset=\dimen150
\Gm@layoutvoffset=\dimen151
\Gm@dimlist=\toks21
) (/usr/share/texlive/texmf-dist/tex/latex/titlesec/titlesec.sty
Package: titlesec 2023/10/27 v2.16 Sectioning titles
\ttl@box=\box52
\beforetitleunit=\skip50
\aftertitleunit=\skip51
\ttl@plus=\dimen152
\ttl@minus=\dimen153
\ttl@toksa=\toks22
\titlewidth=\dimen154
\titlewidthlast=\dimen155
\titlewidthfirst=\dimen156
) (/usr/share/texlive/texmf-dist/tex/latex/fancyhdr/fancyhdr.sty
Package: fancyhdr 2022/11/09 v4.1 Extensive control of page headers and footers
\f@nch@headwidth=\skip52
\f@nch@O@elh=\skip53
\f@nch@O@erh=\skip54
\f@nch@O@olh=\skip55
\f@nch@O@orh=\skip56
\f@nch@O@elf=\skip57
\f@nch@O@erf=\skip58
\f@nch@O@olf=\skip59
\f@nch@O@orf=\skip60
) (/usr/share/texlive/texmf-dist/tex/latex/amsmath/amsmath.sty
Package: amsmath 2023/05/13 v2.17o AMS math features
\@mathmargin=\skip61

For additional information on amsmath, use the `?' option.
(/usr/share/texlive/texmf-dist/tex/latex/amsmath/amstext.sty
Package: amstext 2021/08/26 v2.01 AMS text
 (/usr/share/texlive/texmf-dist/tex/latex/amsmath/amsgen.sty
File: amsgen.sty 1999/11/30 v2.0 generic functions
\@emptytoks=\toks23
\ex@=\dimen157
)) (/usr/share/texlive/texmf-dist/tex/latex/amsmath/amsbsy.sty
Package: amsbsy 1999/11/29 v1.2d Bold Symbols
\pmbraise@=\dimen158
) (/usr/share/texlive/texmf-dist/tex/latex/amsmath/amsopn.sty
Package: amsopn 2022/04/08 v2.04 operator names
)
\inf@bad=\count271
LaTeX Info: Redefining \frac on input line 234.
\uproot@=\count272
\leftroot@=\count273
LaTeX Info: Redefining \overline on input line 399.
LaTeX Info: Redefining \colon on input line 410.
\classnum@=\count274
\DOTSCASE@=\count275
LaTeX Info: Redefining \ldots on input line 496.
LaTeX Info: Redefining \dots on input line 499.
LaTeX Info: Redefining \cdots on input line 620.
\Mathstrutbox@=\box53
\strutbox@=\box54
LaTeX Info: Redefining \big on input line 722.
LaTeX Info: Redefining \Big on input line 723.
LaTeX Info: Redefining \bigg on input line 724.
LaTeX Info: Redefining \Bigg on input line 725.
\big@size=\dimen159
LaTeX Font Info:    Redeclaring font encoding OML on input line 743.
LaTeX Font Info:    Redeclaring font encoding OMS on input line 744.
\macc@depth=\count276
LaTeX Info: Redefining \bmod on input line 905.
LaTeX Info: Redefining \pmod on input line 910.
LaTeX Info: Redefining \smash on input line 940.
LaTeX Info: Redefining \relbar on input line 970.
LaTeX Info: Redefining \Relbar on input line 971.
\c@MaxMatrixCols=\count277
\dotsspace@=\muskip16
\c@parentequation=\count278
\dspbrk@lvl=\count279
\tag@help=\toks24
\row@=\count280
\column@=\count281
\maxfields@=\count282
\andhelp@=\toks25
\eqnshift@=\dimen160
\alignsep@=\dimen161
\tagshift@=\dimen162
\tagwidth@=\dimen163
\totwidth@=\dimen164
\lineht@=\dimen165
\@envbody=\toks26
\multlinegap=\skip62
\multlinetaggap=\skip63
\mathdisplay@stack=\toks27
LaTeX Info: Redefining \[ on input line 2953.
LaTeX Info: Redefining \] on input line 2954.
) (/usr/share/texlive/texmf-dist/tex/latex/amsfonts/amssymb.sty
Package: amssymb 2013/01/14 v3.01 AMS font symbols
 (/usr/share/texlive/texmf-dist/tex/latex/amsfonts/amsfonts.sty
Package: amsfonts 2013/01/14 v3.01 Basic AMSFonts support
\symAMSa=\mathgroup4
\symAMSb=\mathgroup5
LaTeX Font Info:    Redeclaring math symbol \hbar on input line 98.
LaTeX Font Info:    Overwriting math alphabet `\mathfrak' in version `bold'
(Font)                  U/euf/m/n --> U/euf/b/n on input line 106.
)) (/usr/share/texlive/texmf-dist/tex/latex/hyperref/hyperref.sty
Package: hyperref 2024-01-20 v7.01h Hypertext links for LaTeX
 (/usr/share/texlive/texmf-dist/tex/latex/kvsetkeys/kvsetkeys.sty
Package: kvsetkeys 2022-10-05 v1.19 Key value parser (HO)
) (/usr/share/texlive/texmf-dist/tex/generic/kvdefinekeys/kvdefinekeys.sty
Package: kvdefinekeys 2019-12-19 v1.6 Define keys (HO)
) (/usr/share/texlive/texmf-dist/tex/generic/pdfescape/pdfescape.sty
Package: pdfescape 2019/12/09 v1.15 Implements pdfTeX's escape features (HO)
 (/usr/share/texlive/texmf-dist/tex/generic/ltxcmds/ltxcmds.sty
Package: ltxcmds 2023-12-04 v1.26 LaTeX kernel commands for general use (HO)
) (/usr/share/texlive/texmf-dist/tex/generic/pdftexcmds/pdftexcmds.sty
Package: pdftexcmds 2020-06-27 v0.33 Utility functions of pdfTeX for LuaTeX (HO)
 (/usr/share/texlive/texmf-dist/tex/generic/infwarerr/infwarerr.sty
Package: infwarerr 2019/12/03 v1.5 Providing info/warning/error messages (HO)
)
Package pdftexcmds Info: \pdf@primitive is available.
Package pdftexcmds Info: \pdf@ifprimitive is available.
Package pdftexcmds Info: \pdfdraftmode found.
)) (/usr/share/texlive/texmf-dist/tex/latex/hycolor/hycolor.sty
Package: hycolor 2020-01-27 v1.10 Color options for hyperref/bookmark (HO)
) (/usr/share/texlive/texmf-dist/tex/latex/auxhook/auxhook.sty
Package: auxhook 2019-12-17 v1.6 Hooks for auxiliary files (HO)
) (/usr/share/texlive/texmf-dist/tex/latex/hyperref/nameref.sty
Package: nameref 2023-11-26 v2.56 Cross-referencing by name of section
 (/usr/share/texlive/texmf-dist/tex/latex/refcount/refcount.sty
Package: refcount 2019/12/15 v3.6 Data extraction from label references (HO)
) (/usr/share/texlive/texmf-dist/tex/generic/gettitlestring/gettitlestring.sty
Package: gettitlestring 2019/12/15 v1.6 Cleanup title references (HO)
 (/usr/share/texlive/texmf-dist/tex/latex/kvoptions/kvoptions.sty
Package: kvoptions 2022-06-15 v3.15 Key value format for package options (HO)
))
\c@section@level=\count283
) (/usr/share/texlive/texmf-dist/tex/latex/etoolbox/etoolbox.sty
Package: etoolbox 2020/10/05 v2.5k e-TeX tools for LaTeX (JAW)
\etb@tempcnta=\count284
)
\@linkdim=\dimen166
\Hy@linkcounter=\count285
\Hy@pagecounter=\count286
 (/usr/share/texlive/texmf-dist/tex/latex/hyperref/pd1enc.def
File: pd1enc.def 2024-01-20 v7.01h Hyperref: PDFDocEncoding definition (HO)
Now handling font encoding PD1 ...
... no UTF-8 mapping file for font encoding PD1
) (/usr/share/texlive/texmf-dist/tex/generic/intcalc/intcalc.sty
Package: intcalc 2019/12/15 v1.3 Expandable calculations with integers (HO)
)
\Hy@SavedSpaceFactor=\count287
 (/usr/share/texlive/texmf-dist/tex/latex/hyperref/puenc.def
File: puenc.def 2024-01-20 v7.01h Hyperref: PDF Unicode definition (HO)
Now handling font encoding PU ...
... no UTF-8 mapping file for font encoding PU
)
Package hyperref Info: Hyper figures OFF on input line 4179.
Package hyperref Info: Link nesting OFF on input line 4184.
Package hyperref Info: Hyper index ON on input line 4187.
Package hyperref Info: Plain pages OFF on input line 4194.
Package hyperref Info: Backreferencing OFF on input line 4199.
Package hyperref Info: Implicit mode ON; LaTeX internals redefined.
Package hyperref Info: Bookmarks ON on input line 4446.
\c@Hy@tempcnt=\count288
 (/usr/share/texlive/texmf-dist/tex/latex/url/url.sty
\Urlmuskip=\muskip17
Package: url 2013/09/16  ver 3.4  Verb mode for urls, etc.
)
LaTeX Info: Redefining \url on input line 4784.
\XeTeXLinkMargin=\dimen167
 (/usr/share/texlive/texmf-dist/tex/generic/bitset/bitset.sty
Package: bitset 2019/12/09 v1.3 Handle bit-vector datatype (HO)
 (/usr/share/texlive/texmf-dist/tex/generic/bigintcalc/bigintcalc.sty
Package: bigintcalc 2019/12/15 v1.5 Expandable calculations on big integers (HO)
))
\Fld@menulength=\count289
\Field@Width=\dimen168
\Fld@charsize=\dimen169
Package hyperref Info: Hyper figures OFF on input line 6063.
Package hyperref Info: Link nesting OFF on input line 6068.
Package hyperref Info: Hyper index ON on input line 6071.
Package hyperref Info: backreferencing OFF on input line 6078.
Package hyperref Info: Link coloring OFF on input line 6083.
Package hyperref Info: Link coloring with OCG OFF on input line 6088.
Package hyperref Info: PDF/A mode OFF on input line 6093.
 (/usr/share/texlive/texmf-dist/tex/latex/base/atbegshi-ltx.sty
Package: atbegshi-ltx 2021/01/10 v1.0c Emulation of the original atbegshi
package with kernel methods
)
\Hy@abspage=\count290
\c@Item=\count291
\c@Hfootnote=\count292
)
Package hyperref Info: Driver (autodetected): hpdftex.
 (/usr/share/texlive/texmf-dist/tex/latex/hyperref/hpdftex.def
File: hpdftex.def 2024-01-20 v7.01h Hyperref driver for pdfTeX
 (/usr/share/texlive/texmf-dist/tex/latex/base/atveryend-ltx.sty
Package: atveryend-ltx 2020/08/19 v1.0a Emulation of the original atveryend package
with kernel methods
)
\Fld@listcount=\count293
\c@bookmark@seq@number=\count294
 (/usr/share/texlive/texmf-dist/tex/latex/rerunfilecheck/rerunfilecheck.sty
Package: rerunfilecheck 2022-07-10 v1.10 Rerun checks for auxiliary files (HO)
 (/usr/share/texlive/texmf-dist/tex/generic/uniquecounter/uniquecounter.sty
Package: uniquecounter 2019/12/15 v1.4 Provide unlimited unique counter (HO)
)
Package uniquecounter Info: New unique counter `rerunfilecheck' on input line 285.
)
\Hy@SectionHShift=\skip64
) (/usr/share/texlive/texmf-dist/tex/latex/pdfpages/pdfpages.sty
Package: pdfpages 2024/01/21 v0.5y Insert pages of external PDF documents (AM)
 (/usr/share/texlive/texmf-dist/tex/latex/base/ifthen.sty
Package: ifthen 2022/04/13 v1.1d Standard LaTeX ifthen package (DPC)
) (/usr/share/texlive/texmf-dist/tex/latex/tools/calc.sty
Package: calc 2023/07/08 v4.3 Infix arithmetic (KKT,FJ)
\calc@Acount=\count295
\calc@Bcount=\count296
\calc@Adimen=\dimen170
\calc@Bdimen=\dimen171
\calc@Askip=\skip65
\calc@Bskip=\skip66
LaTeX Info: Redefining \setlength on input line 80.
LaTeX Info: Redefining \addtolength on input line 81.
\calc@Ccount=\count297
\calc@Cskip=\skip67
) (/usr/share/texlive/texmf-dist/tex/latex/eso-pic/eso-pic.sty
Package: eso-pic 2023/05/03 v3.0c eso-pic (RN)
\ESO@tempdima=\dimen172
\ESO@tempdimb=\dimen173
)
\AM@pagewidth=\dimen174
\AM@pageheight=\dimen175
\AM@fboxrule=\dimen176
 (/usr/share/texlive/texmf-dist/tex/latex/pdfpages/pppdftex.def
File: pppdftex.def 2024/01/21 v0.5y Pdfpages driver for pdfTeX (AM)
)
\pdfpages@includegraphics@status=\count298
\AM@pagebox=\box55
\AM@global@opts=\toks28
\AM@pagecnt=\count299
\AM@toc@title=\toks29
\AM@lof@heading=\toks30
\c@AM@survey=\count300
\AM@templatesizebox=\box56
) (/usr/share/texlive/texmf-dist/tex/latex/listings/listings.sty
\lst@mode=\count301
\lst@gtempboxa=\box57
\lst@token=\toks31
\lst@length=\count302
\lst@currlwidth=\dimen177
\lst@column=\count303
\lst@pos=\count304
\lst@lostspace=\dimen178
\lst@width=\dimen179
\lst@newlines=\count305
\lst@lineno=\count306
\lst@maxwidth=\dimen180
 (/usr/share/texlive/texmf-dist/tex/latex/listings/lstmisc.sty
File: lstmisc.sty 2023/02/27 1.9 (Carsten Heinz)
\c@lstnumber=\count307
\lst@skipnumbers=\count308
\lst@framebox=\box58
) (/usr/share/texlive/texmf-dist/tex/latex/listings/listings.cfg
File: listings.cfg 2023/02/27 1.9 listings configuration
))
Package: listings 2023/02/27 1.9 (Carsten Heinz)
 (/usr/share/texlive/texmf-dist/tex/latex/inconsolata/inconsolata.sty
Package: inconsolata 2019/05/17 v1.12
 `inconsolata-zi4' v1.12, 2019/05/17 Text macros for Inconsolata (msharpe) (/usr/share/texlive/texmf-dist/tex/latex/base/textcomp.sty
Package: textcomp 2020/02/02 v2.0n Standard LaTeX package
) (/usr/share/texlive/texmf-dist/tex/latex/xkeyval/xkeyval.sty
Package: xkeyval 2022/06/16 v2.9 package option processing (HA)
 (/usr/share/texlive/texmf-dist/tex/generic/xkeyval/xkeyval.tex (/usr/share/texlive/texmf-dist/tex/generic/xkeyval/xkvutils.tex
\XKV@toks=\toks32
\XKV@tempa@toks=\toks33
)
\XKV@depth=\count309
File: xkeyval.tex 2014/12/03 v2.7a key=value parser (HA)
))
\zifour@ocount=\count310
) (/usr/share/texlive/texmf-dist/tex/latex/background/background.sty
Package: background 2014/03/04 v2.1 background material
 (/usr/share/texlive/texmf-dist/tex/latex/pgf/frontendlayer/tikz.sty (/usr/share/texlive/texmf-dist/tex/latex/pgf/basiclayer/pgf.sty (/usr/share/texlive/texmf-dist/tex/latex/pgf/utilities/pgfrcs.sty (/usr/share/texlive/texmf-dist/tex/generic/pgf/utilities/pgfutil-common.tex
\pgfutil@everybye=\toks34
\pgfutil@tempdima=\dimen181
\pgfutil@tempdimb=\dimen182
) (/usr/share/texlive/texmf-dist/tex/generic/pgf/utilities/pgfutil-latex.def
\pgfutil@abb=\box59
) (/usr/share/texlive/texmf-dist/tex/generic/pgf/utilities/pgfrcs.code.tex (/usr/share/texlive/texmf-dist/tex/generic/pgf/pgf.revision.tex)
Package: pgfrcs 2023-01-15 v3.1.10 (3.1.10)
))
Package: pgf 2023-01-15 v3.1.10 (3.1.10)
 (/usr/share/texlive/texmf-dist/tex/latex/pgf/basiclayer/pgfcore.sty (/usr/share/texlive/texmf-dist/tex/latex/pgf/systemlayer/pgfsys.sty (/usr/share/texlive/texmf-dist/tex/generic/pgf/systemlayer/pgfsys.code.tex
Package: pgfsys 2023-01-15 v3.1.10 (3.1.10)
 (/usr/share/texlive/texmf-dist/tex/generic/pgf/utilities/pgfkeys.code.tex
\pgfkeys@pathtoks=\toks35
\pgfkeys@temptoks=\toks36
 (/usr/share/texlive/texmf-dist/tex/generic/pgf/utilities/pgfkeyslibraryfiltered.code.tex
\pgfkeys@tmptoks=\toks37
))
\pgf@x=\dimen183
\pgf@y=\dimen184
\pgf@xa=\dimen185
\pgf@ya=\dimen186
\pgf@xb=\dimen187
\pgf@yb=\dimen188
\pgf@xc=\dimen189
\pgf@yc=\dimen190
\pgf@xd=\dimen191
\pgf@yd=\dimen192
\w@pgf@writea=\write3
\r@pgf@reada=\read3
\c@pgf@counta=\count311
\c@pgf@countb=\count312
\c@pgf@countc=\count313
\c@pgf@countd=\count314
\t@pgf@toka=\toks38
\t@pgf@tokb=\toks39
\t@pgf@tokc=\toks40
\pgf@sys@id@count=\count315
 (/usr/share/texlive/texmf-dist/tex/generic/pgf/systemlayer/pgf.cfg
File: pgf.cfg 2023-01-15 v3.1.10 (3.1.10)
)
Driver file for pgf: pgfsys-pdftex.def
 (/usr/share/texlive/texmf-dist/tex/generic/pgf/systemlayer/pgfsys-pdftex.def
File: pgfsys-pdftex.def 2023-01-15 v3.1.10 (3.1.10)
 (/usr/share/texlive/texmf-dist/tex/generic/pgf/systemlayer/pgfsys-common-pdf.def
File: pgfsys-common-pdf.def 2023-01-15 v3.1.10 (3.1.10)
))) (/usr/share/texlive/texmf-dist/tex/generic/pgf/systemlayer/pgfsyssoftpath.code.tex
File: pgfsyssoftpath.code.tex 2023-01-15 v3.1.10 (3.1.10)
\pgfsyssoftpath@smallbuffer@items=\count316
\pgfsyssoftpath@bigbuffer@items=\count317
) (/usr/share/texlive/texmf-dist/tex/generic/pgf/systemlayer/pgfsysprotocol.code.tex
File: pgfsysprotocol.code.tex 2023-01-15 v3.1.10 (3.1.10)
)) (/usr/share/texlive/texmf-dist/tex/generic/pgf/basiclayer/pgfcore.code.tex
Package: pgfcore 2023-01-15 v3.1.10 (3.1.10)
 (/usr/share/texlive/texmf-dist/tex/generic/pgf/math/pgfmath.code.tex (/usr/share/texlive/texmf-dist/tex/generic/pgf/math/pgfmathutil.code.tex) (/usr/share/texlive/texmf-dist/tex/generic/pgf/math/pgfmathparser.code.tex
\pgfmath@dimen=\dimen193
\pgfmath@count=\count318
\pgfmath@box=\box60
\pgfmath@toks=\toks41
\pgfmath@stack@operand=\toks42
\pgfmath@stack@operation=\toks43
) (/usr/share/texlive/texmf-dist/tex/generic/pgf/math/pgfmathfunctions.code.tex) (/usr/share/texlive/texmf-dist/tex/generic/pgf/math/pgfmathfunctions.basic.code.tex) (/usr/share/texlive/texmf-dist/tex/generic/pgf/math/pgfmathfunctions.trigonometric.code.tex) (/usr/share/texlive/texmf-dist/tex/generic/pgf/math/pgfmathfunctions.random.code.tex) (/usr/share/texlive/texmf-dist/tex/generic/pgf/math/pgfmathfunctions.comparison.code.tex) (/usr/share/texlive/texmf-dist/tex/generic/pgf/math/pgfmathfunctions.base.code.tex) (/usr/share/texlive/texmf-dist/tex/generic/pgf/math/pgfmathfunctions.round.code.tex) (/usr/share/texlive/texmf-dist/tex/generic/pgf/math/pgfmathfunctions.misc.code.tex) (/usr/share/texlive/texmf-dist/tex/generic/pgf/math/pgfmathfunctions.integerarithmetics.code.tex) (/usr/share/texlive/texmf-dist/tex/generic/pgf/math/pgfmathcalc.code.tex) (/usr/share/texlive/texmf-dist/tex/generic/pgf/math/pgfmathfloat.code.tex
\c@pgfmathroundto@lastzeros=\count319
)) (/usr/share/texlive/texmf-dist/tex/generic/pgf/math/pgfint.code.tex) (/usr/share/texlive/texmf-dist/tex/generic/pgf/basiclayer/pgfcorepoints.code.tex
File: pgfcorepoints.code.tex 2023-01-15 v3.1.10 (3.1.10)
\pgf@picminx=\dimen194
\pgf@picmaxx=\dimen195
\pgf@picminy=\dimen196
\pgf@picmaxy=\dimen197
\pgf@pathminx=\dimen198
\pgf@pathmaxx=\dimen199
\pgf@pathminy=\dimen256
\pgf@pathmaxy=\dimen257
\pgf@xx=\dimen258
\pgf@xy=\dimen259
\pgf@yx=\dimen260
\pgf@yy=\dimen261
\pgf@zx=\dimen262
\pgf@zy=\dimen263
) (/usr/share/texlive/texmf-dist/tex/generic/pgf/basiclayer/pgfcorepathconstruct.code.tex
File: pgfcorepathconstruct.code.tex 2023-01-15 v3.1.10 (3.1.10)
\pgf@path@lastx=\dimen264
\pgf@path@lasty=\dimen265
) (/usr/share/texlive/texmf-dist/tex/generic/pgf/basiclayer/pgfcorepathusage.code.tex
File: pgfcorepathusage.code.tex 2023-01-15 v3.1.10 (3.1.10)
\pgf@shorten@end@additional=\dimen266
\pgf@shorten@start@additional=\dimen267
) (/usr/share/texlive/texmf-dist/tex/generic/pgf/basiclayer/pgfcorescopes.code.tex
File: pgfcorescopes.code.tex 2023-01-15 v3.1.10 (3.1.10)
\pgfpic=\box61
\pgf@hbox=\box62
\pgf@layerbox@main=\box63
\pgf@picture@serial@count=\count320
) (/usr/share/texlive/texmf-dist/tex/generic/pgf/basiclayer/pgfcoregraphicstate.code.tex
File: pgfcoregraphicstate.code.tex 2023-01-15 v3.1.10 (3.1.10)
\pgflinewidth=\dimen268
) (/usr/share/texlive/texmf-dist/tex/generic/pgf/basiclayer/pgfcoretransformations.code.tex
File: pgfcoretransformations.code.tex 2023-01-15 v3.1.10 (3.1.10)
\pgf@pt@x=\dimen269
\pgf@pt@y=\dimen270
\pgf@pt@temp=\dimen271
) (/usr/share/texlive/texmf-dist/tex/generic/pgf/basiclayer/pgfcorequick.code.tex
File: pgfcorequick.code.tex 2023-01-15 v3.1.10 (3.1.10)
) (/usr/share/texlive/texmf-dist/tex/generic/pgf/basiclayer/pgfcoreobjects.code.tex
File: pgfcoreobjects.code.tex 2023-01-15 v3.1.10 (3.1.10)
) (/usr/share/texlive/texmf-dist/tex/generic/pgf/basiclayer/pgfcorepathprocessing.code.tex
File: pgfcorepathprocessing.code.tex 2023-01-15 v3.1.10 (3.1.10)
) (/usr/share/texlive/texmf-dist/tex/generic/pgf/basiclayer/pgfcorearrows.code.tex
File: pgfcorearrows.code.tex 2023-01-15 v3.1.10 (3.1.10)
\pgfarrowsep=\dimen272
) (/usr/share/texlive/texmf-dist/tex/generic/pgf/basiclayer/pgfcoreshade.code.tex
File: pgfcoreshade.code.tex 2023-01-15 v3.1.10 (3.1.10)
\pgf@max=\dimen273
\pgf@sys@shading@range@num=\count321
\pgf@shadingcount=\count322
) (/usr/share/texlive/texmf-dist/tex/generic/pgf/basiclayer/pgfcoreimage.code.tex
File: pgfcoreimage.code.tex 2023-01-15 v3.1.10 (3.1.10)
) (/usr/share/texlive/texmf-dist/tex/generic/pgf/basiclayer/pgfcoreexternal.code.tex
File: pgfcoreexternal.code.tex 2023-01-15 v3.1.10 (3.1.10)
\pgfexternal@startupbox=\box64
) (/usr/share/texlive/texmf-dist/tex/generic/pgf/basiclayer/pgfcorelayers.code.tex
File: pgfcorelayers.code.tex 2023-01-15 v3.1.10 (3.1.10)
) (/usr/share/texlive/texmf-dist/tex/generic/pgf/basiclayer/pgfcoretransparency.code.tex
File: pgfcoretransparency.code.tex 2023-01-15 v3.1.10 (3.1.10)
) (/usr/share/texlive/texmf-dist/tex/generic/pgf/basiclayer/pgfcorepatterns.code.tex
File: pgfcorepatterns.code.tex 2023-01-15 v3.1.10 (3.1.10)
) (/usr/share/texlive/texmf-dist/tex/generic/pgf/basiclayer/pgfcorerdf.code.tex
File: pgfcorerdf.code.tex 2023-01-15 v3.1.10 (3.1.10)
))) (/usr/share/texlive/texmf-dist/tex/generic/pgf/modules/pgfmoduleshapes.code.tex
File: pgfmoduleshapes.code.tex 2023-01-15 v3.1.10 (3.1.10)
\pgfnodeparttextbox=\box65
) (/usr/share/texlive/texmf-dist/tex/generic/pgf/modules/pgfmoduleplot.code.tex
File: pgfmoduleplot.code.tex 2023-01-15 v3.1.10 (3.1.10)
) (/usr/share/texlive/texmf-dist/tex/latex/pgf/compatibility/pgfcomp-version-0-65.sty
Package: pgfcomp-version-0-65 2023-01-15 v3.1.10 (3.1.10)
\pgf@nodesepstart=\dimen274
\pgf@nodesepend=\dimen275
) (/usr/share/texlive/texmf-dist/tex/latex/pgf/compatibility/pgfcomp-version-1-18.sty
Package: pgfcomp-version-1-18 2023-01-15 v3.1.10 (3.1.10)
)) (/usr/share/texlive/texmf-dist/tex/latex/pgf/utilities/pgffor.sty (/usr/share/texlive/texmf-dist/tex/latex/pgf/utilities/pgfkeys.sty (/usr/share/texlive/texmf-dist/tex/generic/pgf/utilities/pgfkeys.code.tex)) (/usr/share/texlive/texmf-dist/tex/latex/pgf/math/pgfmath.sty (/usr/share/texlive/texmf-dist/tex/generic/pgf/math/pgfmath.code.tex)) (/usr/share/texlive/texmf-dist/tex/generic/pgf/utilities/pgffor.code.tex
Package: pgffor 2023-01-15 v3.1.10 (3.1.10)
\pgffor@iter=\dimen276
\pgffor@skip=\dimen277
\pgffor@stack=\toks44
\pgffor@toks=\toks45
)) (/usr/share/texlive/texmf-dist/tex/generic/pgf/frontendlayer/tikz/tikz.code.tex
Package: tikz 2023-01-15 v3.1.10 (3.1.10)
 (/usr/share/texlive/texmf-dist/tex/generic/pgf/libraries/pgflibraryplothandlers.code.tex
File: pgflibraryplothandlers.code.tex 2023-01-15 v3.1.10 (3.1.10)
\pgf@plot@mark@count=\count323
\pgfplotmarksize=\dimen278
)
\tikz@lastx=\dimen279
\tikz@lasty=\dimen280
\tikz@lastxsaved=\dimen281
\tikz@lastysaved=\dimen282
\tikz@lastmovetox=\dimen283
\tikz@lastmovetoy=\dimen284
\tikzleveldistance=\dimen285
\tikzsiblingdistance=\dimen286
\tikz@figbox=\box66
\tikz@figbox@bg=\box67
\tikz@tempbox=\box68
\tikz@tempbox@bg=\box69
\tikztreelevel=\count324
\tikznumberofchildren=\count325
\tikznumberofcurrentchild=\count326
\tikz@fig@count=\count327
 (/usr/share/texlive/texmf-dist/tex/generic/pgf/modules/pgfmodulematrix.code.tex
File: pgfmodulematrix.code.tex 2023-01-15 v3.1.10 (3.1.10)
\pgfmatrixcurrentrow=\count328
\pgfmatrixcurrentcolumn=\count329
\pgf@matrix@numberofcolumns=\count330
)
\tikz@expandcount=\count331
 (/usr/share/texlive/texmf-dist/tex/generic/pgf/frontendlayer/tikz/libraries/tikzlibrarytopaths.code.tex
File: tikzlibrarytopaths.code.tex 2023-01-15 v3.1.10 (3.1.10)
))) (/usr/share/texlive/texmf-dist/tex/latex/everypage/everypage.sty
Package: everypage 2020/10/17 R2.0b Hooks to run on every page


Package everypage Warning: Functionality similar to this package has recently
(everypage)                been implemented in LaTeX. This package is now in
(everypage)                legacy status.
(everypage)                Please, don't use it in new documents and packages.


Package everypage Warning: You appear to be running a version of LaTeX
(everypage)                providing the new functionality.
(everypage)                Doing the best to deliver the original `everypage`
(everypage)                interface on top of it. Strict equivalence is
(everypage)                not possible, breakage may occur.
(everypage)                If truly needed, Use `everypage-1x` to force the
(everypage)                loading of an older code base.

) (/usr/share/texlive/texmf-dist/tex/latex/tools/afterpage.sty
Package: afterpage 2023/07/04 v1.08 After-Page Package (DPC)
\AP@output=\toks46
\AP@partial=\box70
\AP@footins=\box71
)) (/usr/share/texlive/texmf-dist/tex/latex/listings/lstlang1.sty
File: lstlang1.sty 2023/02/27 1.9 listings language file
) (build/Teoria.aux
LaTeX Info: Redefining \. on input line 12.
LaTeX Info: Redefining \% on input line 12.
)
\openout1 = `Teoria.aux'.

LaTeX Font Info:    Checking defaults for OML/cmm/m/it on input line 71.
LaTeX Font Info:    ... okay on input line 71.
LaTeX Font Info:    Checking defaults for OMS/cmsy/m/n on input line 71.
LaTeX Font Info:    ... okay on input line 71.
LaTeX Font Info:    Checking defaults for OT1/cmr/m/n on input line 71.
LaTeX Font Info:    ... okay on input line 71.
LaTeX Font Info:    Checking defaults for T1/cmr/m/n on input line 71.
LaTeX Font Info:    ... okay on input line 71.
LaTeX Font Info:    Checking defaults for TS1/cmr/m/n on input line 71.
LaTeX Font Info:    ... okay on input line 71.
LaTeX Font Info:    Checking defaults for OMX/cmex/m/n on input line 71.
LaTeX Font Info:    ... okay on input line 71.
LaTeX Font Info:    Checking defaults for U/cmr/m/n on input line 71.
LaTeX Font Info:    ... okay on input line 71.
LaTeX Font Info:    Checking defaults for PD1/pdf/m/n on input line 71.
LaTeX Font Info:    ... okay on input line 71.
LaTeX Font Info:    Checking defaults for PU/pdf/m/n on input line 71.
LaTeX Font Info:    ... okay on input line 71.
LaTeX Info: Redefining \. on input line 71.
LaTeX Info: Redefining \% on input line 71.
 (/usr/share/texlive/texmf-dist/tex/context/base/mkii/supp-pdf.mkii
[Loading MPS to PDF converter (version 2006.09.02).]
\scratchcounter=\count332
\scratchdimen=\dimen287
\scratchbox=\box72
\nofMPsegments=\count333
\nofMParguments=\count334
\everyMPshowfont=\toks47
\MPscratchCnt=\count335
\MPscratchDim=\dimen288
\MPnumerator=\count336
\makeMPintoPDFobject=\count337
\everyMPtoPDFconversion=\toks48
) (/usr/share/texlive/texmf-dist/tex/latex/epstopdf-pkg/epstopdf-base.sty
Package: epstopdf-base 2020-01-24 v2.11 Base part for package epstopdf
Package epstopdf-base Info: Redefining graphics rule for `.eps' on input line 485.
 (/usr/share/texlive/texmf-dist/tex/latex/latexconfig/epstopdf-sys.cfg
File: epstopdf-sys.cfg 2010/07/13 v1.3 Configuration of (r)epstopdf for TeX Live
))
*geometry* driver: auto-detecting
*geometry* detected driver: pdftex
*geometry* verbose mode - [ preamble ] result:
* driver: pdftex
* paper: a4paper
* layout: <same size as paper>
* layoutoffset:(h,v)=(0.0pt,0.0pt)
* modes: 
* h-part:(L,W,R)=(71.13188pt, 455.24411pt, 71.13188pt)
* v-part:(T,H,B)=(85.35826pt, 674.33032pt, 85.35826pt)
* \paperwidth=597.50787pt
* \paperheight=845.04684pt
* \textwidth=455.24411pt
* \textheight=674.33032pt
* \oddsidemargin=-1.1381pt
* \evensidemargin=-1.1381pt
* \topmargin=-23.91173pt
* \headheight=12.0pt
* \headsep=25.0pt
* \topskip=12.0pt
* \footskip=30.0pt
* \marginparwidth=35.0pt
* \marginparsep=10.0pt
* \columnsep=10.0pt
* \skip\footins=10.8pt plus 4.0pt minus 2.0pt
* \hoffset=0.0pt
* \voffset=0.0pt
* \mag=1000
* \@twocolumnfalse
* \@twosidefalse
* \@mparswitchfalse
* \@reversemarginfalse
* (1in=72.27pt=25.4mm, 1cm=28.453pt)

Package hyperref Info: Link coloring OFF on input line 71.
(build/Teoria.out) (build/Teoria.out)
\@outlinefile=\write4
\openout4 = `Teoria.out'.

 (/usr/share/texlive/texmf-dist/tex/latex/pdflscape/pdflscape.sty
Package: pdflscape 2022-10-27 v0.13 Display of landscape pages in PDF
 (/usr/share/texlive/texmf-dist/tex/latex/pdflscape/pdflscape-nometadata.sty
Package: pdflscape-nometadata 2022-10-28 v0.13 Display of landscape pages in PDF (HO)
 (/usr/share/texlive/texmf-dist/tex/latex/graphics/lscape.sty
Package: lscape 2020/05/28 v3.02 Landscape Pages (DPC)
)
Package pdflscape Info: Auto-detected driver: pdftex on input line 81.
))
\c@lstlisting=\count338
 (/usr/share/texlive/texmf-dist/tex/latex/upquote/upquote.sty
Package: upquote 2012/04/19 v1.3 upright-quote and grave-accent glyphs in verbatim
)
<images/fccee.jpg, id=51, 301.125pt x 192.72pt>
File: images/fccee.jpg Graphic file (type jpg)
<use images/fccee.jpg>
Package pdftex.def Info: images/fccee.jpg  used on input line 75.
(pdftex.def)             Requested size: 136.57462pt x 87.4113pt.
LaTeX Font Info:    Trying to load font information for U+msa on input line 75.
 (/usr/share/texlive/texmf-dist/tex/latex/amsfonts/umsa.fd
File: umsa.fd 2013/01/14 v3.01 AMS symbols A
)
LaTeX Font Info:    Trying to load font information for U+msb on input line 75.
 (/usr/share/texlive/texmf-dist/tex/latex/amsfonts/umsb.fd
File: umsb.fd 2013/01/14 v3.01 AMS symbols B
)
<images/granada.jpg, id=52, 1927.2pt x 1084.05pt>
File: images/granada.jpg Graphic file (type jpg)
<use images/granada.jpg>
Package pdftex.def Info: images/granada.jpg  used on input line 78.
(pdftex.def)             Requested size: 455.2446pt x 256.07509pt.
File: images/granada.jpg Graphic file (type jpg)
<use images/granada.jpg>
Package pdftex.def Info: images/granada.jpg  used on input line 82.
(pdftex.def)             Requested size: 597.48465pt x 336.08511pt.
 [1

{/var/lib/texmf/fonts/map/pdftex/updmap/pdftex.map}{/usr/share/texmf/fonts/enc/dvips/cm-super/cm-super-t1.enc} <./images/granada.jpg> <./images/fccee.jpg>] (build/Teoria.toc
LaTeX Info: Redefining \. on input line 1.
LaTeX Info: Redefining \% on input line 1.
)
\tf@toc=\write5
\openout5 = `Teoria.toc'.

File: images/granada.jpg Graphic file (type jpg)
<use images/granada.jpg>
Package pdftex.def Info: images/granada.jpg  used on input line 86.
(pdftex.def)             Requested size: 597.48465pt x 336.08511pt.
 [2]
<../Tema 1.pdf, id=79, 558.83653pt x 795.40901pt>
File: ../Tema 1.pdf Graphic file (type pdf)
<use ../Tema 1.pdf>
Package pdftex.def Info: ../Tema 1.pdf  used on input line 89.
(pdftex.def)             Requested size: 558.83517pt x 795.40706pt.
File: ../Tema 1.pdf Graphic file (type pdf)
<use ../Tema 1.pdf>
Package pdftex.def Info: ../Tema 1.pdf  used on input line 89.
(pdftex.def)             Requested size: 558.83517pt x 795.40706pt.
<../Tema 1.pdf, id=82, page=1, 558.83653pt x 795.40901pt>
File: ../Tema 1.pdf Graphic file (type pdf)
<use ../Tema 1.pdf, page 1>
Package pdftex.def Info: ../Tema 1.pdf , page1 used on input line 89.
(pdftex.def)             Requested size: 558.83517pt x 795.40706pt.
File: ../Tema 1.pdf Graphic file (type pdf)
<use ../Tema 1.pdf, page 1>
Package pdftex.def Info: ../Tema 1.pdf , page1 used on input line 89.
(pdftex.def)             Requested size: 594.00966pt x 845.47197pt.
File: images/granada.jpg Graphic file (type jpg)
<use images/granada.jpg>
Package pdftex.def Info: images/granada.jpg  used on input line 89.
(pdftex.def)             Requested size: 597.48465pt x 336.08511pt.
 [3]
File: ../Tema 1.pdf Graphic file (type pdf)
<use ../Tema 1.pdf, page 1>
Package pdftex.def Info: ../Tema 1.pdf , page1 used on input line 89.
(pdftex.def)             Requested size: 594.00966pt x 845.47197pt.
File: ../Tema 1.pdf Graphic file (type pdf)
<use ../Tema 1.pdf, page 1>
Package pdftex.def Info: ../Tema 1.pdf , page1 used on input line 89.
(pdftex.def)             Requested size: 594.00966pt x 845.47197pt.
File: ../Tema 1.pdf Graphic file (type pdf)
<use ../Tema 1.pdf, page 1>
Package pdftex.def Info: ../Tema 1.pdf , page1 used on input line 89.
(pdftex.def)             Requested size: 594.00966pt x 845.47197pt.
File: images/granada.jpg Graphic file (type jpg)
<use images/granada.jpg>
Package pdftex.def Info: images/granada.jpg  used on input line 89.
(pdftex.def)             Requested size: 597.48465pt x 336.08511pt.
 [4

 <../Tema 1.pdf>]
<../Tema 1.pdf, id=1047, page=2, 558.674pt x 785.89386pt>
File: ../Tema 1.pdf Graphic file (type pdf)
<use ../Tema 1.pdf, page 2>
Package pdftex.def Info: ../Tema 1.pdf , page2 used on input line 89.
(pdftex.def)             Requested size: 593.83687pt x 835.35796pt.
File: ../Tema 1.pdf Graphic file (type pdf)
<use ../Tema 1.pdf, page 2>
Package pdftex.def Info: ../Tema 1.pdf , page2 used on input line 89.
(pdftex.def)             Requested size: 593.83687pt x 835.35796pt.
File: ../Tema 1.pdf Graphic file (type pdf)
<use ../Tema 1.pdf, page 2>
Package pdftex.def Info: ../Tema 1.pdf , page2 used on input line 89.
(pdftex.def)             Requested size: 593.83687pt x 835.35796pt.
File: images/granada.jpg Graphic file (type jpg)
<use images/granada.jpg>
Package pdftex.def Info: images/granada.jpg  used on input line 89.
(pdftex.def)             Requested size: 597.48465pt x 336.08511pt.
 [5

 <../Tema 1.pdf>]
<../Tema 1.pdf, id=1749, page=3, 558.674pt x 785.89386pt>
File: ../Tema 1.pdf Graphic file (type pdf)
<use ../Tema 1.pdf, page 3>
Package pdftex.def Info: ../Tema 1.pdf , page3 used on input line 89.
(pdftex.def)             Requested size: 593.83687pt x 835.35796pt.
File: ../Tema 1.pdf Graphic file (type pdf)
<use ../Tema 1.pdf, page 3>
Package pdftex.def Info: ../Tema 1.pdf , page3 used on input line 89.
(pdftex.def)             Requested size: 593.83687pt x 835.35796pt.
File: ../Tema 1.pdf Graphic file (type pdf)
<use ../Tema 1.pdf, page 3>
Package pdftex.def Info: ../Tema 1.pdf , page3 used on input line 89.
(pdftex.def)             Requested size: 593.83687pt x 835.35796pt.
File: images/granada.jpg Graphic file (type jpg)
<use images/granada.jpg>
Package pdftex.def Info: images/granada.jpg  used on input line 89.
(pdftex.def)             Requested size: 597.48465pt x 336.08511pt.
 [6

 <../Tema 1.pdf>]
<../Tema 1.pdf, id=2575, page=4, 558.83653pt x 795.40901pt>
File: ../Tema 1.pdf Graphic file (type pdf)
<use ../Tema 1.pdf, page 4>
Package pdftex.def Info: ../Tema 1.pdf , page4 used on input line 89.
(pdftex.def)             Requested size: 594.00966pt x 845.47197pt.
File: ../Tema 1.pdf Graphic file (type pdf)
<use ../Tema 1.pdf, page 4>
Package pdftex.def Info: ../Tema 1.pdf , page4 used on input line 89.
(pdftex.def)             Requested size: 594.00966pt x 845.47197pt.
File: ../Tema 1.pdf Graphic file (type pdf)
<use ../Tema 1.pdf, page 4>
Package pdftex.def Info: ../Tema 1.pdf , page4 used on input line 89.
(pdftex.def)             Requested size: 594.00966pt x 845.47197pt.
File: images/granada.jpg Graphic file (type jpg)
<use images/granada.jpg>
Package pdftex.def Info: images/granada.jpg  used on input line 89.
(pdftex.def)             Requested size: 597.48465pt x 336.08511pt.
 [7

 <../Tema 1.pdf>]
<../Tema 1.pdf, id=3541, page=5, 558.674pt x 785.89386pt>
File: ../Tema 1.pdf Graphic file (type pdf)
<use ../Tema 1.pdf, page 5>
Package pdftex.def Info: ../Tema 1.pdf , page5 used on input line 89.
(pdftex.def)             Requested size: 593.83687pt x 835.35796pt.
File: ../Tema 1.pdf Graphic file (type pdf)
<use ../Tema 1.pdf, page 5>
Package pdftex.def Info: ../Tema 1.pdf , page5 used on input line 89.
(pdftex.def)             Requested size: 593.83687pt x 835.35796pt.
File: ../Tema 1.pdf Graphic file (type pdf)
<use ../Tema 1.pdf, page 5>
Package pdftex.def Info: ../Tema 1.pdf , page5 used on input line 89.
(pdftex.def)             Requested size: 593.83687pt x 835.35796pt.
File: images/granada.jpg Graphic file (type jpg)
<use images/granada.jpg>
Package pdftex.def Info: images/granada.jpg  used on input line 89.
(pdftex.def)             Requested size: 597.48465pt x 336.08511pt.
 [8

 <../Tema 1.pdf>]
<../Tema 1.pdf, id=4600, page=6, 558.674pt x 785.89386pt>
File: ../Tema 1.pdf Graphic file (type pdf)
<use ../Tema 1.pdf, page 6>
Package pdftex.def Info: ../Tema 1.pdf , page6 used on input line 89.
(pdftex.def)             Requested size: 593.83687pt x 835.35796pt.
File: ../Tema 1.pdf Graphic file (type pdf)
<use ../Tema 1.pdf, page 6>
Package pdftex.def Info: ../Tema 1.pdf , page6 used on input line 89.
(pdftex.def)             Requested size: 593.83687pt x 835.35796pt.
File: ../Tema 1.pdf Graphic file (type pdf)
<use ../Tema 1.pdf, page 6>
Package pdftex.def Info: ../Tema 1.pdf , page6 used on input line 89.
(pdftex.def)             Requested size: 593.83687pt x 835.35796pt.
File: images/granada.jpg Graphic file (type jpg)
<use images/granada.jpg>
Package pdftex.def Info: images/granada.jpg  used on input line 89.
(pdftex.def)             Requested size: 597.48465pt x 336.08511pt.
 [9

 <../Tema 1.pdf>]
<../Tema 2.pdf, id=5461, 558.83653pt x 795.40901pt>
File: ../Tema 2.pdf Graphic file (type pdf)
<use ../Tema 2.pdf>
Package pdftex.def Info: ../Tema 2.pdf  used on input line 92.
(pdftex.def)             Requested size: 558.83517pt x 795.40706pt.
File: ../Tema 2.pdf Graphic file (type pdf)
<use ../Tema 2.pdf>
Package pdftex.def Info: ../Tema 2.pdf  used on input line 92.
(pdftex.def)             Requested size: 558.83517pt x 795.40706pt.
<../Tema 2.pdf, id=5464, page=1, 558.83653pt x 795.40901pt>
File: ../Tema 2.pdf Graphic file (type pdf)
<use ../Tema 2.pdf, page 1>
Package pdftex.def Info: ../Tema 2.pdf , page1 used on input line 92.
(pdftex.def)             Requested size: 558.83517pt x 795.40706pt.
File: ../Tema 2.pdf Graphic file (type pdf)
<use ../Tema 2.pdf, page 1>
Package pdftex.def Info: ../Tema 2.pdf , page1 used on input line 92.
(pdftex.def)             Requested size: 594.00966pt x 845.47197pt.
File: images/granada.jpg Graphic file (type jpg)
<use images/granada.jpg>
Package pdftex.def Info: images/granada.jpg  used on input line 92.
(pdftex.def)             Requested size: 597.48465pt x 336.08511pt.
 [10]
File: ../Tema 2.pdf Graphic file (type pdf)
<use ../Tema 2.pdf, page 1>
Package pdftex.def Info: ../Tema 2.pdf , page1 used on input line 92.
(pdftex.def)             Requested size: 594.00966pt x 845.47197pt.
File: ../Tema 2.pdf Graphic file (type pdf)
<use ../Tema 2.pdf, page 1>
Package pdftex.def Info: ../Tema 2.pdf , page1 used on input line 92.
(pdftex.def)             Requested size: 594.00966pt x 845.47197pt.
File: ../Tema 2.pdf Graphic file (type pdf)
<use ../Tema 2.pdf, page 1>
Package pdftex.def Info: ../Tema 2.pdf , page1 used on input line 92.
(pdftex.def)             Requested size: 594.00966pt x 845.47197pt.
File: images/granada.jpg Graphic file (type jpg)
<use images/granada.jpg>
Package pdftex.def Info: images/granada.jpg  used on input line 92.
(pdftex.def)             Requested size: 597.48465pt x 336.08511pt.
 [11

 <../Tema 2.pdf>]
<../Tema 2.pdf, id=6417, page=2, 558.674pt x 785.89386pt>
File: ../Tema 2.pdf Graphic file (type pdf)
<use ../Tema 2.pdf, page 2>
Package pdftex.def Info: ../Tema 2.pdf , page2 used on input line 92.
(pdftex.def)             Requested size: 593.83687pt x 835.35796pt.
File: ../Tema 2.pdf Graphic file (type pdf)
<use ../Tema 2.pdf, page 2>
Package pdftex.def Info: ../Tema 2.pdf , page2 used on input line 92.
(pdftex.def)             Requested size: 593.83687pt x 835.35796pt.
File: ../Tema 2.pdf Graphic file (type pdf)
<use ../Tema 2.pdf, page 2>
Package pdftex.def Info: ../Tema 2.pdf , page2 used on input line 92.
(pdftex.def)             Requested size: 593.83687pt x 835.35796pt.
File: images/granada.jpg Graphic file (type jpg)
<use images/granada.jpg>
Package pdftex.def Info: images/granada.jpg  used on input line 92.
(pdftex.def)             Requested size: 597.48465pt x 336.08511pt.
 [12

 <../Tema 2.pdf>]
<../Tema 2.pdf, id=7324, page=3, 558.674pt x 785.89386pt>
File: ../Tema 2.pdf Graphic file (type pdf)
<use ../Tema 2.pdf, page 3>
Package pdftex.def Info: ../Tema 2.pdf , page3 used on input line 92.
(pdftex.def)             Requested size: 593.83687pt x 835.35796pt.
File: ../Tema 2.pdf Graphic file (type pdf)
<use ../Tema 2.pdf, page 3>
Package pdftex.def Info: ../Tema 2.pdf , page3 used on input line 92.
(pdftex.def)             Requested size: 593.83687pt x 835.35796pt.
File: ../Tema 2.pdf Graphic file (type pdf)
<use ../Tema 2.pdf, page 3>
Package pdftex.def Info: ../Tema 2.pdf , page3 used on input line 92.
(pdftex.def)             Requested size: 593.83687pt x 835.35796pt.
File: images/granada.jpg Graphic file (type jpg)
<use images/granada.jpg>
Package pdftex.def Info: images/granada.jpg  used on input line 92.
(pdftex.def)             Requested size: 597.48465pt x 336.08511pt.
 [13

 <../Tema 2.pdf>]
<../Tema 3.pdf, id=8111, 558.83653pt x 795.40901pt>
File: ../Tema 3.pdf Graphic file (type pdf)
<use ../Tema 3.pdf>
Package pdftex.def Info: ../Tema 3.pdf  used on input line 95.
(pdftex.def)             Requested size: 558.83517pt x 795.40706pt.
File: ../Tema 3.pdf Graphic file (type pdf)
<use ../Tema 3.pdf>
Package pdftex.def Info: ../Tema 3.pdf  used on input line 95.
(pdftex.def)             Requested size: 558.83517pt x 795.40706pt.
<../Tema 3.pdf, id=8114, page=1, 558.83653pt x 795.40901pt>
File: ../Tema 3.pdf Graphic file (type pdf)
<use ../Tema 3.pdf, page 1>
Package pdftex.def Info: ../Tema 3.pdf , page1 used on input line 95.
(pdftex.def)             Requested size: 558.83517pt x 795.40706pt.
File: ../Tema 3.pdf Graphic file (type pdf)
<use ../Tema 3.pdf, page 1>
Package pdftex.def Info: ../Tema 3.pdf , page1 used on input line 95.
(pdftex.def)             Requested size: 594.00966pt x 845.47197pt.
File: images/granada.jpg Graphic file (type jpg)
<use images/granada.jpg>
Package pdftex.def Info: images/granada.jpg  used on input line 95.
(pdftex.def)             Requested size: 597.48465pt x 336.08511pt.
 [14]
File: ../Tema 3.pdf Graphic file (type pdf)
<use ../Tema 3.pdf, page 1>
Package pdftex.def Info: ../Tema 3.pdf , page1 used on input line 95.
(pdftex.def)             Requested size: 594.00966pt x 845.47197pt.
File: ../Tema 3.pdf Graphic file (type pdf)
<use ../Tema 3.pdf, page 1>
Package pdftex.def Info: ../Tema 3.pdf , page1 used on input line 95.
(pdftex.def)             Requested size: 594.00966pt x 845.47197pt.
File: ../Tema 3.pdf Graphic file (type pdf)
<use ../Tema 3.pdf, page 1>
Package pdftex.def Info: ../Tema 3.pdf , page1 used on input line 95.
(pdftex.def)             Requested size: 594.00966pt x 845.47197pt.
File: images/granada.jpg Graphic file (type jpg)
<use images/granada.jpg>
Package pdftex.def Info: images/granada.jpg  used on input line 95.
(pdftex.def)             Requested size: 597.48465pt x 336.08511pt.
 [15

 <../Tema 3.pdf>]
<../Tema 3.pdf, id=8761, page=2, 558.674pt x 785.89386pt>
File: ../Tema 3.pdf Graphic file (type pdf)
<use ../Tema 3.pdf, page 2>
Package pdftex.def Info: ../Tema 3.pdf , page2 used on input line 95.
(pdftex.def)             Requested size: 593.83687pt x 835.35796pt.
File: ../Tema 3.pdf Graphic file (type pdf)
<use ../Tema 3.pdf, page 2>
Package pdftex.def Info: ../Tema 3.pdf , page2 used on input line 95.
(pdftex.def)             Requested size: 593.83687pt x 835.35796pt.
File: ../Tema 3.pdf Graphic file (type pdf)
<use ../Tema 3.pdf, page 2>
Package pdftex.def Info: ../Tema 3.pdf , page2 used on input line 95.
(pdftex.def)             Requested size: 593.83687pt x 835.35796pt.
File: images/granada.jpg Graphic file (type jpg)
<use images/granada.jpg>
Package pdftex.def Info: images/granada.jpg  used on input line 95.
(pdftex.def)             Requested size: 597.48465pt x 336.08511pt.
 [16

 <../Tema 3.pdf>]
<../Tema 3.pdf, id=9884, page=3, 558.674pt x 785.89386pt>
File: ../Tema 3.pdf Graphic file (type pdf)
<use ../Tema 3.pdf, page 3>
Package pdftex.def Info: ../Tema 3.pdf , page3 used on input line 95.
(pdftex.def)             Requested size: 593.83687pt x 835.35796pt.
File: ../Tema 3.pdf Graphic file (type pdf)
<use ../Tema 3.pdf, page 3>
Package pdftex.def Info: ../Tema 3.pdf , page3 used on input line 95.
(pdftex.def)             Requested size: 593.83687pt x 835.35796pt.
File: ../Tema 3.pdf Graphic file (type pdf)
<use ../Tema 3.pdf, page 3>
Package pdftex.def Info: ../Tema 3.pdf , page3 used on input line 95.
(pdftex.def)             Requested size: 593.83687pt x 835.35796pt.
File: images/granada.jpg Graphic file (type jpg)
<use images/granada.jpg>
Package pdftex.def Info: images/granada.jpg  used on input line 95.
(pdftex.def)             Requested size: 597.48465pt x 336.08511pt.
 [17

 <../Tema 3.pdf>]
<../Tema 3.pdf, id=10404, page=4, 558.83653pt x 795.40901pt>
File: ../Tema 3.pdf Graphic file (type pdf)
<use ../Tema 3.pdf, page 4>
Package pdftex.def Info: ../Tema 3.pdf , page4 used on input line 95.
(pdftex.def)             Requested size: 594.00966pt x 845.47197pt.
File: ../Tema 3.pdf Graphic file (type pdf)
<use ../Tema 3.pdf, page 4>
Package pdftex.def Info: ../Tema 3.pdf , page4 used on input line 95.
(pdftex.def)             Requested size: 594.00966pt x 845.47197pt.
File: ../Tema 3.pdf Graphic file (type pdf)
<use ../Tema 3.pdf, page 4>
Package pdftex.def Info: ../Tema 3.pdf , page4 used on input line 95.
(pdftex.def)             Requested size: 594.00966pt x 845.47197pt.
File: images/granada.jpg Graphic file (type jpg)
<use images/granada.jpg>
Package pdftex.def Info: images/granada.jpg  used on input line 95.
(pdftex.def)             Requested size: 597.48465pt x 336.08511pt.
 [18

 <../Tema 3.pdf>]
<../Tema 4.pdf, id=11352, 558.83653pt x 795.40901pt>
File: ../Tema 4.pdf Graphic file (type pdf)
<use ../Tema 4.pdf>
Package pdftex.def Info: ../Tema 4.pdf  used on input line 98.
(pdftex.def)             Requested size: 558.83517pt x 795.40706pt.
File: ../Tema 4.pdf Graphic file (type pdf)
<use ../Tema 4.pdf>
Package pdftex.def Info: ../Tema 4.pdf  used on input line 98.
(pdftex.def)             Requested size: 558.83517pt x 795.40706pt.
<../Tema 4.pdf, id=11355, page=1, 558.83653pt x 795.40901pt>
File: ../Tema 4.pdf Graphic file (type pdf)
<use ../Tema 4.pdf, page 1>
Package pdftex.def Info: ../Tema 4.pdf , page1 used on input line 98.
(pdftex.def)             Requested size: 558.83517pt x 795.40706pt.
File: ../Tema 4.pdf Graphic file (type pdf)
<use ../Tema 4.pdf, page 1>
Package pdftex.def Info: ../Tema 4.pdf , page1 used on input line 98.
(pdftex.def)             Requested size: 594.00966pt x 845.47197pt.
File: images/granada.jpg Graphic file (type jpg)
<use images/granada.jpg>
Package pdftex.def Info: images/granada.jpg  used on input line 98.
(pdftex.def)             Requested size: 597.48465pt x 336.08511pt.
 [19]
File: ../Tema 4.pdf Graphic file (type pdf)
<use ../Tema 4.pdf, page 1>
Package pdftex.def Info: ../Tema 4.pdf , page1 used on input line 98.
(pdftex.def)             Requested size: 594.00966pt x 845.47197pt.
File: ../Tema 4.pdf Graphic file (type pdf)
<use ../Tema 4.pdf, page 1>
Package pdftex.def Info: ../Tema 4.pdf , page1 used on input line 98.
(pdftex.def)             Requested size: 594.00966pt x 845.47197pt.
File: ../Tema 4.pdf Graphic file (type pdf)
<use ../Tema 4.pdf, page 1>
Package pdftex.def Info: ../Tema 4.pdf , page1 used on input line 98.
(pdftex.def)             Requested size: 594.00966pt x 845.47197pt.
File: images/granada.jpg Graphic file (type jpg)
<use images/granada.jpg>
Package pdftex.def Info: images/granada.jpg  used on input line 98.
(pdftex.def)             Requested size: 597.48465pt x 336.08511pt.
 [20

 <../Tema 4.pdf>]
<../Tema 4.pdf, id=12394, page=2, 558.674pt x 785.89386pt>
File: ../Tema 4.pdf Graphic file (type pdf)
<use ../Tema 4.pdf, page 2>
Package pdftex.def Info: ../Tema 4.pdf , page2 used on input line 98.
(pdftex.def)             Requested size: 593.83687pt x 835.35796pt.
File: ../Tema 4.pdf Graphic file (type pdf)
<use ../Tema 4.pdf, page 2>
Package pdftex.def Info: ../Tema 4.pdf , page2 used on input line 98.
(pdftex.def)             Requested size: 593.83687pt x 835.35796pt.
File: ../Tema 4.pdf Graphic file (type pdf)
<use ../Tema 4.pdf, page 2>
Package pdftex.def Info: ../Tema 4.pdf , page2 used on input line 98.
(pdftex.def)             Requested size: 593.83687pt x 835.35796pt.
File: images/granada.jpg Graphic file (type jpg)
<use images/granada.jpg>
Package pdftex.def Info: images/granada.jpg  used on input line 98.
(pdftex.def)             Requested size: 597.48465pt x 336.08511pt.
 [21

 <../Tema 4.pdf>]
<../Tema 4.pdf, id=13237, page=3, 558.674pt x 785.89386pt>
File: ../Tema 4.pdf Graphic file (type pdf)
<use ../Tema 4.pdf, page 3>
Package pdftex.def Info: ../Tema 4.pdf , page3 used on input line 98.
(pdftex.def)             Requested size: 593.83687pt x 835.35796pt.
File: ../Tema 4.pdf Graphic file (type pdf)
<use ../Tema 4.pdf, page 3>
Package pdftex.def Info: ../Tema 4.pdf , page3 used on input line 98.
(pdftex.def)             Requested size: 593.83687pt x 835.35796pt.
File: ../Tema 4.pdf Graphic file (type pdf)
<use ../Tema 4.pdf, page 3>
Package pdftex.def Info: ../Tema 4.pdf , page3 used on input line 98.
(pdftex.def)             Requested size: 593.83687pt x 835.35796pt.
File: images/granada.jpg Graphic file (type jpg)
<use images/granada.jpg>
Package pdftex.def Info: images/granada.jpg  used on input line 98.
(pdftex.def)             Requested size: 597.48465pt x 336.08511pt.
 [22

 <../Tema 4.pdf>]
<../Tema 4.pdf, id=14264, page=4, 558.83653pt x 795.40901pt>
File: ../Tema 4.pdf Graphic file (type pdf)
<use ../Tema 4.pdf, page 4>
Package pdftex.def Info: ../Tema 4.pdf , page4 used on input line 98.
(pdftex.def)             Requested size: 594.00966pt x 845.47197pt.
File: ../Tema 4.pdf Graphic file (type pdf)
<use ../Tema 4.pdf, page 4>
Package pdftex.def Info: ../Tema 4.pdf , page4 used on input line 98.
(pdftex.def)             Requested size: 594.00966pt x 845.47197pt.
File: ../Tema 4.pdf Graphic file (type pdf)
<use ../Tema 4.pdf, page 4>
Package pdftex.def Info: ../Tema 4.pdf , page4 used on input line 98.
(pdftex.def)             Requested size: 594.00966pt x 845.47197pt.
File: images/granada.jpg Graphic file (type jpg)
<use images/granada.jpg>
Package pdftex.def Info: images/granada.jpg  used on input line 98.
(pdftex.def)             Requested size: 597.48465pt x 336.08511pt.
 [23

 <../Tema 4.pdf>]
<../Tema 4.pdf, id=15240, page=5, 558.674pt x 785.89386pt>
File: ../Tema 4.pdf Graphic file (type pdf)
<use ../Tema 4.pdf, page 5>
Package pdftex.def Info: ../Tema 4.pdf , page5 used on input line 98.
(pdftex.def)             Requested size: 593.83687pt x 835.35796pt.
File: ../Tema 4.pdf Graphic file (type pdf)
<use ../Tema 4.pdf, page 5>
Package pdftex.def Info: ../Tema 4.pdf , page5 used on input line 98.
(pdftex.def)             Requested size: 593.83687pt x 835.35796pt.
File: ../Tema 4.pdf Graphic file (type pdf)
<use ../Tema 4.pdf, page 5>
Package pdftex.def Info: ../Tema 4.pdf , page5 used on input line 98.
(pdftex.def)             Requested size: 593.83687pt x 835.35796pt.
File: images/granada.jpg Graphic file (type jpg)
<use images/granada.jpg>
Package pdftex.def Info: images/granada.jpg  used on input line 98.
(pdftex.def)             Requested size: 597.48465pt x 336.08511pt.
 [24

 <../Tema 4.pdf>]
<../Tema 4.pdf, id=15710, page=6, 558.674pt x 785.89386pt>
File: ../Tema 4.pdf Graphic file (type pdf)
<use ../Tema 4.pdf, page 6>
Package pdftex.def Info: ../Tema 4.pdf , page6 used on input line 98.
(pdftex.def)             Requested size: 593.83687pt x 835.35796pt.
File: ../Tema 4.pdf Graphic file (type pdf)
<use ../Tema 4.pdf, page 6>
Package pdftex.def Info: ../Tema 4.pdf , page6 used on input line 98.
(pdftex.def)             Requested size: 593.83687pt x 835.35796pt.
File: ../Tema 4.pdf Graphic file (type pdf)
<use ../Tema 4.pdf, page 6>
Package pdftex.def Info: ../Tema 4.pdf , page6 used on input line 98.
(pdftex.def)             Requested size: 593.83687pt x 835.35796pt.
File: images/granada.jpg Graphic file (type jpg)
<use images/granada.jpg>
Package pdftex.def Info: images/granada.jpg  used on input line 98.
(pdftex.def)             Requested size: 597.48465pt x 336.08511pt.
 [25

 <../Tema 4.pdf>]
<../Tema 5.pdf, id=16262, 558.83653pt x 795.40901pt>
File: ../Tema 5.pdf Graphic file (type pdf)
<use ../Tema 5.pdf>
Package pdftex.def Info: ../Tema 5.pdf  used on input line 101.
(pdftex.def)             Requested size: 558.83517pt x 795.40706pt.
File: ../Tema 5.pdf Graphic file (type pdf)
<use ../Tema 5.pdf>
Package pdftex.def Info: ../Tema 5.pdf  used on input line 101.
(pdftex.def)             Requested size: 558.83517pt x 795.40706pt.
<../Tema 5.pdf, id=16265, page=1, 558.83653pt x 795.40901pt>
File: ../Tema 5.pdf Graphic file (type pdf)
<use ../Tema 5.pdf, page 1>
Package pdftex.def Info: ../Tema 5.pdf , page1 used on input line 101.
(pdftex.def)             Requested size: 558.83517pt x 795.40706pt.
File: ../Tema 5.pdf Graphic file (type pdf)
<use ../Tema 5.pdf, page 1>
Package pdftex.def Info: ../Tema 5.pdf , page1 used on input line 101.
(pdftex.def)             Requested size: 594.00966pt x 845.47197pt.
File: images/granada.jpg Graphic file (type jpg)
<use images/granada.jpg>
Package pdftex.def Info: images/granada.jpg  used on input line 101.
(pdftex.def)             Requested size: 597.48465pt x 336.08511pt.
 [26]
File: ../Tema 5.pdf Graphic file (type pdf)
<use ../Tema 5.pdf, page 1>
Package pdftex.def Info: ../Tema 5.pdf , page1 used on input line 101.
(pdftex.def)             Requested size: 594.00966pt x 845.47197pt.
File: ../Tema 5.pdf Graphic file (type pdf)
<use ../Tema 5.pdf, page 1>
Package pdftex.def Info: ../Tema 5.pdf , page1 used on input line 101.
(pdftex.def)             Requested size: 594.00966pt x 845.47197pt.
File: ../Tema 5.pdf Graphic file (type pdf)
<use ../Tema 5.pdf, page 1>
Package pdftex.def Info: ../Tema 5.pdf , page1 used on input line 101.
(pdftex.def)             Requested size: 594.00966pt x 845.47197pt.
File: images/granada.jpg Graphic file (type jpg)
<use images/granada.jpg>
Package pdftex.def Info: images/granada.jpg  used on input line 101.
(pdftex.def)             Requested size: 597.48465pt x 336.08511pt.
 [27

 <../Tema 5.pdf>]
<../Tema 5.pdf, id=16288, page=2, 558.674pt x 785.89386pt>
File: ../Tema 5.pdf Graphic file (type pdf)
<use ../Tema 5.pdf, page 2>
Package pdftex.def Info: ../Tema 5.pdf , page2 used on input line 101.
(pdftex.def)             Requested size: 593.83687pt x 835.35796pt.
File: ../Tema 5.pdf Graphic file (type pdf)
<use ../Tema 5.pdf, page 2>
Package pdftex.def Info: ../Tema 5.pdf , page2 used on input line 101.
(pdftex.def)             Requested size: 593.83687pt x 835.35796pt.
File: ../Tema 5.pdf Graphic file (type pdf)
<use ../Tema 5.pdf, page 2>
Package pdftex.def Info: ../Tema 5.pdf , page2 used on input line 101.
(pdftex.def)             Requested size: 593.83687pt x 835.35796pt.
File: images/granada.jpg Graphic file (type jpg)
<use images/granada.jpg>
Package pdftex.def Info: images/granada.jpg  used on input line 101.
(pdftex.def)             Requested size: 597.48465pt x 336.08511pt.
 [28

 <../Tema 5.pdf>]
<../Tema 5.pdf, id=16294, page=3, 558.674pt x 785.89386pt>
File: ../Tema 5.pdf Graphic file (type pdf)
<use ../Tema 5.pdf, page 3>
Package pdftex.def Info: ../Tema 5.pdf , page3 used on input line 101.
(pdftex.def)             Requested size: 593.83687pt x 835.35796pt.
File: ../Tema 5.pdf Graphic file (type pdf)
<use ../Tema 5.pdf, page 3>
Package pdftex.def Info: ../Tema 5.pdf , page3 used on input line 101.
(pdftex.def)             Requested size: 593.83687pt x 835.35796pt.
File: ../Tema 5.pdf Graphic file (type pdf)
<use ../Tema 5.pdf, page 3>
Package pdftex.def Info: ../Tema 5.pdf , page3 used on input line 101.
(pdftex.def)             Requested size: 593.83687pt x 835.35796pt.
File: images/granada.jpg Graphic file (type jpg)
<use images/granada.jpg>
Package pdftex.def Info: images/granada.jpg  used on input line 101.
(pdftex.def)             Requested size: 597.48465pt x 336.08511pt.
 [29

 <../Tema 5.pdf>]
<../Tema 5.pdf, id=16300, page=4, 558.83653pt x 795.40901pt>
File: ../Tema 5.pdf Graphic file (type pdf)
<use ../Tema 5.pdf, page 4>
Package pdftex.def Info: ../Tema 5.pdf , page4 used on input line 101.
(pdftex.def)             Requested size: 594.00966pt x 845.47197pt.
File: ../Tema 5.pdf Graphic file (type pdf)
<use ../Tema 5.pdf, page 4>
Package pdftex.def Info: ../Tema 5.pdf , page4 used on input line 101.
(pdftex.def)             Requested size: 594.00966pt x 845.47197pt.
File: ../Tema 5.pdf Graphic file (type pdf)
<use ../Tema 5.pdf, page 4>
Package pdftex.def Info: ../Tema 5.pdf , page4 used on input line 101.
(pdftex.def)             Requested size: 594.00966pt x 845.47197pt.
File: images/granada.jpg Graphic file (type jpg)
<use images/granada.jpg>
Package pdftex.def Info: images/granada.jpg  used on input line 101.
(pdftex.def)             Requested size: 597.48465pt x 336.08511pt.
 [30

 <../Tema 5.pdf>]
<../Tema 5.pdf, id=16306, page=5, 558.674pt x 785.89386pt>
File: ../Tema 5.pdf Graphic file (type pdf)
<use ../Tema 5.pdf, page 5>
Package pdftex.def Info: ../Tema 5.pdf , page5 used on input line 101.
(pdftex.def)             Requested size: 593.83687pt x 835.35796pt.
File: ../Tema 5.pdf Graphic file (type pdf)
<use ../Tema 5.pdf, page 5>
Package pdftex.def Info: ../Tema 5.pdf , page5 used on input line 101.
(pdftex.def)             Requested size: 593.83687pt x 835.35796pt.
File: ../Tema 5.pdf Graphic file (type pdf)
<use ../Tema 5.pdf, page 5>
Package pdftex.def Info: ../Tema 5.pdf , page5 used on input line 101.
(pdftex.def)             Requested size: 593.83687pt x 835.35796pt.
File: images/granada.jpg Graphic file (type jpg)
<use images/granada.jpg>
Package pdftex.def Info: images/granada.jpg  used on input line 101.
(pdftex.def)             Requested size: 597.48465pt x 336.08511pt.
 [31

 <../Tema 5.pdf>]
<../Tema 6.pdf, id=16313, 558.83653pt x 795.40901pt>
File: ../Tema 6.pdf Graphic file (type pdf)
<use ../Tema 6.pdf>
Package pdftex.def Info: ../Tema 6.pdf  used on input line 104.
(pdftex.def)             Requested size: 558.83517pt x 795.40706pt.
File: ../Tema 6.pdf Graphic file (type pdf)
<use ../Tema 6.pdf>
Package pdftex.def Info: ../Tema 6.pdf  used on input line 104.
(pdftex.def)             Requested size: 558.83517pt x 795.40706pt.
<../Tema 6.pdf, id=16316, page=1, 558.83653pt x 795.40901pt>
File: ../Tema 6.pdf Graphic file (type pdf)
<use ../Tema 6.pdf, page 1>
Package pdftex.def Info: ../Tema 6.pdf , page1 used on input line 104.
(pdftex.def)             Requested size: 558.83517pt x 795.40706pt.
File: ../Tema 6.pdf Graphic file (type pdf)
<use ../Tema 6.pdf, page 1>
Package pdftex.def Info: ../Tema 6.pdf , page1 used on input line 104.
(pdftex.def)             Requested size: 594.00966pt x 845.47197pt.
File: images/granada.jpg Graphic file (type jpg)
<use images/granada.jpg>
Package pdftex.def Info: images/granada.jpg  used on input line 104.
(pdftex.def)             Requested size: 597.48465pt x 336.08511pt.
 [32]
File: ../Tema 6.pdf Graphic file (type pdf)
<use ../Tema 6.pdf, page 1>
Package pdftex.def Info: ../Tema 6.pdf , page1 used on input line 104.
(pdftex.def)             Requested size: 594.00966pt x 845.47197pt.
File: ../Tema 6.pdf Graphic file (type pdf)
<use ../Tema 6.pdf, page 1>
Package pdftex.def Info: ../Tema 6.pdf , page1 used on input line 104.
(pdftex.def)             Requested size: 594.00966pt x 845.47197pt.
File: ../Tema 6.pdf Graphic file (type pdf)
<use ../Tema 6.pdf, page 1>
Package pdftex.def Info: ../Tema 6.pdf , page1 used on input line 104.
(pdftex.def)             Requested size: 594.00966pt x 845.47197pt.
File: images/granada.jpg Graphic file (type jpg)
<use images/granada.jpg>
Package pdftex.def Info: images/granada.jpg  used on input line 104.
(pdftex.def)             Requested size: 597.48465pt x 336.08511pt.
 [33

 <../Tema 6.pdf>]
<../Tema 6.pdf, id=17058, page=2, 558.674pt x 785.89386pt>
File: ../Tema 6.pdf Graphic file (type pdf)
<use ../Tema 6.pdf, page 2>
Package pdftex.def Info: ../Tema 6.pdf , page2 used on input line 104.
(pdftex.def)             Requested size: 593.83687pt x 835.35796pt.
File: ../Tema 6.pdf Graphic file (type pdf)
<use ../Tema 6.pdf, page 2>
Package pdftex.def Info: ../Tema 6.pdf , page2 used on input line 104.
(pdftex.def)             Requested size: 593.83687pt x 835.35796pt.
File: ../Tema 6.pdf Graphic file (type pdf)
<use ../Tema 6.pdf, page 2>
Package pdftex.def Info: ../Tema 6.pdf , page2 used on input line 104.
(pdftex.def)             Requested size: 593.83687pt x 835.35796pt.
File: images/granada.jpg Graphic file (type jpg)
<use images/granada.jpg>
Package pdftex.def Info: images/granada.jpg  used on input line 104.
(pdftex.def)             Requested size: 597.48465pt x 336.08511pt.
 [34

 <../Tema 6.pdf>]
<../Tema 6.pdf, id=17856, page=3, 558.674pt x 785.89386pt>
File: ../Tema 6.pdf Graphic file (type pdf)
<use ../Tema 6.pdf, page 3>
Package pdftex.def Info: ../Tema 6.pdf , page3 used on input line 104.
(pdftex.def)             Requested size: 593.83687pt x 835.35796pt.
File: ../Tema 6.pdf Graphic file (type pdf)
<use ../Tema 6.pdf, page 3>
Package pdftex.def Info: ../Tema 6.pdf , page3 used on input line 104.
(pdftex.def)             Requested size: 593.83687pt x 835.35796pt.
File: ../Tema 6.pdf Graphic file (type pdf)
<use ../Tema 6.pdf, page 3>
Package pdftex.def Info: ../Tema 6.pdf , page3 used on input line 104.
(pdftex.def)             Requested size: 593.83687pt x 835.35796pt.
File: images/granada.jpg Graphic file (type jpg)
<use images/granada.jpg>
Package pdftex.def Info: images/granada.jpg  used on input line 104.
(pdftex.def)             Requested size: 597.48465pt x 336.08511pt.
 [35

 <../Tema 6.pdf>]
<../Tema 6.pdf, id=18895, page=4, 558.83653pt x 795.40901pt>
File: ../Tema 6.pdf Graphic file (type pdf)
<use ../Tema 6.pdf, page 4>
Package pdftex.def Info: ../Tema 6.pdf , page4 used on input line 104.
(pdftex.def)             Requested size: 594.00966pt x 845.47197pt.
File: ../Tema 6.pdf Graphic file (type pdf)
<use ../Tema 6.pdf, page 4>
Package pdftex.def Info: ../Tema 6.pdf , page4 used on input line 104.
(pdftex.def)             Requested size: 594.00966pt x 845.47197pt.
File: ../Tema 6.pdf Graphic file (type pdf)
<use ../Tema 6.pdf, page 4>
Package pdftex.def Info: ../Tema 6.pdf , page4 used on input line 104.
(pdftex.def)             Requested size: 594.00966pt x 845.47197pt.
File: images/granada.jpg Graphic file (type jpg)
<use images/granada.jpg>
Package pdftex.def Info: images/granada.jpg  used on input line 104.
(pdftex.def)             Requested size: 597.48465pt x 336.08511pt.
 [36

 <../Tema 6.pdf>]
<../Tema 6.pdf, id=19757, page=5, 558.674pt x 785.89386pt>
File: ../Tema 6.pdf Graphic file (type pdf)
<use ../Tema 6.pdf, page 5>
Package pdftex.def Info: ../Tema 6.pdf , page5 used on input line 104.
(pdftex.def)             Requested size: 593.83687pt x 835.35796pt.
File: ../Tema 6.pdf Graphic file (type pdf)
<use ../Tema 6.pdf, page 5>
Package pdftex.def Info: ../Tema 6.pdf , page5 used on input line 104.
(pdftex.def)             Requested size: 593.83687pt x 835.35796pt.
File: ../Tema 6.pdf Graphic file (type pdf)
<use ../Tema 6.pdf, page 5>
Package pdftex.def Info: ../Tema 6.pdf , page5 used on input line 104.
(pdftex.def)             Requested size: 593.83687pt x 835.35796pt.
File: images/granada.jpg Graphic file (type jpg)
<use images/granada.jpg>
Package pdftex.def Info: images/granada.jpg  used on input line 104.
(pdftex.def)             Requested size: 597.48465pt x 336.08511pt.
 [37

 <../Tema 6.pdf>]
<../Tema 6.pdf, id=20807, page=6, 558.674pt x 785.89386pt>
File: ../Tema 6.pdf Graphic file (type pdf)
<use ../Tema 6.pdf, page 6>
Package pdftex.def Info: ../Tema 6.pdf , page6 used on input line 104.
(pdftex.def)             Requested size: 593.83687pt x 835.35796pt.
File: ../Tema 6.pdf Graphic file (type pdf)
<use ../Tema 6.pdf, page 6>
Package pdftex.def Info: ../Tema 6.pdf , page6 used on input line 104.
(pdftex.def)             Requested size: 593.83687pt x 835.35796pt.
File: ../Tema 6.pdf Graphic file (type pdf)
<use ../Tema 6.pdf, page 6>
Package pdftex.def Info: ../Tema 6.pdf , page6 used on input line 104.
(pdftex.def)             Requested size: 593.83687pt x 835.35796pt.
File: images/granada.jpg Graphic file (type jpg)
<use images/granada.jpg>
Package pdftex.def Info: images/granada.jpg  used on input line 104.
(pdftex.def)             Requested size: 597.48465pt x 336.08511pt.
 [38

 <../Tema 6.pdf>]
<../Tema 7.pdf, id=21222, 558.83653pt x 795.40901pt>
File: ../Tema 7.pdf Graphic file (type pdf)
<use ../Tema 7.pdf>
Package pdftex.def Info: ../Tema 7.pdf  used on input line 107.
(pdftex.def)             Requested size: 558.83517pt x 795.40706pt.
File: ../Tema 7.pdf Graphic file (type pdf)
<use ../Tema 7.pdf>
Package pdftex.def Info: ../Tema 7.pdf  used on input line 107.
(pdftex.def)             Requested size: 558.83517pt x 795.40706pt.
<../Tema 7.pdf, id=21225, page=1, 558.83653pt x 795.40901pt>
File: ../Tema 7.pdf Graphic file (type pdf)
<use ../Tema 7.pdf, page 1>
Package pdftex.def Info: ../Tema 7.pdf , page1 used on input line 107.
(pdftex.def)             Requested size: 558.83517pt x 795.40706pt.
File: ../Tema 7.pdf Graphic file (type pdf)
<use ../Tema 7.pdf, page 1>
Package pdftex.def Info: ../Tema 7.pdf , page1 used on input line 107.
(pdftex.def)             Requested size: 594.00966pt x 845.47197pt.
File: images/granada.jpg Graphic file (type jpg)
<use images/granada.jpg>
Package pdftex.def Info: images/granada.jpg  used on input line 107.
(pdftex.def)             Requested size: 597.48465pt x 336.08511pt.
 [39]
File: ../Tema 7.pdf Graphic file (type pdf)
<use ../Tema 7.pdf, page 1>
Package pdftex.def Info: ../Tema 7.pdf , page1 used on input line 107.
(pdftex.def)             Requested size: 594.00966pt x 845.47197pt.
File: ../Tema 7.pdf Graphic file (type pdf)
<use ../Tema 7.pdf, page 1>
Package pdftex.def Info: ../Tema 7.pdf , page1 used on input line 107.
(pdftex.def)             Requested size: 594.00966pt x 845.47197pt.
File: ../Tema 7.pdf Graphic file (type pdf)
<use ../Tema 7.pdf, page 1>
Package pdftex.def Info: ../Tema 7.pdf , page1 used on input line 107.
(pdftex.def)             Requested size: 594.00966pt x 845.47197pt.
File: images/granada.jpg Graphic file (type jpg)
<use images/granada.jpg>
Package pdftex.def Info: images/granada.jpg  used on input line 107.
(pdftex.def)             Requested size: 597.48465pt x 336.08511pt.
 [40

 <../Tema 7.pdf>]
<../Tema 7.pdf, id=22285, page=2, 558.674pt x 785.89386pt>
File: ../Tema 7.pdf Graphic file (type pdf)
<use ../Tema 7.pdf, page 2>
Package pdftex.def Info: ../Tema 7.pdf , page2 used on input line 107.
(pdftex.def)             Requested size: 593.83687pt x 835.35796pt.
File: ../Tema 7.pdf Graphic file (type pdf)
<use ../Tema 7.pdf, page 2>
Package pdftex.def Info: ../Tema 7.pdf , page2 used on input line 107.
(pdftex.def)             Requested size: 593.83687pt x 835.35796pt.
File: ../Tema 7.pdf Graphic file (type pdf)
<use ../Tema 7.pdf, page 2>
Package pdftex.def Info: ../Tema 7.pdf , page2 used on input line 107.
(pdftex.def)             Requested size: 593.83687pt x 835.35796pt.
File: images/granada.jpg Graphic file (type jpg)
<use images/granada.jpg>
Package pdftex.def Info: images/granada.jpg  used on input line 107.
(pdftex.def)             Requested size: 597.48465pt x 336.08511pt.
 [41

 <../Tema 7.pdf>]
<../Tema 7.pdf, id=23459, page=3, 558.674pt x 785.89386pt>
File: ../Tema 7.pdf Graphic file (type pdf)
<use ../Tema 7.pdf, page 3>
Package pdftex.def Info: ../Tema 7.pdf , page3 used on input line 107.
(pdftex.def)             Requested size: 593.83687pt x 835.35796pt.
File: ../Tema 7.pdf Graphic file (type pdf)
<use ../Tema 7.pdf, page 3>
Package pdftex.def Info: ../Tema 7.pdf , page3 used on input line 107.
(pdftex.def)             Requested size: 593.83687pt x 835.35796pt.
File: ../Tema 7.pdf Graphic file (type pdf)
<use ../Tema 7.pdf, page 3>
Package pdftex.def Info: ../Tema 7.pdf , page3 used on input line 107.
(pdftex.def)             Requested size: 593.83687pt x 835.35796pt.
File: images/granada.jpg Graphic file (type jpg)
<use images/granada.jpg>
Package pdftex.def Info: images/granada.jpg  used on input line 107.
(pdftex.def)             Requested size: 597.48465pt x 336.08511pt.
 [42

 <../Tema 7.pdf>]
<../Tema 7.pdf, id=24328, page=4, 558.83653pt x 795.40901pt>
File: ../Tema 7.pdf Graphic file (type pdf)
<use ../Tema 7.pdf, page 4>
Package pdftex.def Info: ../Tema 7.pdf , page4 used on input line 107.
(pdftex.def)             Requested size: 594.00966pt x 845.47197pt.
File: ../Tema 7.pdf Graphic file (type pdf)
<use ../Tema 7.pdf, page 4>
Package pdftex.def Info: ../Tema 7.pdf , page4 used on input line 107.
(pdftex.def)             Requested size: 594.00966pt x 845.47197pt.
File: ../Tema 7.pdf Graphic file (type pdf)
<use ../Tema 7.pdf, page 4>
Package pdftex.def Info: ../Tema 7.pdf , page4 used on input line 107.
(pdftex.def)             Requested size: 594.00966pt x 845.47197pt.
File: images/granada.jpg Graphic file (type jpg)
<use images/granada.jpg>
Package pdftex.def Info: images/granada.jpg  used on input line 107.
(pdftex.def)             Requested size: 597.48465pt x 336.08511pt.
 [43

 <../Tema 7.pdf>]
<../Tema 7.pdf, id=25178, page=5, 558.674pt x 785.89386pt>
File: ../Tema 7.pdf Graphic file (type pdf)
<use ../Tema 7.pdf, page 5>
Package pdftex.def Info: ../Tema 7.pdf , page5 used on input line 107.
(pdftex.def)             Requested size: 593.83687pt x 835.35796pt.
File: ../Tema 7.pdf Graphic file (type pdf)
<use ../Tema 7.pdf, page 5>
Package pdftex.def Info: ../Tema 7.pdf , page5 used on input line 107.
(pdftex.def)             Requested size: 593.83687pt x 835.35796pt.
File: ../Tema 7.pdf Graphic file (type pdf)
<use ../Tema 7.pdf, page 5>
Package pdftex.def Info: ../Tema 7.pdf , page5 used on input line 107.
(pdftex.def)             Requested size: 593.83687pt x 835.35796pt.
File: images/granada.jpg Graphic file (type jpg)
<use images/granada.jpg>
Package pdftex.def Info: images/granada.jpg  used on input line 107.
(pdftex.def)             Requested size: 597.48465pt x 336.08511pt.
 [44

 <../Tema 7.pdf>]
<../Tema 8.pdf, id=26134, 558.83653pt x 795.40901pt>
File: ../Tema 8.pdf Graphic file (type pdf)
<use ../Tema 8.pdf>
Package pdftex.def Info: ../Tema 8.pdf  used on input line 110.
(pdftex.def)             Requested size: 558.83517pt x 795.40706pt.
File: ../Tema 8.pdf Graphic file (type pdf)
<use ../Tema 8.pdf>
Package pdftex.def Info: ../Tema 8.pdf  used on input line 110.
(pdftex.def)             Requested size: 558.83517pt x 795.40706pt.
<../Tema 8.pdf, id=26137, page=1, 558.83653pt x 795.40901pt>
File: ../Tema 8.pdf Graphic file (type pdf)
<use ../Tema 8.pdf, page 1>
Package pdftex.def Info: ../Tema 8.pdf , page1 used on input line 110.
(pdftex.def)             Requested size: 558.83517pt x 795.40706pt.
File: ../Tema 8.pdf Graphic file (type pdf)
<use ../Tema 8.pdf, page 1>
Package pdftex.def Info: ../Tema 8.pdf , page1 used on input line 110.
(pdftex.def)             Requested size: 594.00966pt x 845.47197pt.
File: images/granada.jpg Graphic file (type jpg)
<use images/granada.jpg>
Package pdftex.def Info: images/granada.jpg  used on input line 110.
(pdftex.def)             Requested size: 597.48465pt x 336.08511pt.
 [45]
File: ../Tema 8.pdf Graphic file (type pdf)
<use ../Tema 8.pdf, page 1>
Package pdftex.def Info: ../Tema 8.pdf , page1 used on input line 110.
(pdftex.def)             Requested size: 594.00966pt x 845.47197pt.
File: ../Tema 8.pdf Graphic file (type pdf)
<use ../Tema 8.pdf, page 1>
Package pdftex.def Info: ../Tema 8.pdf , page1 used on input line 110.
(pdftex.def)             Requested size: 594.00966pt x 845.47197pt.
File: ../Tema 8.pdf Graphic file (type pdf)
<use ../Tema 8.pdf, page 1>
Package pdftex.def Info: ../Tema 8.pdf , page1 used on input line 110.
(pdftex.def)             Requested size: 594.00966pt x 845.47197pt.
File: images/granada.jpg Graphic file (type jpg)
<use images/granada.jpg>
Package pdftex.def Info: images/granada.jpg  used on input line 110.
(pdftex.def)             Requested size: 597.48465pt x 336.08511pt.
 [46

 <../Tema 8.pdf>]
<../Tema 8.pdf, id=27386, page=2, 558.674pt x 785.89386pt>
File: ../Tema 8.pdf Graphic file (type pdf)
<use ../Tema 8.pdf, page 2>
Package pdftex.def Info: ../Tema 8.pdf , page2 used on input line 110.
(pdftex.def)             Requested size: 593.83687pt x 835.35796pt.
File: ../Tema 8.pdf Graphic file (type pdf)
<use ../Tema 8.pdf, page 2>
Package pdftex.def Info: ../Tema 8.pdf , page2 used on input line 110.
(pdftex.def)             Requested size: 593.83687pt x 835.35796pt.
File: ../Tema 8.pdf Graphic file (type pdf)
<use ../Tema 8.pdf, page 2>
Package pdftex.def Info: ../Tema 8.pdf , page2 used on input line 110.
(pdftex.def)             Requested size: 593.83687pt x 835.35796pt.
File: images/granada.jpg Graphic file (type jpg)
<use images/granada.jpg>
Package pdftex.def Info: images/granada.jpg  used on input line 110.
(pdftex.def)             Requested size: 597.48465pt x 336.08511pt.
 [47

 <../Tema 8.pdf>]
<../Tema 8.pdf, id=28397, page=3, 558.674pt x 785.89386pt>
File: ../Tema 8.pdf Graphic file (type pdf)
<use ../Tema 8.pdf, page 3>
Package pdftex.def Info: ../Tema 8.pdf , page3 used on input line 110.
(pdftex.def)             Requested size: 593.83687pt x 835.35796pt.
File: ../Tema 8.pdf Graphic file (type pdf)
<use ../Tema 8.pdf, page 3>
Package pdftex.def Info: ../Tema 8.pdf , page3 used on input line 110.
(pdftex.def)             Requested size: 593.83687pt x 835.35796pt.
File: ../Tema 8.pdf Graphic file (type pdf)
<use ../Tema 8.pdf, page 3>
Package pdftex.def Info: ../Tema 8.pdf , page3 used on input line 110.
(pdftex.def)             Requested size: 593.83687pt x 835.35796pt.
File: images/granada.jpg Graphic file (type jpg)
<use images/granada.jpg>
Package pdftex.def Info: images/granada.jpg  used on input line 110.
(pdftex.def)             Requested size: 597.48465pt x 336.08511pt.
 [48

 <../Tema 8.pdf>]
<../Tema 8.pdf, id=29582, page=4, 558.83653pt x 795.40901pt>
File: ../Tema 8.pdf Graphic file (type pdf)
<use ../Tema 8.pdf, page 4>
Package pdftex.def Info: ../Tema 8.pdf , page4 used on input line 110.
(pdftex.def)             Requested size: 594.00966pt x 845.47197pt.
File: ../Tema 8.pdf Graphic file (type pdf)
<use ../Tema 8.pdf, page 4>
Package pdftex.def Info: ../Tema 8.pdf , page4 used on input line 110.
(pdftex.def)             Requested size: 594.00966pt x 845.47197pt.
File: ../Tema 8.pdf Graphic file (type pdf)
<use ../Tema 8.pdf, page 4>
Package pdftex.def Info: ../Tema 8.pdf , page4 used on input line 110.
(pdftex.def)             Requested size: 594.00966pt x 845.47197pt.
File: images/granada.jpg Graphic file (type jpg)
<use images/granada.jpg>
Package pdftex.def Info: images/granada.jpg  used on input line 110.
(pdftex.def)             Requested size: 597.48465pt x 336.08511pt.
 [49

 <../Tema 8.pdf>]
<../Tema 8.pdf, id=30439, page=5, 558.674pt x 785.89386pt>
File: ../Tema 8.pdf Graphic file (type pdf)
<use ../Tema 8.pdf, page 5>
Package pdftex.def Info: ../Tema 8.pdf , page5 used on input line 110.
(pdftex.def)             Requested size: 593.83687pt x 835.35796pt.
File: ../Tema 8.pdf Graphic file (type pdf)
<use ../Tema 8.pdf, page 5>
Package pdftex.def Info: ../Tema 8.pdf , page5 used on input line 110.
(pdftex.def)             Requested size: 593.83687pt x 835.35796pt.
File: ../Tema 8.pdf Graphic file (type pdf)
<use ../Tema 8.pdf, page 5>
Package pdftex.def Info: ../Tema 8.pdf , page5 used on input line 110.
(pdftex.def)             Requested size: 593.83687pt x 835.35796pt.
File: images/granada.jpg Graphic file (type jpg)
<use images/granada.jpg>
Package pdftex.def Info: images/granada.jpg  used on input line 110.
(pdftex.def)             Requested size: 597.48465pt x 336.08511pt.
 [50

 <../Tema 8.pdf>]
<../Tema 8.pdf, id=31166, page=6, 558.674pt x 785.89386pt>
File: ../Tema 8.pdf Graphic file (type pdf)
<use ../Tema 8.pdf, page 6>
Package pdftex.def Info: ../Tema 8.pdf , page6 used on input line 110.
(pdftex.def)             Requested size: 593.83687pt x 835.35796pt.
File: ../Tema 8.pdf Graphic file (type pdf)
<use ../Tema 8.pdf, page 6>
Package pdftex.def Info: ../Tema 8.pdf , page6 used on input line 110.
(pdftex.def)             Requested size: 593.83687pt x 835.35796pt.
File: ../Tema 8.pdf Graphic file (type pdf)
<use ../Tema 8.pdf, page 6>
Package pdftex.def Info: ../Tema 8.pdf , page6 used on input line 110.
(pdftex.def)             Requested size: 593.83687pt x 835.35796pt.
File: images/granada.jpg Graphic file (type jpg)
<use images/granada.jpg>
Package pdftex.def Info: images/granada.jpg  used on input line 110.
(pdftex.def)             Requested size: 597.48465pt x 336.08511pt.
 [51

 <../Tema 8.pdf>]
<../Tema 8.pdf, id=32108, page=7, 558.83653pt x 795.40901pt>
File: ../Tema 8.pdf Graphic file (type pdf)
<use ../Tema 8.pdf, page 7>
Package pdftex.def Info: ../Tema 8.pdf , page7 used on input line 110.
(pdftex.def)             Requested size: 594.00966pt x 845.47197pt.
File: ../Tema 8.pdf Graphic file (type pdf)
<use ../Tema 8.pdf, page 7>
Package pdftex.def Info: ../Tema 8.pdf , page7 used on input line 110.
(pdftex.def)             Requested size: 594.00966pt x 845.47197pt.
File: ../Tema 8.pdf Graphic file (type pdf)
<use ../Tema 8.pdf, page 7>
Package pdftex.def Info: ../Tema 8.pdf , page7 used on input line 110.
(pdftex.def)             Requested size: 594.00966pt x 845.47197pt.
File: images/granada.jpg Graphic file (type jpg)
<use images/granada.jpg>
Package pdftex.def Info: images/granada.jpg  used on input line 110.
(pdftex.def)             Requested size: 597.48465pt x 336.08511pt.
 [52

 <../Tema 8.pdf>]
<../Tema 9.pdf, id=32829, 558.83653pt x 795.40901pt>
File: ../Tema 9.pdf Graphic file (type pdf)
<use ../Tema 9.pdf>
Package pdftex.def Info: ../Tema 9.pdf  used on input line 113.
(pdftex.def)             Requested size: 558.83517pt x 795.40706pt.
File: ../Tema 9.pdf Graphic file (type pdf)
<use ../Tema 9.pdf>
Package pdftex.def Info: ../Tema 9.pdf  used on input line 113.
(pdftex.def)             Requested size: 558.83517pt x 795.40706pt.
<../Tema 9.pdf, id=32832, page=1, 558.83653pt x 795.40901pt>
File: ../Tema 9.pdf Graphic file (type pdf)
<use ../Tema 9.pdf, page 1>
Package pdftex.def Info: ../Tema 9.pdf , page1 used on input line 113.
(pdftex.def)             Requested size: 558.83517pt x 795.40706pt.
File: ../Tema 9.pdf Graphic file (type pdf)
<use ../Tema 9.pdf, page 1>
Package pdftex.def Info: ../Tema 9.pdf , page1 used on input line 113.
(pdftex.def)             Requested size: 594.00966pt x 845.47197pt.
File: images/granada.jpg Graphic file (type jpg)
<use images/granada.jpg>
Package pdftex.def Info: images/granada.jpg  used on input line 113.
(pdftex.def)             Requested size: 597.48465pt x 336.08511pt.
 [53]
File: ../Tema 9.pdf Graphic file (type pdf)
<use ../Tema 9.pdf, page 1>
Package pdftex.def Info: ../Tema 9.pdf , page1 used on input line 113.
(pdftex.def)             Requested size: 594.00966pt x 845.47197pt.
File: ../Tema 9.pdf Graphic file (type pdf)
<use ../Tema 9.pdf, page 1>
Package pdftex.def Info: ../Tema 9.pdf , page1 used on input line 113.
(pdftex.def)             Requested size: 594.00966pt x 845.47197pt.
File: ../Tema 9.pdf Graphic file (type pdf)
<use ../Tema 9.pdf, page 1>
Package pdftex.def Info: ../Tema 9.pdf , page1 used on input line 113.
(pdftex.def)             Requested size: 594.00966pt x 845.47197pt.
File: images/granada.jpg Graphic file (type jpg)
<use images/granada.jpg>
Package pdftex.def Info: images/granada.jpg  used on input line 113.
(pdftex.def)             Requested size: 597.48465pt x 336.08511pt.
 [54

 <../Tema 9.pdf>]
<../Tema 9.pdf, id=33732, page=2, 558.674pt x 785.89386pt>
File: ../Tema 9.pdf Graphic file (type pdf)
<use ../Tema 9.pdf, page 2>
Package pdftex.def Info: ../Tema 9.pdf , page2 used on input line 113.
(pdftex.def)             Requested size: 593.83687pt x 835.35796pt.
File: ../Tema 9.pdf Graphic file (type pdf)
<use ../Tema 9.pdf, page 2>
Package pdftex.def Info: ../Tema 9.pdf , page2 used on input line 113.
(pdftex.def)             Requested size: 593.83687pt x 835.35796pt.
File: ../Tema 9.pdf Graphic file (type pdf)
<use ../Tema 9.pdf, page 2>
Package pdftex.def Info: ../Tema 9.pdf , page2 used on input line 113.
(pdftex.def)             Requested size: 593.83687pt x 835.35796pt.
File: images/granada.jpg Graphic file (type jpg)
<use images/granada.jpg>
Package pdftex.def Info: images/granada.jpg  used on input line 113.
(pdftex.def)             Requested size: 597.48465pt x 336.08511pt.
 [55

 <../Tema 9.pdf>]
<../Tema 9.pdf, id=34769, page=3, 558.674pt x 785.89386pt>
File: ../Tema 9.pdf Graphic file (type pdf)
<use ../Tema 9.pdf, page 3>
Package pdftex.def Info: ../Tema 9.pdf , page3 used on input line 113.
(pdftex.def)             Requested size: 593.83687pt x 835.35796pt.
File: ../Tema 9.pdf Graphic file (type pdf)
<use ../Tema 9.pdf, page 3>
Package pdftex.def Info: ../Tema 9.pdf , page3 used on input line 113.
(pdftex.def)             Requested size: 593.83687pt x 835.35796pt.
File: ../Tema 9.pdf Graphic file (type pdf)
<use ../Tema 9.pdf, page 3>
Package pdftex.def Info: ../Tema 9.pdf , page3 used on input line 113.
(pdftex.def)             Requested size: 593.83687pt x 835.35796pt.
File: images/granada.jpg Graphic file (type jpg)
<use images/granada.jpg>
Package pdftex.def Info: images/granada.jpg  used on input line 113.
(pdftex.def)             Requested size: 597.48465pt x 336.08511pt.
 [56

 <../Tema 9.pdf>]
<../Tema 9.pdf, id=35621, page=4, 558.83653pt x 795.40901pt>
File: ../Tema 9.pdf Graphic file (type pdf)
<use ../Tema 9.pdf, page 4>
Package pdftex.def Info: ../Tema 9.pdf , page4 used on input line 113.
(pdftex.def)             Requested size: 594.00966pt x 845.47197pt.
File: ../Tema 9.pdf Graphic file (type pdf)
<use ../Tema 9.pdf, page 4>
Package pdftex.def Info: ../Tema 9.pdf , page4 used on input line 113.
(pdftex.def)             Requested size: 594.00966pt x 845.47197pt.
File: ../Tema 9.pdf Graphic file (type pdf)
<use ../Tema 9.pdf, page 4>
Package pdftex.def Info: ../Tema 9.pdf , page4 used on input line 113.
(pdftex.def)             Requested size: 594.00966pt x 845.47197pt.
File: images/granada.jpg Graphic file (type jpg)
<use images/granada.jpg>
Package pdftex.def Info: images/granada.jpg  used on input line 113.
(pdftex.def)             Requested size: 597.48465pt x 336.08511pt.
 [57

 <../Tema 9.pdf>]
<../Tema 9.pdf, id=36647, page=5, 558.674pt x 785.89386pt>
File: ../Tema 9.pdf Graphic file (type pdf)
<use ../Tema 9.pdf, page 5>
Package pdftex.def Info: ../Tema 9.pdf , page5 used on input line 113.
(pdftex.def)             Requested size: 593.83687pt x 835.35796pt.
File: ../Tema 9.pdf Graphic file (type pdf)
<use ../Tema 9.pdf, page 5>
Package pdftex.def Info: ../Tema 9.pdf , page5 used on input line 113.
(pdftex.def)             Requested size: 593.83687pt x 835.35796pt.
File: ../Tema 9.pdf Graphic file (type pdf)
<use ../Tema 9.pdf, page 5>
Package pdftex.def Info: ../Tema 9.pdf , page5 used on input line 113.
(pdftex.def)             Requested size: 593.83687pt x 835.35796pt.
File: images/granada.jpg Graphic file (type jpg)
<use images/granada.jpg>
Package pdftex.def Info: images/granada.jpg  used on input line 113.
(pdftex.def)             Requested size: 597.48465pt x 336.08511pt.
 [58

 <../Tema 9.pdf>]
<../Tema 9.pdf, id=37709, page=6, 558.674pt x 785.89386pt>
File: ../Tema 9.pdf Graphic file (type pdf)
<use ../Tema 9.pdf, page 6>
Package pdftex.def Info: ../Tema 9.pdf , page6 used on input line 113.
(pdftex.def)             Requested size: 593.83687pt x 835.35796pt.
File: ../Tema 9.pdf Graphic file (type pdf)
<use ../Tema 9.pdf, page 6>
Package pdftex.def Info: ../Tema 9.pdf , page6 used on input line 113.
(pdftex.def)             Requested size: 593.83687pt x 835.35796pt.
File: ../Tema 9.pdf Graphic file (type pdf)
<use ../Tema 9.pdf, page 6>
Package pdftex.def Info: ../Tema 9.pdf , page6 used on input line 113.
(pdftex.def)             Requested size: 593.83687pt x 835.35796pt.
File: images/granada.jpg Graphic file (type jpg)
<use images/granada.jpg>
Package pdftex.def Info: images/granada.jpg  used on input line 113.
(pdftex.def)             Requested size: 597.48465pt x 336.08511pt.
 [59

 <../Tema 9.pdf>]
<../Tema 9.pdf, id=38601, page=7, 558.83653pt x 795.40901pt>
File: ../Tema 9.pdf Graphic file (type pdf)
<use ../Tema 9.pdf, page 7>
Package pdftex.def Info: ../Tema 9.pdf , page7 used on input line 113.
(pdftex.def)             Requested size: 594.00966pt x 845.47197pt.
File: ../Tema 9.pdf Graphic file (type pdf)
<use ../Tema 9.pdf, page 7>
Package pdftex.def Info: ../Tema 9.pdf , page7 used on input line 113.
(pdftex.def)             Requested size: 594.00966pt x 845.47197pt.
File: ../Tema 9.pdf Graphic file (type pdf)
<use ../Tema 9.pdf, page 7>
Package pdftex.def Info: ../Tema 9.pdf , page7 used on input line 113.
(pdftex.def)             Requested size: 594.00966pt x 845.47197pt.
File: images/granada.jpg Graphic file (type jpg)
<use images/granada.jpg>
Package pdftex.def Info: images/granada.jpg  used on input line 113.
(pdftex.def)             Requested size: 597.48465pt x 336.08511pt.
 [60

 <../Tema 9.pdf>]
<../Tema 10.pdf, id=39098, 558.83653pt x 795.40901pt>
File: ../Tema 10.pdf Graphic file (type pdf)
<use ../Tema 10.pdf>
Package pdftex.def Info: ../Tema 10.pdf  used on input line 116.
(pdftex.def)             Requested size: 558.83517pt x 795.40706pt.
File: ../Tema 10.pdf Graphic file (type pdf)
<use ../Tema 10.pdf>
Package pdftex.def Info: ../Tema 10.pdf  used on input line 116.
(pdftex.def)             Requested size: 558.83517pt x 795.40706pt.
<../Tema 10.pdf, id=39101, page=1, 558.83653pt x 795.40901pt>
File: ../Tema 10.pdf Graphic file (type pdf)
<use ../Tema 10.pdf, page 1>
Package pdftex.def Info: ../Tema 10.pdf , page1 used on input line 116.
(pdftex.def)             Requested size: 558.83517pt x 795.40706pt.
File: ../Tema 10.pdf Graphic file (type pdf)
<use ../Tema 10.pdf, page 1>
Package pdftex.def Info: ../Tema 10.pdf , page1 used on input line 116.
(pdftex.def)             Requested size: 594.00966pt x 845.47197pt.
File: images/granada.jpg Graphic file (type jpg)
<use images/granada.jpg>
Package pdftex.def Info: images/granada.jpg  used on input line 116.
(pdftex.def)             Requested size: 597.48465pt x 336.08511pt.
 [61]
File: ../Tema 10.pdf Graphic file (type pdf)
<use ../Tema 10.pdf, page 1>
Package pdftex.def Info: ../Tema 10.pdf , page1 used on input line 116.
(pdftex.def)             Requested size: 594.00966pt x 845.47197pt.
File: ../Tema 10.pdf Graphic file (type pdf)
<use ../Tema 10.pdf, page 1>
Package pdftex.def Info: ../Tema 10.pdf , page1 used on input line 116.
(pdftex.def)             Requested size: 594.00966pt x 845.47197pt.
File: ../Tema 10.pdf Graphic file (type pdf)
<use ../Tema 10.pdf, page 1>
Package pdftex.def Info: ../Tema 10.pdf , page1 used on input line 116.
(pdftex.def)             Requested size: 594.00966pt x 845.47197pt.
File: images/granada.jpg Graphic file (type jpg)
<use images/granada.jpg>
Package pdftex.def Info: images/granada.jpg  used on input line 116.
(pdftex.def)             Requested size: 597.48465pt x 336.08511pt.
 [62

 <../Tema 10.pdf>]
<../Tema 10.pdf, id=40171, page=2, 558.674pt x 785.89386pt>
File: ../Tema 10.pdf Graphic file (type pdf)
<use ../Tema 10.pdf, page 2>
Package pdftex.def Info: ../Tema 10.pdf , page2 used on input line 116.
(pdftex.def)             Requested size: 593.83687pt x 835.35796pt.
File: ../Tema 10.pdf Graphic file (type pdf)
<use ../Tema 10.pdf, page 2>
Package pdftex.def Info: ../Tema 10.pdf , page2 used on input line 116.
(pdftex.def)             Requested size: 593.83687pt x 835.35796pt.
File: ../Tema 10.pdf Graphic file (type pdf)
<use ../Tema 10.pdf, page 2>
Package pdftex.def Info: ../Tema 10.pdf , page2 used on input line 116.
(pdftex.def)             Requested size: 593.83687pt x 835.35796pt.
File: images/granada.jpg Graphic file (type jpg)
<use images/granada.jpg>
Package pdftex.def Info: images/granada.jpg  used on input line 116.
(pdftex.def)             Requested size: 597.48465pt x 336.08511pt.
 [63

 <../Tema 10.pdf>]
<../Tema 10.pdf, id=41158, page=3, 558.674pt x 785.89386pt>
File: ../Tema 10.pdf Graphic file (type pdf)
<use ../Tema 10.pdf, page 3>
Package pdftex.def Info: ../Tema 10.pdf , page3 used on input line 116.
(pdftex.def)             Requested size: 593.83687pt x 835.35796pt.
File: ../Tema 10.pdf Graphic file (type pdf)
<use ../Tema 10.pdf, page 3>
Package pdftex.def Info: ../Tema 10.pdf , page3 used on input line 116.
(pdftex.def)             Requested size: 593.83687pt x 835.35796pt.
File: ../Tema 10.pdf Graphic file (type pdf)
<use ../Tema 10.pdf, page 3>
Package pdftex.def Info: ../Tema 10.pdf , page3 used on input line 116.
(pdftex.def)             Requested size: 593.83687pt x 835.35796pt.
File: images/granada.jpg Graphic file (type jpg)
<use images/granada.jpg>
Package pdftex.def Info: images/granada.jpg  used on input line 116.
(pdftex.def)             Requested size: 597.48465pt x 336.08511pt.
 [64

 <../Tema 10.pdf>]
<../Tema 10.pdf, id=42176, page=4, 558.83653pt x 795.40901pt>
File: ../Tema 10.pdf Graphic file (type pdf)
<use ../Tema 10.pdf, page 4>
Package pdftex.def Info: ../Tema 10.pdf , page4 used on input line 116.
(pdftex.def)             Requested size: 594.00966pt x 845.47197pt.
File: ../Tema 10.pdf Graphic file (type pdf)
<use ../Tema 10.pdf, page 4>
Package pdftex.def Info: ../Tema 10.pdf , page4 used on input line 116.
(pdftex.def)             Requested size: 594.00966pt x 845.47197pt.
File: ../Tema 10.pdf Graphic file (type pdf)
<use ../Tema 10.pdf, page 4>
Package pdftex.def Info: ../Tema 10.pdf , page4 used on input line 116.
(pdftex.def)             Requested size: 594.00966pt x 845.47197pt.
File: images/granada.jpg Graphic file (type jpg)
<use images/granada.jpg>
Package pdftex.def Info: images/granada.jpg  used on input line 116.
(pdftex.def)             Requested size: 597.48465pt x 336.08511pt.
 [65

 <../Tema 10.pdf>]
<../Tema 10.pdf, id=42876, page=5, 558.674pt x 785.89386pt>
File: ../Tema 10.pdf Graphic file (type pdf)
<use ../Tema 10.pdf, page 5>
Package pdftex.def Info: ../Tema 10.pdf , page5 used on input line 116.
(pdftex.def)             Requested size: 593.83687pt x 835.35796pt.
File: ../Tema 10.pdf Graphic file (type pdf)
<use ../Tema 10.pdf, page 5>
Package pdftex.def Info: ../Tema 10.pdf , page5 used on input line 116.
(pdftex.def)             Requested size: 593.83687pt x 835.35796pt.
File: ../Tema 10.pdf Graphic file (type pdf)
<use ../Tema 10.pdf, page 5>
Package pdftex.def Info: ../Tema 10.pdf , page5 used on input line 116.
(pdftex.def)             Requested size: 593.83687pt x 835.35796pt.
File: images/granada.jpg Graphic file (type jpg)
<use images/granada.jpg>
Package pdftex.def Info: images/granada.jpg  used on input line 116.
(pdftex.def)             Requested size: 597.48465pt x 336.08511pt.
 [66

 <../Tema 10.pdf>]
<../Tema 10.pdf, id=43639, page=6, 558.674pt x 785.89386pt>
File: ../Tema 10.pdf Graphic file (type pdf)
<use ../Tema 10.pdf, page 6>
Package pdftex.def Info: ../Tema 10.pdf , page6 used on input line 116.
(pdftex.def)             Requested size: 593.83687pt x 835.35796pt.
File: ../Tema 10.pdf Graphic file (type pdf)
<use ../Tema 10.pdf, page 6>
Package pdftex.def Info: ../Tema 10.pdf , page6 used on input line 116.
(pdftex.def)             Requested size: 593.83687pt x 835.35796pt.
File: ../Tema 10.pdf Graphic file (type pdf)
<use ../Tema 10.pdf, page 6>
Package pdftex.def Info: ../Tema 10.pdf , page6 used on input line 116.
(pdftex.def)             Requested size: 593.83687pt x 835.35796pt.
File: images/granada.jpg Graphic file (type jpg)
<use images/granada.jpg>
Package pdftex.def Info: images/granada.jpg  used on input line 116.
(pdftex.def)             Requested size: 597.48465pt x 336.08511pt.
 [67

 <../Tema 10.pdf>]
LaTeX Font Info:    Trying to load font information for T1+zi4 on input line 153.
 (/usr/share/texlive/texmf-dist/tex/latex/inconsolata/t1zi4.fd
File: t1zi4.fd 2018/01/14 T1/zi4 (Inconsolata)
)
LaTeX Font Info:    Font shape `T1/zi4/m/n' will be
(Font)              scaled to size 12.0pt on input line 153.
File: images/granada.jpg Graphic file (type jpg)
<use images/granada.jpg>
Package pdftex.def Info: images/granada.jpg  used on input line 157.
(pdftex.def)             Requested size: 597.48465pt x 336.08511pt.
 [68{/usr/share/texlive/texmf-dist/fonts/enc/dvips/inconsolata/i4-t1-0.enc}] (build/Teoria.aux
LaTeX Info: Redefining \. on input line 12.
LaTeX Info: Redefining \% on input line 12.
)
 ***********
LaTeX2e <2023-11-01> patch level 1
L3 programming layer <2024-01-22>
 ***********
Package rerunfilecheck Info: File `Teoria.out' has not changed.
(rerunfilecheck)             Checksum: 1C2469C962F5F97EF62D118C895F5E9B;847.
 ) 
Here is how much of TeX's memory you used:
 26301 strings out of 474222
 477126 string characters out of 5748733
 1927975 words of memory out of 5000000
 48024 multiletter control sequences out of 15000+600000
 571021 words of font info for 73 fonts, out of 8000000 for 9000
 1141 hyphenation exceptions out of 8191
 99i,17n,101p,517b,936s stack positions out of 10000i,1000n,20000p,200000b,200000s
</usr/share/texlive/texmf-dist/fonts/type1/public/inconsolata/Inconsolata-zi4r.pfb></usr/share/texmf/fonts/type1/public/cm-super/sfbx1200.pfb></usr/share/texmf/fonts/type1/public/cm-super/sfbx1440.pfb></usr/share/texmf/fonts/type1/public/cm-super/sfbx1728.pfb></usr/share/texmf/fonts/type1/public/cm-super/sfrm1200.pfb></usr/share/texmf/fonts/type1/public/cm-super/sfrm1440.pfb></usr/share/texmf/fonts/type1/public/cm-super/sfrm2074.pfb>
Output written on build/Teoria.pdf (68 pages, 5494812 bytes).
PDF statistics:
 44372 PDF objects out of 45951 (max. 8388607)
 43501 compressed objects within 436 object streams
 80 named destinations out of 1000 (max. 500000)
 536 words of extra memory for PDF output out of 10000 (max. 10000000)

