This is pdfTeX, Version 3.141592653-2.6-1.40.25 (TeX Live 2023/Debian) (preloaded format=pdflatex 2024.9.20)  27 OCT 2024 20:13
entering extended mode
 restricted \write18 enabled.
 file:line:error style messages enabled.
 %&-line parsing enabled.
**"/home/ismael/Escritorio/3 de INFO-ADE 1semestre/CF1/teoria/tema2/main.tex"
(/home/ismael/Escritorio/3 de INFO-ADE 1semestre/CF1/teoria/tema2/main.tex
LaTeX2e <2023-11-01> patch level 1
L3 programming layer <2024-01-22>
(/usr/share/texlive/texmf-dist/tex/latex/base/article.cls
Document Class: article 2023/05/17 v1.4n Standard LaTeX document class
(/usr/share/texlive/texmf-dist/tex/latex/base/size10.clo
File: size10.clo 2023/05/17 v1.4n Standard LaTeX file (size option)
)
\c@part=\count187
\c@section=\count188
\c@subsection=\count189
\c@subsubsection=\count190
\c@paragraph=\count191
\c@subparagraph=\count192
\c@figure=\count193
\c@table=\count194
\abovecaptionskip=\skip48
\belowcaptionskip=\skip49
\bibindent=\dimen140
) (/usr/share/texlive/texmf-dist/tex/latex/base/inputenc.sty
Package: inputenc 2021/02/14 v1.3d Input encoding file
\inpenc@prehook=\toks17
\inpenc@posthook=\toks18
) (/usr/share/texlive/texmf-dist/tex/generic/babel/babel.sty
Package: babel 2024/01/07 v24.1 The Babel package
\babel@savecnt=\count195
\U@D=\dimen141
\l@unhyphenated=\language89
 (/usr/share/texlive/texmf-dist/tex/generic/babel/txtbabel.def)
\bbl@readstream=\read2
\bbl@dirlevel=\count196
 (/usr/share/texlive/texmf-dist/tex/generic/babel-spanish/spanish.ldf
Language: spanish.ldf 2021/05/27 v5.0q Spanish support from the babel system
\es@quottoks=\toks19
\es@quotdepth=\count197
Package babel Info: Making " an active character on input line 570.
Package babel Info: Making . an active character on input line 675.
Package babel Info: Making < an active character on input line 722.
Package babel Info: Making > an active character on input line 722.
)) (/usr/share/texlive/texmf-dist/tex/generic/babel/locale/es/babel-spanish.tex
Package babel Info: Importing font and identification data for spanish
(babel)             from babel-es.ini. Reported on input line 11.
) (/usr/share/texlive/texmf-dist/tex/latex/listings/listings.sty (/usr/share/texlive/texmf-dist/tex/latex/graphics/keyval.sty
Package: keyval 2022/05/29 v1.15 key=value parser (DPC)
\KV@toks@=\toks20
)
\lst@mode=\count198
\lst@gtempboxa=\box51
\lst@token=\toks21
\lst@length=\count199
\lst@currlwidth=\dimen142
\lst@column=\count266
\lst@pos=\count267
\lst@lostspace=\dimen143
\lst@width=\dimen144
\lst@newlines=\count268
\lst@lineno=\count269
\lst@maxwidth=\dimen145
 (/usr/share/texlive/texmf-dist/tex/latex/listings/lstmisc.sty
File: lstmisc.sty 2023/02/27 1.9 (Carsten Heinz)
\c@lstnumber=\count270
\lst@skipnumbers=\count271
\lst@framebox=\box52
) (/usr/share/texlive/texmf-dist/tex/latex/listings/listings.cfg
File: listings.cfg 2023/02/27 1.9 listings configuration
))
Package: listings 2023/02/27 1.9 (Carsten Heinz)
 (/usr/share/texlive/texmf-dist/tex/latex/hyperref/hyperref.sty
Package: hyperref 2024-01-20 v7.01h Hypertext links for LaTeX
 (/usr/share/texlive/texmf-dist/tex/generic/iftex/iftex.sty
Package: iftex 2022/02/03 v1.0f TeX engine tests
) (/usr/share/texlive/texmf-dist/tex/latex/kvsetkeys/kvsetkeys.sty
Package: kvsetkeys 2022-10-05 v1.19 Key value parser (HO)
) (/usr/share/texlive/texmf-dist/tex/generic/kvdefinekeys/kvdefinekeys.sty
Package: kvdefinekeys 2019-12-19 v1.6 Define keys (HO)
) (/usr/share/texlive/texmf-dist/tex/generic/pdfescape/pdfescape.sty
Package: pdfescape 2019/12/09 v1.15 Implements pdfTeX's escape features (HO)
 (/usr/share/texlive/texmf-dist/tex/generic/ltxcmds/ltxcmds.sty
Package: ltxcmds 2023-12-04 v1.26 LaTeX kernel commands for general use (HO)
) (/usr/share/texlive/texmf-dist/tex/generic/pdftexcmds/pdftexcmds.sty
Package: pdftexcmds 2020-06-27 v0.33 Utility functions of pdfTeX for LuaTeX (HO)
 (/usr/share/texlive/texmf-dist/tex/generic/infwarerr/infwarerr.sty
Package: infwarerr 2019/12/03 v1.5 Providing info/warning/error messages (HO)
)
Package pdftexcmds Info: \pdf@primitive is available.
Package pdftexcmds Info: \pdf@ifprimitive is available.
Package pdftexcmds Info: \pdfdraftmode found.
)) (/usr/share/texlive/texmf-dist/tex/latex/hycolor/hycolor.sty
Package: hycolor 2020-01-27 v1.10 Color options for hyperref/bookmark (HO)
) (/usr/share/texlive/texmf-dist/tex/latex/auxhook/auxhook.sty
Package: auxhook 2019-12-17 v1.6 Hooks for auxiliary files (HO)
) (/usr/share/texlive/texmf-dist/tex/latex/hyperref/nameref.sty
Package: nameref 2023-11-26 v2.56 Cross-referencing by name of section
 (/usr/share/texlive/texmf-dist/tex/latex/refcount/refcount.sty
Package: refcount 2019/12/15 v3.6 Data extraction from label references (HO)
) (/usr/share/texlive/texmf-dist/tex/generic/gettitlestring/gettitlestring.sty
Package: gettitlestring 2019/12/15 v1.6 Cleanup title references (HO)
 (/usr/share/texlive/texmf-dist/tex/latex/kvoptions/kvoptions.sty
Package: kvoptions 2022-06-15 v3.15 Key value format for package options (HO)
))
\c@section@level=\count272
) (/usr/share/texlive/texmf-dist/tex/latex/etoolbox/etoolbox.sty
Package: etoolbox 2020/10/05 v2.5k e-TeX tools for LaTeX (JAW)
\etb@tempcnta=\count273
)
\@linkdim=\dimen146
\Hy@linkcounter=\count274
\Hy@pagecounter=\count275
 (/usr/share/texlive/texmf-dist/tex/latex/hyperref/pd1enc.def
File: pd1enc.def 2024-01-20 v7.01h Hyperref: PDFDocEncoding definition (HO)
Now handling font encoding PD1 ...
... no UTF-8 mapping file for font encoding PD1
) (/usr/share/texlive/texmf-dist/tex/generic/intcalc/intcalc.sty
Package: intcalc 2019/12/15 v1.3 Expandable calculations with integers (HO)
)
\Hy@SavedSpaceFactor=\count276
 (/usr/share/texlive/texmf-dist/tex/latex/hyperref/puenc.def
File: puenc.def 2024-01-20 v7.01h Hyperref: PDF Unicode definition (HO)
Now handling font encoding PU ...
... no UTF-8 mapping file for font encoding PU
)
Package hyperref Info: Hyper figures OFF on input line 4179.
Package hyperref Info: Link nesting OFF on input line 4184.
Package hyperref Info: Hyper index ON on input line 4187.
Package hyperref Info: Plain pages OFF on input line 4194.
Package hyperref Info: Backreferencing OFF on input line 4199.
Package hyperref Info: Implicit mode ON; LaTeX internals redefined.
Package hyperref Info: Bookmarks ON on input line 4446.
\c@Hy@tempcnt=\count277
 (/usr/share/texlive/texmf-dist/tex/latex/url/url.sty
\Urlmuskip=\muskip16
Package: url 2013/09/16  ver 3.4  Verb mode for urls, etc.
)
LaTeX Info: Redefining \url on input line 4784.
\XeTeXLinkMargin=\dimen147
 (/usr/share/texlive/texmf-dist/tex/generic/bitset/bitset.sty
Package: bitset 2019/12/09 v1.3 Handle bit-vector datatype (HO)
 (/usr/share/texlive/texmf-dist/tex/generic/bigintcalc/bigintcalc.sty
Package: bigintcalc 2019/12/15 v1.5 Expandable calculations on big integers (HO)
))
\Fld@menulength=\count278
\Field@Width=\dimen148
\Fld@charsize=\dimen149
Package hyperref Info: Hyper figures OFF on input line 6063.
Package hyperref Info: Link nesting OFF on input line 6068.
Package hyperref Info: Hyper index ON on input line 6071.
Package hyperref Info: backreferencing OFF on input line 6078.
Package hyperref Info: Link coloring OFF on input line 6083.
Package hyperref Info: Link coloring with OCG OFF on input line 6088.
Package hyperref Info: PDF/A mode OFF on input line 6093.
 (/usr/share/texlive/texmf-dist/tex/latex/base/atbegshi-ltx.sty
Package: atbegshi-ltx 2021/01/10 v1.0c Emulation of the original atbegshi
package with kernel methods
)
\Hy@abspage=\count279
\c@Item=\count280
\c@Hfootnote=\count281
)
Package hyperref Info: Driver (autodetected): hpdftex.
 (/usr/share/texlive/texmf-dist/tex/latex/hyperref/hpdftex.def
File: hpdftex.def 2024-01-20 v7.01h Hyperref driver for pdfTeX
 (/usr/share/texlive/texmf-dist/tex/latex/base/atveryend-ltx.sty
Package: atveryend-ltx 2020/08/19 v1.0a Emulation of the original atveryend package
with kernel methods
)
\Fld@listcount=\count282
\c@bookmark@seq@number=\count283
 (/usr/share/texlive/texmf-dist/tex/latex/rerunfilecheck/rerunfilecheck.sty
Package: rerunfilecheck 2022-07-10 v1.10 Rerun checks for auxiliary files (HO)
 (/usr/share/texlive/texmf-dist/tex/generic/uniquecounter/uniquecounter.sty
Package: uniquecounter 2019/12/15 v1.4 Provide unlimited unique counter (HO)
)
Package uniquecounter Info: New unique counter `rerunfilecheck' on input line 285.
)
\Hy@SectionHShift=\skip50
) (/usr/share/texlive/texmf-dist/tex/latex/multirow/multirow.sty
Package: multirow 2021/03/15 v2.8 Span multiple rows of a table
\multirow@colwidth=\skip51
\multirow@cntb=\count284
\multirow@dima=\skip52
\bigstrutjot=\dimen150
) (/usr/share/texlive/texmf-dist/tex/latex/graphics/graphicx.sty
Package: graphicx 2021/09/16 v1.2d Enhanced LaTeX Graphics (DPC,SPQR)
 (/usr/share/texlive/texmf-dist/tex/latex/graphics/graphics.sty
Package: graphics 2022/03/10 v1.4e Standard LaTeX Graphics (DPC,SPQR)
 (/usr/share/texlive/texmf-dist/tex/latex/graphics/trig.sty
Package: trig 2021/08/11 v1.11 sin cos tan (DPC)
) (/usr/share/texlive/texmf-dist/tex/latex/graphics-cfg/graphics.cfg
File: graphics.cfg 2016/06/04 v1.11 sample graphics configuration
)
Package graphics Info: Driver file: pdftex.def on input line 107.
 (/usr/share/texlive/texmf-dist/tex/latex/graphics-def/pdftex.def
File: pdftex.def 2022/09/22 v1.2b Graphics/color driver for pdftex
))
\Gin@req@height=\dimen151
\Gin@req@width=\dimen152
) (/usr/share/texlive/texmf-dist/tex/latex/amsmath/amsmath.sty
Package: amsmath 2023/05/13 v2.17o AMS math features
\@mathmargin=\skip53

For additional information on amsmath, use the `?' option.
(/usr/share/texlive/texmf-dist/tex/latex/amsmath/amstext.sty
Package: amstext 2021/08/26 v2.01 AMS text
 (/usr/share/texlive/texmf-dist/tex/latex/amsmath/amsgen.sty
File: amsgen.sty 1999/11/30 v2.0 generic functions
\@emptytoks=\toks22
\ex@=\dimen153
)) (/usr/share/texlive/texmf-dist/tex/latex/amsmath/amsbsy.sty
Package: amsbsy 1999/11/29 v1.2d Bold Symbols
\pmbraise@=\dimen154
) (/usr/share/texlive/texmf-dist/tex/latex/amsmath/amsopn.sty
Package: amsopn 2022/04/08 v2.04 operator names
)
\inf@bad=\count285
LaTeX Info: Redefining \frac on input line 234.
\uproot@=\count286
\leftroot@=\count287
LaTeX Info: Redefining \overline on input line 399.
LaTeX Info: Redefining \colon on input line 410.
\classnum@=\count288
\DOTSCASE@=\count289
LaTeX Info: Redefining \ldots on input line 496.
LaTeX Info: Redefining \dots on input line 499.
LaTeX Info: Redefining \cdots on input line 620.
\Mathstrutbox@=\box53
\strutbox@=\box54
LaTeX Info: Redefining \big on input line 722.
LaTeX Info: Redefining \Big on input line 723.
LaTeX Info: Redefining \bigg on input line 724.
LaTeX Info: Redefining \Bigg on input line 725.
\big@size=\dimen155
LaTeX Font Info:    Redeclaring font encoding OML on input line 743.
LaTeX Font Info:    Redeclaring font encoding OMS on input line 744.
\macc@depth=\count290
LaTeX Info: Redefining \bmod on input line 905.
LaTeX Info: Redefining \pmod on input line 910.
LaTeX Info: Redefining \smash on input line 940.
LaTeX Info: Redefining \relbar on input line 970.
LaTeX Info: Redefining \Relbar on input line 971.
\c@MaxMatrixCols=\count291
\dotsspace@=\muskip17
\c@parentequation=\count292
\dspbrk@lvl=\count293
\tag@help=\toks23
\row@=\count294
\column@=\count295
\maxfields@=\count296
\andhelp@=\toks24
\eqnshift@=\dimen156
\alignsep@=\dimen157
\tagshift@=\dimen158
\tagwidth@=\dimen159
\totwidth@=\dimen160
\lineht@=\dimen161
\@envbody=\toks25
\multlinegap=\skip54
\multlinetaggap=\skip55
\mathdisplay@stack=\toks26
LaTeX Info: Redefining \[ on input line 2953.
LaTeX Info: Redefining \] on input line 2954.
) (/usr/share/texlive/texmf-dist/tex/latex/fancyhdr/fancyhdr.sty
Package: fancyhdr 2022/11/09 v4.1 Extensive control of page headers and footers
\f@nch@headwidth=\skip56
\f@nch@O@elh=\skip57
\f@nch@O@erh=\skip58
\f@nch@O@olh=\skip59
\f@nch@O@orh=\skip60
\f@nch@O@elf=\skip61
\f@nch@O@erf=\skip62
\f@nch@O@olf=\skip63
\f@nch@O@orf=\skip64
) (/usr/share/texlive/texmf-dist/tex/latex/geometry/geometry.sty
Package: geometry 2020/01/02 v5.9 Page Geometry
 (/usr/share/texlive/texmf-dist/tex/generic/iftex/ifvtex.sty
Package: ifvtex 2019/10/25 v1.7 ifvtex legacy package. Use iftex instead.
)
\Gm@cnth=\count297
\Gm@cntv=\count298
\c@Gm@tempcnt=\count299
\Gm@bindingoffset=\dimen162
\Gm@wd@mp=\dimen163
\Gm@odd@mp=\dimen164
\Gm@even@mp=\dimen165
\Gm@layoutwidth=\dimen166
\Gm@layoutheight=\dimen167
\Gm@layouthoffset=\dimen168
\Gm@layoutvoffset=\dimen169
\Gm@dimlist=\toks27
) (/usr/share/texlive/texmf-dist/tex/latex/tools/array.sty
Package: array 2023/10/16 v2.5g Tabular extension package (FMi)
\col@sep=\dimen170
\ar@mcellbox=\box55
\extrarowheight=\dimen171
\NC@list=\toks28
\extratabsurround=\skip65
\backup@length=\skip66
\ar@cellbox=\box56
) (/usr/share/texlive/texmf-dist/tex/latex/float/float.sty
Package: float 2001/11/08 v1.3d Float enhancements (AL)
\c@float@type=\count300
\float@exts=\toks29
\float@box=\box57
\@float@everytoks=\toks30
\@floatcapt=\box58
) (/usr/share/texlive/texmf-dist/tex/latex/xcolor/xcolor.sty
Package: xcolor 2023/11/15 v3.01 LaTeX color extensions (UK)
 (/usr/share/texlive/texmf-dist/tex/latex/graphics-cfg/color.cfg
File: color.cfg 2016/01/02 v1.6 sample color configuration
)
Package xcolor Info: Driver file: pdftex.def on input line 274.
 (/usr/share/texlive/texmf-dist/tex/latex/graphics/mathcolor.ltx)
Package xcolor Info: Model `cmy' substituted by `cmy0' on input line 1350.
Package xcolor Info: Model `hsb' substituted by `rgb' on input line 1354.
Package xcolor Info: Model `RGB' extended on input line 1366.
Package xcolor Info: Model `HTML' substituted by `rgb' on input line 1368.
Package xcolor Info: Model `Hsb' substituted by `hsb' on input line 1369.
Package xcolor Info: Model `tHsb' substituted by `hsb' on input line 1370.
Package xcolor Info: Model `HSB' substituted by `hsb' on input line 1371.
Package xcolor Info: Model `Gray' substituted by `gray' on input line 1372.
Package xcolor Info: Model `wave' substituted by `hsb' on input line 1373.
) (/usr/share/texlive/texmf-dist/tex/latex/tcolorbox/tcolorbox.sty
Package: tcolorbox 2024/01/10 version 6.2.0 text color boxes
 (/usr/share/texlive/texmf-dist/tex/latex/pgf/basiclayer/pgf.sty (/usr/share/texlive/texmf-dist/tex/latex/pgf/utilities/pgfrcs.sty (/usr/share/texlive/texmf-dist/tex/generic/pgf/utilities/pgfutil-common.tex
\pgfutil@everybye=\toks31
\pgfutil@tempdima=\dimen172
\pgfutil@tempdimb=\dimen173
) (/usr/share/texlive/texmf-dist/tex/generic/pgf/utilities/pgfutil-latex.def
\pgfutil@abb=\box59
) (/usr/share/texlive/texmf-dist/tex/generic/pgf/utilities/pgfrcs.code.tex (/usr/share/texlive/texmf-dist/tex/generic/pgf/pgf.revision.tex)
Package: pgfrcs 2023-01-15 v3.1.10 (3.1.10)
))
Package: pgf 2023-01-15 v3.1.10 (3.1.10)
 (/usr/share/texlive/texmf-dist/tex/latex/pgf/basiclayer/pgfcore.sty (/usr/share/texlive/texmf-dist/tex/latex/pgf/systemlayer/pgfsys.sty (/usr/share/texlive/texmf-dist/tex/generic/pgf/systemlayer/pgfsys.code.tex
Package: pgfsys 2023-01-15 v3.1.10 (3.1.10)
 (/usr/share/texlive/texmf-dist/tex/generic/pgf/utilities/pgfkeys.code.tex
\pgfkeys@pathtoks=\toks32
\pgfkeys@temptoks=\toks33
 (/usr/share/texlive/texmf-dist/tex/generic/pgf/utilities/pgfkeyslibraryfiltered.code.tex
\pgfkeys@tmptoks=\toks34
))
\pgf@x=\dimen174
\pgf@y=\dimen175
\pgf@xa=\dimen176
\pgf@ya=\dimen177
\pgf@xb=\dimen178
\pgf@yb=\dimen179
\pgf@xc=\dimen180
\pgf@yc=\dimen181
\pgf@xd=\dimen182
\pgf@yd=\dimen183
\w@pgf@writea=\write3
\r@pgf@reada=\read3
\c@pgf@counta=\count301
\c@pgf@countb=\count302
\c@pgf@countc=\count303
\c@pgf@countd=\count304
\t@pgf@toka=\toks35
\t@pgf@tokb=\toks36
\t@pgf@tokc=\toks37
\pgf@sys@id@count=\count305
 (/usr/share/texlive/texmf-dist/tex/generic/pgf/systemlayer/pgf.cfg
File: pgf.cfg 2023-01-15 v3.1.10 (3.1.10)
)
Driver file for pgf: pgfsys-pdftex.def
 (/usr/share/texlive/texmf-dist/tex/generic/pgf/systemlayer/pgfsys-pdftex.def
File: pgfsys-pdftex.def 2023-01-15 v3.1.10 (3.1.10)
 (/usr/share/texlive/texmf-dist/tex/generic/pgf/systemlayer/pgfsys-common-pdf.def
File: pgfsys-common-pdf.def 2023-01-15 v3.1.10 (3.1.10)
))) (/usr/share/texlive/texmf-dist/tex/generic/pgf/systemlayer/pgfsyssoftpath.code.tex
File: pgfsyssoftpath.code.tex 2023-01-15 v3.1.10 (3.1.10)
\pgfsyssoftpath@smallbuffer@items=\count306
\pgfsyssoftpath@bigbuffer@items=\count307
) (/usr/share/texlive/texmf-dist/tex/generic/pgf/systemlayer/pgfsysprotocol.code.tex
File: pgfsysprotocol.code.tex 2023-01-15 v3.1.10 (3.1.10)
)) (/usr/share/texlive/texmf-dist/tex/generic/pgf/basiclayer/pgfcore.code.tex
Package: pgfcore 2023-01-15 v3.1.10 (3.1.10)
 (/usr/share/texlive/texmf-dist/tex/generic/pgf/math/pgfmath.code.tex (/usr/share/texlive/texmf-dist/tex/generic/pgf/math/pgfmathutil.code.tex) (/usr/share/texlive/texmf-dist/tex/generic/pgf/math/pgfmathparser.code.tex
\pgfmath@dimen=\dimen184
\pgfmath@count=\count308
\pgfmath@box=\box60
\pgfmath@toks=\toks38
\pgfmath@stack@operand=\toks39
\pgfmath@stack@operation=\toks40
) (/usr/share/texlive/texmf-dist/tex/generic/pgf/math/pgfmathfunctions.code.tex) (/usr/share/texlive/texmf-dist/tex/generic/pgf/math/pgfmathfunctions.basic.code.tex) (/usr/share/texlive/texmf-dist/tex/generic/pgf/math/pgfmathfunctions.trigonometric.code.tex) (/usr/share/texlive/texmf-dist/tex/generic/pgf/math/pgfmathfunctions.random.code.tex) (/usr/share/texlive/texmf-dist/tex/generic/pgf/math/pgfmathfunctions.comparison.code.tex) (/usr/share/texlive/texmf-dist/tex/generic/pgf/math/pgfmathfunctions.base.code.tex) (/usr/share/texlive/texmf-dist/tex/generic/pgf/math/pgfmathfunctions.round.code.tex) (/usr/share/texlive/texmf-dist/tex/generic/pgf/math/pgfmathfunctions.misc.code.tex) (/usr/share/texlive/texmf-dist/tex/generic/pgf/math/pgfmathfunctions.integerarithmetics.code.tex) (/usr/share/texlive/texmf-dist/tex/generic/pgf/math/pgfmathcalc.code.tex) (/usr/share/texlive/texmf-dist/tex/generic/pgf/math/pgfmathfloat.code.tex
\c@pgfmathroundto@lastzeros=\count309
)) (/usr/share/texlive/texmf-dist/tex/generic/pgf/math/pgfint.code.tex) (/usr/share/texlive/texmf-dist/tex/generic/pgf/basiclayer/pgfcorepoints.code.tex
File: pgfcorepoints.code.tex 2023-01-15 v3.1.10 (3.1.10)
\pgf@picminx=\dimen185
\pgf@picmaxx=\dimen186
\pgf@picminy=\dimen187
\pgf@picmaxy=\dimen188
\pgf@pathminx=\dimen189
\pgf@pathmaxx=\dimen190
\pgf@pathminy=\dimen191
\pgf@pathmaxy=\dimen192
\pgf@xx=\dimen193
\pgf@xy=\dimen194
\pgf@yx=\dimen195
\pgf@yy=\dimen196
\pgf@zx=\dimen197
\pgf@zy=\dimen198
) (/usr/share/texlive/texmf-dist/tex/generic/pgf/basiclayer/pgfcorepathconstruct.code.tex
File: pgfcorepathconstruct.code.tex 2023-01-15 v3.1.10 (3.1.10)
\pgf@path@lastx=\dimen199
\pgf@path@lasty=\dimen256
) (/usr/share/texlive/texmf-dist/tex/generic/pgf/basiclayer/pgfcorepathusage.code.tex
File: pgfcorepathusage.code.tex 2023-01-15 v3.1.10 (3.1.10)
\pgf@shorten@end@additional=\dimen257
\pgf@shorten@start@additional=\dimen258
) (/usr/share/texlive/texmf-dist/tex/generic/pgf/basiclayer/pgfcorescopes.code.tex
File: pgfcorescopes.code.tex 2023-01-15 v3.1.10 (3.1.10)
\pgfpic=\box61
\pgf@hbox=\box62
\pgf@layerbox@main=\box63
\pgf@picture@serial@count=\count310
) (/usr/share/texlive/texmf-dist/tex/generic/pgf/basiclayer/pgfcoregraphicstate.code.tex
File: pgfcoregraphicstate.code.tex 2023-01-15 v3.1.10 (3.1.10)
\pgflinewidth=\dimen259
) (/usr/share/texlive/texmf-dist/tex/generic/pgf/basiclayer/pgfcoretransformations.code.tex
File: pgfcoretransformations.code.tex 2023-01-15 v3.1.10 (3.1.10)
\pgf@pt@x=\dimen260
\pgf@pt@y=\dimen261
\pgf@pt@temp=\dimen262
) (/usr/share/texlive/texmf-dist/tex/generic/pgf/basiclayer/pgfcorequick.code.tex
File: pgfcorequick.code.tex 2023-01-15 v3.1.10 (3.1.10)
) (/usr/share/texlive/texmf-dist/tex/generic/pgf/basiclayer/pgfcoreobjects.code.tex
File: pgfcoreobjects.code.tex 2023-01-15 v3.1.10 (3.1.10)
) (/usr/share/texlive/texmf-dist/tex/generic/pgf/basiclayer/pgfcorepathprocessing.code.tex
File: pgfcorepathprocessing.code.tex 2023-01-15 v3.1.10 (3.1.10)
) (/usr/share/texlive/texmf-dist/tex/generic/pgf/basiclayer/pgfcorearrows.code.tex
File: pgfcorearrows.code.tex 2023-01-15 v3.1.10 (3.1.10)
\pgfarrowsep=\dimen263
) (/usr/share/texlive/texmf-dist/tex/generic/pgf/basiclayer/pgfcoreshade.code.tex
File: pgfcoreshade.code.tex 2023-01-15 v3.1.10 (3.1.10)
\pgf@max=\dimen264
\pgf@sys@shading@range@num=\count311
\pgf@shadingcount=\count312
) (/usr/share/texlive/texmf-dist/tex/generic/pgf/basiclayer/pgfcoreimage.code.tex
File: pgfcoreimage.code.tex 2023-01-15 v3.1.10 (3.1.10)
) (/usr/share/texlive/texmf-dist/tex/generic/pgf/basiclayer/pgfcoreexternal.code.tex
File: pgfcoreexternal.code.tex 2023-01-15 v3.1.10 (3.1.10)
\pgfexternal@startupbox=\box64
) (/usr/share/texlive/texmf-dist/tex/generic/pgf/basiclayer/pgfcorelayers.code.tex
File: pgfcorelayers.code.tex 2023-01-15 v3.1.10 (3.1.10)
) (/usr/share/texlive/texmf-dist/tex/generic/pgf/basiclayer/pgfcoretransparency.code.tex
File: pgfcoretransparency.code.tex 2023-01-15 v3.1.10 (3.1.10)
) (/usr/share/texlive/texmf-dist/tex/generic/pgf/basiclayer/pgfcorepatterns.code.tex
File: pgfcorepatterns.code.tex 2023-01-15 v3.1.10 (3.1.10)
) (/usr/share/texlive/texmf-dist/tex/generic/pgf/basiclayer/pgfcorerdf.code.tex
File: pgfcorerdf.code.tex 2023-01-15 v3.1.10 (3.1.10)
))) (/usr/share/texlive/texmf-dist/tex/generic/pgf/modules/pgfmoduleshapes.code.tex
File: pgfmoduleshapes.code.tex 2023-01-15 v3.1.10 (3.1.10)
\pgfnodeparttextbox=\box65
) (/usr/share/texlive/texmf-dist/tex/generic/pgf/modules/pgfmoduleplot.code.tex
File: pgfmoduleplot.code.tex 2023-01-15 v3.1.10 (3.1.10)
) (/usr/share/texlive/texmf-dist/tex/latex/pgf/compatibility/pgfcomp-version-0-65.sty
Package: pgfcomp-version-0-65 2023-01-15 v3.1.10 (3.1.10)
\pgf@nodesepstart=\dimen265
\pgf@nodesepend=\dimen266
) (/usr/share/texlive/texmf-dist/tex/latex/pgf/compatibility/pgfcomp-version-1-18.sty
Package: pgfcomp-version-1-18 2023-01-15 v3.1.10 (3.1.10)
)) (/usr/share/texlive/texmf-dist/tex/latex/tools/verbatim.sty
Package: verbatim 2023-11-06 v1.5v LaTeX2e package for verbatim enhancements
\every@verbatim=\toks41
\verbatim@line=\toks42
\verbatim@in@stream=\read4
) (/usr/share/texlive/texmf-dist/tex/latex/environ/environ.sty
Package: environ 2014/05/04 v0.3 A new way to define environments
 (/usr/share/texlive/texmf-dist/tex/latex/trimspaces/trimspaces.sty
Package: trimspaces 2009/09/17 v1.1 Trim spaces around a token list
))
\tcb@titlebox=\box66
\tcb@upperbox=\box67
\tcb@lowerbox=\box68
\tcb@phantombox=\box69
\c@tcbbreakpart=\count313
\c@tcblayer=\count314
\c@tcolorbox@number=\count315
\l__tcobox_tmpa_box=\box70
\l__tcobox_tmpa_dim=\dimen267
\tcb@temp=\box71
\tcb@temp=\box72
\tcb@temp=\box73
\tcb@temp=\box74
) (/usr/share/texlive/texmf-dist/tex/latex/booktabs/booktabs.sty
Package: booktabs 2020/01/12 v1.61803398 Publication quality tables
\heavyrulewidth=\dimen268
\lightrulewidth=\dimen269
\cmidrulewidth=\dimen270
\belowrulesep=\dimen271
\belowbottomsep=\dimen272
\aboverulesep=\dimen273
\abovetopsep=\dimen274
\cmidrulesep=\dimen275
\cmidrulekern=\dimen276
\defaultaddspace=\dimen277
\@cmidla=\count316
\@cmidlb=\count317
\@aboverulesep=\dimen278
\@belowrulesep=\dimen279
\@thisruleclass=\count318
\@lastruleclass=\count319
\@thisrulewidth=\dimen280
) (/usr/share/texlive/texmf-dist/tex/latex/l3backend/l3backend-pdftex.def
File: l3backend-pdftex.def 2024-01-04 L3 backend support: PDF output (pdfTeX)
\l__color_backend_stack_int=\count320
\l__pdf_internal_box=\box75
) (build/main.aux
LaTeX Info: Redefining \. on input line 11.
LaTeX Info: Redefining \% on input line 11.
)
\openout1 = `main.aux'.

LaTeX Font Info:    Checking defaults for OML/cmm/m/it on input line 32.
LaTeX Font Info:    ... okay on input line 32.
LaTeX Font Info:    Checking defaults for OMS/cmsy/m/n on input line 32.
LaTeX Font Info:    ... okay on input line 32.
LaTeX Font Info:    Checking defaults for OT1/cmr/m/n on input line 32.
LaTeX Font Info:    ... okay on input line 32.
LaTeX Font Info:    Checking defaults for T1/cmr/m/n on input line 32.
LaTeX Font Info:    ... okay on input line 32.
LaTeX Font Info:    Checking defaults for TS1/cmr/m/n on input line 32.
LaTeX Font Info:    ... okay on input line 32.
LaTeX Font Info:    Checking defaults for OMX/cmex/m/n on input line 32.
LaTeX Font Info:    ... okay on input line 32.
LaTeX Font Info:    Checking defaults for U/cmr/m/n on input line 32.
LaTeX Font Info:    ... okay on input line 32.
LaTeX Font Info:    Checking defaults for PD1/pdf/m/n on input line 32.
LaTeX Font Info:    ... okay on input line 32.
LaTeX Font Info:    Checking defaults for PU/pdf/m/n on input line 32.
LaTeX Font Info:    ... okay on input line 32.
LaTeX Info: Redefining \. on input line 32.
LaTeX Info: Redefining \% on input line 32.
\c@lstlisting=\count321
Package hyperref Info: Link coloring OFF on input line 32.
 (build/main.out) (build/main.out)
\@outlinefile=\write4
\openout4 = `main.out'.

 (/usr/share/texlive/texmf-dist/tex/context/base/mkii/supp-pdf.mkii
[Loading MPS to PDF converter (version 2006.09.02).]
\scratchcounter=\count322
\scratchdimen=\dimen281
\scratchbox=\box76
\nofMPsegments=\count323
\nofMParguments=\count324
\everyMPshowfont=\toks43
\MPscratchCnt=\count325
\MPscratchDim=\dimen282
\MPnumerator=\count326
\makeMPintoPDFobject=\count327
\everyMPtoPDFconversion=\toks44
) (/usr/share/texlive/texmf-dist/tex/latex/epstopdf-pkg/epstopdf-base.sty
Package: epstopdf-base 2020-01-24 v2.11 Base part for package epstopdf
Package epstopdf-base Info: Redefining graphics rule for `.eps' on input line 485.
 (/usr/share/texlive/texmf-dist/tex/latex/latexconfig/epstopdf-sys.cfg
File: epstopdf-sys.cfg 2010/07/13 v1.3 Configuration of (r)epstopdf for TeX Live
))
*geometry* driver: auto-detecting
*geometry* detected driver: pdftex
*geometry* verbose mode - [ preamble ] result:
* driver: pdftex
* paper: a4paper
* layout: <same size as paper>
* layoutoffset:(h,v)=(0.0pt,0.0pt)
* modes: 
* h-part:(L,W,R)=(72.26999pt, 452.9679pt, 72.26999pt)
* v-part:(T,H,B)=(72.26999pt, 700.50687pt, 72.26999pt)
* \paperwidth=597.50787pt
* \paperheight=845.04684pt
* \textwidth=452.9679pt
* \textheight=700.50687pt
* \oddsidemargin=0.0pt
* \evensidemargin=0.0pt
* \topmargin=-37.0pt
* \headheight=12.0pt
* \headsep=25.0pt
* \topskip=10.0pt
* \footskip=30.0pt
* \marginparwidth=65.0pt
* \marginparsep=11.0pt
* \columnsep=10.0pt
* \skip\footins=9.0pt plus 4.0pt minus 2.0pt
* \hoffset=0.0pt
* \voffset=0.0pt
* \mag=1000
* \@twocolumnfalse
* \@twosidefalse
* \@mparswitchfalse
* \@reversemarginfalse
* (1in=72.27pt=25.4mm, 1cm=28.453pt)

<../images/logo_ugr.jpg, id=111, 777.90625pt x 231.86626pt>
File: ../images/logo_ugr.jpg Graphic file (type jpg)
<use ../images/logo_ugr.jpg>
Package pdftex.def Info: ../images/logo_ugr.jpg  used on input line 39.
(pdftex.def)             Requested size: 163.06795pt x 48.60489pt.
<../images/logo_economicas.jpg, id=112, 301.125pt x 192.72pt>
File: ../images/logo_economicas.jpg Graphic file (type jpg)
<use ../images/logo_economicas.jpg>
Package pdftex.def Info: ../images/logo_economicas.jpg  used on input line 43.
(pdftex.def)             Requested size: 163.06795pt x 104.36719pt.
[1

{/var/lib/texmf/fonts/map/pdftex/updmap/pdftex.map} <../images/logo_ugr.jpg> <../images/logo_economicas.jpg>] (build/main.toc
LaTeX Info: Redefining \. on input line 1.
LaTeX Info: Redefining \% on input line 1.
)
\tf@toc=\write5
\openout5 = `main.toc'.


pdfTeX warning (ext4): destination with the same identifier (name{page.1}) has been already used, duplicate ignored
<to be read again> 
                   \relax 
l.59 \newpage
              [1]
Underfull \hbox (badness 10000) in paragraph at lines 93--93
[]\OT1/cmr/m/n/12 Adquiridas
 []


Underfull \hbox (badness 10000) in paragraph at lines 93--93
\OT1/cmr/m/n/12 del ex-te-
 []


Overfull \vbox (19.10555pt too high) detected at line 93
 []


Underfull \hbox (badness 10000) in paragraph at lines 97--97
[]\OT1/cmr/m/n/12 32. Otros
 []


Underfull \hbox (badness 10000) in paragraph at lines 97--97
\OT1/cmr/m/n/12 apro-vi-sio-
 []


Underfull \hbox (badness 10000) in paragraph at lines 111--111
[]\OT1/cmr/m/n/12 Surgidas
 []

[2{/usr/share/texmf/fonts/enc/dvips/cm-super/cm-super-ts1.enc}]
Underfull \hbox (badness 1052) in paragraph at lines 138--138
\OT1/cmr/m/n/12 y con-jun-tos in-
 []


LaTeX Warning: `h' float specifier changed to `ht'.


Underfull \hbox (badness 3049) in paragraph at lines 154--154
[]|\OT1/cmr/m/n/12 (325) Ma-te-ria-les di-
 []

[3
pdfTeX warning (ext4): destination with the same identifier (name{figure.1}) has been already used, duplicate ignored
<argument> ...shipout:D \box_use:N \l_shipout_box 
                                                  \__shipout_drop_firstpage_...
l.164 \section
              *{Existencias sometidas a transformaci√≥n}]
Underfull \hbox (badness 1603) in paragraph at lines 170--171
\OT1/cmr/m/n/12 no de-ban re-gis-trar-se
 []


Underfull \hbox (badness 1803) in paragraph at lines 174--175
\OT1/cmr/m/n/12 uti-li-za-ci^^Son por otras
 []


Underfull \hbox (badness 1314) in paragraph at lines 178--179
\OT1/cmr/m/n/12 tiem-po que los pro-
 []


Underfull \hbox (badness 1454) in paragraph at lines 178--179
\OT1/cmr/m/n/12 duc-tos o sub-pro-duc-
 []


Underfull \hbox (badness 3690) in paragraph at lines 180--181
[]|\OT1/cmr/m/n/12 Los que, por te-ner
 []


Underfull \hbox (badness 3291) in paragraph at lines 180--181
\OT1/cmr/m/n/12 va-lor intr^^S^^Pnse-co, en-
 []


Underfull \hbox (badness 3098) in paragraph at lines 180--181
\OT1/cmr/m/n/12 tran nue-va-men-te en
 []


Underfull \hbox (badness 3780) in paragraph at lines 180--181
\OT1/cmr/m/n/12 al-mac^^Sen des-pu^^Ses de
 []

[4
pdfTeX warning (ext4): destination with the same identifier (name{figure.2}) has been already used, duplicate ignored
<argument> ...shipout:D \box_use:N \l_shipout_box 
                                                  \__shipout_drop_firstpage_...
l.184 \section
              *{}] [5]
<figura3.png, id=175, 521.95pt x 351.3125pt>
File: figura3.png Graphic file (type png)
<use figura3.png>
Package pdftex.def Info: figura3.png  used on input line 194.
(pdftex.def)             Requested size: 452.9679pt x 304.88354pt.
 [6
pdfTeX warning (ext4): destination with the same identifier (name{figure.3}) has been already used, duplicate ignored
<argument> ...shipout:D \box_use:N \l_shipout_box 
                                                  \__shipout_drop_firstpage_...
l.220     \end{itemize}
                        <./figura3.png>] [7]

LaTeX Warning: Command \texteuro invalid in math mode on input line 298.


LaTeX Warning: Command \texteuro invalid in math mode on input line 298.

Missing character: There is no ø in font cmr12!

LaTeX Warning: Command \texteuro invalid in math mode on input line 298.


LaTeX Warning: Command \texteuro invalid in math mode on input line 298.

Missing character: There is no ø in font cmr12!

LaTeX Warning: Command \texteuro invalid in math mode on input line 298.


LaTeX Warning: Command \texteuro invalid in math mode on input line 298.

Missing character: There is no ø in font cmr12!

LaTeX Warning: Command \texteuro invalid in math mode on input line 298.


LaTeX Warning: Command \texteuro invalid in math mode on input line 298.

Missing character: There is no ø in font cmr12!

LaTeX Warning: Command \texteuro invalid in math mode on input line 298.


LaTeX Warning: Command \texteuro invalid in math mode on input line 298.

Missing character: There is no ø in font cmr12!

LaTeX Warning: Command \texteuro invalid in math mode on input line 298.


LaTeX Warning: Command \texteuro invalid in math mode on input line 298.

Missing character: There is no ø in font cmr12!

LaTeX Warning: Command \texteuro invalid in math mode on input line 298.


LaTeX Warning: Command \texteuro invalid in math mode on input line 298.

Missing character: There is no ø in font cmr12!

LaTeX Warning: Command \texteuro invalid in math mode on input line 298.


LaTeX Warning: Command \texteuro invalid in math mode on input line 298.

Missing character: There is no ø in font cmr12!

LaTeX Warning: Command \texteuro invalid in math mode on input line 298.


LaTeX Warning: Command \texteuro invalid in math mode on input line 298.

Missing character: There is no ø in font cmr12!

LaTeX Warning: Command \texteuro invalid in math mode on input line 298.


LaTeX Warning: Command \texteuro invalid in math mode on input line 298.

Missing character: There is no ø in font cmr12!

LaTeX Warning: Command \texteuro invalid in math mode on input line 298.


LaTeX Warning: Command \texteuro invalid in math mode on input line 298.

Missing character: There is no ø in font cmr12!

LaTeX Warning: Command \texteuro invalid in math mode on input line 298.


LaTeX Warning: Command \texteuro invalid in math mode on input line 298.

Missing character: There is no ø in font cmr12!
[8] [9] [10
pdfTeX warning (ext4): destination with the same identifier (name{table.1}) has been already used, duplicate ignored
<argument> ...shipout:D \box_use:N \l_shipout_box 
                                                  \__shipout_drop_firstpage_...
l.393 E
       n primer lugar, planteamos la soluci√≥n del ejercicio siguiendo el cr...] [11]
Underfull \hbox (badness 3557) in paragraph at lines 491--491
[]|\OT1/cmr/bx/n/12 ?`Afecta a la
 []


Underfull \hbox (badness 3977) in paragraph at lines 491--491
\OT1/cmr/bx/n/12 va-lo-ra-ci^^Son de
 []


Underfull \hbox (badness 10000) in paragraph at lines 497--497
[]|\OT1/cmr/m/n/12 Descuentos s/-
 []


Underfull \hbox (badness 10000) in paragraph at lines 497--497
\OT1/cmr/m/n/12 com-pras por
 []


Underfull \hbox (badness 3128) in paragraph at lines 499--499
[]|\OT1/cmr/m/n/12 Transportes s/-
 []


Underfull \hbox (badness 3128) in paragraph at lines 501--501
[]|\OT1/cmr/m/n/12 Transportes s/-
 []


Underfull \hbox (badness 10000) in paragraph at lines 503--503
[]|\OT1/cmr/m/n/12 Descuento co-
 []


Underfull \hbox (badness 10000) in paragraph at lines 505--505
[]|\OT1/cmr/m/n/12 Descuento co-
 []


Underfull \hbox (badness 10000) in paragraph at lines 507--507
[]|\OT1/cmr/m/n/12 Devoluci^^Son de
 []


Underfull \hbox (badness 10000) in paragraph at lines 509--509
[]|\OT1/cmr/m/n/12 Devoluci^^Son de
 []


Underfull \hbox (badness 10000) in paragraph at lines 511--511
[]|\OT1/cmr/m/n/12 Rappels por
 []

[12
pdfTeX warning (ext4): destination with the same identifier (name{table.2}) has been already used, duplicate ignored
<argument> ...shipout:D \box_use:N \l_shipout_box 
                                                  \__shipout_drop_firstpage_...
l.516 
      ]
Underfull \hbox (badness 3557) in paragraph at lines 521--521
[]|\OT1/cmr/bx/n/12 ?`Afecta a la
 []


Underfull \hbox (badness 3977) in paragraph at lines 521--521
\OT1/cmr/bx/n/12 va-lo-ra-ci^^Son de
 []


Underfull \hbox (badness 10000) in paragraph at lines 523--523
[]|\OT1/cmr/m/n/12 Rappels so-bre
 []


Underfull \hbox (badness 4013) in paragraph at lines 525--525
\OT1/cmr/m/n/12 pues-tos no re-
 []


Underfull \hbox (badness 5862) in paragraph at lines 527--527
[]|\OT1/cmr/m/n/12 Subvenciones y
 []


Underfull \hbox (badness 10000) in paragraph at lines 527--527
\OT1/cmr/m/n/12 com-pen-sa-cio-nes
 []

[13
pdfTeX warning (ext4): destination with the same identifier (name{table.3}) has been already used, duplicate ignored
<argument> ...shipout:D \box_use:N \l_shipout_box 
                                                  \__shipout_drop_firstpage_...
l.541 
      
pdfTeX warning (ext4): destination with the same identifier (name{table.4}) has been already used, duplicate ignored
<argument> ...shipout:D \box_use:N \l_shipout_box 
                                                  \__shipout_drop_firstpage_...
l.541 
      ]
<figura4.png, id=234, 539.01375pt x 198.7425pt>
File: figura4.png Graphic file (type png)
<use figura4.png>
Package pdftex.def Info: figura4.png  used on input line 545.
(pdftex.def)             Requested size: 452.9679pt x 167.01836pt.

Underfull \hbox (badness 2662) in paragraph at lines 579--579
[]|\OT1/cmr/bx/n/12 Por la co-rrec-ci^^Son
 []

[14 <./figura4.png>]
Underfull \hbox (badness 4927) in paragraph at lines 596--596
[]|\OT1/cmr/m/n/12 (793) Re-ver-si^^Son del
 []


Underfull \hbox (badness 1199) in paragraph at lines 596--596
\OT1/cmr/m/n/12 de-te-rio-ro de exis-ten-
 []

[15]
Underfull \hbox (badness 3557) in paragraph at lines 625--625
[]|\OT1/cmr/m/n/12 No pro-ce-de asien-to.
 []


Underfull \hbox (badness 10000) in paragraph at lines 644--647

 []


Underfull \hbox (badness 10000) in paragraph at lines 662--665

 []

[16]
Underfull \hbox (badness 3646) in paragraph at lines 693--693
\OT1/cmr/m/n/12 te-rio-ro de va-lor de
 []


Underfull \hbox (badness 10000) in paragraph at lines 699--700

 []


Underfull \hbox (badness 3168) in paragraph at lines 707--707
\OT1/cmr/bx/n/12 el ca-so de acep-
 []


Underfull \hbox (badness 3646) in paragraph at lines 709--709
\OT1/cmr/m/n/12 te-rio-ro de va-lor de
 []

[17]
Underfull \hbox (badness 10000) in paragraph at lines 747--747
[]|\OT1/cmr/bx/n/12 Concepto de la
 []


Underfull \hbox (badness 10000) in paragraph at lines 751--751
[]|\OT1/cmr/m/n/12 Aranceles, se-gu-ros,
 []


Overfull \hbox (52.27615pt too wide) in paragraph at lines 745--760
 [][] 
 []


Underfull \hbox (badness 10000) in paragraph at lines 767--767
[]|\OT1/cmr/bx/n/12 Concepto de la
 []


Overfull \hbox (23.8234pt too wide) in paragraph at lines 765--778
 [][] 
 []

[18
pdfTeX warning (ext4): destination with the same identifier (name{table.5}) has been already used, duplicate ignored
<argument> ...shipout:D \box_use:N \l_shipout_box 
                                                  \__shipout_drop_firstpage_...
l.780 
      ]
Underfull \hbox (badness 10000) in paragraph at lines 787--787
[]|\OT1/cmr/m/n/12 Descuentos s/-ven-tas por
 []


Overfull \hbox (52.27615pt too wide) in paragraph at lines 783--803
 [][] 
 []

[19
pdfTeX warning (ext4): destination with the same identifier (name{table.6}) has been already used, duplicate ignored
<argument> ...shipout:D \box_use:N \l_shipout_box 
                                                  \__shipout_drop_firstpage_...
l.830 
      
pdfTeX warning (ext4): destination with the same identifier (name{table.7}) has been already used, duplicate ignored
<argument> ...shipout:D \box_use:N \l_shipout_box 
                                                  \__shipout_drop_firstpage_...
l.830 
      ]
Underfull \hbox (badness 10000) in paragraph at lines 888--889

 []


Underfull \hbox (badness 10000) in paragraph at lines 890--891

 []


Underfull \hbox (badness 10000) in paragraph at lines 892--893

 []

[20
pdfTeX warning (ext4): destination with the same identifier (name{table.8}) has been already used, duplicate ignored
<argument> ...shipout:D \box_use:N \l_shipout_box 
                                                  \__shipout_drop_firstpage_...
l.893 
      
pdfTeX warning (ext4): destination with the same identifier (name{table.9}) has been already used, duplicate ignored
<argument> ...shipout:D \box_use:N \l_shipout_box 
                                                  \__shipout_drop_firstpage_...
l.893 
      
pdfTeX warning (ext4): destination with the same identifier (name{table.10}) has been already used, duplicate ignored
<argument> ...shipout:D \box_use:N \l_shipout_box 
                                                  \__shipout_drop_firstpage_...
l.893 
      
pdfTeX warning (ext4): destination with the same identifier (name{table.11}) has been already used, duplicate ignored
<argument> ...shipout:D \box_use:N \l_shipout_box 
                                                  \__shipout_drop_firstpage_...
l.893 
      ]
Underfull \hbox (badness 4144) in paragraph at lines 902--902
[]|\OT1/cmr/bx/n/12 Por la ven-ta de
 []


Underfull \hbox (badness 1448) in paragraph at lines 916--916
[]|\OT1/cmr/bx/n/12 Por la de-vo-lu-ci^^Son
 []


Overfull \hbox (10.41547pt too wide) in paragraph at lines 938--945
 [][] 
 []


Underfull \hbox (badness 7685) in paragraph at lines 952--952
[]\OT1/cmr/bx/n/12 e) Por co-bro a
 []


Underfull \hbox (badness 5924) in paragraph at lines 952--952
\OT1/cmr/bx/n/12 clien-tes con des-
 []

[21
pdfTeX warning (ext4): destination with the same identifier (name{table.12}) has been already used, duplicate ignored
<argument> ...shipout:D \box_use:N \l_shipout_box 
                                                  \__shipout_drop_firstpage_...
l.961 
      
pdfTeX warning (ext4): destination with the same identifier (name{table.13}) has been already used, duplicate ignored
<argument> ...shipout:D \box_use:N \l_shipout_box 
                                                  \__shipout_drop_firstpage_...
l.961 
      
pdfTeX warning (ext4): destination with the same identifier (name{table.14}) has been already used, duplicate ignored
<argument> ...shipout:D \box_use:N \l_shipout_box 
                                                  \__shipout_drop_firstpage_...
l.961 
      ] [22
pdfTeX warning (ext4): destination with the same identifier (name{table.15}) has been already used, duplicate ignored
<argument> ...shipout:D \box_use:N \l_shipout_box 
                                                  \__shipout_drop_firstpage_...
l.1006 
       ]
<figura5.png, id=302, 359.3425pt x 205.76875pt>
File: figura5.png Graphic file (type png)
<use figura5.png>
Package pdftex.def Info: figura5.png  used on input line 1048.
(pdftex.def)             Requested size: 452.9679pt x 259.40184pt.
 [23
pdfTeX warning (ext4): destination with the same identifier (name{table.16}) has been already used, duplicate ignored
<argument> ...shipout:D \box_use:N \l_shipout_box 
                                                  \__shipout_drop_firstpage_...
l.1050 
       
pdfTeX warning (ext4): destination with the same identifier (name{table.17}) has been already used, duplicate ignored
<argument> ...shipout:D \box_use:N \l_shipout_box 
                                                  \__shipout_drop_firstpage_...
l.1050 
       ]
Underfull \hbox (badness 4108) in paragraph at lines 1059--1060
[]|\OT1/cmr/bx/n/12 Cuenta de va-ria-
 []


Underfull \hbox (badness 10000) in paragraph at lines 1061--1062
[]|\OT1/cmr/bx/n/12 Cuenta va-ria-ci^^Son
 []

[24
pdfTeX warning (ext4): destination with the same identifier (name{figure.4}) has been already used, duplicate ignored
<argument> ...shipout:D \box_use:N \l_shipout_box 
                                                  \__shipout_drop_firstpage_...
l.1079 \section
               *{Contabilizar las operaciones anteriores} <./figura5.png>]
Overfull \hbox (13.3082pt too wide) in paragraph at lines 1083--1096
 [][] 
 []


Overfull \hbox (12.71098pt too wide) in paragraph at lines 1103--1111
 [][] 
 []


Overfull \hbox (0.54613pt too wide) in paragraph at lines 1116--1124
 [][] 
 []


Overfull \hbox (12.01695pt too wide) in paragraph at lines 1147--1160
 [][] 
 []


Overfull \hbox (49.58083pt too wide) in paragraph at lines 1166--1174
 [][] 
 []

[25
pdfTeX warning (ext4): destination with the same identifier (name{table.18}) has been already used, duplicate ignored
<argument> ...shipout:D \box_use:N \l_shipout_box 
                                                  \__shipout_drop_firstpage_...
l.1175 
       
pdfTeX warning (ext4): destination with the same identifier (name{table.19}) has been already used, duplicate ignored
<argument> ...shipout:D \box_use:N \l_shipout_box 
                                                  \__shipout_drop_firstpage_...
l.1175 
       
pdfTeX warning (ext4): destination with the same identifier (name{table.20}) has been already used, duplicate ignored
<argument> ...shipout:D \box_use:N \l_shipout_box 
                                                  \__shipout_drop_firstpage_...
l.1175 
       ] [26
pdfTeX warning (ext4): destination with the same identifier (name{table.21}) has been already used, duplicate ignored
<argument> ...shipout:D \box_use:N \l_shipout_box 
                                                  \__shipout_drop_firstpage_...
l.1229 
       ] [27
pdfTeX warning (ext4): destination with the same identifier (name{table.22}) has been already used, duplicate ignored
<argument> ...shipout:D \box_use:N \l_shipout_box 
                                                  \__shipout_drop_firstpage_...
l.1280 
       
pdfTeX warning (ext4): destination with the same identifier (name{table.23}) has been already used, duplicate ignored
<argument> ...shipout:D \box_use:N \l_shipout_box 
                                                  \__shipout_drop_firstpage_...
l.1280 
       ]
Underfull \hbox (badness 10000) in paragraph at lines 1296--1296
[]|\OT1/cmr/m/n/12 (477) Ha-cien-da P^^Subli-ca,
 []


Overfull \hbox (11.42342pt too wide) in paragraph at lines 1289--1301
 [] 
 []


Underfull \hbox (badness 1194) in paragraph at lines 1313--1313
[]|\OT1/cmr/m/n/12 a (700) Ven-ta de mer-ca-
 []


Underfull \hbox (badness 1418) in paragraph at lines 1315--1315
\OT1/cmr/m/n/12 IVA re-per-cu-ti-do [21$ $% s/
 []


Overfull \hbox (11.42342pt too wide) in paragraph at lines 1304--1318
 [] 
 []

[28
pdfTeX warning (ext4): destination with the same identifier (name{table.24}) has been already used, duplicate ignored
<argument> ...shipout:D \box_use:N \l_shipout_box 
                                                  \__shipout_drop_firstpage_...
l.1333     \item E
                  ntrega un anticipo a un proveedor a cuenta de suministros ...] [29] [30
pdfTeX warning (ext4): destination with the same identifier (name{table.25}) has been already used, duplicate ignored
<argument> ...shipout:D \box_use:N \l_shipout_box 
                                                  \__shipout_drop_firstpage_...
l.1435     \item L
                  a cuenta (438) Anticipo de clientes se carga con el import...
pdfTeX warning (ext4): destination with the same identifier (name{table.26}) has been already used, duplicate ignored
<argument> ...shipout:D \box_use:N \l_shipout_box 
                                                  \__shipout_drop_firstpage_...
l.1435     \item L
                  a cuenta (438) Anticipo de clientes se carga con el import...] [31
pdfTeX warning (ext4): destination with the same identifier (name{table.27}) has been already used, duplicate ignored
<argument> ...shipout:D \box_use:N \l_shipout_box 
                                                  \__shipout_drop_firstpage_...
l.1491 \end{itemize}
                    
pdfTeX warning (ext4): destination with the same identifier (name{table.28}) has been already used, duplicate ignored
<argument> ...shipout:D \box_use:N \l_shipout_box 
                                                  \__shipout_drop_firstpage_...
l.1491 \end{itemize}
                    ]
Underfull \hbox (badness 10000) in paragraph at lines 1530--1530
[]|\OT1/cmr/m/n/12 Contabilizaci^^Son del
 []


Underfull \hbox (badness 1509) in paragraph at lines 1533--1534
[]|\OT1/cmr/m/n/12 (793) Re-ver-si^^Son
 []


Underfull \hbox (badness 3713) in paragraph at lines 1535--1536
[]|\OT1/cmr/m/n/12 (390) De-te-rio-ro
 []


Underfull \hbox (badness 10000) in paragraph at lines 1535--1536
\OT1/cmr/m/n/12 mer-ca-der^^S^^Pas
 []

[32
pdfTeX warning (ext4): destination with the same identifier (name{table.29}) has been already used, duplicate ignored
<argument> ...shipout:D \box_use:N \l_shipout_box 
                                                  \__shipout_drop_firstpage_...
l.1539 
       ] [33]
Overfull \hbox (16.56833pt too wide) in paragraph at lines 1625--1635
 [][] 
 []

[34] [35
pdfTeX warning (ext4): destination with the same identifier (name{table.30}) has been already used, duplicate ignored
<argument> ...shipout:D \box_use:N \l_shipout_box 
                                                  \__shipout_drop_firstpage_...
l.1699     \item \textbf
                        {(400) Proveedores:} 1.025 ‚Ç¨ - 500 ‚Ç¨ = 525 ‚Ç¨ +...
pdfTeX warning (ext4): destination with the same identifier (name{table.31}) has been already used, duplicate ignored
<argument> ...shipout:D \box_use:N \l_shipout_box 
                                                  \__shipout_drop_firstpage_...
l.1699     \item \textbf
                        {(400) Proveedores:} 1.025 ‚Ç¨ - 500 ‚Ç¨ = 525 ‚Ç¨ +...]
Underfull \hbox (badness 10000) in paragraph at lines 1730--1730
[]|\OT1/cmr/m/n/12 (600) Com-pras de
 []

[36
pdfTeX warning (ext4): destination with the same identifier (name{table.32}) has been already used, duplicate ignored
<argument> ...shipout:D \box_use:N \l_shipout_box 
                                                  \__shipout_drop_firstpage_...
l.1754 
       ]
Underfull \hbox (badness 10000) in paragraph at lines 1765--1765
[]|\OT1/cmr/m/n/12 (602) Com-pras de
 []


Underfull \hbox (badness 10000) in paragraph at lines 1765--1765
\OT1/cmr/m/n/12 otros apro-vi-sio-na-
 []


Underfull \hbox (badness 1028) in paragraph at lines 1780--1780
[]|\OT1/cmr/bx/n/12 Contabilizaci^^Son de
 []


Underfull \hbox (badness 1028) in paragraph at lines 1795--1795
[]|\OT1/cmr/bx/n/12 Contabilizaci^^Son de
 []

[37
pdfTeX warning (ext4): destination with the same identifier (name{table.33}) has been already used, duplicate ignored
<argument> ...shipout:D \box_use:N \l_shipout_box 
                                                  \__shipout_drop_firstpage_...
l.1804 
       
pdfTeX warning (ext4): destination with the same identifier (name{table.34}) has been already used, duplicate ignored
<argument> ...shipout:D \box_use:N \l_shipout_box 
                                                  \__shipout_drop_firstpage_...
l.1804 
       
pdfTeX warning (ext4): destination with the same identifier (name{table.35}) has been already used, duplicate ignored
<argument> ...shipout:D \box_use:N \l_shipout_box 
                                                  \__shipout_drop_firstpage_...
l.1804 
       ]
Underfull \hbox (badness 10000) in paragraph at lines 1809--1809
[]|\OT1/cmr/bx/n/12 Contabilizaci^^Son
 []


Underfull \hbox (badness 10000) in paragraph at lines 1820--1821

 []


Underfull \hbox (badness 10000) in paragraph at lines 1822--1823

 []


Underfull \hbox (badness 10000) in paragraph at lines 1824--1825

 []


Underfull \hbox (badness 10000) in paragraph at lines 1826--1827

 []


Underfull \hbox (badness 10000) in paragraph at lines 1828--1829

 []


Underfull \hbox (badness 10000) in paragraph at lines 1830--1831

 []


Underfull \hbox (badness 10000) in paragraph at lines 1832--1833

 []

[38
pdfTeX warning (ext4): destination with the same identifier (name{table.36}) has been already used, duplicate ignored
<argument> ...shipout:D \box_use:N \l_shipout_box 
                                                  \__shipout_drop_firstpage_...
l.1833 
       
pdfTeX warning (ext4): destination with the same identifier (name{table.37}) has been already used, duplicate ignored
<argument> ...shipout:D \box_use:N \l_shipout_box 
                                                  \__shipout_drop_firstpage_...
l.1833 
       ]
Underfull \hbox (badness 10000) in paragraph at lines 1872--1872
[]|\OT1/cmr/m/n/12 (602) Com-pras de
 []


Underfull \hbox (badness 10000) in paragraph at lines 1872--1872
\OT1/cmr/m/n/12 Otros Apro-vi-sio-na-
 []

[39
pdfTeX warning (ext4): destination with the same identifier (name{table.38}) has been already used, duplicate ignored
<argument> ...shipout:D \box_use:N \l_shipout_box 
                                                  \__shipout_drop_firstpage_...
l.1883     \item \textbf
                        {(602) Compras de Otros Aprovisionamientos:} 10\% de...
pdfTeX warning (ext4): destination with the same identifier (name{table.39}) has been already used, duplicate ignored
<argument> ...shipout:D \box_use:N \l_shipout_box 
                                                  \__shipout_drop_firstpage_...
l.1883     \item \textbf
                        {(602) Compras de Otros Aprovisionamientos:} 10\% de...]
Underfull \hbox (badness 2435) in paragraph at lines 1900--1901
[]|\OT1/cmr/m/n/12 (609) Rap-pels so-bre
 []

[40
pdfTeX warning (ext4): destination with the same identifier (name{table.40}) has been already used, duplicate ignored
<argument> ...shipout:D \box_use:N \l_shipout_box 
                                                  \__shipout_drop_firstpage_...
l.1942 L
        a propia NV 10.1.4 nos deriva a la NV 14 para completar la valoraci√...
pdfTeX warning (ext4): destination with the same identifier (name{table.41}) has been already used, duplicate ignored
<argument> ...shipout:D \box_use:N \l_shipout_box 
                                                  \__shipout_drop_firstpage_...
l.1942 L
        a propia NV 10.1.4 nos deriva a la NV 14 para completar la valoraci√...]
Underfull \hbox (badness 1028) in paragraph at lines 1970--1970
[]|\OT1/cmr/bx/n/12 Contabilizaci^^Son de
 []


LaTeX Warning: `!h' float specifier changed to `!ht'.

[41]
Underfull \hbox (badness 2884) in paragraph at lines 1983--1983
\OT1/cmr/bx/n/12 ten-cias fi-na-les en
 []


Underfull \hbox (badness 10000) in paragraph at lines 1985--1985
[]|\OT1/cmr/m/n/12 (33X) Ser-vi-cios en
 []

<Cuentas1.png, id=457, 575.14874pt x 863.225pt>
File: Cuentas1.png Graphic file (type png)
<use Cuentas1.png>
Package pdftex.def Info: Cuentas1.png  used on input line 1992.
(pdftex.def)             Requested size: 452.9679pt x 679.87233pt.
[42]
<cuentas2.png, id=463, 631.35875pt x 900.36375pt>
File: cuentas2.png Graphic file (type png)
<use cuentas2.png>
Package pdftex.def Info: cuentas2.png  used on input line 1997.
(pdftex.def)             Requested size: 452.9679pt x 645.9671pt.
 [43 <./Cuentas1.png>] [44 <./cuentas2.png>]
<cuentas3.png, id=474, 613.29124pt x 745.78625pt>
File: cuentas3.png Graphic file (type png)
<use cuentas3.png>
Package pdftex.def Info: cuentas3.png  used on input line 2004.
(pdftex.def)             Requested size: 452.9679pt x 550.82625pt.
 [45 <./cuentas3.png>] [46] (build/main.aux
LaTeX Info: Redefining \. on input line 11.
LaTeX Info: Redefining \% on input line 11.
)
 ***********
LaTeX2e <2023-11-01> patch level 1
L3 programming layer <2024-01-22>
 ***********
Package rerunfilecheck Info: File `main.out' has not changed.
(rerunfilecheck)             Checksum: 3C3853649B96E8B4A3F077E0B20DA35E;6068.
 ) 
Here is how much of TeX's memory you used:
 23062 strings out of 474222
 420323 string characters out of 5748733
 1950975 words of memory out of 5000000
 44780 multiletter control sequences out of 15000+600000
 566427 words of font info for 64 fonts, out of 8000000 for 9000
 1141 hyphenation exceptions out of 8191
 83i,14n,87p,1049b,592s stack positions out of 10000i,1000n,20000p,200000b,200000s
</usr/share/texlive/texmf-dist/fonts/type1/public/amsfonts/cm/cmbx12.pfb></usr/share/texlive/texmf-dist/fonts/type1/public/amsfonts/cm/cmbx8.pfb></usr/share/texlive/texmf-dist/fonts/type1/public/amsfonts/cm/cmcsc10.pfb></usr/share/texlive/texmf-dist/fonts/type1/public/amsfonts/cm/cmmi12.pfb></usr/share/texlive/texmf-dist/fonts/type1/public/amsfonts/cm/cmmi8.pfb></usr/share/texlive/texmf-dist/fonts/type1/public/amsfonts/cm/cmr12.pfb></usr/share/texlive/texmf-dist/fonts/type1/public/amsfonts/cm/cmr8.pfb></usr/share/texlive/texmf-dist/fonts/type1/public/amsfonts/cm/cmsy10.pfb></usr/share/texlive/texmf-dist/fonts/type1/public/amsfonts/cm/cmsy6.pfb></usr/share/texlive/texmf-dist/fonts/type1/public/amsfonts/cm/cmti12.pfb></usr/share/texlive/texmf-dist/fonts/type1/public/amsfonts/cm/cmtt12.pfb></usr/share/texmf/fonts/type1/public/cm-super/sfbx1200.pfb></usr/share/texmf/fonts/type1/public/cm-super/sfrm1200.pfb>
Output written on build/main.pdf (47 pages, 1828139 bytes).
PDF statistics:
 586 PDF objects out of 1000 (max. 8388607)
 492 compressed objects within 5 object streams
 195 named destinations out of 1000 (max. 500000)
 261 words of extra memory for PDF output out of 10000 (max. 10000000)

