\BOOKMARK [1][-]{section.1}{\376\377\000T\000e\000m\000a\000\040\0002\000.\000\040\000M\000o\000d\000e\000l\000o\000s\000\040\000d\000e\000\040\000R\000e\000g\000r\000e\000s\000i\000\363\000n\000\040\000L\000i\000n\000e\000a\000l}{}% 1
\BOOKMARK [2][-]{subsection.1.1}{\376\377\000M\000o\000d\000e\000l\000o\000\040\000L\000i\000n\000e\000a\000l\000\040\000S\000i\000m\000p\000l\000e}{section.1}% 2
\BOOKMARK [2][-]{subsection.1.2}{\376\377\000M\000o\000d\000e\000l\000o\000\040\000L\000i\000n\000e\000a\000l\000\040\000M\000\372\000l\000t\000i\000p\000l\000e}{section.1}% 3
\BOOKMARK [2][-]{subsection.1.3}{\376\377\000N\000o\000t\000a\000c\000i\000\363\000n\000\040\000M\000L\000P}{section.1}% 4
\BOOKMARK [3][-]{subsubsection.1.3.1}{\376\377\000N\000o\000t\000a\000c\000i\000\363\000n\000\040\000E\000x\000t\000r\000a}{subsection.1.3}% 5
\BOOKMARK [2][-]{subsection.1.4}{\376\377\000S\000u\000p\000u\000e\000s\000t\000o\000s}{section.1}% 6
\BOOKMARK [3][-]{subsubsection.1.4.1}{\376\377\000L\000i\000n\000e\000a\000l\000i\000d\000a\000d}{subsection.1.4}% 7
\BOOKMARK [3][-]{subsubsection.1.4.2}{\376\377\000R\000a\000n\000g\000o\000\040\000C\000o\000m\000p\000l\000e\000t\000o\000\040\000P\000o\000r\000\040\000C\000o\000l\000u\000m\000n\000a\000s}{subsection.1.4}% 8
\BOOKMARK [3][-]{subsubsection.1.4.3}{\376\377\000E\000x\000o\000g\000e\000n\000e\000i\000d\000a\000d}{subsection.1.4}% 9
\BOOKMARK [3][-]{subsubsection.1.4.4}{\376\377\000C\000a\000u\000s\000a\000l\000i\000d\000a\000d}{subsection.1.4}% 10
\BOOKMARK [3][-]{subsubsection.1.4.5}{\376\377\000P\000e\000r\000t\000u\000r\000b\000a\000c\000i\000\363\000n}{subsection.1.4}% 11
\BOOKMARK [3][-]{subsubsection.1.4.6}{\376\377\000N\000o\000r\000m\000a\000l\000i\000d\000a\000d\000\040\000d\000e\000\040\000l\000a\000\040\000p\000e\000r\000t\000u\000r\000b\000a\000c\000i\000\363\000n}{subsection.1.4}% 12
\BOOKMARK [2][-]{subsection.1.5}{\376\377\000E\000s\000t\000i\000m\000a\000c\000i\000\363\000n\000\040\000M\000\355\000m\000i\000n\000o\000s\000\040\000C\000u\000a\000d\000r\000a\000d\000o\000s\000\040\000O\000r\000d\000i\000n\000a\000r\000i\000o\000s\000\040\000\050\000M\000C\000O\000\051}{section.1}% 13
\BOOKMARK [3][-]{subsubsection.1.5.1}{\376\377\000P\000a\000s\000o\000s\000\040\000a\000\040\000s\000e\000g\000u\000i\000r}{subsection.1.5}% 14
\BOOKMARK [2][-]{subsection.1.6}{\376\377\000E\000s\000t\000i\000m\000a\000c\000i\000\363\000n\000\040\000M\000\355\000m\000i\000n\000o\000s\000\040\000C\000u\000a\000d\000r\000a\000d\000o\000s\000\040\000O\000r\000d\000i\000n\000a\000r\000i\000o\000s\000\040\000R\000e\000s\000t\000r\000i\000n\000g\000i\000d\000o\000s\000\050\000M\000C\000O\000\050\000R\000\051\000\051}{section.1}% 15
\BOOKMARK [2][-]{subsection.1.7}{\376\377\000P\000r\000o\000p\000i\000e\000d\000a\000d\000e\000s\000\040\000A\000l\000g\000e\000b\000r\000a\000i\000c\000a\000s\000\040\000d\000e\000\040\000l\000o\000s\000\040\000M\000C\000O}{section.1}% 16
\BOOKMARK [2][-]{subsection.1.8}{\376\377\000B\000o\000n\000d\000a\000d\000\040\000d\000e\000l\000\040\000A\000j\000u\000s\000t\000e}{section.1}% 17
\BOOKMARK [2][-]{subsection.1.9}{\376\377\000B\000o\000n\000d\000a\000d\000\040\000d\000e\000l\000\040\000A\000j\000u\000s\000t\000e\000\040\000C\000o\000r\000r\000e\000g\000i\000d\000o}{section.1}% 18
\BOOKMARK [2][-]{subsection.1.10}{\376\377\000C\000r\000i\000t\000e\000r\000i\000o\000\040\000d\000e\000\040\000A\000k\000a\000i\000k\000e}{section.1}% 19
\BOOKMARK [2][-]{subsection.1.11}{\376\377\000C\000r\000i\000t\000e\000r\000i\000o\000\040\000d\000e\000\040\000S\000c\000h\000w\000a\000r\000z}{section.1}% 20
\BOOKMARK [1][-]{section.2}{\376\377\000T\000e\000m\000a\000\040\0003\000:\000\040\000E\000s\000t\000i\000m\000a\000c\000i\000\363\000n\000\040\000y\000\040\000C\000o\000n\000t\000r\000a\000s\000t\000e\000\040\000d\000e\000\040\000H\000i\000p\000\363\000t\000e\000s\000i\000s}{}% 21
\BOOKMARK [2][-]{subsection.2.1}{\376\377\000V\000a\000l\000o\000r\000\040\000E\000s\000p\000e\000r\000a\000d\000o\000\040\000y\000\040\000V\000a\000r\000i\000a\000n\000z\000a\000\040\000d\000e\000\040\000l\000o\000s\000\040\000E\000M\000C\000O\000\040\000\050\000E\000s\000t\000i\000m\000a\000d\000o\000r\000e\000s\000\040\000m\000\355\000n\000i\000m\000o\000s\000\040\000c\000u\000a\000d\000r\000a\000d\000o\000s\000\040\000o\000r\000d\000i\000n\000a\000r\000i\000o\000s\000\051}{section.2}% 22
\BOOKMARK [3][-]{subsubsection.2.1.1}{\376\377\000V\000a\000l\000o\000r\000\040\000E\000s\000p\000e\000r\000a\000d\000o\000\040\000d\000e\000\040\000l\000o\000s\000\040\000E\000M\000C\000O}{subsection.2.1}% 23
\BOOKMARK [3][-]{subsubsection.2.1.2}{\376\377\000V\000a\000r\000i\000a\000n\000z\000a\000\040\000d\000e\000\040\000l\000o\000s\000\040\000E\000M\000C\000O}{subsection.2.1}% 24
\BOOKMARK [2][-]{subsection.2.2}{\376\377\000T\000e\000o\000r\000e\000m\000a\000\040\000d\000e\000\040\000G\000a\000u\000s\000s\000-\000M\000a\000r\000k\000o\000v}{section.2}% 25
\BOOKMARK [3][-]{subsubsection.2.2.1}{\376\377\000D\000e\000m\000o\000s}{subsection.2.2}% 26
\BOOKMARK [2][-]{subsection.2.3}{\376\377\000E\000s\000t\000i\000m\000a\000c\000i\000\363\000n\000\040\000d\000e\000\040\000u\0002}{section.2}% 27
\BOOKMARK [2][-]{subsection.2.4}{\376\377\000E\000s\000t\000i\000m\000a\000c\000i\000\363\000n\000\040\000d\000e\000\040\000l\000a\000\040\000v\000a\000r\000i\000a\000n\000z\000a\000\040\000d\000e\000\040\000l\000o\000s\000\040\000E\000M\000C\000O}{section.2}% 28
\BOOKMARK [2][-]{subsection.2.5}{\376\377\000S\000u\000p\000u\000e\000s\000t\000o\000\040\000d\000e\000\040\000N\000o\000r\000m\000a\000l\000i\000d\000a\000d\000\040\000e\000\040\000I\000n\000f\000e\000r\000e\000n\000c\000i\000a}{section.2}% 29
\BOOKMARK [2][-]{subsection.2.6}{\376\377\000I\000n\000t\000e\000r\000v\000a\000l\000o\000s\000\040\000d\000e\000\040\000C\000o\000n\000f\000i\000a\000n\000z\000a}{section.2}% 30
\BOOKMARK [3][-]{subsubsection.2.6.1}{\376\377\000I\000C\000\040\000p\000a\000r\000a\000\040\000i}{subsection.2.6}% 31
\BOOKMARK [3][-]{subsubsection.2.6.2}{\376\377\000I\000C\000\040\000p\000a\000r\000a\000\040\0002}{subsection.2.6}% 32
\BOOKMARK [2][-]{subsection.2.7}{\376\377\000C\000o\000n\000t\000r\000a\000s\000t\000e\000\040\000d\000e\000\040\000h\000i\000p\000\363\000t\000e\000s\000i\000s}{section.2}% 33
\BOOKMARK [3][-]{subsubsection.2.7.1}{\376\377\000E\000s\000t\000a\000d\000\355\000s\000t\000i\000c\000o\000\040\000d\000e\000\040\000c\000o\000n\000t\000r\000a\000s\000t\000e}{subsection.2.7}% 34
\BOOKMARK [3][-]{subsubsection.2.7.2}{\376\377\000C\000a\000s\000o\000s\000\040\000p\000a\000r\000t\000i\000c\000u\000l\000a\000r\000e\000s}{subsection.2.7}% 35
\BOOKMARK [2][-]{subsection.2.8}{\376\377\000C\000o\000t\000a\000\040\000R\0002}{section.2}% 36
\BOOKMARK [2][-]{subsection.2.9}{\376\377\000P\000r\000e\000d\000i\000c\000c\000i\000\363\000n\000\040\000p\000u\000n\000t\000u\000a\000l}{section.2}% 37
\BOOKMARK [3][-]{subsubsection.2.9.1}{\376\377\000P\000a\000r\000a\000\040\000e\000l\000\040\000v\000a\000l\000o\000r\000\040\000i\000n\000d\000i\000v\000i\000d\000u\000a\000l}{subsection.2.9}% 38
\BOOKMARK [3][-]{subsubsection.2.9.2}{\376\377\000P\000a\000r\000a\000\040\000e\000l\000\040\000v\000a\000l\000o\000r\000\040\000e\000s\000p\000e\000r\000a\000d\000o}{subsection.2.9}% 39
\BOOKMARK [3][-]{subsubsection.2.9.3}{\376\377\000P\000o\000r\000\040\000i\000n\000t\000e\000r\000v\000a\000l\000o}{subsection.2.9}% 40
\BOOKMARK [2][-]{subsection.2.10}{\376\377\000C\000o\000n\000s\000t\000r\000u\000c\000c\000i\000\363\000n\000\040\000d\000e\000\040\000l\000a\000s\000\040\000d\000i\000s\000t\000r\000i\000b\000u\000c\000i\000o\000n\000e\000s}{section.2}% 41
\BOOKMARK [3][-]{subsubsection.2.10.1}{\376\377\000D\000i\000s\000t\000r\000i\000b\000u\000c\000i\000\363\000n\000\040\0002\000\040\000d\000e\000\040\000P\000e\000a\000r\000s\000o\000n}{subsection.2.10}% 42
\BOOKMARK [3][-]{subsubsection.2.10.2}{\376\377\000D\000i\000s\000t\000r\000i\000b\000u\000c\000i\000\363\000n\000\040\000t\000\040\000d\000e\000\040\000S\000t\000u\000d\000e\000n\000t}{subsection.2.10}% 43
\BOOKMARK [3][-]{subsubsection.2.10.3}{\376\377\000D\000i\000s\000t\000r\000i\000b\000u\000c\000i\000\363\000n\000\040\000F\000\040\000d\000e\000\040\000F\000i\000s\000h\000e\000r\000-\000S\000n\000e\000d\000e\000c\000o\000r}{subsection.2.10}% 44
\BOOKMARK [1][-]{section.3}{\376\377\000T\000e\000m\000a\000\040\0004\000:\000\040\000M\000u\000l\000t\000i\000c\000o\000l\000i\000n\000e\000a\000l\000i\000d\000a\000d\000a\000d}{}% 45
\BOOKMARK [2][-]{subsection.3.1}{\376\377\000C\000o\000n\000c\000e\000p\000t\000o}{section.3}% 46
\BOOKMARK [2][-]{subsection.3.2}{\376\377\000C\000l\000a\000s\000i\000f\000i\000c\000a\000c\000i\000\363\000n}{section.3}% 47
\BOOKMARK [3][-]{subsubsection.3.2.1}{\376\377\000C\000l\000a\000s\000i\000f\000i\000c\000a\000c\000i\000o\000n\000e\000s\000\040\000d\000e\000\040\000l\000a\000\040\000m\000u\000l\000t\000i\000c\000o\000l\000i\000n\000e\000a\000l\000i\000d\000a\000d\000a\000d\000\040\000a\000p\000r\000o\000x\000i\000m\000a\000d\000a}{subsection.3.2}% 48
\BOOKMARK [2][-]{subsection.3.3}{\376\377\000F\000a\000c\000t\000o\000r\000\040\000d\000e\000\040\000i\000n\000f\000l\000a\000c\000i\000\363\000n\000\040\000d\000e\000\040\000l\000a\000\040\000v\000a\000r\000i\000a\000n\000z\000a}{section.3}% 49
\BOOKMARK [2][-]{subsection.3.4}{\376\377\000N\000\372\000m\000e\000r\000o\000\040\000d\000e\000\040\000c\000o\000n\000d\000i\000c\000i\000\363\000n}{section.3}% 50
\BOOKMARK [2][-]{subsection.3.5}{\376\377\000O\000t\000r\000a\000s\000\040\000M\000e\000d\000i\000d\000a\000s}{section.3}% 51
\BOOKMARK [3][-]{subsubsection.3.5.1}{\376\377\000M\000a\000t\000r\000i\000z\000\040\000d\000e\000\040\000C\000o\000r\000r\000e\000l\000a\000c\000i\000o\000n\000e\000s\000\040\000\050\000R\000\051}{subsection.3.5}% 52
\BOOKMARK [3][-]{subsubsection.3.5.2}{\376\377\000D\000e\000t\000e\000r\000m\000i\000n\000a\000n\000t\000e\000\040\000d\000e\000\040\000l\000a\000\040\000m\000a\000t\000r\000i\000z\000\040\000d\000e\000\040\000c\000o\000r\000r\000e\000l\000a\000c\000i\000o\000n\000e\000s\000\040\000d\000e\000t\000\050\000R\000\051}{subsection.3.5}% 53
\BOOKMARK [3][-]{subsubsection.3.5.3}{\376\377\000C\000o\000e\000f\000i\000c\000i\000e\000n\000t\000e\000\040\000d\000e\000\040\000v\000a\000r\000i\000a\000c\000i\000\363\000n\000\040\000d\000e\000\040\000l\000a\000s\000\040\000v\000a\000r\000i\000a\000b\000l\000e\000s\000\040\000e\000x\000p\000l\000i\000c\000a\000t\000i\000v\000a\000s}{subsection.3.5}% 54
\BOOKMARK [2][-]{subsection.3.6}{\376\377\000S\000o\000l\000u\000c\000i\000o\000n\000e\000s}{section.3}% 55
\BOOKMARK [1][-]{section.4}{\376\377\000T\000e\000m\000a\000\040\0005\000:\000\040\000H\000e\000t\000e\000r\000o\000s\000c\000e\000d\000a\000s\000t\000i\000c\000i\000d\000a\000d}{}% 56
\BOOKMARK [2][-]{subsection.4.1}{\376\377\000C\000o\000n\000c\000e\000p\000t\000o}{section.4}% 57
\BOOKMARK [2][-]{subsection.4.2}{\376\377\000C\000a\000u\000s\000a\000s\000\040\000d\000e\000\040\000l\000a\000\040\000H\000e\000t\000e\000r\000o\000s\000c\000e\000d\000a\000s\000t\000i\000c\000i\000d\000a\000d}{section.4}% 58
\BOOKMARK [2][-]{subsection.4.3}{\376\377\000C\000o\000n\000s\000e\000c\000u\000e\000n\000c\000i\000a\000s\000\040\000d\000e\000\040\000l\000a\000\040\000H\000e\000t\000e\000r\000o\000s\000c\000e\000d\000a\000s\000t\000i\000c\000i\000d\000a\000d}{section.4}% 59
\BOOKMARK [2][-]{subsection.4.4}{\376\377\000P\000r\000o\000c\000e\000d\000i\000m\000i\000e\000n\000t\000o\000s\000\040\000d\000e\000\040\000D\000e\000t\000e\000c\000c\000i\000\363\000n}{section.4}% 60
\BOOKMARK [3][-]{subsubsection.4.4.1}{\376\377\000M\000\351\000t\000o\000d\000o\000s\000\040\000g\000r\000\341\000f\000i\000c\000o\000s}{subsection.4.4}% 61
\BOOKMARK [3][-]{subsubsection.4.4.2}{\376\377\000M\000\351\000t\000o\000d\000o\000s\000\040\000a\000n\000a\000l\000\355\000t\000i\000c\000o\000s}{subsection.4.4}% 62
\BOOKMARK [2][-]{subsection.4.5}{\376\377\000E\000s\000t\000i\000m\000a\000c\000i\000\363\000n\000\040\000b\000a\000j\000o\000\040\000H\000e\000t\000e\000r\000o\000c\000e\000d\000a\000s\000t\000i\000c\000i\000d\000a\000d}{section.4}% 63
\BOOKMARK [2][-]{subsection.4.6}{\376\377\000M\000\355\000n\000i\000m\000o\000s\000\040\000C\000u\000a\000d\000r\000a\000d\000o\000s\000\040\000G\000e\000n\000e\000r\000a\000l\000i\000z\000a\000d\000o\000s\000\040\000\050\000M\000C\000G\000\051}{section.4}% 64
\BOOKMARK [2][-]{subsection.4.7}{\376\377\000E\000s\000t\000i\000m\000a\000d\000o\000r\000\040\000d\000e\000\040\000M\000\355\000n\000i\000m\000o\000s\000\040\000C\000u\000a\000d\000r\000a\000d\000o\000s\000\040\000P\000o\000n\000d\000e\000r\000a\000d\000o\000s\000\040\000\050\000M\000C\000P\000\051}{section.4}% 65
\BOOKMARK [2][-]{subsection.4.8}{\376\377\000M\000\355\000n\000i\000m\000o\000s\000\040\000C\000u\000a\000d\000r\000a\000d\000o\000s\000\040\000P\000o\000n\000d\000e\000r\000a\000d\000o\000s\000\040\000\050\000M\000C\000P\000\051}{section.4}% 66
\BOOKMARK [1][-]{section.5}{\376\377\000T\000e\000m\000a\000\040\0006\000:\000\040\000A\000u\000t\000o\000c\000o\000r\000r\000e\000l\000a\000c\000i\000\363\000n}{}% 67
\BOOKMARK [2][-]{subsection.5.1}{\376\377\000N\000a\000t\000u\000r\000a\000l\000e\000z\000a}{section.5}% 68
\BOOKMARK [2][-]{subsection.5.2}{\376\377\000C\000a\000u\000s\000a\000s\000\040\000d\000e\000\040\000l\000a\000\040\000A\000u\000t\000o\000c\000o\000r\000r\000e\000l\000a\000c\000i\000\363\000n}{section.5}% 69
\BOOKMARK [2][-]{subsection.5.3}{\376\377\000C\000o\000n\000s\000e\000c\000u\000e\000n\000c\000i\000a\000s\000\040\000y\000\040\000D\000e\000t\000e\000c\000c\000i\000\363\000n\000\040\000d\000e\000\040\000l\000a\000\040\000A\000u\000t\000o\000c\000o\000r\000r\000e\000l\000a\000c\000i\000\363\000n}{section.5}% 70
\BOOKMARK [3][-]{subsubsection.5.3.1}{\376\377\000C\000o\000n\000s\000e\000c\000u\000e\000n\000c\000i\000a\000s\000\040\000d\000e\000\040\000l\000a\000\040\000A\000u\000t\000o\000c\000o\000r\000r\000e\000l\000a\000c\000i\000\363\000n}{subsection.5.3}% 71
\BOOKMARK [3][-]{subsubsection.5.3.2}{\376\377\000D\000e\000t\000e\000c\000c\000i\000\363\000n\000\040\000d\000e\000\040\000l\000a\000\040\000A\000u\000t\000o\000c\000o\000r\000r\000e\000l\000a\000c\000i\000\363\000n}{subsection.5.3}% 72
\BOOKMARK [2][-]{subsection.5.4}{\376\377\000C\000o\000n\000t\000r\000a\000s\000t\000e\000\040\000d\000e\000\040\000D\000u\000r\000b\000i\000n\000-\000W\000a\000t\000s\000o\000n}{section.5}% 73
\BOOKMARK [3][-]{subsubsection.5.4.1}{\376\377\000R\000e\000g\000l\000a\000s\000\040\000d\000e\000\040\000D\000e\000c\000i\000s\000i\000\363\000n\000\040\000c\000o\000n\000\040\000e\000l\000\040\000C\000o\000n\000t\000r\000a\000s\000t\000e\000\040\000d\000e\000\040\000D\000u\000r\000b\000i\000n\000-\000W\000a\000t\000s\000o\000n}{subsection.5.4}% 74
\BOOKMARK [2][-]{subsection.5.5}{\376\377\000C\000o\000n\000t\000r\000a\000s\000t\000e\000\040\000H\000\040\000d\000e\000\040\000D\000u\000r\000b\000i\000n}{section.5}% 75
\BOOKMARK [2][-]{subsection.5.6}{\376\377\000C\000o\000n\000t\000r\000a\000s\000t\000e\000\040\000d\000e\000\040\000L\000j\000u\000n\000g\000-\000B\000o\000x}{section.5}% 76
\BOOKMARK [2][-]{subsection.5.7}{\376\377\000E\000s\000t\000i\000m\000a\000c\000i\000\363\000n\000\040\000b\000a\000j\000o\000\040\000A\000u\000t\000o\000c\000o\000r\000r\000e\000l\000a\000c\000i\000\363\000n}{section.5}% 77
\BOOKMARK [3][-]{subsubsection.5.7.1}{\376\377\000M\000o\000d\000e\000l\000o\000\040\000A\000u\000t\000o\000r\000r\000e\000g\000r\000e\000s\000i\000v\000o\000\040\000d\000e\000\040\000O\000r\000d\000e\000n\000\040\0001}{subsection.5.7}% 78
\BOOKMARK [3][-]{subsubsection.5.7.2}{\376\377\000T\000r\000a\000n\000s\000f\000o\000r\000m\000a\000c\000i\000\363\000n\000\040\000d\000e\000l\000\040\000M\000o\000d\000e\000l\000o}{subsection.5.7}% 79
\BOOKMARK [3][-]{subsubsection.5.7.3}{\376\377\000P\000r\000i\000m\000e\000r\000\040\000O\000b\000s\000e\000r\000v\000a\000c\000i\000\363\000n\000:\000\040\000M\000\351\000t\000o\000d\000o\000\040\000P\000r\000a\000i\000s\000-\000W\000i\000n\000s\000t\000e\000n}{subsection.5.7}% 80
\BOOKMARK [2][-]{subsection.5.8}{\376\377\000M\000o\000d\000i\000f\000i\000c\000a\000c\000i\000\363\000n\000\040\000P\000r\000a\000i\000s\000-\000W\000i\000n\000s\000t\000e\000n}{section.5}% 81
\BOOKMARK [3][-]{subsubsection.5.8.1}{\376\377\000P\000r\000o\000c\000e\000s\000o\000\040\000I\000t\000e\000r\000a\000t\000i\000v\000o\000\040\000C\000o\000c\000h\000r\000a\000n\000e\000-\000O\000r\000c\000u\000t\000t}{subsection.5.8}% 82
\BOOKMARK [3][-]{subsubsection.5.8.2}{\376\377\000I\000m\000p\000l\000e\000m\000e\000n\000t\000a\000c\000i\000\363\000n\000\040\000e\000n\000\040\000P\000y\000t\000h\000o\000n}{subsection.5.8}% 83
\BOOKMARK [1][-]{section.6}{\376\377\000R\000e\000c\000u\000r\000s\000o\000s\000\040\000d\000e\000\040\000P\000r\000\341\000c\000t\000i\000c\000a\000s\000\040\000R\000e\000l\000a\000c\000i\000o\000n\000a\000d\000o\000s\000\040\000c\000o\000n\000\040\000P\000y\000t\000h\000o\000n}{}% 84
\BOOKMARK [2][-]{subsection.6.1}{\376\377\000I\000n\000t\000r\000o\000d\000u\000c\000c\000i\000\363\000n}{section.6}% 85
\BOOKMARK [3][-]{subsubsection.6.1.1}{\376\377\000S\000a\000l\000i\000d\000a}{subsection.6.1}% 86
\BOOKMARK [3][-]{subsubsection.6.1.2}{\376\377\000I\000n\000t\000e\000r\000p\000r\000e\000t\000a\000c\000i\000\363\000n\000\040\000d\000e\000\040\000R\000e\000s\000u\000l\000t\000a\000d\000o\000s\000\040\000d\000e\000\040\000l\000a\000\040\000R\000e\000g\000r\000e\000s\000i\000\363\000n\000\040\000O\000L\000S}{subsection.6.1}% 87
\BOOKMARK [3][-]{subsubsection.6.1.3}{\376\377\000I\000n\000t\000e\000r\000p\000r\000e\000t\000a\000c\000i\000\363\000n\000\040\000d\000e\000\040\000R\000e\000s\000u\000l\000t\000a\000d\000o\000s\000\040\000d\000e\000\040\000l\000a\000\040\000R\000e\000g\000r\000e\000s\000i\000\363\000n\000\040\000O\000L\000S}{subsection.6.1}% 88
\BOOKMARK [3][-]{subsubsection.6.1.4}{\376\377\000T\000i\000p\000o\000\040\000d\000e\000\040\000C\000o\000v\000a\000r\000i\000a\000n\000z\000a\000:\000\040\000n\000o\000n\000r\000o\000b\000u\000s\000t}{subsection.6.1}% 89
\BOOKMARK [2][-]{subsection.6.2}{\376\377\000A\000u\000t\000o\000c\000o\000r\000r\000e\000l\000a\000c\000i\000\363\000n}{section.6}% 90
\BOOKMARK [2][-]{subsection.6.3}{\376\377\000P\000r\000\341\000c\000t\000i\000c\000a\000\040\0001}{section.6}% 91
\BOOKMARK [2][-]{subsection.6.4}{\376\377\000T\000e\000s\000t\000\040\000H\000e\000t\000e\000r\000o\000c\000e\000d\000a\000s\000t\000i\000c\000i\000d\000a\000d}{section.6}% 92
\BOOKMARK [2][-]{subsection.6.5}{\376\377\000A\000u\000t\000o\000c\000o\000r\000r\000e\000l\000a\000c\000i\000\363\000n}{section.6}% 93
\BOOKMARK [2][-]{subsection.6.6}{\376\377\000N\000o\000r\000m\000a\000l\000i\000d\000a\000d}{section.6}% 94
\BOOKMARK [2][-]{subsection.6.7}{\376\377\000A\000n\000o\000t\000a\000c\000i\000o\000n\000e\000s\000\040\000E\000x\000t\000r\000a\000s}{section.6}% 95
