\BOOKMARK [-1][-]{part.1}{\376\377\000I\000\040\000A\000p\000u\000n\000t\000e\000s\000\040\000d\000e\000\040\000C\000l\000a\000s\000e}{}% 1
\BOOKMARK [0][-]{chapter.1}{\376\377\000B\000l\000o\000q\000u\000e\000\040\0001}{part.1}% 2
\BOOKMARK [1][-]{section.1.1}{\376\377\000P\000i\000n\000g\000\040\000y\000\040\000S\000S\000H}{chapter.1}% 3
\BOOKMARK [1][-]{section.1.2}{\376\377\000L\000V\000M\000\040\000y\000\040\000R\000A\000I\000D}{chapter.1}% 4
\BOOKMARK [1][-]{section.1.3}{\376\377\000L\000V\000M\000\040\000\050\000L\000o\000g\000i\000c\000a\000l\000\040\000V\000o\000l\000u\000m\000e\000\040\000M\000a\000n\000a\000g\000e\000r\000\051}{chapter.1}% 5
\BOOKMARK [2][-]{subsection.1.3.1}{\376\377\000D\000i\000r\000e\000c\000t\000o\000r\000i\000o\000s\000\040\000b\000a\000s\000e\000\040\000e\000n\000\040\000L\000i\000n\000u\000x}{section.1.3}% 6
\BOOKMARK [1][-]{section.1.4}{\376\377\000R\000A\000I\000D\000\040\000\050\000R\000e\000d\000u\000n\000d\000a\000n\000t\000\040\000A\000r\000r\000a\000y\000\040\000o\000f\000\040\000I\000n\000d\000e\000p\000e\000n\000d\000e\000n\000t\000\040\000D\000i\000s\000k\000s\000\051}{chapter.1}% 7
\BOOKMARK [2][-]{subsection.1.4.1}{\376\377\000V\000e\000n\000t\000a\000j\000a\000s}{section.1.4}% 8
\BOOKMARK [2][-]{subsection.1.4.2}{\376\377\000N\000i\000v\000e\000l\000e\000s\000\040\000d\000e\000\040\000R\000A\000I\000D}{section.1.4}% 9
\BOOKMARK [2][-]{subsection.1.4.3}{\376\377\000T\000i\000p\000o\000s\000\040\000d\000e\000\040\000R\000A\000I\000D}{section.1.4}% 10
\BOOKMARK [1][-]{section.1.5}{\376\377\000E\000j\000e\000r\000c\000i\000c\000i\000o\000\040\000O\000p\000c\000i\000o\000n\000a\000l\000:\000\040\000C\000o\000n\000f\000i\000g\000u\000r\000a\000c\000i\000\363\000n\000\040\000d\000e\000\040\000R\000A\000I\000D\0001\000\040\000p\000a\000r\000a\000\040\000/\000v\000a\000r}{chapter.1}% 11
\BOOKMARK [2][-]{subsection.1.5.1}{\376\377\000O\000b\000j\000e\000t\000i\000v\000o}{section.1.5}% 12
\BOOKMARK [2][-]{subsection.1.5.2}{\376\377\000P\000a\000s\000o\000s\000\040\000a\000\040\000s\000e\000g\000u\000i\000r}{section.1.5}% 13
\BOOKMARK [1][-]{section.1.6}{\376\377\000L\000V\000M\000\040\000\050\000L\000o\000g\000i\000c\000a\000l\000\040\000V\000o\000l\000u\000m\000e\000\040\000M\000a\000n\000a\000g\000e\000r\000\051}{chapter.1}% 14
\BOOKMARK [2][-]{subsection.1.6.1}{\376\377\000C\000o\000n\000c\000e\000p\000t\000o\000s\000\040\000C\000l\000a\000v\000e}{section.1.6}% 15
\BOOKMARK [2][-]{subsection.1.6.2}{\376\377\000V\000i\000s\000u\000a\000l\000i\000z\000a\000c\000i\000\363\000n\000\040\000d\000e\000\040\000L\000V\000M}{section.1.6}% 16
\BOOKMARK [2][-]{subsection.1.6.3}{\376\377\000C\000o\000n\000s\000i\000d\000e\000r\000a\000c\000i\000o\000n\000e\000s\000\040\000s\000o\000b\000r\000e\000\040\000V\000o\000l\000u\000m\000e\000n\000\040\000G\000r\000o\000u\000p\000s}{section.1.6}% 17
\BOOKMARK [2][-]{subsection.1.6.4}{\376\377\000C\000r\000e\000a\000c\000i\000\363\000n\000\040\000d\000e\000l\000\040\000L\000V\000M\000\040\000s\000o\000b\000r\000e\000\040\000e\000l\000\040\000R\000A\000I\000D}{section.1.6}% 18
\BOOKMARK [2][-]{subsection.1.6.5}{\376\377\000M\000o\000v\000i\000m\000i\000e\000n\000t\000o\000\040\000d\000e\000\040\000/\000v\000a\000r\000\040\000a\000l\000\040\000R\000A\000I\000D}{section.1.6}% 19
\BOOKMARK [1][-]{section.1.7}{\376\377\000R\000e\000s\000o\000l\000u\000c\000i\000\363\000n\000\040\000d\000e\000\040\000P\000r\000o\000b\000l\000e\000m\000a\000s}{chapter.1}% 20
\BOOKMARK [2][-]{subsection.1.7.1}{\376\377\000P\000r\000o\000b\000l\000e\000m\000a\000\040\0001\000:\000\040\000C\000o\000n\000f\000i\000g\000u\000r\000a\000r\000\040\000e\000l\000\040\000s\000i\000s\000t\000e\000m\000a\000\040\000d\000e\000\040\000a\000r\000c\000h\000i\000v\000o\000s\000\040\000e\000n\000\040\000r\000v\000a\000r}{section.1.7}% 21
\BOOKMARK [2][-]{subsection.1.7.2}{\376\377\000P\000r\000o\000b\000l\000e\000m\000a\000\040\0002\000:\000\040\000M\000o\000n\000t\000a\000r\000\040\000y\000\040\000t\000r\000a\000s\000l\000a\000d\000a\000r\000\040\000/\000v\000a\000r\000\040\000a\000l\000\040\000n\000u\000e\000v\000o\000\040\000v\000o\000l\000u\000m\000e\000n}{section.1.7}% 22
\BOOKMARK [1][-]{section.1.8}{\376\377\000I\000n\000t\000e\000r\000p\000r\000e\000t\000a\000c\000i\000\363\000n\000\040\000d\000e\000\040\000l\000s\000b\000l\000k}{chapter.1}% 23
\BOOKMARK [-1][-]{part.2}{\376\377\000I\000I\000\040\000P\000r\000\341\000c\000t\000i\000c\000a\000s}{}% 24
