\BOOKMARK [1][-]{section.1}{\376\377\000E\000j\000e\000r\000c\000i\000c\000i\000o\000\040\0007\0007}{}% 1
\BOOKMARK [2][-]{subsection.1.1}{\376\377\000E\000n\000u\000n\000c\000i\000a\000d\000o}{section.1}% 2
\BOOKMARK [2][-]{subsection.1.2}{\376\377\000S\000o\000l\000u\000c\000i\000o\000n}{section.1}% 3
\BOOKMARK [1][-]{section.2}{\376\377\000E\000j\000e\000r\000c\000i\000c\000i\000o\000\040\0007\0008}{}% 4
\BOOKMARK [2][-]{subsection.2.1}{\376\377\000E\000n\000u\000n\000c\000i\000a\000d\000o}{section.2}% 5
\BOOKMARK [2][-]{subsection.2.2}{\376\377\000S\000o\000l\000u\000c\000i\000\363\000n}{section.2}% 6
\BOOKMARK [2][-]{subsection.2.3}{\376\377\000S\000o\000l\000u\000c\000i\000\363\000n\000\040\000u\000s\000a\000n\000d\000o\000\040\000s\000e\000l\000e\000c\000t\000\040\000f\000o\000r}{section.2}% 7
\BOOKMARK [1][-]{section.3}{\376\377\000E\000j\000e\000r\000c\000i\000c\000i\000o\000\040\0007\0009}{}% 8
\BOOKMARK [2][-]{subsection.3.1}{\376\377\000E\000n\000u\000n\000c\000i\000a\000d\000o}{section.3}% 9
\BOOKMARK [2][-]{subsection.3.2}{\376\377\000S\000o\000l\000u\000c\000i\000\363\000n\000\040\000v\000e\000r\000s\000i\000\363\000n\000\040\000P\000r\000o\000f\000e\000s\000o\000r}{section.3}% 10
\BOOKMARK [2][-]{subsection.3.3}{\376\377\000S\000o\000l\000u\000c\000i\000\363\000n\000\040\000v\000e\000r\000s\000i\000\363\000n\000\040\000P\000r\000o\000p\000i\000a}{section.3}% 11
\BOOKMARK [1][-]{section.4}{\376\377\000E\000j\000e\000r\000c\000i\000c\000i\000o\000\040\0008\0000}{}% 12
\BOOKMARK [2][-]{subsection.4.1}{\376\377\000E\000n\000u\000n\000c\000i\000a\000d\000o}{section.4}% 13
\BOOKMARK [2][-]{subsection.4.2}{\376\377\000S\000o\000l\000u\000c\000i\000\363\000n}{section.4}% 14
\BOOKMARK [1][-]{section.5}{\376\377\000E\000j\000e\000r\000c\000i\000c\000i\000o\000\040\0008\0001}{}% 15
\BOOKMARK [2][-]{subsection.5.1}{\376\377\000E\000n\000u\000n\000c\000i\000a\000d\000o}{section.5}% 16
\BOOKMARK [2][-]{subsection.5.2}{\376\377\000S\000o\000l\000u\000c\000i\000\363\000n}{section.5}% 17
\BOOKMARK [1][-]{section.6}{\376\377\000E\000j\000e\000r\000c\000i\000c\000i\000o\000\040\0008\0002}{}% 18
\BOOKMARK [2][-]{subsection.6.1}{\376\377\000E\000n\000u\000n\000c\000i\000a\000d\000o}{section.6}% 19
\BOOKMARK [2][-]{subsection.6.2}{\376\377\000S\000o\000l\000u\000c\000i\000\363\000n}{section.6}% 20
\BOOKMARK [2][-]{subsection.6.3}{\376\377\000S\000o\000l\000u\000c\000i\000\363\000n\000\040\0002}{section.6}% 21
\BOOKMARK [1][-]{section.7}{\376\377\000E\000j\000e\000r\000c\000i\000c\000i\000o\000\040\0008\0003}{}% 22
\BOOKMARK [2][-]{subsection.7.1}{\376\377\000E\000n\000u\000n\000c\000i\000a\000d\000o}{section.7}% 23
\BOOKMARK [2][-]{subsection.7.2}{\376\377\000S\000o\000l\000u\000c\000i\000\363\000n}{section.7}% 24
\BOOKMARK [1][-]{section.8}{\376\377\000E\000j\000e\000r\000c\000i\000c\000i\000o\000\040\0008\0004}{}% 25
\BOOKMARK [2][-]{subsection.8.1}{\376\377\000E\000n\000u\000n\000c\000i\000a\000d\000o}{section.8}% 26
\BOOKMARK [2][-]{subsection.8.2}{\376\377\000S\000o\000l\000u\000c\000i\000\363\000n}{section.8}% 27
\BOOKMARK [1][-]{section.9}{\376\377\000E\000j\000e\000r\000c\000i\000c\000i\000o\000\040\0008\0005}{}% 28
\BOOKMARK [2][-]{subsection.9.1}{\376\377\000E\000n\000u\000n\000c\000i\000a\000d\000o}{section.9}% 29
\BOOKMARK [2][-]{subsection.9.2}{\376\377\000S\000o\000l\000u\000c\000i\000\363\000n}{section.9}% 30
\BOOKMARK [1][-]{section.10}{\376\377\000E\000j\000e\000r\000c\000i\000c\000i\000o\000\040\0008\0006}{}% 31
\BOOKMARK [2][-]{subsection.10.1}{\376\377\000E\000n\000u\000n\000c\000i\000a\000d\000o}{section.10}% 32
\BOOKMARK [2][-]{subsection.10.2}{\376\377\000S\000o\000l\000u\000c\000i\000\363\000n}{section.10}% 33
\BOOKMARK [1][-]{section.11}{\376\377\000E\000j\000e\000r\000c\000i\000c\000i\000o\000\040\0008\0007}{}% 34
\BOOKMARK [2][-]{subsection.11.1}{\376\377\000E\000n\000u\000n\000c\000i\000a\000d\000o}{section.11}% 35
\BOOKMARK [2][-]{subsection.11.2}{\376\377\000S\000o\000l\000u\000c\000i\000\363\000n}{section.11}% 36
\BOOKMARK [1][-]{section.12}{\376\377\000E\000j\000e\000r\000c\000i\000c\000i\000o\000\040\0008\0008}{}% 37
\BOOKMARK [2][-]{subsection.12.1}{\376\377\000E\000n\000u\000n\000c\000i\000a\000d\000o}{section.12}% 38
\BOOKMARK [2][-]{subsection.12.2}{\376\377\000S\000o\000l\000u\000c\000i\000\363\000n}{section.12}% 39
\BOOKMARK [1][-]{section.13}{\376\377\000E\000j\000e\000r\000c\000i\000c\000i\000o\000\040\0008\0009}{}% 40
\BOOKMARK [2][-]{subsection.13.1}{\376\377\000E\000n\000u\000n\000c\000i\000a\000d\000o}{section.13}% 41
\BOOKMARK [2][-]{subsection.13.2}{\376\377\000S\000o\000l\000u\000c\000i\000\363\000n}{section.13}% 42
\BOOKMARK [1][-]{section.14}{\376\377\000E\000j\000e\000r\000c\000i\000c\000i\000o\000\040\0009\0000}{}% 43
\BOOKMARK [2][-]{subsection.14.1}{\376\377\000E\000n\000u\000n\000c\000i\000a\000d\000o}{section.14}% 44
\BOOKMARK [2][-]{subsection.14.2}{\376\377\000S\000o\000l\000u\000c\000i\000\363\000n}{section.14}% 45
